2019-12-25 11:26:18,358 [INFO] [main] o.s.c.s.PostProcessorRegistrationDelegate$BeanPostProcessorChecker [PostProcessorRegistrationDelegate.java : 330] Bean 'org.springframework.cloud.autoconfigure.ConfigurationPropertiesRebinderAutoConfiguration' of type [org.springframework.cloud.autoconfigure.ConfigurationPropertiesRebinderAutoConfiguration] is not eligible for getting processed by all BeanPostProcessors (for example: not eligible for auto-proxying)
2019-12-25 11:26:19,101 [INFO] [main] c.e.searchChampionservice.SearchChampionServiceApplication [SpringApplication.java : 651] No active profile set, falling back to default profiles: default
2019-12-25 11:26:20,167 [WARN] [main] org.springframework.boot.actuate.endpoint.EndpointId [EndpointId.java : 155] Endpoint ID 'hystrix.stream' contains invalid characters, please migrate to a valid format.
2019-12-25 11:26:20,811 [WARN] [main] org.springframework.boot.actuate.endpoint.EndpointId [EndpointId.java : 155] Endpoint ID 'service-registry' contains invalid characters, please migrate to a valid format.
2019-12-25 11:26:20,992 [INFO] [main] org.springframework.cloud.context.scope.GenericScope [GenericScope.java : 295] BeanFactory id=710d0b9f-0195-3a34-909d-8cf21574abd4
2019-12-25 11:26:21,231 [INFO] [main] o.s.c.s.PostProcessorRegistrationDelegate$BeanPostProcessorChecker [PostProcessorRegistrationDelegate.java : 330] Bean 'org.springframework.transaction.annotation.ProxyTransactionManagementConfiguration' of type [org.springframework.transaction.annotation.ProxyTransactionManagementConfiguration] is not eligible for getting processed by all BeanPostProcessors (for example: not eligible for auto-proxying)
2019-12-25 11:26:21,550 [INFO] [main] o.s.c.s.PostProcessorRegistrationDelegate$BeanPostProcessorChecker [PostProcessorRegistrationDelegate.java : 330] Bean 'org.springframework.cloud.autoconfigure.ConfigurationPropertiesRebinderAutoConfiguration' of type [org.springframework.cloud.autoconfigure.ConfigurationPropertiesRebinderAutoConfiguration] is not eligible for getting processed by all BeanPostProcessors (for example: not eligible for auto-proxying)
2019-12-25 11:26:22,286 [INFO] [main] org.springframework.boot.web.embedded.tomcat.TomcatWebServer [TomcatWebServer.java : 92] Tomcat initialized with port(s): 8003 (http)
2019-12-25 11:26:22,299 [INFO] [main] org.apache.catalina.core.StandardService [DirectJDKLog.java : 173] Starting service [Tomcat]
2019-12-25 11:26:22,300 [INFO] [main] org.apache.catalina.core.StandardEngine [DirectJDKLog.java : 173] Starting Servlet engine: [Apache Tomcat/9.0.29]
2019-12-25 11:26:22,579 [INFO] [main] o.a.catalina.core.ContainerBase.[Tomcat].[localhost].[/] [DirectJDKLog.java : 173] Initializing Spring embedded WebApplicationContext
2019-12-25 11:26:22,580 [INFO] [main] org.springframework.web.context.ContextLoader [ServletWebServerApplicationContext.java : 284] Root WebApplicationContext: initialization completed in 3461 ms
2019-12-25 11:26:22,726 [WARN] [main] com.netflix.config.sources.URLConfigurationSource [URLConfigurationSource.java : 121] No URLs will be polled as dynamic configuration sources.
2019-12-25 11:26:22,727 [INFO] [main] com.netflix.config.sources.URLConfigurationSource [URLConfigurationSource.java : 122] To enable URLs as dynamic configuration sources, define System property archaius.configurationSource.additionalUrls or make config.properties available on classpath.
2019-12-25 11:26:22,747 [INFO] [main] com.netflix.config.DynamicPropertyFactory [DynamicPropertyFactory.java : 281] DynamicPropertyFactory is initialized with configuration sources: com.netflix.config.ConcurrentCompositeConfiguration@49986178
2019-12-25 11:26:23,024 [INFO] [main] o.s.boot.actuate.endpoint.web.ServletEndpointRegistrar [ServletEndpointRegistrar.java : 75] Registered '/actuator/hystrix.stream' to hystrix.stream-actuator-endpoint
2019-12-25 11:26:23,874 [INFO] [main] o.s.boot.actuate.endpoint.web.EndpointLinksResolver [EndpointLinksResolver.java : 58] Exposing 1 endpoint(s) beneath base path '/actuator'
2019-12-25 11:26:24,076 [INFO] [main] s.d.spring.web.PropertySourcedRequestMappingHandlerMapping [PropertySourcedRequestMappingHandlerMapping.java : 69] Mapped URL path [/v2/api-docs] onto method [springfox.documentation.swagger2.web.Swagger2Controller#getDocumentation(String, HttpServletRequest)]
2019-12-25 11:26:24,097 [WARN] [main] com.netflix.config.sources.URLConfigurationSource [URLConfigurationSource.java : 121] No URLs will be polled as dynamic configuration sources.
2019-12-25 11:26:24,098 [INFO] [main] com.netflix.config.sources.URLConfigurationSource [URLConfigurationSource.java : 122] To enable URLs as dynamic configuration sources, define System property archaius.configurationSource.additionalUrls or make config.properties available on classpath.
2019-12-25 11:26:26,718 [WARN] [main] o.s.c.l.c.BlockingLoadBalancerClientAutoConfiguration$BlockingLoadBalancerClientRibbonWarnLogger [BlockingLoadBalancerClientAutoConfiguration.java : 106] You already have RibbonLoadBalancerClient on your classpath. It will be used by default. As Spring Cloud Ribbon is in maintenance mode. We recommend switching to BlockingLoadBalancerClient instead. In order to use it, set the value of `spring.cloud.loadbalancer.ribbon.enabled` to `false` or remove spring-cloud-starter-netflix-ribbon from your project.
2019-12-25 11:26:26,762 [WARN] [main] o.s.c.l.c.LoadBalancerCacheAutoConfiguration$LoadBalancerCaffeineWarnLogger [LoadBalancerCacheAutoConfiguration.java : 81] Spring Cloud LoadBalancer is currently working with default default cache. You can switch to using Caffeine cache, by adding it to the classpath.
2019-12-25 11:26:26,810 [INFO] [main] org.springframework.cloud.netflix.eureka.InstanceInfoFactory [InstanceInfoFactory.java : 72] Setting initial instance status as: STARTING
2019-12-25 11:26:27,307 [INFO] [main] com.netflix.discovery.DiscoveryClient [DiscoveryClient.java : 365] Initializing Eureka in region us-east-1
2019-12-25 11:26:27,938 [INFO] [main] com.netflix.discovery.provider.DiscoveryJerseyProvider [DiscoveryJerseyProvider.java : 70] Using JSON encoding codec LegacyJacksonJson
2019-12-25 11:26:27,938 [INFO] [main] com.netflix.discovery.provider.DiscoveryJerseyProvider [DiscoveryJerseyProvider.java : 71] Using JSON decoding codec LegacyJacksonJson
2019-12-25 11:26:28,256 [INFO] [main] com.netflix.discovery.provider.DiscoveryJerseyProvider [DiscoveryJerseyProvider.java : 80] Using XML encoding codec XStreamXml
2019-12-25 11:26:28,258 [INFO] [main] com.netflix.discovery.provider.DiscoveryJerseyProvider [DiscoveryJerseyProvider.java : 81] Using XML decoding codec XStreamXml
2019-12-25 11:26:28,590 [INFO] [main] c.n.discovery.shared.resolver.aws.ConfigClusterResolver [ConfigClusterResolver.java : 43] Resolving eureka endpoints via configuration
2019-12-25 11:26:29,215 [INFO] [main] com.netflix.discovery.DiscoveryClient [DiscoveryClient.java : 976] Disable delta property : false
2019-12-25 11:26:29,216 [INFO] [main] com.netflix.discovery.DiscoveryClient [DiscoveryClient.java : 977] Single vip registry refresh property : null
2019-12-25 11:26:29,227 [INFO] [main] com.netflix.discovery.DiscoveryClient [DiscoveryClient.java : 978] Force full registry fetch : false
2019-12-25 11:26:29,229 [INFO] [main] com.netflix.discovery.DiscoveryClient [DiscoveryClient.java : 979] Application is null : false
2019-12-25 11:26:29,229 [INFO] [main] com.netflix.discovery.DiscoveryClient [DiscoveryClient.java : 980] Registered Applications size is zero : true
2019-12-25 11:26:29,229 [INFO] [main] com.netflix.discovery.DiscoveryClient [DiscoveryClient.java : 982] Application version is -1: true
2019-12-25 11:26:29,231 [INFO] [main] com.netflix.discovery.DiscoveryClient [DiscoveryClient.java : 1065] Getting all instance registry info from the eureka server
2019-12-25 11:26:29,683 [INFO] [main] com.netflix.discovery.DiscoveryClient [DiscoveryClient.java : 1074] The response status is 200
2019-12-25 11:26:29,690 [INFO] [main] com.netflix.discovery.DiscoveryClient [DiscoveryClient.java : 1288] Starting heartbeat executor: renew interval is: 30
2019-12-25 11:26:29,694 [INFO] [main] com.netflix.discovery.InstanceInfoReplicator [InstanceInfoReplicator.java : 60] InstanceInfoReplicator onDemand update allowed rate per min is 4
2019-12-25 11:26:29,702 [INFO] [main] com.netflix.discovery.DiscoveryClient [DiscoveryClient.java : 465] Discovery Client initialized at timestamp 1577244389698 with initial instances count: 3
2019-12-25 11:26:29,714 [INFO] [main] o.s.c.netflix.eureka.serviceregistry.EurekaServiceRegistry [EurekaServiceRegistry.java : 41] Registering application SEARCHCHAMPION-PRODUCER with eureka with status UP
2019-12-25 11:26:29,715 [INFO] [main] com.netflix.discovery.DiscoveryClient [DiscoveryClient.java : 1323] Saw local status change event StatusChangeEvent [timestamp=1577244389715, current=UP, previous=STARTING]
2019-12-25 11:26:29,720 [INFO] [main] s.d.spring.web.plugins.DocumentationPluginsBootstrapper [DocumentationPluginsBootstrapper.java : 160] Context refreshed
2019-12-25 11:26:29,748 [INFO] [main] s.d.spring.web.plugins.DocumentationPluginsBootstrapper [DocumentationPluginsBootstrapper.java : 163] Found 1 custom documentation plugin(s)
2019-12-25 11:26:29,783 [INFO] [DiscoveryClient-InstanceInfoReplicator-0] com.netflix.discovery.DiscoveryClient [DiscoveryClient.java : 844] DiscoveryClient_SEARCHCHAMPION-PRODUCER/100.66.130.98:searchChampion-producer:8003: registering service...
2019-12-25 11:26:29,811 [INFO] [main] s.d.spring.web.scanners.ApiListingReferenceScanner [ApiListingReferenceScanner.java : 41] Scanning for api listing references
2019-12-25 11:26:29,841 [INFO] [DiscoveryClient-InstanceInfoReplicator-0] com.netflix.discovery.DiscoveryClient [DiscoveryClient.java : 853] DiscoveryClient_SEARCHCHAMPION-PRODUCER/100.66.130.98:searchChampion-producer:8003 - registration status: 204
2019-12-25 11:26:30,109 [INFO] [main] org.springframework.boot.web.embedded.tomcat.TomcatWebServer [TomcatWebServer.java : 204] Tomcat started on port(s): 8003 (http) with context path ''
2019-12-25 11:26:30,110 [INFO] [main] o.s.c.n.eureka.serviceregistry.EurekaAutoServiceRegistration [EurekaAutoServiceRegistration.java : 145] Updating port to 8003
2019-12-25 11:26:30,801 [INFO] [main] c.e.searchChampionservice.SearchChampionServiceApplication [StartupInfoLogger.java : 61] Started SearchChampionServiceApplication in 14.67 seconds (JVM running for 15.763)
2019-12-25 11:27:11,529 [INFO] [http-nio-8003-exec-2] o.a.catalina.core.ContainerBase.[Tomcat].[localhost].[/] [DirectJDKLog.java : 173] Initializing Spring DispatcherServlet 'dispatcherServlet'
2019-12-25 11:27:11,529 [INFO] [http-nio-8003-exec-2] org.springframework.web.servlet.DispatcherServlet [FrameworkServlet.java : 525] Initializing Servlet 'dispatcherServlet'
2019-12-25 11:27:11,542 [INFO] [http-nio-8003-exec-2] org.springframework.web.servlet.DispatcherServlet [FrameworkServlet.java : 547] Completed initialization in 12 ms
2019-12-25 11:27:24,846 [INFO] [http-nio-8003-exec-4] com.zaxxer.hikari.HikariDataSource [HikariDataSource.java : 110] HikariPool-1 - Starting...
2019-12-25 11:27:25,538 [INFO] [http-nio-8003-exec-4] com.zaxxer.hikari.HikariDataSource [HikariDataSource.java : 123] HikariPool-1 - Start completed.
2019-12-25 11:27:25,552 [DEBUG] [http-nio-8003-exec-4] c.e.s.mapper.SearchChampMapper.searchChampByname [BaseJdbcLogger.java : 143] ==>  Preparing: select cID , name , alias ,fullImage , tags from ChampionInfo where alias like CONCAT(CONCAT('%', ?), '%') 
2019-12-25 11:27:25,597 [DEBUG] [http-nio-8003-exec-4] c.e.s.mapper.SearchChampMapper.searchChampByname [BaseJdbcLogger.java : 143] ==> Parameters: 影流(String)
2019-12-25 11:27:25,693 [TRACE] [http-nio-8003-exec-4] c.e.s.mapper.SearchChampMapper.searchChampByname [BaseJdbcLogger.java : 149] <==    Columns: cID, name, alias, fullImage, tags
2019-12-25 11:27:25,694 [TRACE] [http-nio-8003-exec-4] c.e.s.mapper.SearchChampMapper.searchChampByname [BaseJdbcLogger.java : 149] <==        Row: 54, Kayn, 影流之镰, Kayn.png, Fighter
2019-12-25 11:27:25,697 [TRACE] [http-nio-8003-exec-4] c.e.s.mapper.SearchChampMapper.searchChampByname [BaseJdbcLogger.java : 149] <==        Row: 140, Zed, 影流之主, Zed.png, Assassin
2019-12-25 11:27:25,698 [DEBUG] [http-nio-8003-exec-4] c.e.s.mapper.SearchChampMapper.searchChampByname [BaseJdbcLogger.java : 143] <==      Total: 2
2019-12-25 11:27:52,751 [DEBUG] [http-nio-8003-exec-3] c.e.s.mapper.SearchChampMapper.searchChampByname [BaseJdbcLogger.java : 143] ==>  Preparing: select cID , name , alias ,fullImage , tags from ChampionInfo where alias like CONCAT(CONCAT('%', ?), '%') 
2019-12-25 11:27:52,751 [DEBUG] [http-nio-8003-exec-3] c.e.s.mapper.SearchChampMapper.searchChampByname [BaseJdbcLogger.java : 143] ==> Parameters: 疾风(String)
2019-12-25 11:27:52,799 [TRACE] [http-nio-8003-exec-3] c.e.s.mapper.SearchChampMapper.searchChampByname [BaseJdbcLogger.java : 149] <==    Columns: cID, name, alias, fullImage, tags
2019-12-25 11:27:52,800 [TRACE] [http-nio-8003-exec-3] c.e.s.mapper.SearchChampMapper.searchChampByname [BaseJdbcLogger.java : 149] <==        Row: 136, Yasuo, 疾风剑豪, Yasuo.png, Fighter
2019-12-25 11:27:52,800 [DEBUG] [http-nio-8003-exec-3] c.e.s.mapper.SearchChampMapper.searchChampByname [BaseJdbcLogger.java : 143] <==      Total: 1
2019-12-25 11:28:12,711 [DEBUG] [http-nio-8003-exec-5] c.e.s.mapper.SearchChampMapper.searchChampByname [BaseJdbcLogger.java : 143] ==>  Preparing: select cID , name , alias ,fullImage , tags from ChampionInfo where alias like CONCAT(CONCAT('%', ?), '%') 
2019-12-25 11:28:12,712 [DEBUG] [http-nio-8003-exec-5] c.e.s.mapper.SearchChampMapper.searchChampByname [BaseJdbcLogger.java : 143] ==> Parameters: 狂野(String)
2019-12-25 11:28:12,755 [TRACE] [http-nio-8003-exec-5] c.e.s.mapper.SearchChampMapper.searchChampByname [BaseJdbcLogger.java : 149] <==    Columns: cID, name, alias, fullImage, tags
2019-12-25 11:28:12,756 [TRACE] [http-nio-8003-exec-5] c.e.s.mapper.SearchChampMapper.searchChampByname [BaseJdbcLogger.java : 149] <==        Row: 79, Nidalee, 狂野女猎手, Nidalee.png, Assassin
2019-12-25 11:28:12,757 [DEBUG] [http-nio-8003-exec-5] c.e.s.mapper.SearchChampMapper.searchChampByname [BaseJdbcLogger.java : 143] <==      Total: 1
2019-12-25 11:28:30,527 [DEBUG] [http-nio-8003-exec-6] c.e.s.mapper.SearchChampMapper.searchChampByname [BaseJdbcLogger.java : 143] ==>  Preparing: select cID , name , alias ,fullImage , tags from ChampionInfo where alias like CONCAT(CONCAT('%', ?), '%') 
2019-12-25 11:28:30,528 [DEBUG] [http-nio-8003-exec-6] c.e.s.mapper.SearchChampMapper.searchChampByname [BaseJdbcLogger.java : 143] ==> Parameters: 熔岩巨兽(String)
2019-12-25 11:28:30,575 [TRACE] [http-nio-8003-exec-6] c.e.s.mapper.SearchChampMapper.searchChampByname [BaseJdbcLogger.java : 149] <==    Columns: cID, name, alias, fullImage, tags
2019-12-25 11:28:30,575 [TRACE] [http-nio-8003-exec-6] c.e.s.mapper.SearchChampMapper.searchChampByname [BaseJdbcLogger.java : 149] <==        Row: 67, Malphite, 熔岩巨兽, Malphite.png, Tank
2019-12-25 11:28:30,576 [DEBUG] [http-nio-8003-exec-6] c.e.s.mapper.SearchChampMapper.searchChampByname [BaseJdbcLogger.java : 143] <==      Total: 1
2019-12-25 11:28:52,581 [DEBUG] [http-nio-8003-exec-7] c.e.s.mapper.SearchChampMapper.searchChampByname [BaseJdbcLogger.java : 143] ==>  Preparing: select cID , name , alias ,fullImage , tags from ChampionInfo where alias like CONCAT(CONCAT('%', ?), '%') 
2019-12-25 11:28:52,582 [DEBUG] [http-nio-8003-exec-7] c.e.s.mapper.SearchChampMapper.searchChampByname [BaseJdbcLogger.java : 143] ==> Parameters: 诺克萨斯之手(String)
2019-12-25 11:28:52,625 [TRACE] [http-nio-8003-exec-7] c.e.s.mapper.SearchChampMapper.searchChampByname [BaseJdbcLogger.java : 149] <==    Columns: cID, name, alias, fullImage, tags
2019-12-25 11:28:52,626 [TRACE] [http-nio-8003-exec-7] c.e.s.mapper.SearchChampMapper.searchChampByname [BaseJdbcLogger.java : 149] <==        Row: 19, Darius, 诺克萨斯之手, Darius.png, Fighter
2019-12-25 11:28:52,626 [DEBUG] [http-nio-8003-exec-7] c.e.s.mapper.SearchChampMapper.searchChampByname [BaseJdbcLogger.java : 143] <==      Total: 1
2019-12-25 11:29:03,603 [DEBUG] [http-nio-8003-exec-8] c.e.s.mapper.SearchChampMapper.searchChampByname [BaseJdbcLogger.java : 143] ==>  Preparing: select cID , name , alias ,fullImage , tags from ChampionInfo where alias like CONCAT(CONCAT('%', ?), '%') 
2019-12-25 11:29:03,604 [DEBUG] [http-nio-8003-exec-8] c.e.s.mapper.SearchChampMapper.searchChampByname [BaseJdbcLogger.java : 143] ==> Parameters: 深海泰坦(String)
2019-12-25 11:29:03,647 [TRACE] [http-nio-8003-exec-8] c.e.s.mapper.SearchChampMapper.searchChampByname [BaseJdbcLogger.java : 149] <==    Columns: cID, name, alias, fullImage, tags
2019-12-25 11:29:03,648 [TRACE] [http-nio-8003-exec-8] c.e.s.mapper.SearchChampMapper.searchChampByname [BaseJdbcLogger.java : 149] <==        Row: 77, Nautilus, 深海泰坦, Nautilus.png, Tank
2019-12-25 11:29:03,649 [DEBUG] [http-nio-8003-exec-8] c.e.s.mapper.SearchChampMapper.searchChampByname [BaseJdbcLogger.java : 143] <==      Total: 1
2019-12-25 11:29:15,324 [DEBUG] [http-nio-8003-exec-10] c.e.s.mapper.SearchChampMapper.searchChampByname [BaseJdbcLogger.java : 143] ==>  Preparing: select cID , name , alias ,fullImage , tags from ChampionInfo where alias like CONCAT(CONCAT('%', ?), '%') 
2019-12-25 11:29:15,324 [DEBUG] [http-nio-8003-exec-10] c.e.s.mapper.SearchChampMapper.searchChampByname [BaseJdbcLogger.java : 143] ==> Parameters: 琴瑟仙女(String)
2019-12-25 11:29:15,366 [TRACE] [http-nio-8003-exec-10] c.e.s.mapper.SearchChampMapper.searchChampByname [BaseJdbcLogger.java : 149] <==    Columns: cID, name, alias, fullImage, tags
2019-12-25 11:29:15,367 [TRACE] [http-nio-8003-exec-10] c.e.s.mapper.SearchChampMapper.searchChampByname [BaseJdbcLogger.java : 149] <==        Row: 106, Sona, 琴瑟仙女, Sona.png, Support
2019-12-25 11:29:15,367 [DEBUG] [http-nio-8003-exec-10] c.e.s.mapper.SearchChampMapper.searchChampByname [BaseJdbcLogger.java : 143] <==      Total: 1
2019-12-25 11:29:24,088 [DEBUG] [http-nio-8003-exec-9] c.e.s.mapper.SearchChampMapper.searchChampByname [BaseJdbcLogger.java : 143] ==>  Preparing: select cID , name , alias ,fullImage , tags from ChampionInfo where alias like CONCAT(CONCAT('%', ?), '%') 
2019-12-25 11:29:24,089 [DEBUG] [http-nio-8003-exec-9] c.e.s.mapper.SearchChampMapper.searchChampByname [BaseJdbcLogger.java : 143] ==> Parameters: 永恒梦魇(String)
2019-12-25 11:29:24,133 [TRACE] [http-nio-8003-exec-9] c.e.s.mapper.SearchChampMapper.searchChampByname [BaseJdbcLogger.java : 149] <==    Columns: cID, name, alias, fullImage, tags
2019-12-25 11:29:24,134 [TRACE] [http-nio-8003-exec-9] c.e.s.mapper.SearchChampMapper.searchChampByname [BaseJdbcLogger.java : 149] <==        Row: 80, Nocturne, 永恒梦魇, Nocturne.png, Assassin
2019-12-25 11:29:24,134 [DEBUG] [http-nio-8003-exec-9] c.e.s.mapper.SearchChampMapper.searchChampByname [BaseJdbcLogger.java : 143] <==      Total: 1
2019-12-25 11:29:32,807 [DEBUG] [http-nio-8003-exec-2] c.e.s.mapper.SearchChampMapper.searchChampByname [BaseJdbcLogger.java : 143] ==>  Preparing: select cID , name , alias ,fullImage , tags from ChampionInfo where alias like CONCAT(CONCAT('%', ?), '%') 
2019-12-25 11:29:32,808 [DEBUG] [http-nio-8003-exec-2] c.e.s.mapper.SearchChampMapper.searchChampByname [BaseJdbcLogger.java : 143] ==> Parameters: 亡灵战神(String)
2019-12-25 11:29:32,851 [TRACE] [http-nio-8003-exec-2] c.e.s.mapper.SearchChampMapper.searchChampByname [BaseJdbcLogger.java : 149] <==    Columns: cID, name, alias, fullImage, tags
2019-12-25 11:29:32,852 [TRACE] [http-nio-8003-exec-2] c.e.s.mapper.SearchChampMapper.searchChampByname [BaseJdbcLogger.java : 149] <==        Row: 103, Sion, 亡灵战神, Sion.png, Tank
2019-12-25 11:29:32,853 [DEBUG] [http-nio-8003-exec-2] c.e.s.mapper.SearchChampMapper.searchChampByname [BaseJdbcLogger.java : 143] <==      Total: 1
