2020-05-26 19:20:46,542 [INFO] [main] o.s.c.s.PostProcessorRegistrationDelegate$BeanPostProcessorChecker [PostProcessorRegistrationDelegate.java : 330] Bean 'org.springframework.cloud.autoconfigure.ConfigurationPropertiesRebinderAutoConfiguration' of type [org.springframework.cloud.autoconfigure.ConfigurationPropertiesRebinderAutoConfiguration] is not eligible for getting processed by all BeanPostProcessors (for example: not eligible for auto-proxying)
2020-05-26 19:20:50,292 [INFO] [main] c.e.searchChampionservice.SearchChampionServiceApplication [SpringApplication.java : 651] No active profile set, falling back to default profiles: default
2020-05-26 19:20:54,100 [WARN] [main] org.springframework.boot.actuate.endpoint.EndpointId [EndpointId.java : 155] Endpoint ID 'hystrix.stream' contains invalid characters, please migrate to a valid format.
2020-05-26 19:20:56,424 [WARN] [main] org.springframework.boot.actuate.endpoint.EndpointId [EndpointId.java : 155] Endpoint ID 'service-registry' contains invalid characters, please migrate to a valid format.
2020-05-26 19:20:57,128 [INFO] [main] org.springframework.cloud.context.scope.GenericScope [GenericScope.java : 295] BeanFactory id=710d0b9f-0195-3a34-909d-8cf21574abd4
2020-05-26 19:20:57,842 [INFO] [main] o.s.c.s.PostProcessorRegistrationDelegate$BeanPostProcessorChecker [PostProcessorRegistrationDelegate.java : 330] Bean 'org.springframework.transaction.annotation.ProxyTransactionManagementConfiguration' of type [org.springframework.transaction.annotation.ProxyTransactionManagementConfiguration] is not eligible for getting processed by all BeanPostProcessors (for example: not eligible for auto-proxying)
2020-05-26 19:20:59,050 [INFO] [main] o.s.c.s.PostProcessorRegistrationDelegate$BeanPostProcessorChecker [PostProcessorRegistrationDelegate.java : 330] Bean 'org.springframework.cloud.autoconfigure.ConfigurationPropertiesRebinderAutoConfiguration' of type [org.springframework.cloud.autoconfigure.ConfigurationPropertiesRebinderAutoConfiguration] is not eligible for getting processed by all BeanPostProcessors (for example: not eligible for auto-proxying)
2020-05-26 19:21:01,470 [INFO] [main] org.springframework.boot.web.embedded.tomcat.TomcatWebServer [TomcatWebServer.java : 92] Tomcat initialized with port(s): 8003 (http)
2020-05-26 19:21:01,491 [INFO] [main] org.apache.catalina.core.StandardService [DirectJDKLog.java : 173] Starting service [Tomcat]
2020-05-26 19:21:01,493 [INFO] [main] org.apache.catalina.core.StandardEngine [DirectJDKLog.java : 173] Starting Servlet engine: [Apache Tomcat/9.0.29]
2020-05-26 19:21:02,336 [INFO] [main] o.a.catalina.core.ContainerBase.[Tomcat].[localhost].[/] [DirectJDKLog.java : 173] Initializing Spring embedded WebApplicationContext
2020-05-26 19:21:02,337 [INFO] [main] org.springframework.web.context.ContextLoader [ServletWebServerApplicationContext.java : 284] Root WebApplicationContext: initialization completed in 11996 ms
2020-05-26 19:21:02,849 [WARN] [main] com.netflix.config.sources.URLConfigurationSource [URLConfigurationSource.java : 121] No URLs will be polled as dynamic configuration sources.
2020-05-26 19:21:02,859 [INFO] [main] com.netflix.config.sources.URLConfigurationSource [URLConfigurationSource.java : 122] To enable URLs as dynamic configuration sources, define System property archaius.configurationSource.additionalUrls or make config.properties available on classpath.
2020-05-26 19:21:02,923 [INFO] [main] com.netflix.config.DynamicPropertyFactory [DynamicPropertyFactory.java : 281] DynamicPropertyFactory is initialized with configuration sources: com.netflix.config.ConcurrentCompositeConfiguration@1d7c9811
2020-05-26 19:21:03,954 [INFO] [main] o.s.boot.actuate.endpoint.web.ServletEndpointRegistrar [ServletEndpointRegistrar.java : 75] Registered '/actuator/hystrix.stream' to hystrix.stream-actuator-endpoint
2020-05-26 19:21:07,395 [INFO] [main] o.s.boot.actuate.endpoint.web.EndpointLinksResolver [EndpointLinksResolver.java : 58] Exposing 1 endpoint(s) beneath base path '/actuator'
2020-05-26 19:21:08,556 [INFO] [main] s.d.spring.web.PropertySourcedRequestMappingHandlerMapping [PropertySourcedRequestMappingHandlerMapping.java : 69] Mapped URL path [/v2/api-docs] onto method [springfox.documentation.swagger2.web.Swagger2Controller#getDocumentation(String, HttpServletRequest)]
2020-05-26 19:21:08,696 [WARN] [main] com.netflix.config.sources.URLConfigurationSource [URLConfigurationSource.java : 121] No URLs will be polled as dynamic configuration sources.
2020-05-26 19:21:08,697 [INFO] [main] com.netflix.config.sources.URLConfigurationSource [URLConfigurationSource.java : 122] To enable URLs as dynamic configuration sources, define System property archaius.configurationSource.additionalUrls or make config.properties available on classpath.
2020-05-26 19:21:13,058 [INFO] [main] org.springframework.cloud.commons.util.InetUtils [InetUtils.java : 170] Cannot determine local hostname
2020-05-26 19:21:15,518 [INFO] [main] org.springframework.cloud.commons.util.InetUtils [InetUtils.java : 170] Cannot determine local hostname
2020-05-26 19:21:18,399 [INFO] [main] org.springframework.cloud.commons.util.InetUtils [InetUtils.java : 170] Cannot determine local hostname
2020-05-26 19:21:18,829 [WARN] [main] o.s.c.l.c.BlockingLoadBalancerClientAutoConfiguration$BlockingLoadBalancerClientRibbonWarnLogger [BlockingLoadBalancerClientAutoConfiguration.java : 106] You already have RibbonLoadBalancerClient on your classpath. It will be used by default. As Spring Cloud Ribbon is in maintenance mode. We recommend switching to BlockingLoadBalancerClient instead. In order to use it, set the value of `spring.cloud.loadbalancer.ribbon.enabled` to `false` or remove spring-cloud-starter-netflix-ribbon from your project.
2020-05-26 19:21:20,029 [WARN] [main] o.s.c.l.c.LoadBalancerCacheAutoConfiguration$LoadBalancerCaffeineWarnLogger [LoadBalancerCacheAutoConfiguration.java : 81] Spring Cloud LoadBalancer is currently working with default default cache. You can switch to using Caffeine cache, by adding it to the classpath.
2020-05-26 19:21:20,384 [INFO] [main] org.springframework.cloud.netflix.eureka.InstanceInfoFactory [InstanceInfoFactory.java : 72] Setting initial instance status as: STARTING
2020-05-26 19:21:21,234 [INFO] [main] com.netflix.discovery.DiscoveryClient [DiscoveryClient.java : 365] Initializing Eureka in region us-east-1
2020-05-26 19:21:22,190 [INFO] [main] com.netflix.discovery.provider.DiscoveryJerseyProvider [DiscoveryJerseyProvider.java : 70] Using JSON encoding codec LegacyJacksonJson
2020-05-26 19:21:22,191 [INFO] [main] com.netflix.discovery.provider.DiscoveryJerseyProvider [DiscoveryJerseyProvider.java : 71] Using JSON decoding codec LegacyJacksonJson
2020-05-26 19:21:22,843 [INFO] [main] com.netflix.discovery.provider.DiscoveryJerseyProvider [DiscoveryJerseyProvider.java : 80] Using XML encoding codec XStreamXml
2020-05-26 19:21:22,847 [INFO] [main] com.netflix.discovery.provider.DiscoveryJerseyProvider [DiscoveryJerseyProvider.java : 81] Using XML decoding codec XStreamXml
2020-05-26 19:21:23,760 [INFO] [main] c.n.discovery.shared.resolver.aws.ConfigClusterResolver [ConfigClusterResolver.java : 43] Resolving eureka endpoints via configuration
2020-05-26 19:21:24,787 [INFO] [main] com.netflix.discovery.DiscoveryClient [DiscoveryClient.java : 976] Disable delta property : false
2020-05-26 19:21:24,788 [INFO] [main] com.netflix.discovery.DiscoveryClient [DiscoveryClient.java : 977] Single vip registry refresh property : null
2020-05-26 19:21:24,789 [INFO] [main] com.netflix.discovery.DiscoveryClient [DiscoveryClient.java : 978] Force full registry fetch : false
2020-05-26 19:21:24,790 [INFO] [main] com.netflix.discovery.DiscoveryClient [DiscoveryClient.java : 979] Application is null : false
2020-05-26 19:21:24,791 [INFO] [main] com.netflix.discovery.DiscoveryClient [DiscoveryClient.java : 980] Registered Applications size is zero : true
2020-05-26 19:21:24,793 [INFO] [main] com.netflix.discovery.DiscoveryClient [DiscoveryClient.java : 982] Application version is -1: true
2020-05-26 19:21:24,795 [INFO] [main] com.netflix.discovery.DiscoveryClient [DiscoveryClient.java : 1065] Getting all instance registry info from the eureka server
2020-05-26 19:21:25,263 [INFO] [main] com.netflix.discovery.DiscoveryClient [DiscoveryClient.java : 1074] The response status is 200
2020-05-26 19:21:25,270 [INFO] [main] com.netflix.discovery.DiscoveryClient [DiscoveryClient.java : 1288] Starting heartbeat executor: renew interval is: 30
2020-05-26 19:21:25,285 [INFO] [main] com.netflix.discovery.InstanceInfoReplicator [InstanceInfoReplicator.java : 60] InstanceInfoReplicator onDemand update allowed rate per min is 4
2020-05-26 19:21:25,294 [INFO] [main] com.netflix.discovery.DiscoveryClient [DiscoveryClient.java : 465] Discovery Client initialized at timestamp 1590492085292 with initial instances count: 1
2020-05-26 19:21:25,302 [INFO] [main] o.s.c.netflix.eureka.serviceregistry.EurekaServiceRegistry [EurekaServiceRegistry.java : 41] Registering application SEARCHCHAMPION-PRODUCER with eureka with status UP
2020-05-26 19:21:25,304 [INFO] [main] com.netflix.discovery.DiscoveryClient [DiscoveryClient.java : 1323] Saw local status change event StatusChangeEvent [timestamp=1590492085304, current=UP, previous=STARTING]
2020-05-26 19:21:25,308 [INFO] [main] s.d.spring.web.plugins.DocumentationPluginsBootstrapper [DocumentationPluginsBootstrapper.java : 160] Context refreshed
2020-05-26 19:21:26,204 [INFO] [DiscoveryClient-InstanceInfoReplicator-0] com.netflix.discovery.DiscoveryClient [DiscoveryClient.java : 844] DiscoveryClient_SEARCHCHAMPION-PRODUCER/localhost:searchChampion-producer:8003: registering service...
2020-05-26 19:21:26,305 [INFO] [DiscoveryClient-InstanceInfoReplicator-0] com.netflix.discovery.DiscoveryClient [DiscoveryClient.java : 853] DiscoveryClient_SEARCHCHAMPION-PRODUCER/localhost:searchChampion-producer:8003 - registration status: 204
2020-05-26 19:21:26,303 [INFO] [main] s.d.spring.web.plugins.DocumentationPluginsBootstrapper [DocumentationPluginsBootstrapper.java : 163] Found 1 custom documentation plugin(s)
2020-05-26 19:21:26,519 [INFO] [main] s.d.spring.web.scanners.ApiListingReferenceScanner [ApiListingReferenceScanner.java : 41] Scanning for api listing references
2020-05-26 19:21:27,291 [INFO] [main] org.springframework.boot.web.embedded.tomcat.TomcatWebServer [TomcatWebServer.java : 204] Tomcat started on port(s): 8003 (http) with context path ''
2020-05-26 19:21:27,293 [INFO] [main] o.s.c.n.eureka.serviceregistry.EurekaAutoServiceRegistration [EurekaAutoServiceRegistration.java : 145] Updating port to 8003
2020-05-26 19:21:30,283 [INFO] [main] org.springframework.cloud.commons.util.InetUtils [InetUtils.java : 170] Cannot determine local hostname
2020-05-26 19:21:30,394 [INFO] [main] c.e.searchChampionservice.SearchChampionServiceApplication [StartupInfoLogger.java : 61] Started SearchChampionServiceApplication in 50.164 seconds (JVM running for 52.385)
2020-05-26 19:26:24,805 [INFO] [AsyncResolver-bootstrap-executor-0] c.n.discovery.shared.resolver.aws.ConfigClusterResolver [ConfigClusterResolver.java : 43] Resolving eureka endpoints via configuration
2020-05-26 19:29:13,723 [INFO] [http-nio-8003-exec-10] o.a.catalina.core.ContainerBase.[Tomcat].[localhost].[/] [DirectJDKLog.java : 173] Initializing Spring DispatcherServlet 'dispatcherServlet'
2020-05-26 19:29:13,724 [INFO] [http-nio-8003-exec-10] org.springframework.web.servlet.DispatcherServlet [FrameworkServlet.java : 525] Initializing Servlet 'dispatcherServlet'
2020-05-26 19:29:13,738 [INFO] [http-nio-8003-exec-10] org.springframework.web.servlet.DispatcherServlet [FrameworkServlet.java : 547] Completed initialization in 13 ms
2020-05-26 19:29:13,898 [INFO] [http-nio-8003-exec-9] com.zaxxer.hikari.HikariDataSource [HikariDataSource.java : 110] HikariPool-1 - Starting...
2020-05-26 19:29:15,081 [INFO] [http-nio-8003-exec-9] com.zaxxer.hikari.HikariDataSource [HikariDataSource.java : 123] HikariPool-1 - Start completed.
2020-05-26 19:29:15,093 [DEBUG] [http-nio-8003-exec-9] c.e.searchChampionservice.mapper.SearchChampMapper.showAll [BaseJdbcLogger.java : 143] ==>  Preparing: select cID , name , alias ,fullImage , tags from ChampionInfo 
2020-05-26 19:29:15,137 [DEBUG] [http-nio-8003-exec-9] c.e.searchChampionservice.mapper.SearchChampMapper.showAll [BaseJdbcLogger.java : 143] ==> Parameters: 
2020-05-26 19:29:15,529 [TRACE] [http-nio-8003-exec-9] c.e.searchChampionservice.mapper.SearchChampMapper.showAll [BaseJdbcLogger.java : 149] <==    Columns: cID, name, alias, fullImage, tags
2020-05-26 19:29:15,530 [TRACE] [http-nio-8003-exec-9] c.e.searchChampionservice.mapper.SearchChampMapper.showAll [BaseJdbcLogger.java : 149] <==        Row: 0, Aatrox, 暗裔剑魔, Aatrox.png, Fighter
2020-05-26 19:29:15,532 [TRACE] [http-nio-8003-exec-9] c.e.searchChampionservice.mapper.SearchChampMapper.showAll [BaseJdbcLogger.java : 149] <==        Row: 1, Ahri, 九尾妖狐, Ahri.png, Mage
2020-05-26 19:29:15,533 [TRACE] [http-nio-8003-exec-9] c.e.searchChampionservice.mapper.SearchChampMapper.showAll [BaseJdbcLogger.java : 149] <==        Row: 2, Akali, 离群之刺, Akali.png, Assassin
2020-05-26 19:29:15,533 [TRACE] [http-nio-8003-exec-9] c.e.searchChampionservice.mapper.SearchChampMapper.showAll [BaseJdbcLogger.java : 149] <==        Row: 3, Alistar, 牛头酋长, Alistar.png, Tank
2020-05-26 19:29:15,534 [TRACE] [http-nio-8003-exec-9] c.e.searchChampionservice.mapper.SearchChampMapper.showAll [BaseJdbcLogger.java : 149] <==        Row: 4, Amumu, 殇之木乃伊, Amumu.png, Tank
2020-05-26 19:29:15,535 [TRACE] [http-nio-8003-exec-9] c.e.searchChampionservice.mapper.SearchChampMapper.showAll [BaseJdbcLogger.java : 149] <==        Row: 5, Anivia, 冰晶凤凰, Anivia.png, Mage
2020-05-26 19:29:15,536 [TRACE] [http-nio-8003-exec-9] c.e.searchChampionservice.mapper.SearchChampMapper.showAll [BaseJdbcLogger.java : 149] <==        Row: 6, Annie, 黑暗之女, Annie.png, Mage
2020-05-26 19:29:15,536 [TRACE] [http-nio-8003-exec-9] c.e.searchChampionservice.mapper.SearchChampMapper.showAll [BaseJdbcLogger.java : 149] <==        Row: 7, Ashe, 寒冰射手, Ashe.png, Marksman
2020-05-26 19:29:15,537 [TRACE] [http-nio-8003-exec-9] c.e.searchChampionservice.mapper.SearchChampMapper.showAll [BaseJdbcLogger.java : 149] <==        Row: 8, AurelionSol, 铸星龙王, AurelionSol.png, Mage
2020-05-26 19:29:15,537 [TRACE] [http-nio-8003-exec-9] c.e.searchChampionservice.mapper.SearchChampMapper.showAll [BaseJdbcLogger.java : 149] <==        Row: 9, Azir, 沙漠皇帝, Azir.png, Mage
2020-05-26 19:29:15,538 [TRACE] [http-nio-8003-exec-9] c.e.searchChampionservice.mapper.SearchChampMapper.showAll [BaseJdbcLogger.java : 149] <==        Row: 10, Bard, 星界游神, Bard.png, Support
2020-05-26 19:29:15,539 [TRACE] [http-nio-8003-exec-9] c.e.searchChampionservice.mapper.SearchChampMapper.showAll [BaseJdbcLogger.java : 149] <==        Row: 11, Blitzcrank, 蒸汽机器人, Blitzcrank.png, Tank
2020-05-26 19:29:15,542 [TRACE] [http-nio-8003-exec-9] c.e.searchChampionservice.mapper.SearchChampMapper.showAll [BaseJdbcLogger.java : 149] <==        Row: 12, Brand, 复仇焰魂, Brand.png, Mage
2020-05-26 19:29:15,544 [TRACE] [http-nio-8003-exec-9] c.e.searchChampionservice.mapper.SearchChampMapper.showAll [BaseJdbcLogger.java : 149] <==        Row: 13, Braum, 弗雷尔卓德之心, Braum.png, Support
2020-05-26 19:29:15,544 [TRACE] [http-nio-8003-exec-9] c.e.searchChampionservice.mapper.SearchChampMapper.showAll [BaseJdbcLogger.java : 149] <==        Row: 14, Caitlyn, 皮城女警, Caitlyn.png, Marksman
2020-05-26 19:29:15,545 [TRACE] [http-nio-8003-exec-9] c.e.searchChampionservice.mapper.SearchChampMapper.showAll [BaseJdbcLogger.java : 149] <==        Row: 15, Camille, 青钢影, Camille.png, Fighter
2020-05-26 19:29:15,547 [TRACE] [http-nio-8003-exec-9] c.e.searchChampionservice.mapper.SearchChampMapper.showAll [BaseJdbcLogger.java : 149] <==        Row: 16, Cassiopeia, 魔蛇之拥, Cassiopeia.png, Mage
2020-05-26 19:29:15,548 [TRACE] [http-nio-8003-exec-9] c.e.searchChampionservice.mapper.SearchChampMapper.showAll [BaseJdbcLogger.java : 149] <==        Row: 17, Chogath, 虚空恐惧, Chogath.png, Tank
2020-05-26 19:29:15,549 [TRACE] [http-nio-8003-exec-9] c.e.searchChampionservice.mapper.SearchChampMapper.showAll [BaseJdbcLogger.java : 149] <==        Row: 18, Corki, 英勇投弹手, Corki.png, Marksman
2020-05-26 19:29:15,549 [TRACE] [http-nio-8003-exec-9] c.e.searchChampionservice.mapper.SearchChampMapper.showAll [BaseJdbcLogger.java : 149] <==        Row: 19, Darius, 诺克萨斯之手, Darius.png, Fighter
2020-05-26 19:29:15,550 [TRACE] [http-nio-8003-exec-9] c.e.searchChampionservice.mapper.SearchChampMapper.showAll [BaseJdbcLogger.java : 149] <==        Row: 20, Diana, 皎月女神, Diana.png, Fighter
2020-05-26 19:29:15,550 [TRACE] [http-nio-8003-exec-9] c.e.searchChampionservice.mapper.SearchChampMapper.showAll [BaseJdbcLogger.java : 149] <==        Row: 21, Draven, 荣耀行刑官, Draven.png, Marksman
2020-05-26 19:29:15,550 [TRACE] [http-nio-8003-exec-9] c.e.searchChampionservice.mapper.SearchChampMapper.showAll [BaseJdbcLogger.java : 149] <==        Row: 22, DrMundo, 祖安狂人, DrMundo.png, Fighter
2020-05-26 19:29:15,551 [TRACE] [http-nio-8003-exec-9] c.e.searchChampionservice.mapper.SearchChampMapper.showAll [BaseJdbcLogger.java : 149] <==        Row: 23, Ekko, 时间刺客, Ekko.png, Assassin
2020-05-26 19:29:15,551 [TRACE] [http-nio-8003-exec-9] c.e.searchChampionservice.mapper.SearchChampMapper.showAll [BaseJdbcLogger.java : 149] <==        Row: 24, Elise, 蜘蛛女皇, Elise.png, Mage
2020-05-26 19:29:15,552 [TRACE] [http-nio-8003-exec-9] c.e.searchChampionservice.mapper.SearchChampMapper.showAll [BaseJdbcLogger.java : 149] <==        Row: 25, Evelynn, 痛苦之拥, Evelynn.png, Assassin
2020-05-26 19:29:15,552 [TRACE] [http-nio-8003-exec-9] c.e.searchChampionservice.mapper.SearchChampMapper.showAll [BaseJdbcLogger.java : 149] <==        Row: 26, Ezreal, 探险家, Ezreal.png, Marksman
2020-05-26 19:29:15,553 [TRACE] [http-nio-8003-exec-9] c.e.searchChampionservice.mapper.SearchChampMapper.showAll [BaseJdbcLogger.java : 149] <==        Row: 27, Fiddlesticks, 末日使者, Fiddlesticks.png, Mage
2020-05-26 19:29:15,553 [TRACE] [http-nio-8003-exec-9] c.e.searchChampionservice.mapper.SearchChampMapper.showAll [BaseJdbcLogger.java : 149] <==        Row: 28, Fiora, 无双剑姬, Fiora.png, Fighter
2020-05-26 19:29:15,554 [TRACE] [http-nio-8003-exec-9] c.e.searchChampionservice.mapper.SearchChampMapper.showAll [BaseJdbcLogger.java : 149] <==        Row: 29, Fizz, 潮汐海灵, Fizz.png, Assassin
2020-05-26 19:29:15,554 [TRACE] [http-nio-8003-exec-9] c.e.searchChampionservice.mapper.SearchChampMapper.showAll [BaseJdbcLogger.java : 149] <==        Row: 30, Galio, 正义巨像, Galio.png, Tank
2020-05-26 19:29:15,555 [TRACE] [http-nio-8003-exec-9] c.e.searchChampionservice.mapper.SearchChampMapper.showAll [BaseJdbcLogger.java : 149] <==        Row: 31, Gangplank, 海洋之灾, Gangplank.png, Fighter
2020-05-26 19:29:15,556 [TRACE] [http-nio-8003-exec-9] c.e.searchChampionservice.mapper.SearchChampMapper.showAll [BaseJdbcLogger.java : 149] <==        Row: 32, Garen, 德玛西亚之力, Garen.png, Fighter
2020-05-26 19:29:15,559 [TRACE] [http-nio-8003-exec-9] c.e.searchChampionservice.mapper.SearchChampMapper.showAll [BaseJdbcLogger.java : 149] <==        Row: 33, Gnar, 迷失之牙, Gnar.png, Fighter
2020-05-26 19:29:15,560 [TRACE] [http-nio-8003-exec-9] c.e.searchChampionservice.mapper.SearchChampMapper.showAll [BaseJdbcLogger.java : 149] <==        Row: 34, Gragas, 酒桶, Gragas.png, Fighter
2020-05-26 19:29:15,561 [TRACE] [http-nio-8003-exec-9] c.e.searchChampionservice.mapper.SearchChampMapper.showAll [BaseJdbcLogger.java : 149] <==        Row: 35, Graves, 法外狂徒, Graves.png, Marksman
2020-05-26 19:29:15,562 [TRACE] [http-nio-8003-exec-9] c.e.searchChampionservice.mapper.SearchChampMapper.showAll [BaseJdbcLogger.java : 149] <==        Row: 36, Hecarim, 战争之影, Hecarim.png, Fighter
2020-05-26 19:29:15,564 [TRACE] [http-nio-8003-exec-9] c.e.searchChampionservice.mapper.SearchChampMapper.showAll [BaseJdbcLogger.java : 149] <==        Row: 37, Heimerdinger, 大发明家, Heimerdinger.png, Mage
2020-05-26 19:29:15,565 [TRACE] [http-nio-8003-exec-9] c.e.searchChampionservice.mapper.SearchChampMapper.showAll [BaseJdbcLogger.java : 149] <==        Row: 38, Illaoi, 海兽祭司, Illaoi.png, Fighter
2020-05-26 19:29:15,565 [TRACE] [http-nio-8003-exec-9] c.e.searchChampionservice.mapper.SearchChampMapper.showAll [BaseJdbcLogger.java : 149] <==        Row: 39, Irelia, 刀锋舞者, Irelia.png, Fighter
2020-05-26 19:29:15,565 [TRACE] [http-nio-8003-exec-9] c.e.searchChampionservice.mapper.SearchChampMapper.showAll [BaseJdbcLogger.java : 149] <==        Row: 40, Ivern, 翠神, Ivern.png, Support
2020-05-26 19:29:15,566 [TRACE] [http-nio-8003-exec-9] c.e.searchChampionservice.mapper.SearchChampMapper.showAll [BaseJdbcLogger.java : 149] <==        Row: 41, Janna, 风暴之怒, Janna.png, Support
2020-05-26 19:29:15,566 [TRACE] [http-nio-8003-exec-9] c.e.searchChampionservice.mapper.SearchChampMapper.showAll [BaseJdbcLogger.java : 149] <==        Row: 42, JarvanIV, 德玛西亚皇子, JarvanIV.png, Tank
2020-05-26 19:29:15,567 [TRACE] [http-nio-8003-exec-9] c.e.searchChampionservice.mapper.SearchChampMapper.showAll [BaseJdbcLogger.java : 149] <==        Row: 43, Jax, 武器大师, Jax.png, Fighter
2020-05-26 19:29:15,567 [TRACE] [http-nio-8003-exec-9] c.e.searchChampionservice.mapper.SearchChampMapper.showAll [BaseJdbcLogger.java : 149] <==        Row: 44, Jayce, 未来守护者, Jayce.png, Fighter
2020-05-26 19:29:15,568 [TRACE] [http-nio-8003-exec-9] c.e.searchChampionservice.mapper.SearchChampMapper.showAll [BaseJdbcLogger.java : 149] <==        Row: 45, Jhin, 戏命师, Jhin.png, Marksman
2020-05-26 19:29:15,568 [TRACE] [http-nio-8003-exec-9] c.e.searchChampionservice.mapper.SearchChampMapper.showAll [BaseJdbcLogger.java : 149] <==        Row: 46, Jinx, 暴走萝莉, Jinx.png, Marksman
2020-05-26 19:29:15,569 [TRACE] [http-nio-8003-exec-9] c.e.searchChampionservice.mapper.SearchChampMapper.showAll [BaseJdbcLogger.java : 149] <==        Row: 47, Kaisa, 虚空之女, Kaisa.png, Marksman
2020-05-26 19:29:15,569 [TRACE] [http-nio-8003-exec-9] c.e.searchChampionservice.mapper.SearchChampMapper.showAll [BaseJdbcLogger.java : 149] <==        Row: 48, Kalista, 复仇之矛, Kalista.png, Marksman
2020-05-26 19:29:15,569 [TRACE] [http-nio-8003-exec-9] c.e.searchChampionservice.mapper.SearchChampMapper.showAll [BaseJdbcLogger.java : 149] <==        Row: 49, Karma, 天启者, Karma.png, Mage
2020-05-26 19:29:15,570 [TRACE] [http-nio-8003-exec-9] c.e.searchChampionservice.mapper.SearchChampMapper.showAll [BaseJdbcLogger.java : 149] <==        Row: 50, Karthus, 死亡颂唱者, Karthus.png, Mage
2020-05-26 19:29:15,570 [TRACE] [http-nio-8003-exec-9] c.e.searchChampionservice.mapper.SearchChampMapper.showAll [BaseJdbcLogger.java : 149] <==        Row: 51, Kassadin, 虚空行者, Kassadin.png, Assassin
2020-05-26 19:29:15,571 [TRACE] [http-nio-8003-exec-9] c.e.searchChampionservice.mapper.SearchChampMapper.showAll [BaseJdbcLogger.java : 149] <==        Row: 52, Katarina, 不祥之刃, Katarina.png, Assassin
2020-05-26 19:29:15,572 [TRACE] [http-nio-8003-exec-9] c.e.searchChampionservice.mapper.SearchChampMapper.showAll [BaseJdbcLogger.java : 149] <==        Row: 53, Kayle, 正义天使, Kayle.png, Fighter
2020-05-26 19:29:15,576 [TRACE] [http-nio-8003-exec-9] c.e.searchChampionservice.mapper.SearchChampMapper.showAll [BaseJdbcLogger.java : 149] <==        Row: 54, Kayn, 影流之镰, Kayn.png, Fighter
2020-05-26 19:29:15,577 [TRACE] [http-nio-8003-exec-9] c.e.searchChampionservice.mapper.SearchChampMapper.showAll [BaseJdbcLogger.java : 149] <==        Row: 55, Kennen, 狂暴之心, Kennen.png, Mage
2020-05-26 19:29:15,578 [TRACE] [http-nio-8003-exec-9] c.e.searchChampionservice.mapper.SearchChampMapper.showAll [BaseJdbcLogger.java : 149] <==        Row: 56, Khazix, 虚空掠夺者, Khazix.png, Assassin
2020-05-26 19:29:15,579 [TRACE] [http-nio-8003-exec-9] c.e.searchChampionservice.mapper.SearchChampMapper.showAll [BaseJdbcLogger.java : 149] <==        Row: 57, Kindred, 永猎双子, Kindred.png, Marksman
2020-05-26 19:29:15,580 [TRACE] [http-nio-8003-exec-9] c.e.searchChampionservice.mapper.SearchChampMapper.showAll [BaseJdbcLogger.java : 149] <==        Row: 58, Kled, 暴怒骑士, Kled.png, Fighter
2020-05-26 19:29:15,581 [TRACE] [http-nio-8003-exec-9] c.e.searchChampionservice.mapper.SearchChampMapper.showAll [BaseJdbcLogger.java : 149] <==        Row: 59, KogMaw, 深渊巨口, KogMaw.png, Marksman
2020-05-26 19:29:15,582 [TRACE] [http-nio-8003-exec-9] c.e.searchChampionservice.mapper.SearchChampMapper.showAll [BaseJdbcLogger.java : 149] <==        Row: 60, Leblanc, 诡术妖姬, Leblanc.png, Assassin
2020-05-26 19:29:15,582 [TRACE] [http-nio-8003-exec-9] c.e.searchChampionservice.mapper.SearchChampMapper.showAll [BaseJdbcLogger.java : 149] <==        Row: 61, LeeSin, 盲僧, LeeSin.png, Fighter
2020-05-26 19:29:15,583 [TRACE] [http-nio-8003-exec-9] c.e.searchChampionservice.mapper.SearchChampMapper.showAll [BaseJdbcLogger.java : 149] <==        Row: 62, Leona, 曙光女神, Leona.png, Tank
2020-05-26 19:29:15,583 [TRACE] [http-nio-8003-exec-9] c.e.searchChampionservice.mapper.SearchChampMapper.showAll [BaseJdbcLogger.java : 149] <==        Row: 63, Lissandra, 冰霜女巫, Lissandra.png, Mage
2020-05-26 19:29:15,584 [TRACE] [http-nio-8003-exec-9] c.e.searchChampionservice.mapper.SearchChampMapper.showAll [BaseJdbcLogger.java : 149] <==        Row: 64, Lucian, 圣枪游侠, Lucian.png, Marksman
2020-05-26 19:29:15,584 [TRACE] [http-nio-8003-exec-9] c.e.searchChampionservice.mapper.SearchChampMapper.showAll [BaseJdbcLogger.java : 149] <==        Row: 65, Lulu, 仙灵女巫, Lulu.png, Support
2020-05-26 19:29:15,584 [TRACE] [http-nio-8003-exec-9] c.e.searchChampionservice.mapper.SearchChampMapper.showAll [BaseJdbcLogger.java : 149] <==        Row: 66, Lux, 光辉女郎, Lux.png, Mage
2020-05-26 19:29:15,585 [TRACE] [http-nio-8003-exec-9] c.e.searchChampionservice.mapper.SearchChampMapper.showAll [BaseJdbcLogger.java : 149] <==        Row: 67, Malphite, 熔岩巨兽, Malphite.png, Tank
2020-05-26 19:29:15,585 [TRACE] [http-nio-8003-exec-9] c.e.searchChampionservice.mapper.SearchChampMapper.showAll [BaseJdbcLogger.java : 149] <==        Row: 68, Malzahar, 虚空先知, Malzahar.png, Mage
2020-05-26 19:29:15,586 [TRACE] [http-nio-8003-exec-9] c.e.searchChampionservice.mapper.SearchChampMapper.showAll [BaseJdbcLogger.java : 149] <==        Row: 69, Maokai, 扭曲树精, Maokai.png, Tank
2020-05-26 19:29:15,586 [TRACE] [http-nio-8003-exec-9] c.e.searchChampionservice.mapper.SearchChampMapper.showAll [BaseJdbcLogger.java : 149] <==        Row: 70, MasterYi, 无极剑圣, MasterYi.png, Assassin
2020-05-26 19:29:15,587 [TRACE] [http-nio-8003-exec-9] c.e.searchChampionservice.mapper.SearchChampMapper.showAll [BaseJdbcLogger.java : 149] <==        Row: 71, MissFortune, 赏金猎人, MissFortune.png, Marksman
2020-05-26 19:29:15,587 [TRACE] [http-nio-8003-exec-9] c.e.searchChampionservice.mapper.SearchChampMapper.showAll [BaseJdbcLogger.java : 149] <==        Row: 72, MonkeyKing, 齐天大圣, MonkeyKing.png, Fighter
2020-05-26 19:29:15,587 [TRACE] [http-nio-8003-exec-9] c.e.searchChampionservice.mapper.SearchChampMapper.showAll [BaseJdbcLogger.java : 149] <==        Row: 73, Mordekaiser, 铁铠冥魂, Mordekaiser.png, Fighter
2020-05-26 19:29:15,588 [TRACE] [http-nio-8003-exec-9] c.e.searchChampionservice.mapper.SearchChampMapper.showAll [BaseJdbcLogger.java : 149] <==        Row: 74, Morgana, 堕落天使, Morgana.png, Mage
2020-05-26 19:29:15,588 [TRACE] [http-nio-8003-exec-9] c.e.searchChampionservice.mapper.SearchChampMapper.showAll [BaseJdbcLogger.java : 149] <==        Row: 75, Nami, 唤潮鲛姬, Nami.png, Support
2020-05-26 19:29:15,591 [TRACE] [http-nio-8003-exec-9] c.e.searchChampionservice.mapper.SearchChampMapper.showAll [BaseJdbcLogger.java : 149] <==        Row: 76, Nasus, 沙漠死神, Nasus.png, Fighter
2020-05-26 19:29:15,592 [TRACE] [http-nio-8003-exec-9] c.e.searchChampionservice.mapper.SearchChampMapper.showAll [BaseJdbcLogger.java : 149] <==        Row: 77, Nautilus, 深海泰坦, Nautilus.png, Tank
2020-05-26 19:29:15,593 [TRACE] [http-nio-8003-exec-9] c.e.searchChampionservice.mapper.SearchChampMapper.showAll [BaseJdbcLogger.java : 149] <==        Row: 78, Neeko, 万花通灵, Neeko.png, Mage
2020-05-26 19:29:15,593 [TRACE] [http-nio-8003-exec-9] c.e.searchChampionservice.mapper.SearchChampMapper.showAll [BaseJdbcLogger.java : 149] <==        Row: 79, Nidalee, 狂野女猎手, Nidalee.png, Assassin
2020-05-26 19:29:15,594 [TRACE] [http-nio-8003-exec-9] c.e.searchChampionservice.mapper.SearchChampMapper.showAll [BaseJdbcLogger.java : 149] <==        Row: 80, Nocturne, 永恒梦魇, Nocturne.png, Assassin
2020-05-26 19:29:15,595 [TRACE] [http-nio-8003-exec-9] c.e.searchChampionservice.mapper.SearchChampMapper.showAll [BaseJdbcLogger.java : 149] <==        Row: 81, Nunu, 雪原双子, Nunu.png, Tank
2020-05-26 19:29:15,595 [TRACE] [http-nio-8003-exec-9] c.e.searchChampionservice.mapper.SearchChampMapper.showAll [BaseJdbcLogger.java : 149] <==        Row: 82, Olaf, 狂战士, Olaf.png, Fighter
2020-05-26 19:29:15,596 [TRACE] [http-nio-8003-exec-9] c.e.searchChampionservice.mapper.SearchChampMapper.showAll [BaseJdbcLogger.java : 149] <==        Row: 83, Orianna, 发条魔灵, Orianna.png, Mage
2020-05-26 19:29:15,597 [TRACE] [http-nio-8003-exec-9] c.e.searchChampionservice.mapper.SearchChampMapper.showAll [BaseJdbcLogger.java : 149] <==        Row: 84, Ornn, 山隐之焰, Ornn.png, Tank
2020-05-26 19:29:15,598 [TRACE] [http-nio-8003-exec-9] c.e.searchChampionservice.mapper.SearchChampMapper.showAll [BaseJdbcLogger.java : 149] <==        Row: 85, Pantheon, 不屈之枪, Pantheon.png, Fighter
2020-05-26 19:29:15,598 [TRACE] [http-nio-8003-exec-9] c.e.searchChampionservice.mapper.SearchChampMapper.showAll [BaseJdbcLogger.java : 149] <==        Row: 86, Poppy, 圣锤之毅, Poppy.png, Tank
2020-05-26 19:29:15,598 [TRACE] [http-nio-8003-exec-9] c.e.searchChampionservice.mapper.SearchChampMapper.showAll [BaseJdbcLogger.java : 149] <==        Row: 87, Pyke, 血港鬼影, Pyke.png, Support
2020-05-26 19:29:15,599 [TRACE] [http-nio-8003-exec-9] c.e.searchChampionservice.mapper.SearchChampMapper.showAll [BaseJdbcLogger.java : 149] <==        Row: 88, Qiyana, 元素女皇, Qiyana.png, Assassin
2020-05-26 19:29:15,599 [TRACE] [http-nio-8003-exec-9] c.e.searchChampionservice.mapper.SearchChampMapper.showAll [BaseJdbcLogger.java : 149] <==        Row: 89, Quinn, 德玛西亚之翼, Quinn.png, Marksman
2020-05-26 19:29:15,600 [TRACE] [http-nio-8003-exec-9] c.e.searchChampionservice.mapper.SearchChampMapper.showAll [BaseJdbcLogger.java : 149] <==        Row: 90, Rakan, 幻翎, Rakan.png, Support
2020-05-26 19:29:15,600 [TRACE] [http-nio-8003-exec-9] c.e.searchChampionservice.mapper.SearchChampMapper.showAll [BaseJdbcLogger.java : 149] <==        Row: 91, Rammus, 披甲龙龟, Rammus.png, Tank
2020-05-26 19:29:15,600 [TRACE] [http-nio-8003-exec-9] c.e.searchChampionservice.mapper.SearchChampMapper.showAll [BaseJdbcLogger.java : 149] <==        Row: 92, RekSai, 虚空遁地兽, RekSai.png, Fighter
2020-05-26 19:29:15,601 [TRACE] [http-nio-8003-exec-9] c.e.searchChampionservice.mapper.SearchChampMapper.showAll [BaseJdbcLogger.java : 149] <==        Row: 93, Renekton, 荒漠屠夫, Renekton.png, Fighter
2020-05-26 19:29:15,601 [TRACE] [http-nio-8003-exec-9] c.e.searchChampionservice.mapper.SearchChampMapper.showAll [BaseJdbcLogger.java : 149] <==        Row: 94, Rengar, 傲之追猎者, Rengar.png, Assassin
2020-05-26 19:29:15,601 [TRACE] [http-nio-8003-exec-9] c.e.searchChampionservice.mapper.SearchChampMapper.showAll [BaseJdbcLogger.java : 149] <==        Row: 95, Riven, 放逐之刃, Riven.png, Fighter
2020-05-26 19:29:15,602 [TRACE] [http-nio-8003-exec-9] c.e.searchChampionservice.mapper.SearchChampMapper.showAll [BaseJdbcLogger.java : 149] <==        Row: 96, Rumble, 机械公敌, Rumble.png, Fighter
2020-05-26 19:29:15,603 [TRACE] [http-nio-8003-exec-9] c.e.searchChampionservice.mapper.SearchChampMapper.showAll [BaseJdbcLogger.java : 149] <==        Row: 97, Ryze, 符文法师, Ryze.png, Mage
2020-05-26 19:29:15,603 [TRACE] [http-nio-8003-exec-9] c.e.searchChampionservice.mapper.SearchChampMapper.showAll [BaseJdbcLogger.java : 149] <==        Row: 98, Sejuani, 北地之怒, Sejuani.png, Tank
2020-05-26 19:29:15,604 [TRACE] [http-nio-8003-exec-9] c.e.searchChampionservice.mapper.SearchChampMapper.showAll [BaseJdbcLogger.java : 149] <==        Row: 99, Shaco, 恶魔小丑, Shaco.png, Assassin
2020-05-26 19:29:15,604 [TRACE] [http-nio-8003-exec-9] c.e.searchChampionservice.mapper.SearchChampMapper.showAll [BaseJdbcLogger.java : 149] <==        Row: 100, Shen, 暮光之眼, Shen.png, Tank
2020-05-26 19:29:15,605 [TRACE] [http-nio-8003-exec-9] c.e.searchChampionservice.mapper.SearchChampMapper.showAll [BaseJdbcLogger.java : 149] <==        Row: 101, Shyvana, 龙血武姬, Shyvana.png, Fighter
2020-05-26 19:29:15,606 [TRACE] [http-nio-8003-exec-9] c.e.searchChampionservice.mapper.SearchChampMapper.showAll [BaseJdbcLogger.java : 149] <==        Row: 102, Singed, 炼金术士, Singed.png, Tank
2020-05-26 19:29:15,609 [TRACE] [http-nio-8003-exec-9] c.e.searchChampionservice.mapper.SearchChampMapper.showAll [BaseJdbcLogger.java : 149] <==        Row: 103, Sion, 亡灵战神, Sion.png, Tank
2020-05-26 19:29:15,609 [TRACE] [http-nio-8003-exec-9] c.e.searchChampionservice.mapper.SearchChampMapper.showAll [BaseJdbcLogger.java : 149] <==        Row: 104, Sivir, 战争女神, Sivir.png, Marksman
2020-05-26 19:29:15,610 [TRACE] [http-nio-8003-exec-9] c.e.searchChampionservice.mapper.SearchChampMapper.showAll [BaseJdbcLogger.java : 149] <==        Row: 105, Skarner, 水晶先锋, Skarner.png, Fighter
2020-05-26 19:29:15,611 [TRACE] [http-nio-8003-exec-9] c.e.searchChampionservice.mapper.SearchChampMapper.showAll [BaseJdbcLogger.java : 149] <==        Row: 106, Sona, 琴瑟仙女, Sona.png, Support
2020-05-26 19:29:15,612 [TRACE] [http-nio-8003-exec-9] c.e.searchChampionservice.mapper.SearchChampMapper.showAll [BaseJdbcLogger.java : 149] <==        Row: 107, Soraka, 众星之子, Soraka.png, Support
2020-05-26 19:29:15,613 [TRACE] [http-nio-8003-exec-9] c.e.searchChampionservice.mapper.SearchChampMapper.showAll [BaseJdbcLogger.java : 149] <==        Row: 108, Swain, 诺克萨斯统领, Swain.png, Mage
2020-05-26 19:29:15,613 [TRACE] [http-nio-8003-exec-9] c.e.searchChampionservice.mapper.SearchChampMapper.showAll [BaseJdbcLogger.java : 149] <==        Row: 109, Sylas, 解脱者, Sylas.png, Mage
2020-05-26 19:29:15,614 [TRACE] [http-nio-8003-exec-9] c.e.searchChampionservice.mapper.SearchChampMapper.showAll [BaseJdbcLogger.java : 149] <==        Row: 110, Syndra, 暗黑元首, Syndra.png, Mage
2020-05-26 19:29:15,614 [TRACE] [http-nio-8003-exec-9] c.e.searchChampionservice.mapper.SearchChampMapper.showAll [BaseJdbcLogger.java : 149] <==        Row: 111, TahmKench, 河流之王, TahmKench.png, Support
2020-05-26 19:29:15,614 [TRACE] [http-nio-8003-exec-9] c.e.searchChampionservice.mapper.SearchChampMapper.showAll [BaseJdbcLogger.java : 149] <==        Row: 112, Taliyah, 岩雀, Taliyah.png, Mage
2020-05-26 19:29:15,615 [TRACE] [http-nio-8003-exec-9] c.e.searchChampionservice.mapper.SearchChampMapper.showAll [BaseJdbcLogger.java : 149] <==        Row: 113, Talon, 刀锋之影, Talon.png, Assassin
2020-05-26 19:29:15,615 [TRACE] [http-nio-8003-exec-9] c.e.searchChampionservice.mapper.SearchChampMapper.showAll [BaseJdbcLogger.java : 149] <==        Row: 114, Taric, 瓦洛兰之盾, Taric.png, Support
2020-05-26 19:29:15,615 [TRACE] [http-nio-8003-exec-9] c.e.searchChampionservice.mapper.SearchChampMapper.showAll [BaseJdbcLogger.java : 149] <==        Row: 115, Teemo, 迅捷斥候, Teemo.png, Marksman
2020-05-26 19:29:15,616 [TRACE] [http-nio-8003-exec-9] c.e.searchChampionservice.mapper.SearchChampMapper.showAll [BaseJdbcLogger.java : 149] <==        Row: 116, Thresh, 魂锁典狱长, Thresh.png, Support
2020-05-26 19:29:15,616 [TRACE] [http-nio-8003-exec-9] c.e.searchChampionservice.mapper.SearchChampMapper.showAll [BaseJdbcLogger.java : 149] <==        Row: 117, Tristana, 麦林炮手, Tristana.png, Marksman
2020-05-26 19:29:15,616 [TRACE] [http-nio-8003-exec-9] c.e.searchChampionservice.mapper.SearchChampMapper.showAll [BaseJdbcLogger.java : 149] <==        Row: 118, Trundle, 巨魔之王, Trundle.png, Fighter
2020-05-26 19:29:15,617 [TRACE] [http-nio-8003-exec-9] c.e.searchChampionservice.mapper.SearchChampMapper.showAll [BaseJdbcLogger.java : 149] <==        Row: 119, Tryndamere, 蛮族之王, Tryndamere.png, Fighter
2020-05-26 19:29:15,617 [TRACE] [http-nio-8003-exec-9] c.e.searchChampionservice.mapper.SearchChampMapper.showAll [BaseJdbcLogger.java : 149] <==        Row: 120, TwistedFate, 卡牌大师, TwistedFate.png, Mage
2020-05-26 19:29:15,617 [TRACE] [http-nio-8003-exec-9] c.e.searchChampionservice.mapper.SearchChampMapper.showAll [BaseJdbcLogger.java : 149] <==        Row: 121, Twitch, 瘟疫之源, Twitch.png, Marksman
2020-05-26 19:29:15,618 [TRACE] [http-nio-8003-exec-9] c.e.searchChampionservice.mapper.SearchChampMapper.showAll [BaseJdbcLogger.java : 149] <==        Row: 122, Udyr, 兽灵行者, Udyr.png, Fighter
2020-05-26 19:29:15,618 [TRACE] [http-nio-8003-exec-9] c.e.searchChampionservice.mapper.SearchChampMapper.showAll [BaseJdbcLogger.java : 149] <==        Row: 123, Urgot, 无畏战车, Urgot.png, Fighter
2020-05-26 19:29:15,619 [TRACE] [http-nio-8003-exec-9] c.e.searchChampionservice.mapper.SearchChampMapper.showAll [BaseJdbcLogger.java : 149] <==        Row: 124, Varus, 惩戒之箭, Varus.png, Marksman
2020-05-26 19:29:15,619 [TRACE] [http-nio-8003-exec-9] c.e.searchChampionservice.mapper.SearchChampMapper.showAll [BaseJdbcLogger.java : 149] <==        Row: 125, Vayne, 暗夜猎手, Vayne.png, Marksman
2020-05-26 19:29:15,620 [TRACE] [http-nio-8003-exec-9] c.e.searchChampionservice.mapper.SearchChampMapper.showAll [BaseJdbcLogger.java : 149] <==        Row: 126, Veigar, 邪恶小法师, Veigar.png, Mage
2020-05-26 19:29:15,620 [TRACE] [http-nio-8003-exec-9] c.e.searchChampionservice.mapper.SearchChampMapper.showAll [BaseJdbcLogger.java : 149] <==        Row: 127, Velkoz, 虚空之眼, Velkoz.png, Mage
2020-05-26 19:29:15,621 [TRACE] [http-nio-8003-exec-9] c.e.searchChampionservice.mapper.SearchChampMapper.showAll [BaseJdbcLogger.java : 149] <==        Row: 128, Vi, 皮城执法官, Vi.png, Fighter
2020-05-26 19:29:15,621 [TRACE] [http-nio-8003-exec-9] c.e.searchChampionservice.mapper.SearchChampMapper.showAll [BaseJdbcLogger.java : 149] <==        Row: 129, Viktor, 机械先驱, Viktor.png, Mage
2020-05-26 19:29:15,622 [TRACE] [http-nio-8003-exec-9] c.e.searchChampionservice.mapper.SearchChampMapper.showAll [BaseJdbcLogger.java : 149] <==        Row: 130, Vladimir, 猩红收割者, Vladimir.png, Mage
2020-05-26 19:29:15,624 [TRACE] [http-nio-8003-exec-9] c.e.searchChampionservice.mapper.SearchChampMapper.showAll [BaseJdbcLogger.java : 149] <==        Row: 131, Volibear, 雷霆咆哮, Volibear.png, Fighter
2020-05-26 19:29:15,626 [TRACE] [http-nio-8003-exec-9] c.e.searchChampionservice.mapper.SearchChampMapper.showAll [BaseJdbcLogger.java : 149] <==        Row: 132, Warwick, 祖安怒兽, Warwick.png, Fighter
2020-05-26 19:29:15,626 [TRACE] [http-nio-8003-exec-9] c.e.searchChampionservice.mapper.SearchChampMapper.showAll [BaseJdbcLogger.java : 149] <==        Row: 133, Xayah, 逆羽, Xayah.png, Marksman
2020-05-26 19:29:15,627 [TRACE] [http-nio-8003-exec-9] c.e.searchChampionservice.mapper.SearchChampMapper.showAll [BaseJdbcLogger.java : 149] <==        Row: 134, Xerath, 远古巫灵, Xerath.png, Mage
2020-05-26 19:29:15,627 [TRACE] [http-nio-8003-exec-9] c.e.searchChampionservice.mapper.SearchChampMapper.showAll [BaseJdbcLogger.java : 149] <==        Row: 135, XinZhao, 德邦总管, XinZhao.png, Fighter
2020-05-26 19:29:15,628 [TRACE] [http-nio-8003-exec-9] c.e.searchChampionservice.mapper.SearchChampMapper.showAll [BaseJdbcLogger.java : 149] <==        Row: 136, Yasuo, 疾风剑豪, Yasuo.png, Fighter
2020-05-26 19:29:15,628 [TRACE] [http-nio-8003-exec-9] c.e.searchChampionservice.mapper.SearchChampMapper.showAll [BaseJdbcLogger.java : 149] <==        Row: 137, Yorick, 牧魂人, Yorick.png, Fighter
2020-05-26 19:29:15,629 [TRACE] [http-nio-8003-exec-9] c.e.searchChampionservice.mapper.SearchChampMapper.showAll [BaseJdbcLogger.java : 149] <==        Row: 138, Yuumi, 魔法猫咪, Yuumi.png, Support
2020-05-26 19:29:15,629 [TRACE] [http-nio-8003-exec-9] c.e.searchChampionservice.mapper.SearchChampMapper.showAll [BaseJdbcLogger.java : 149] <==        Row: 139, Zac, 生化魔人, Zac.png, Tank
2020-05-26 19:29:15,630 [TRACE] [http-nio-8003-exec-9] c.e.searchChampionservice.mapper.SearchChampMapper.showAll [BaseJdbcLogger.java : 149] <==        Row: 140, Zed, 影流之主, Zed.png, Assassin
2020-05-26 19:29:15,630 [TRACE] [http-nio-8003-exec-9] c.e.searchChampionservice.mapper.SearchChampMapper.showAll [BaseJdbcLogger.java : 149] <==        Row: 141, Ziggs, 爆破鬼才, Ziggs.png, Mage
2020-05-26 19:29:15,630 [TRACE] [http-nio-8003-exec-9] c.e.searchChampionservice.mapper.SearchChampMapper.showAll [BaseJdbcLogger.java : 149] <==        Row: 142, Zilean, 时光守护者, Zilean.png, Support
2020-05-26 19:29:15,631 [TRACE] [http-nio-8003-exec-9] c.e.searchChampionservice.mapper.SearchChampMapper.showAll [BaseJdbcLogger.java : 149] <==        Row: 143, Zoe, 暮光星灵, Zoe.png, Mage
2020-05-26 19:29:15,631 [TRACE] [http-nio-8003-exec-9] c.e.searchChampionservice.mapper.SearchChampMapper.showAll [BaseJdbcLogger.java : 149] <==        Row: 144, Zyra, 荆棘之兴, Zyra.png, Mage
2020-05-26 19:29:15,631 [DEBUG] [http-nio-8003-exec-9] c.e.searchChampionservice.mapper.SearchChampMapper.showAll [BaseJdbcLogger.java : 143] <==      Total: 145
2020-05-26 19:29:41,726 [DEBUG] [http-nio-8003-exec-6] c.e.searchChampionservice.mapper.SearchChampMapper.showAll [BaseJdbcLogger.java : 143] ==>  Preparing: select cID , name , alias ,fullImage , tags from ChampionInfo 
2020-05-26 19:29:41,727 [DEBUG] [http-nio-8003-exec-6] c.e.searchChampionservice.mapper.SearchChampMapper.showAll [BaseJdbcLogger.java : 143] ==> Parameters: 
2020-05-26 19:29:41,805 [TRACE] [http-nio-8003-exec-6] c.e.searchChampionservice.mapper.SearchChampMapper.showAll [BaseJdbcLogger.java : 149] <==    Columns: cID, name, alias, fullImage, tags
2020-05-26 19:29:41,807 [TRACE] [http-nio-8003-exec-6] c.e.searchChampionservice.mapper.SearchChampMapper.showAll [BaseJdbcLogger.java : 149] <==        Row: 0, Aatrox, 暗裔剑魔, Aatrox.png, Fighter
2020-05-26 19:29:41,808 [TRACE] [http-nio-8003-exec-6] c.e.searchChampionservice.mapper.SearchChampMapper.showAll [BaseJdbcLogger.java : 149] <==        Row: 1, Ahri, 九尾妖狐, Ahri.png, Mage
2020-05-26 19:29:41,809 [TRACE] [http-nio-8003-exec-6] c.e.searchChampionservice.mapper.SearchChampMapper.showAll [BaseJdbcLogger.java : 149] <==        Row: 2, Akali, 离群之刺, Akali.png, Assassin
2020-05-26 19:29:41,809 [TRACE] [http-nio-8003-exec-6] c.e.searchChampionservice.mapper.SearchChampMapper.showAll [BaseJdbcLogger.java : 149] <==        Row: 3, Alistar, 牛头酋长, Alistar.png, Tank
2020-05-26 19:29:41,810 [TRACE] [http-nio-8003-exec-6] c.e.searchChampionservice.mapper.SearchChampMapper.showAll [BaseJdbcLogger.java : 149] <==        Row: 4, Amumu, 殇之木乃伊, Amumu.png, Tank
2020-05-26 19:29:41,811 [TRACE] [http-nio-8003-exec-6] c.e.searchChampionservice.mapper.SearchChampMapper.showAll [BaseJdbcLogger.java : 149] <==        Row: 5, Anivia, 冰晶凤凰, Anivia.png, Mage
2020-05-26 19:29:41,813 [TRACE] [http-nio-8003-exec-6] c.e.searchChampionservice.mapper.SearchChampMapper.showAll [BaseJdbcLogger.java : 149] <==        Row: 6, Annie, 黑暗之女, Annie.png, Mage
2020-05-26 19:29:41,816 [TRACE] [http-nio-8003-exec-6] c.e.searchChampionservice.mapper.SearchChampMapper.showAll [BaseJdbcLogger.java : 149] <==        Row: 7, Ashe, 寒冰射手, Ashe.png, Marksman
2020-05-26 19:29:41,816 [TRACE] [http-nio-8003-exec-6] c.e.searchChampionservice.mapper.SearchChampMapper.showAll [BaseJdbcLogger.java : 149] <==        Row: 8, AurelionSol, 铸星龙王, AurelionSol.png, Mage
2020-05-26 19:29:41,817 [TRACE] [http-nio-8003-exec-6] c.e.searchChampionservice.mapper.SearchChampMapper.showAll [BaseJdbcLogger.java : 149] <==        Row: 9, Azir, 沙漠皇帝, Azir.png, Mage
2020-05-26 19:29:41,817 [TRACE] [http-nio-8003-exec-6] c.e.searchChampionservice.mapper.SearchChampMapper.showAll [BaseJdbcLogger.java : 149] <==        Row: 10, Bard, 星界游神, Bard.png, Support
2020-05-26 19:29:41,818 [TRACE] [http-nio-8003-exec-6] c.e.searchChampionservice.mapper.SearchChampMapper.showAll [BaseJdbcLogger.java : 149] <==        Row: 11, Blitzcrank, 蒸汽机器人, Blitzcrank.png, Tank
2020-05-26 19:29:41,818 [TRACE] [http-nio-8003-exec-6] c.e.searchChampionservice.mapper.SearchChampMapper.showAll [BaseJdbcLogger.java : 149] <==        Row: 12, Brand, 复仇焰魂, Brand.png, Mage
2020-05-26 19:29:41,818 [TRACE] [http-nio-8003-exec-6] c.e.searchChampionservice.mapper.SearchChampMapper.showAll [BaseJdbcLogger.java : 149] <==        Row: 13, Braum, 弗雷尔卓德之心, Braum.png, Support
2020-05-26 19:29:41,819 [TRACE] [http-nio-8003-exec-6] c.e.searchChampionservice.mapper.SearchChampMapper.showAll [BaseJdbcLogger.java : 149] <==        Row: 14, Caitlyn, 皮城女警, Caitlyn.png, Marksman
2020-05-26 19:29:41,819 [TRACE] [http-nio-8003-exec-6] c.e.searchChampionservice.mapper.SearchChampMapper.showAll [BaseJdbcLogger.java : 149] <==        Row: 15, Camille, 青钢影, Camille.png, Fighter
2020-05-26 19:29:41,819 [TRACE] [http-nio-8003-exec-6] c.e.searchChampionservice.mapper.SearchChampMapper.showAll [BaseJdbcLogger.java : 149] <==        Row: 16, Cassiopeia, 魔蛇之拥, Cassiopeia.png, Mage
2020-05-26 19:29:41,820 [TRACE] [http-nio-8003-exec-6] c.e.searchChampionservice.mapper.SearchChampMapper.showAll [BaseJdbcLogger.java : 149] <==        Row: 17, Chogath, 虚空恐惧, Chogath.png, Tank
2020-05-26 19:29:41,820 [TRACE] [http-nio-8003-exec-6] c.e.searchChampionservice.mapper.SearchChampMapper.showAll [BaseJdbcLogger.java : 149] <==        Row: 18, Corki, 英勇投弹手, Corki.png, Marksman
2020-05-26 19:29:41,821 [TRACE] [http-nio-8003-exec-6] c.e.searchChampionservice.mapper.SearchChampMapper.showAll [BaseJdbcLogger.java : 149] <==        Row: 19, Darius, 诺克萨斯之手, Darius.png, Fighter
2020-05-26 19:29:41,821 [TRACE] [http-nio-8003-exec-6] c.e.searchChampionservice.mapper.SearchChampMapper.showAll [BaseJdbcLogger.java : 149] <==        Row: 20, Diana, 皎月女神, Diana.png, Fighter
2020-05-26 19:29:41,822 [TRACE] [http-nio-8003-exec-6] c.e.searchChampionservice.mapper.SearchChampMapper.showAll [BaseJdbcLogger.java : 149] <==        Row: 21, Draven, 荣耀行刑官, Draven.png, Marksman
2020-05-26 19:29:41,823 [TRACE] [http-nio-8003-exec-6] c.e.searchChampionservice.mapper.SearchChampMapper.showAll [BaseJdbcLogger.java : 149] <==        Row: 22, DrMundo, 祖安狂人, DrMundo.png, Fighter
2020-05-26 19:29:41,824 [TRACE] [http-nio-8003-exec-6] c.e.searchChampionservice.mapper.SearchChampMapper.showAll [BaseJdbcLogger.java : 149] <==        Row: 23, Ekko, 时间刺客, Ekko.png, Assassin
2020-05-26 19:29:41,825 [TRACE] [http-nio-8003-exec-6] c.e.searchChampionservice.mapper.SearchChampMapper.showAll [BaseJdbcLogger.java : 149] <==        Row: 24, Elise, 蜘蛛女皇, Elise.png, Mage
2020-05-26 19:29:41,825 [TRACE] [http-nio-8003-exec-6] c.e.searchChampionservice.mapper.SearchChampMapper.showAll [BaseJdbcLogger.java : 149] <==        Row: 25, Evelynn, 痛苦之拥, Evelynn.png, Assassin
2020-05-26 19:29:41,826 [TRACE] [http-nio-8003-exec-6] c.e.searchChampionservice.mapper.SearchChampMapper.showAll [BaseJdbcLogger.java : 149] <==        Row: 26, Ezreal, 探险家, Ezreal.png, Marksman
2020-05-26 19:29:41,826 [TRACE] [http-nio-8003-exec-6] c.e.searchChampionservice.mapper.SearchChampMapper.showAll [BaseJdbcLogger.java : 149] <==        Row: 27, Fiddlesticks, 末日使者, Fiddlesticks.png, Mage
2020-05-26 19:29:41,827 [TRACE] [http-nio-8003-exec-6] c.e.searchChampionservice.mapper.SearchChampMapper.showAll [BaseJdbcLogger.java : 149] <==        Row: 28, Fiora, 无双剑姬, Fiora.png, Fighter
2020-05-26 19:29:41,827 [TRACE] [http-nio-8003-exec-6] c.e.searchChampionservice.mapper.SearchChampMapper.showAll [BaseJdbcLogger.java : 149] <==        Row: 29, Fizz, 潮汐海灵, Fizz.png, Assassin
2020-05-26 19:29:41,827 [TRACE] [http-nio-8003-exec-6] c.e.searchChampionservice.mapper.SearchChampMapper.showAll [BaseJdbcLogger.java : 149] <==        Row: 30, Galio, 正义巨像, Galio.png, Tank
2020-05-26 19:29:41,828 [TRACE] [http-nio-8003-exec-6] c.e.searchChampionservice.mapper.SearchChampMapper.showAll [BaseJdbcLogger.java : 149] <==        Row: 31, Gangplank, 海洋之灾, Gangplank.png, Fighter
2020-05-26 19:29:41,828 [TRACE] [http-nio-8003-exec-6] c.e.searchChampionservice.mapper.SearchChampMapper.showAll [BaseJdbcLogger.java : 149] <==        Row: 32, Garen, 德玛西亚之力, Garen.png, Fighter
2020-05-26 19:29:41,829 [TRACE] [http-nio-8003-exec-6] c.e.searchChampionservice.mapper.SearchChampMapper.showAll [BaseJdbcLogger.java : 149] <==        Row: 33, Gnar, 迷失之牙, Gnar.png, Fighter
2020-05-26 19:29:41,829 [TRACE] [http-nio-8003-exec-6] c.e.searchChampionservice.mapper.SearchChampMapper.showAll [BaseJdbcLogger.java : 149] <==        Row: 34, Gragas, 酒桶, Gragas.png, Fighter
2020-05-26 19:29:41,830 [TRACE] [http-nio-8003-exec-6] c.e.searchChampionservice.mapper.SearchChampMapper.showAll [BaseJdbcLogger.java : 149] <==        Row: 35, Graves, 法外狂徒, Graves.png, Marksman
2020-05-26 19:29:41,830 [TRACE] [http-nio-8003-exec-6] c.e.searchChampionservice.mapper.SearchChampMapper.showAll [BaseJdbcLogger.java : 149] <==        Row: 36, Hecarim, 战争之影, Hecarim.png, Fighter
2020-05-26 19:29:41,831 [TRACE] [http-nio-8003-exec-6] c.e.searchChampionservice.mapper.SearchChampMapper.showAll [BaseJdbcLogger.java : 149] <==        Row: 37, Heimerdinger, 大发明家, Heimerdinger.png, Mage
2020-05-26 19:29:41,831 [TRACE] [http-nio-8003-exec-6] c.e.searchChampionservice.mapper.SearchChampMapper.showAll [BaseJdbcLogger.java : 149] <==        Row: 38, Illaoi, 海兽祭司, Illaoi.png, Fighter
2020-05-26 19:29:41,831 [TRACE] [http-nio-8003-exec-6] c.e.searchChampionservice.mapper.SearchChampMapper.showAll [BaseJdbcLogger.java : 149] <==        Row: 39, Irelia, 刀锋舞者, Irelia.png, Fighter
2020-05-26 19:29:41,832 [TRACE] [http-nio-8003-exec-6] c.e.searchChampionservice.mapper.SearchChampMapper.showAll [BaseJdbcLogger.java : 149] <==        Row: 40, Ivern, 翠神, Ivern.png, Support
2020-05-26 19:29:41,832 [TRACE] [http-nio-8003-exec-6] c.e.searchChampionservice.mapper.SearchChampMapper.showAll [BaseJdbcLogger.java : 149] <==        Row: 41, Janna, 风暴之怒, Janna.png, Support
2020-05-26 19:29:41,833 [TRACE] [http-nio-8003-exec-6] c.e.searchChampionservice.mapper.SearchChampMapper.showAll [BaseJdbcLogger.java : 149] <==        Row: 42, JarvanIV, 德玛西亚皇子, JarvanIV.png, Tank
2020-05-26 19:29:41,833 [TRACE] [http-nio-8003-exec-6] c.e.searchChampionservice.mapper.SearchChampMapper.showAll [BaseJdbcLogger.java : 149] <==        Row: 43, Jax, 武器大师, Jax.png, Fighter
2020-05-26 19:29:41,834 [TRACE] [http-nio-8003-exec-6] c.e.searchChampionservice.mapper.SearchChampMapper.showAll [BaseJdbcLogger.java : 149] <==        Row: 44, Jayce, 未来守护者, Jayce.png, Fighter
2020-05-26 19:29:41,834 [TRACE] [http-nio-8003-exec-6] c.e.searchChampionservice.mapper.SearchChampMapper.showAll [BaseJdbcLogger.java : 149] <==        Row: 45, Jhin, 戏命师, Jhin.png, Marksman
2020-05-26 19:29:41,835 [TRACE] [http-nio-8003-exec-6] c.e.searchChampionservice.mapper.SearchChampMapper.showAll [BaseJdbcLogger.java : 149] <==        Row: 46, Jinx, 暴走萝莉, Jinx.png, Marksman
2020-05-26 19:29:41,839 [TRACE] [http-nio-8003-exec-6] c.e.searchChampionservice.mapper.SearchChampMapper.showAll [BaseJdbcLogger.java : 149] <==        Row: 47, Kaisa, 虚空之女, Kaisa.png, Marksman
2020-05-26 19:29:41,840 [TRACE] [http-nio-8003-exec-6] c.e.searchChampionservice.mapper.SearchChampMapper.showAll [BaseJdbcLogger.java : 149] <==        Row: 48, Kalista, 复仇之矛, Kalista.png, Marksman
2020-05-26 19:29:41,842 [TRACE] [http-nio-8003-exec-6] c.e.searchChampionservice.mapper.SearchChampMapper.showAll [BaseJdbcLogger.java : 149] <==        Row: 49, Karma, 天启者, Karma.png, Mage
2020-05-26 19:29:41,842 [TRACE] [http-nio-8003-exec-6] c.e.searchChampionservice.mapper.SearchChampMapper.showAll [BaseJdbcLogger.java : 149] <==        Row: 50, Karthus, 死亡颂唱者, Karthus.png, Mage
2020-05-26 19:29:41,847 [TRACE] [http-nio-8003-exec-6] c.e.searchChampionservice.mapper.SearchChampMapper.showAll [BaseJdbcLogger.java : 149] <==        Row: 51, Kassadin, 虚空行者, Kassadin.png, Assassin
2020-05-26 19:29:41,848 [TRACE] [http-nio-8003-exec-6] c.e.searchChampionservice.mapper.SearchChampMapper.showAll [BaseJdbcLogger.java : 149] <==        Row: 52, Katarina, 不祥之刃, Katarina.png, Assassin
2020-05-26 19:29:41,848 [TRACE] [http-nio-8003-exec-6] c.e.searchChampionservice.mapper.SearchChampMapper.showAll [BaseJdbcLogger.java : 149] <==        Row: 53, Kayle, 正义天使, Kayle.png, Fighter
2020-05-26 19:29:41,849 [TRACE] [http-nio-8003-exec-6] c.e.searchChampionservice.mapper.SearchChampMapper.showAll [BaseJdbcLogger.java : 149] <==        Row: 54, Kayn, 影流之镰, Kayn.png, Fighter
2020-05-26 19:29:41,850 [TRACE] [http-nio-8003-exec-6] c.e.searchChampionservice.mapper.SearchChampMapper.showAll [BaseJdbcLogger.java : 149] <==        Row: 55, Kennen, 狂暴之心, Kennen.png, Mage
2020-05-26 19:29:41,850 [TRACE] [http-nio-8003-exec-6] c.e.searchChampionservice.mapper.SearchChampMapper.showAll [BaseJdbcLogger.java : 149] <==        Row: 56, Khazix, 虚空掠夺者, Khazix.png, Assassin
2020-05-26 19:29:41,851 [TRACE] [http-nio-8003-exec-6] c.e.searchChampionservice.mapper.SearchChampMapper.showAll [BaseJdbcLogger.java : 149] <==        Row: 57, Kindred, 永猎双子, Kindred.png, Marksman
2020-05-26 19:29:41,852 [TRACE] [http-nio-8003-exec-6] c.e.searchChampionservice.mapper.SearchChampMapper.showAll [BaseJdbcLogger.java : 149] <==        Row: 58, Kled, 暴怒骑士, Kled.png, Fighter
2020-05-26 19:29:41,853 [TRACE] [http-nio-8003-exec-6] c.e.searchChampionservice.mapper.SearchChampMapper.showAll [BaseJdbcLogger.java : 149] <==        Row: 59, KogMaw, 深渊巨口, KogMaw.png, Marksman
2020-05-26 19:29:41,854 [TRACE] [http-nio-8003-exec-6] c.e.searchChampionservice.mapper.SearchChampMapper.showAll [BaseJdbcLogger.java : 149] <==        Row: 60, Leblanc, 诡术妖姬, Leblanc.png, Assassin
2020-05-26 19:29:41,855 [TRACE] [http-nio-8003-exec-6] c.e.searchChampionservice.mapper.SearchChampMapper.showAll [BaseJdbcLogger.java : 149] <==        Row: 61, LeeSin, 盲僧, LeeSin.png, Fighter
2020-05-26 19:29:41,856 [TRACE] [http-nio-8003-exec-6] c.e.searchChampionservice.mapper.SearchChampMapper.showAll [BaseJdbcLogger.java : 149] <==        Row: 62, Leona, 曙光女神, Leona.png, Tank
2020-05-26 19:29:41,857 [TRACE] [http-nio-8003-exec-6] c.e.searchChampionservice.mapper.SearchChampMapper.showAll [BaseJdbcLogger.java : 149] <==        Row: 63, Lissandra, 冰霜女巫, Lissandra.png, Mage
2020-05-26 19:29:41,858 [TRACE] [http-nio-8003-exec-6] c.e.searchChampionservice.mapper.SearchChampMapper.showAll [BaseJdbcLogger.java : 149] <==        Row: 64, Lucian, 圣枪游侠, Lucian.png, Marksman
2020-05-26 19:29:41,860 [TRACE] [http-nio-8003-exec-6] c.e.searchChampionservice.mapper.SearchChampMapper.showAll [BaseJdbcLogger.java : 149] <==        Row: 65, Lulu, 仙灵女巫, Lulu.png, Support
2020-05-26 19:29:41,860 [TRACE] [http-nio-8003-exec-6] c.e.searchChampionservice.mapper.SearchChampMapper.showAll [BaseJdbcLogger.java : 149] <==        Row: 66, Lux, 光辉女郎, Lux.png, Mage
2020-05-26 19:29:41,862 [TRACE] [http-nio-8003-exec-6] c.e.searchChampionservice.mapper.SearchChampMapper.showAll [BaseJdbcLogger.java : 149] <==        Row: 67, Malphite, 熔岩巨兽, Malphite.png, Tank
2020-05-26 19:29:41,865 [TRACE] [http-nio-8003-exec-6] c.e.searchChampionservice.mapper.SearchChampMapper.showAll [BaseJdbcLogger.java : 149] <==        Row: 68, Malzahar, 虚空先知, Malzahar.png, Mage
2020-05-26 19:29:41,866 [TRACE] [http-nio-8003-exec-6] c.e.searchChampionservice.mapper.SearchChampMapper.showAll [BaseJdbcLogger.java : 149] <==        Row: 69, Maokai, 扭曲树精, Maokai.png, Tank
2020-05-26 19:29:41,866 [TRACE] [http-nio-8003-exec-6] c.e.searchChampionservice.mapper.SearchChampMapper.showAll [BaseJdbcLogger.java : 149] <==        Row: 70, MasterYi, 无极剑圣, MasterYi.png, Assassin
2020-05-26 19:29:41,867 [TRACE] [http-nio-8003-exec-6] c.e.searchChampionservice.mapper.SearchChampMapper.showAll [BaseJdbcLogger.java : 149] <==        Row: 71, MissFortune, 赏金猎人, MissFortune.png, Marksman
2020-05-26 19:29:41,868 [TRACE] [http-nio-8003-exec-6] c.e.searchChampionservice.mapper.SearchChampMapper.showAll [BaseJdbcLogger.java : 149] <==        Row: 72, MonkeyKing, 齐天大圣, MonkeyKing.png, Fighter
2020-05-26 19:29:41,868 [TRACE] [http-nio-8003-exec-6] c.e.searchChampionservice.mapper.SearchChampMapper.showAll [BaseJdbcLogger.java : 149] <==        Row: 73, Mordekaiser, 铁铠冥魂, Mordekaiser.png, Fighter
2020-05-26 19:29:41,868 [TRACE] [http-nio-8003-exec-6] c.e.searchChampionservice.mapper.SearchChampMapper.showAll [BaseJdbcLogger.java : 149] <==        Row: 74, Morgana, 堕落天使, Morgana.png, Mage
2020-05-26 19:29:41,869 [TRACE] [http-nio-8003-exec-6] c.e.searchChampionservice.mapper.SearchChampMapper.showAll [BaseJdbcLogger.java : 149] <==        Row: 75, Nami, 唤潮鲛姬, Nami.png, Support
2020-05-26 19:29:41,870 [TRACE] [http-nio-8003-exec-6] c.e.searchChampionservice.mapper.SearchChampMapper.showAll [BaseJdbcLogger.java : 149] <==        Row: 76, Nasus, 沙漠死神, Nasus.png, Fighter
2020-05-26 19:29:41,872 [TRACE] [http-nio-8003-exec-6] c.e.searchChampionservice.mapper.SearchChampMapper.showAll [BaseJdbcLogger.java : 149] <==        Row: 77, Nautilus, 深海泰坦, Nautilus.png, Tank
2020-05-26 19:29:41,872 [TRACE] [http-nio-8003-exec-6] c.e.searchChampionservice.mapper.SearchChampMapper.showAll [BaseJdbcLogger.java : 149] <==        Row: 78, Neeko, 万花通灵, Neeko.png, Mage
2020-05-26 19:29:41,873 [TRACE] [http-nio-8003-exec-6] c.e.searchChampionservice.mapper.SearchChampMapper.showAll [BaseJdbcLogger.java : 149] <==        Row: 79, Nidalee, 狂野女猎手, Nidalee.png, Assassin
2020-05-26 19:29:41,874 [TRACE] [http-nio-8003-exec-6] c.e.searchChampionservice.mapper.SearchChampMapper.showAll [BaseJdbcLogger.java : 149] <==        Row: 80, Nocturne, 永恒梦魇, Nocturne.png, Assassin
2020-05-26 19:29:41,874 [TRACE] [http-nio-8003-exec-6] c.e.searchChampionservice.mapper.SearchChampMapper.showAll [BaseJdbcLogger.java : 149] <==        Row: 81, Nunu, 雪原双子, Nunu.png, Tank
2020-05-26 19:29:41,875 [TRACE] [http-nio-8003-exec-6] c.e.searchChampionservice.mapper.SearchChampMapper.showAll [BaseJdbcLogger.java : 149] <==        Row: 82, Olaf, 狂战士, Olaf.png, Fighter
2020-05-26 19:29:41,875 [TRACE] [http-nio-8003-exec-6] c.e.searchChampionservice.mapper.SearchChampMapper.showAll [BaseJdbcLogger.java : 149] <==        Row: 83, Orianna, 发条魔灵, Orianna.png, Mage
2020-05-26 19:29:41,876 [TRACE] [http-nio-8003-exec-6] c.e.searchChampionservice.mapper.SearchChampMapper.showAll [BaseJdbcLogger.java : 149] <==        Row: 84, Ornn, 山隐之焰, Ornn.png, Tank
2020-05-26 19:29:41,878 [TRACE] [http-nio-8003-exec-6] c.e.searchChampionservice.mapper.SearchChampMapper.showAll [BaseJdbcLogger.java : 149] <==        Row: 85, Pantheon, 不屈之枪, Pantheon.png, Fighter
2020-05-26 19:29:41,888 [TRACE] [http-nio-8003-exec-6] c.e.searchChampionservice.mapper.SearchChampMapper.showAll [BaseJdbcLogger.java : 149] <==        Row: 86, Poppy, 圣锤之毅, Poppy.png, Tank
2020-05-26 19:29:41,888 [TRACE] [http-nio-8003-exec-6] c.e.searchChampionservice.mapper.SearchChampMapper.showAll [BaseJdbcLogger.java : 149] <==        Row: 87, Pyke, 血港鬼影, Pyke.png, Support
2020-05-26 19:29:41,890 [TRACE] [http-nio-8003-exec-6] c.e.searchChampionservice.mapper.SearchChampMapper.showAll [BaseJdbcLogger.java : 149] <==        Row: 88, Qiyana, 元素女皇, Qiyana.png, Assassin
2020-05-26 19:29:41,891 [TRACE] [http-nio-8003-exec-6] c.e.searchChampionservice.mapper.SearchChampMapper.showAll [BaseJdbcLogger.java : 149] <==        Row: 89, Quinn, 德玛西亚之翼, Quinn.png, Marksman
2020-05-26 19:29:41,893 [TRACE] [http-nio-8003-exec-6] c.e.searchChampionservice.mapper.SearchChampMapper.showAll [BaseJdbcLogger.java : 149] <==        Row: 90, Rakan, 幻翎, Rakan.png, Support
2020-05-26 19:29:41,896 [TRACE] [http-nio-8003-exec-6] c.e.searchChampionservice.mapper.SearchChampMapper.showAll [BaseJdbcLogger.java : 149] <==        Row: 91, Rammus, 披甲龙龟, Rammus.png, Tank
2020-05-26 19:29:41,898 [TRACE] [http-nio-8003-exec-6] c.e.searchChampionservice.mapper.SearchChampMapper.showAll [BaseJdbcLogger.java : 149] <==        Row: 92, RekSai, 虚空遁地兽, RekSai.png, Fighter
2020-05-26 19:29:41,898 [TRACE] [http-nio-8003-exec-6] c.e.searchChampionservice.mapper.SearchChampMapper.showAll [BaseJdbcLogger.java : 149] <==        Row: 93, Renekton, 荒漠屠夫, Renekton.png, Fighter
2020-05-26 19:29:41,899 [TRACE] [http-nio-8003-exec-6] c.e.searchChampionservice.mapper.SearchChampMapper.showAll [BaseJdbcLogger.java : 149] <==        Row: 94, Rengar, 傲之追猎者, Rengar.png, Assassin
2020-05-26 19:29:41,899 [TRACE] [http-nio-8003-exec-6] c.e.searchChampionservice.mapper.SearchChampMapper.showAll [BaseJdbcLogger.java : 149] <==        Row: 95, Riven, 放逐之刃, Riven.png, Fighter
2020-05-26 19:29:41,900 [TRACE] [http-nio-8003-exec-6] c.e.searchChampionservice.mapper.SearchChampMapper.showAll [BaseJdbcLogger.java : 149] <==        Row: 96, Rumble, 机械公敌, Rumble.png, Fighter
2020-05-26 19:29:41,901 [TRACE] [http-nio-8003-exec-6] c.e.searchChampionservice.mapper.SearchChampMapper.showAll [BaseJdbcLogger.java : 149] <==        Row: 97, Ryze, 符文法师, Ryze.png, Mage
2020-05-26 19:29:41,901 [TRACE] [http-nio-8003-exec-6] c.e.searchChampionservice.mapper.SearchChampMapper.showAll [BaseJdbcLogger.java : 149] <==        Row: 98, Sejuani, 北地之怒, Sejuani.png, Tank
2020-05-26 19:29:41,902 [TRACE] [http-nio-8003-exec-6] c.e.searchChampionservice.mapper.SearchChampMapper.showAll [BaseJdbcLogger.java : 149] <==        Row: 99, Shaco, 恶魔小丑, Shaco.png, Assassin
2020-05-26 19:29:41,902 [TRACE] [http-nio-8003-exec-6] c.e.searchChampionservice.mapper.SearchChampMapper.showAll [BaseJdbcLogger.java : 149] <==        Row: 100, Shen, 暮光之眼, Shen.png, Tank
2020-05-26 19:29:41,903 [TRACE] [http-nio-8003-exec-6] c.e.searchChampionservice.mapper.SearchChampMapper.showAll [BaseJdbcLogger.java : 149] <==        Row: 101, Shyvana, 龙血武姬, Shyvana.png, Fighter
2020-05-26 19:29:41,904 [TRACE] [http-nio-8003-exec-6] c.e.searchChampionservice.mapper.SearchChampMapper.showAll [BaseJdbcLogger.java : 149] <==        Row: 102, Singed, 炼金术士, Singed.png, Tank
2020-05-26 19:29:41,904 [TRACE] [http-nio-8003-exec-6] c.e.searchChampionservice.mapper.SearchChampMapper.showAll [BaseJdbcLogger.java : 149] <==        Row: 103, Sion, 亡灵战神, Sion.png, Tank
2020-05-26 19:29:41,905 [TRACE] [http-nio-8003-exec-6] c.e.searchChampionservice.mapper.SearchChampMapper.showAll [BaseJdbcLogger.java : 149] <==        Row: 104, Sivir, 战争女神, Sivir.png, Marksman
2020-05-26 19:29:41,905 [TRACE] [http-nio-8003-exec-6] c.e.searchChampionservice.mapper.SearchChampMapper.showAll [BaseJdbcLogger.java : 149] <==        Row: 105, Skarner, 水晶先锋, Skarner.png, Fighter
2020-05-26 19:29:41,906 [TRACE] [http-nio-8003-exec-6] c.e.searchChampionservice.mapper.SearchChampMapper.showAll [BaseJdbcLogger.java : 149] <==        Row: 106, Sona, 琴瑟仙女, Sona.png, Support
2020-05-26 19:29:41,909 [TRACE] [http-nio-8003-exec-6] c.e.searchChampionservice.mapper.SearchChampMapper.showAll [BaseJdbcLogger.java : 149] <==        Row: 107, Soraka, 众星之子, Soraka.png, Support
2020-05-26 19:29:41,910 [TRACE] [http-nio-8003-exec-6] c.e.searchChampionservice.mapper.SearchChampMapper.showAll [BaseJdbcLogger.java : 149] <==        Row: 108, Swain, 诺克萨斯统领, Swain.png, Mage
2020-05-26 19:29:41,911 [TRACE] [http-nio-8003-exec-6] c.e.searchChampionservice.mapper.SearchChampMapper.showAll [BaseJdbcLogger.java : 149] <==        Row: 109, Sylas, 解脱者, Sylas.png, Mage
2020-05-26 19:29:41,912 [TRACE] [http-nio-8003-exec-6] c.e.searchChampionservice.mapper.SearchChampMapper.showAll [BaseJdbcLogger.java : 149] <==        Row: 110, Syndra, 暗黑元首, Syndra.png, Mage
2020-05-26 19:29:41,913 [TRACE] [http-nio-8003-exec-6] c.e.searchChampionservice.mapper.SearchChampMapper.showAll [BaseJdbcLogger.java : 149] <==        Row: 111, TahmKench, 河流之王, TahmKench.png, Support
2020-05-26 19:29:41,917 [TRACE] [http-nio-8003-exec-6] c.e.searchChampionservice.mapper.SearchChampMapper.showAll [BaseJdbcLogger.java : 149] <==        Row: 112, Taliyah, 岩雀, Taliyah.png, Mage
2020-05-26 19:29:41,918 [TRACE] [http-nio-8003-exec-6] c.e.searchChampionservice.mapper.SearchChampMapper.showAll [BaseJdbcLogger.java : 149] <==        Row: 113, Talon, 刀锋之影, Talon.png, Assassin
2020-05-26 19:29:41,918 [TRACE] [http-nio-8003-exec-6] c.e.searchChampionservice.mapper.SearchChampMapper.showAll [BaseJdbcLogger.java : 149] <==        Row: 114, Taric, 瓦洛兰之盾, Taric.png, Support
2020-05-26 19:29:41,919 [TRACE] [http-nio-8003-exec-6] c.e.searchChampionservice.mapper.SearchChampMapper.showAll [BaseJdbcLogger.java : 149] <==        Row: 115, Teemo, 迅捷斥候, Teemo.png, Marksman
2020-05-26 19:29:41,919 [TRACE] [http-nio-8003-exec-6] c.e.searchChampionservice.mapper.SearchChampMapper.showAll [BaseJdbcLogger.java : 149] <==        Row: 116, Thresh, 魂锁典狱长, Thresh.png, Support
2020-05-26 19:29:41,920 [TRACE] [http-nio-8003-exec-6] c.e.searchChampionservice.mapper.SearchChampMapper.showAll [BaseJdbcLogger.java : 149] <==        Row: 117, Tristana, 麦林炮手, Tristana.png, Marksman
2020-05-26 19:29:41,920 [TRACE] [http-nio-8003-exec-6] c.e.searchChampionservice.mapper.SearchChampMapper.showAll [BaseJdbcLogger.java : 149] <==        Row: 118, Trundle, 巨魔之王, Trundle.png, Fighter
2020-05-26 19:29:41,921 [TRACE] [http-nio-8003-exec-6] c.e.searchChampionservice.mapper.SearchChampMapper.showAll [BaseJdbcLogger.java : 149] <==        Row: 119, Tryndamere, 蛮族之王, Tryndamere.png, Fighter
2020-05-26 19:29:41,921 [TRACE] [http-nio-8003-exec-6] c.e.searchChampionservice.mapper.SearchChampMapper.showAll [BaseJdbcLogger.java : 149] <==        Row: 120, TwistedFate, 卡牌大师, TwistedFate.png, Mage
2020-05-26 19:29:41,922 [TRACE] [http-nio-8003-exec-6] c.e.searchChampionservice.mapper.SearchChampMapper.showAll [BaseJdbcLogger.java : 149] <==        Row: 121, Twitch, 瘟疫之源, Twitch.png, Marksman
2020-05-26 19:29:41,922 [TRACE] [http-nio-8003-exec-6] c.e.searchChampionservice.mapper.SearchChampMapper.showAll [BaseJdbcLogger.java : 149] <==        Row: 122, Udyr, 兽灵行者, Udyr.png, Fighter
2020-05-26 19:29:41,922 [TRACE] [http-nio-8003-exec-6] c.e.searchChampionservice.mapper.SearchChampMapper.showAll [BaseJdbcLogger.java : 149] <==        Row: 123, Urgot, 无畏战车, Urgot.png, Fighter
2020-05-26 19:29:41,923 [TRACE] [http-nio-8003-exec-6] c.e.searchChampionservice.mapper.SearchChampMapper.showAll [BaseJdbcLogger.java : 149] <==        Row: 124, Varus, 惩戒之箭, Varus.png, Marksman
2020-05-26 19:29:41,923 [TRACE] [http-nio-8003-exec-6] c.e.searchChampionservice.mapper.SearchChampMapper.showAll [BaseJdbcLogger.java : 149] <==        Row: 125, Vayne, 暗夜猎手, Vayne.png, Marksman
2020-05-26 19:29:41,924 [TRACE] [http-nio-8003-exec-6] c.e.searchChampionservice.mapper.SearchChampMapper.showAll [BaseJdbcLogger.java : 149] <==        Row: 126, Veigar, 邪恶小法师, Veigar.png, Mage
2020-05-26 19:29:41,924 [TRACE] [http-nio-8003-exec-6] c.e.searchChampionservice.mapper.SearchChampMapper.showAll [BaseJdbcLogger.java : 149] <==        Row: 127, Velkoz, 虚空之眼, Velkoz.png, Mage
2020-05-26 19:29:41,925 [TRACE] [http-nio-8003-exec-6] c.e.searchChampionservice.mapper.SearchChampMapper.showAll [BaseJdbcLogger.java : 149] <==        Row: 128, Vi, 皮城执法官, Vi.png, Fighter
2020-05-26 19:29:41,926 [TRACE] [http-nio-8003-exec-6] c.e.searchChampionservice.mapper.SearchChampMapper.showAll [BaseJdbcLogger.java : 149] <==        Row: 129, Viktor, 机械先驱, Viktor.png, Mage
2020-05-26 19:29:41,926 [TRACE] [http-nio-8003-exec-6] c.e.searchChampionservice.mapper.SearchChampMapper.showAll [BaseJdbcLogger.java : 149] <==        Row: 130, Vladimir, 猩红收割者, Vladimir.png, Mage
2020-05-26 19:29:41,927 [TRACE] [http-nio-8003-exec-6] c.e.searchChampionservice.mapper.SearchChampMapper.showAll [BaseJdbcLogger.java : 149] <==        Row: 131, Volibear, 雷霆咆哮, Volibear.png, Fighter
2020-05-26 19:29:41,927 [TRACE] [http-nio-8003-exec-6] c.e.searchChampionservice.mapper.SearchChampMapper.showAll [BaseJdbcLogger.java : 149] <==        Row: 132, Warwick, 祖安怒兽, Warwick.png, Fighter
2020-05-26 19:29:41,932 [TRACE] [http-nio-8003-exec-6] c.e.searchChampionservice.mapper.SearchChampMapper.showAll [BaseJdbcLogger.java : 149] <==        Row: 133, Xayah, 逆羽, Xayah.png, Marksman
2020-05-26 19:29:41,933 [TRACE] [http-nio-8003-exec-6] c.e.searchChampionservice.mapper.SearchChampMapper.showAll [BaseJdbcLogger.java : 149] <==        Row: 134, Xerath, 远古巫灵, Xerath.png, Mage
2020-05-26 19:29:41,934 [TRACE] [http-nio-8003-exec-6] c.e.searchChampionservice.mapper.SearchChampMapper.showAll [BaseJdbcLogger.java : 149] <==        Row: 135, XinZhao, 德邦总管, XinZhao.png, Fighter
2020-05-26 19:29:41,935 [TRACE] [http-nio-8003-exec-6] c.e.searchChampionservice.mapper.SearchChampMapper.showAll [BaseJdbcLogger.java : 149] <==        Row: 136, Yasuo, 疾风剑豪, Yasuo.png, Fighter
2020-05-26 19:29:41,935 [TRACE] [http-nio-8003-exec-6] c.e.searchChampionservice.mapper.SearchChampMapper.showAll [BaseJdbcLogger.java : 149] <==        Row: 137, Yorick, 牧魂人, Yorick.png, Fighter
2020-05-26 19:29:41,935 [TRACE] [http-nio-8003-exec-6] c.e.searchChampionservice.mapper.SearchChampMapper.showAll [BaseJdbcLogger.java : 149] <==        Row: 138, Yuumi, 魔法猫咪, Yuumi.png, Support
2020-05-26 19:29:41,936 [TRACE] [http-nio-8003-exec-6] c.e.searchChampionservice.mapper.SearchChampMapper.showAll [BaseJdbcLogger.java : 149] <==        Row: 139, Zac, 生化魔人, Zac.png, Tank
2020-05-26 19:29:41,937 [TRACE] [http-nio-8003-exec-6] c.e.searchChampionservice.mapper.SearchChampMapper.showAll [BaseJdbcLogger.java : 149] <==        Row: 140, Zed, 影流之主, Zed.png, Assassin
2020-05-26 19:29:41,937 [TRACE] [http-nio-8003-exec-6] c.e.searchChampionservice.mapper.SearchChampMapper.showAll [BaseJdbcLogger.java : 149] <==        Row: 141, Ziggs, 爆破鬼才, Ziggs.png, Mage
2020-05-26 19:29:41,938 [TRACE] [http-nio-8003-exec-6] c.e.searchChampionservice.mapper.SearchChampMapper.showAll [BaseJdbcLogger.java : 149] <==        Row: 142, Zilean, 时光守护者, Zilean.png, Support
2020-05-26 19:29:41,939 [TRACE] [http-nio-8003-exec-6] c.e.searchChampionservice.mapper.SearchChampMapper.showAll [BaseJdbcLogger.java : 149] <==        Row: 143, Zoe, 暮光星灵, Zoe.png, Mage
2020-05-26 19:29:41,939 [TRACE] [http-nio-8003-exec-6] c.e.searchChampionservice.mapper.SearchChampMapper.showAll [BaseJdbcLogger.java : 149] <==        Row: 144, Zyra, 荆棘之兴, Zyra.png, Mage
2020-05-26 19:29:41,940 [DEBUG] [http-nio-8003-exec-6] c.e.searchChampionservice.mapper.SearchChampMapper.showAll [BaseJdbcLogger.java : 143] <==      Total: 145
2020-05-26 19:31:24,807 [INFO] [AsyncResolver-bootstrap-executor-0] c.n.discovery.shared.resolver.aws.ConfigClusterResolver [ConfigClusterResolver.java : 43] Resolving eureka endpoints via configuration
2020-05-26 19:36:24,808 [INFO] [AsyncResolver-bootstrap-executor-0] c.n.discovery.shared.resolver.aws.ConfigClusterResolver [ConfigClusterResolver.java : 43] Resolving eureka endpoints via configuration
