2020-01-07 18:14:37,808 [INFO] [main] o.s.c.s.PostProcessorRegistrationDelegate$BeanPostProcessorChecker [PostProcessorRegistrationDelegate.java : 330] Bean 'org.springframework.cloud.autoconfigure.ConfigurationPropertiesRebinderAutoConfiguration' of type [org.springframework.cloud.autoconfigure.ConfigurationPropertiesRebinderAutoConfiguration] is not eligible for getting processed by all BeanPostProcessors (for example: not eligible for auto-proxying)
2020-01-07 18:14:40,510 [INFO] [main] com.eruka.guideservice.GuideServiceApplication [SpringApplication.java : 651] No active profile set, falling back to default profiles: default
2020-01-07 18:14:42,432 [WARN] [main] org.springframework.boot.actuate.endpoint.EndpointId [EndpointId.java : 155] Endpoint ID 'hystrix.stream' contains invalid characters, please migrate to a valid format.
2020-01-07 18:14:43,842 [WARN] [main] org.springframework.boot.actuate.endpoint.EndpointId [EndpointId.java : 155] Endpoint ID 'service-registry' contains invalid characters, please migrate to a valid format.
2020-01-07 18:14:45,088 [INFO] [main] org.springframework.cloud.context.scope.GenericScope [GenericScope.java : 295] BeanFactory id=69d5e0e4-e019-3945-ac34-0515f9116979
2020-01-07 18:14:46,195 [INFO] [main] o.s.c.s.PostProcessorRegistrationDelegate$BeanPostProcessorChecker [PostProcessorRegistrationDelegate.java : 330] Bean 'org.springframework.transaction.annotation.ProxyTransactionManagementConfiguration' of type [org.springframework.transaction.annotation.ProxyTransactionManagementConfiguration] is not eligible for getting processed by all BeanPostProcessors (for example: not eligible for auto-proxying)
2020-01-07 18:14:47,462 [INFO] [main] o.s.c.s.PostProcessorRegistrationDelegate$BeanPostProcessorChecker [PostProcessorRegistrationDelegate.java : 330] Bean 'org.springframework.cloud.autoconfigure.ConfigurationPropertiesRebinderAutoConfiguration' of type [org.springframework.cloud.autoconfigure.ConfigurationPropertiesRebinderAutoConfiguration] is not eligible for getting processed by all BeanPostProcessors (for example: not eligible for auto-proxying)
2020-01-07 18:14:49,351 [INFO] [main] org.springframework.boot.web.embedded.tomcat.TomcatWebServer [TomcatWebServer.java : 92] Tomcat initialized with port(s): 8101 (http)
2020-01-07 18:14:49,379 [INFO] [main] org.apache.catalina.core.StandardService [DirectJDKLog.java : 173] Starting service [Tomcat]
2020-01-07 18:14:49,380 [INFO] [main] org.apache.catalina.core.StandardEngine [DirectJDKLog.java : 173] Starting Servlet engine: [Apache Tomcat/9.0.29]
2020-01-07 18:14:49,798 [INFO] [main] o.a.catalina.core.ContainerBase.[Tomcat].[localhost].[/] [DirectJDKLog.java : 173] Initializing Spring embedded WebApplicationContext
2020-01-07 18:14:49,799 [INFO] [main] org.springframework.web.context.ContextLoader [ServletWebServerApplicationContext.java : 284] Root WebApplicationContext: initialization completed in 9197 ms
2020-01-07 18:14:50,156 [WARN] [main] com.netflix.config.sources.URLConfigurationSource [URLConfigurationSource.java : 121] No URLs will be polled as dynamic configuration sources.
2020-01-07 18:14:50,162 [INFO] [main] com.netflix.config.sources.URLConfigurationSource [URLConfigurationSource.java : 122] To enable URLs as dynamic configuration sources, define System property archaius.configurationSource.additionalUrls or make config.properties available on classpath.
2020-01-07 18:14:50,190 [INFO] [main] com.netflix.config.DynamicPropertyFactory [DynamicPropertyFactory.java : 281] DynamicPropertyFactory is initialized with configuration sources: com.netflix.config.ConcurrentCompositeConfiguration@10b87ff6
2020-01-07 18:14:50,585 [INFO] [main] o.s.boot.actuate.endpoint.web.ServletEndpointRegistrar [ServletEndpointRegistrar.java : 75] Registered '/actuator/hystrix.stream' to hystrix.stream-actuator-endpoint
2020-01-07 18:14:51,371 [INFO] [main] o.s.boot.actuate.endpoint.web.EndpointLinksResolver [EndpointLinksResolver.java : 58] Exposing 1 endpoint(s) beneath base path '/actuator'
2020-01-07 18:14:51,542 [INFO] [main] s.d.spring.web.PropertySourcedRequestMappingHandlerMapping [PropertySourcedRequestMappingHandlerMapping.java : 69] Mapped URL path [/v2/api-docs] onto method [springfox.documentation.swagger2.web.Swagger2Controller#getDocumentation(String, HttpServletRequest)]
2020-01-07 18:14:51,565 [WARN] [main] com.netflix.config.sources.URLConfigurationSource [URLConfigurationSource.java : 121] No URLs will be polled as dynamic configuration sources.
2020-01-07 18:14:51,566 [INFO] [main] com.netflix.config.sources.URLConfigurationSource [URLConfigurationSource.java : 122] To enable URLs as dynamic configuration sources, define System property archaius.configurationSource.additionalUrls or make config.properties available on classpath.
2020-01-07 18:14:53,448 [INFO] [main] org.springframework.cloud.commons.util.InetUtils [InetUtils.java : 170] Cannot determine local hostname
2020-01-07 18:14:55,004 [INFO] [main] org.springframework.cloud.commons.util.InetUtils [InetUtils.java : 170] Cannot determine local hostname
2020-01-07 18:14:56,758 [INFO] [main] org.springframework.cloud.commons.util.InetUtils [InetUtils.java : 170] Cannot determine local hostname
2020-01-07 18:14:56,845 [WARN] [main] o.s.c.l.c.BlockingLoadBalancerClientAutoConfiguration$BlockingLoadBalancerClientRibbonWarnLogger [BlockingLoadBalancerClientAutoConfiguration.java : 106] You already have RibbonLoadBalancerClient on your classpath. It will be used by default. As Spring Cloud Ribbon is in maintenance mode. We recommend switching to BlockingLoadBalancerClient instead. In order to use it, set the value of `spring.cloud.loadbalancer.ribbon.enabled` to `false` or remove spring-cloud-starter-netflix-ribbon from your project.
2020-01-07 18:14:56,942 [WARN] [main] o.s.c.l.c.LoadBalancerCacheAutoConfiguration$LoadBalancerCaffeineWarnLogger [LoadBalancerCacheAutoConfiguration.java : 81] Spring Cloud LoadBalancer is currently working with default default cache. You can switch to using Caffeine cache, by adding it to the classpath.
2020-01-07 18:14:57,030 [INFO] [main] org.springframework.cloud.netflix.eureka.InstanceInfoFactory [InstanceInfoFactory.java : 72] Setting initial instance status as: STARTING
2020-01-07 18:14:57,163 [INFO] [main] com.netflix.discovery.DiscoveryClient [DiscoveryClient.java : 365] Initializing Eureka in region us-east-1
2020-01-07 18:14:57,463 [INFO] [main] com.netflix.discovery.provider.DiscoveryJerseyProvider [DiscoveryJerseyProvider.java : 70] Using JSON encoding codec LegacyJacksonJson
2020-01-07 18:14:57,465 [INFO] [main] com.netflix.discovery.provider.DiscoveryJerseyProvider [DiscoveryJerseyProvider.java : 71] Using JSON decoding codec LegacyJacksonJson
2020-01-07 18:14:57,750 [INFO] [main] com.netflix.discovery.provider.DiscoveryJerseyProvider [DiscoveryJerseyProvider.java : 80] Using XML encoding codec XStreamXml
2020-01-07 18:14:57,752 [INFO] [main] com.netflix.discovery.provider.DiscoveryJerseyProvider [DiscoveryJerseyProvider.java : 81] Using XML decoding codec XStreamXml
2020-01-07 18:14:58,078 [INFO] [main] c.n.discovery.shared.resolver.aws.ConfigClusterResolver [ConfigClusterResolver.java : 43] Resolving eureka endpoints via configuration
2020-01-07 18:14:58,605 [INFO] [main] com.netflix.discovery.DiscoveryClient [DiscoveryClient.java : 976] Disable delta property : false
2020-01-07 18:14:58,605 [INFO] [main] com.netflix.discovery.DiscoveryClient [DiscoveryClient.java : 977] Single vip registry refresh property : null
2020-01-07 18:14:58,606 [INFO] [main] com.netflix.discovery.DiscoveryClient [DiscoveryClient.java : 978] Force full registry fetch : false
2020-01-07 18:14:58,607 [INFO] [main] com.netflix.discovery.DiscoveryClient [DiscoveryClient.java : 979] Application is null : false
2020-01-07 18:14:58,607 [INFO] [main] com.netflix.discovery.DiscoveryClient [DiscoveryClient.java : 980] Registered Applications size is zero : true
2020-01-07 18:14:58,608 [INFO] [main] com.netflix.discovery.DiscoveryClient [DiscoveryClient.java : 982] Application version is -1: true
2020-01-07 18:14:58,608 [INFO] [main] com.netflix.discovery.DiscoveryClient [DiscoveryClient.java : 1065] Getting all instance registry info from the eureka server
2020-01-07 18:14:59,091 [INFO] [main] com.netflix.discovery.DiscoveryClient [DiscoveryClient.java : 1074] The response status is 200
2020-01-07 18:14:59,102 [INFO] [main] com.netflix.discovery.DiscoveryClient [DiscoveryClient.java : 1288] Starting heartbeat executor: renew interval is: 30
2020-01-07 18:14:59,113 [INFO] [main] com.netflix.discovery.InstanceInfoReplicator [InstanceInfoReplicator.java : 60] InstanceInfoReplicator onDemand update allowed rate per min is 4
2020-01-07 18:14:59,120 [INFO] [main] com.netflix.discovery.DiscoveryClient [DiscoveryClient.java : 465] Discovery Client initialized at timestamp 1578392099119 with initial instances count: 2
2020-01-07 18:14:59,127 [INFO] [main] o.s.c.netflix.eureka.serviceregistry.EurekaServiceRegistry [EurekaServiceRegistry.java : 41] Registering application GUIDE-PRODUCER with eureka with status UP
2020-01-07 18:14:59,129 [INFO] [main] com.netflix.discovery.DiscoveryClient [DiscoveryClient.java : 1323] Saw local status change event StatusChangeEvent [timestamp=1578392099129, current=UP, previous=STARTING]
2020-01-07 18:14:59,141 [INFO] [main] s.d.spring.web.plugins.DocumentationPluginsBootstrapper [DocumentationPluginsBootstrapper.java : 160] Context refreshed
2020-01-07 18:14:59,166 [INFO] [DiscoveryClient-InstanceInfoReplicator-0] com.netflix.discovery.DiscoveryClient [DiscoveryClient.java : 844] DiscoveryClient_GUIDE-PRODUCER/localhost:guide-producer:8101: registering service...
2020-01-07 18:14:59,196 [INFO] [main] s.d.spring.web.plugins.DocumentationPluginsBootstrapper [DocumentationPluginsBootstrapper.java : 163] Found 1 custom documentation plugin(s)
2020-01-07 18:14:59,208 [INFO] [DiscoveryClient-InstanceInfoReplicator-0] com.netflix.discovery.DiscoveryClient [DiscoveryClient.java : 853] DiscoveryClient_GUIDE-PRODUCER/localhost:guide-producer:8101 - registration status: 204
2020-01-07 18:14:59,271 [INFO] [main] s.d.spring.web.scanners.ApiListingReferenceScanner [ApiListingReferenceScanner.java : 41] Scanning for api listing references
2020-01-07 18:15:00,398 [INFO] [main] org.springframework.boot.web.embedded.tomcat.TomcatWebServer [TomcatWebServer.java : 204] Tomcat started on port(s): 8101 (http) with context path ''
2020-01-07 18:15:00,400 [INFO] [main] o.s.c.n.eureka.serviceregistry.EurekaAutoServiceRegistration [EurekaAutoServiceRegistration.java : 145] Updating port to 8101
2020-01-07 18:15:02,280 [INFO] [main] org.springframework.cloud.commons.util.InetUtils [InetUtils.java : 170] Cannot determine local hostname
2020-01-07 18:15:02,356 [INFO] [main] com.eruka.guideservice.GuideServiceApplication [StartupInfoLogger.java : 61] Started GuideServiceApplication in 29.488 seconds (JVM running for 30.816)
2020-01-07 18:19:58,613 [INFO] [AsyncResolver-bootstrap-executor-0] c.n.discovery.shared.resolver.aws.ConfigClusterResolver [ConfigClusterResolver.java : 43] Resolving eureka endpoints via configuration
2020-01-07 18:32:58,299 [INFO] [main] o.s.c.s.PostProcessorRegistrationDelegate$BeanPostProcessorChecker [PostProcessorRegistrationDelegate.java : 330] Bean 'org.springframework.cloud.autoconfigure.ConfigurationPropertiesRebinderAutoConfiguration' of type [org.springframework.cloud.autoconfigure.ConfigurationPropertiesRebinderAutoConfiguration] is not eligible for getting processed by all BeanPostProcessors (for example: not eligible for auto-proxying)
2020-01-07 18:33:00,876 [INFO] [main] com.eruka.guideservice.GuideServiceApplication [SpringApplication.java : 651] No active profile set, falling back to default profiles: default
2020-01-07 18:33:05,382 [WARN] [main] org.springframework.boot.actuate.endpoint.EndpointId [EndpointId.java : 155] Endpoint ID 'hystrix.stream' contains invalid characters, please migrate to a valid format.
2020-01-07 18:33:08,014 [WARN] [main] org.springframework.boot.actuate.endpoint.EndpointId [EndpointId.java : 155] Endpoint ID 'service-registry' contains invalid characters, please migrate to a valid format.
2020-01-07 18:33:10,028 [INFO] [main] org.springframework.cloud.context.scope.GenericScope [GenericScope.java : 295] BeanFactory id=69d5e0e4-e019-3945-ac34-0515f9116979
2020-01-07 18:33:11,395 [INFO] [main] o.s.c.s.PostProcessorRegistrationDelegate$BeanPostProcessorChecker [PostProcessorRegistrationDelegate.java : 330] Bean 'org.springframework.transaction.annotation.ProxyTransactionManagementConfiguration' of type [org.springframework.transaction.annotation.ProxyTransactionManagementConfiguration] is not eligible for getting processed by all BeanPostProcessors (for example: not eligible for auto-proxying)
2020-01-07 18:33:11,909 [INFO] [main] o.s.c.s.PostProcessorRegistrationDelegate$BeanPostProcessorChecker [PostProcessorRegistrationDelegate.java : 330] Bean 'org.springframework.cloud.autoconfigure.ConfigurationPropertiesRebinderAutoConfiguration' of type [org.springframework.cloud.autoconfigure.ConfigurationPropertiesRebinderAutoConfiguration] is not eligible for getting processed by all BeanPostProcessors (for example: not eligible for auto-proxying)
2020-01-07 18:33:12,962 [INFO] [main] org.springframework.boot.web.embedded.tomcat.TomcatWebServer [TomcatWebServer.java : 92] Tomcat initialized with port(s): 8101 (http)
2020-01-07 18:33:12,981 [INFO] [main] org.apache.catalina.core.StandardService [DirectJDKLog.java : 173] Starting service [Tomcat]
2020-01-07 18:33:12,982 [INFO] [main] org.apache.catalina.core.StandardEngine [DirectJDKLog.java : 173] Starting Servlet engine: [Apache Tomcat/9.0.29]
2020-01-07 18:33:13,344 [INFO] [main] o.a.catalina.core.ContainerBase.[Tomcat].[localhost].[/] [DirectJDKLog.java : 173] Initializing Spring embedded WebApplicationContext
2020-01-07 18:33:13,345 [INFO] [main] org.springframework.web.context.ContextLoader [ServletWebServerApplicationContext.java : 284] Root WebApplicationContext: initialization completed in 12342 ms
2020-01-07 18:33:13,593 [WARN] [main] com.netflix.config.sources.URLConfigurationSource [URLConfigurationSource.java : 121] No URLs will be polled as dynamic configuration sources.
2020-01-07 18:33:13,595 [INFO] [main] com.netflix.config.sources.URLConfigurationSource [URLConfigurationSource.java : 122] To enable URLs as dynamic configuration sources, define System property archaius.configurationSource.additionalUrls or make config.properties available on classpath.
2020-01-07 18:33:13,625 [INFO] [main] com.netflix.config.DynamicPropertyFactory [DynamicPropertyFactory.java : 281] DynamicPropertyFactory is initialized with configuration sources: com.netflix.config.ConcurrentCompositeConfiguration@531a716c
2020-01-07 18:33:14,008 [INFO] [main] o.s.boot.actuate.endpoint.web.ServletEndpointRegistrar [ServletEndpointRegistrar.java : 75] Registered '/actuator/hystrix.stream' to hystrix.stream-actuator-endpoint
2020-01-07 18:33:15,561 [INFO] [main] o.s.boot.actuate.endpoint.web.EndpointLinksResolver [EndpointLinksResolver.java : 58] Exposing 1 endpoint(s) beneath base path '/actuator'
2020-01-07 18:33:16,038 [INFO] [main] s.d.spring.web.PropertySourcedRequestMappingHandlerMapping [PropertySourcedRequestMappingHandlerMapping.java : 69] Mapped URL path [/v2/api-docs] onto method [springfox.documentation.swagger2.web.Swagger2Controller#getDocumentation(String, HttpServletRequest)]
2020-01-07 18:33:16,103 [WARN] [main] com.netflix.config.sources.URLConfigurationSource [URLConfigurationSource.java : 121] No URLs will be polled as dynamic configuration sources.
2020-01-07 18:33:16,105 [INFO] [main] com.netflix.config.sources.URLConfigurationSource [URLConfigurationSource.java : 122] To enable URLs as dynamic configuration sources, define System property archaius.configurationSource.additionalUrls or make config.properties available on classpath.
2020-01-07 18:33:19,547 [INFO] [main] org.springframework.cloud.commons.util.InetUtils [InetUtils.java : 170] Cannot determine local hostname
2020-01-07 18:33:22,499 [INFO] [main] org.springframework.cloud.commons.util.InetUtils [InetUtils.java : 170] Cannot determine local hostname
2020-01-07 18:33:24,230 [INFO] [main] org.springframework.cloud.commons.util.InetUtils [InetUtils.java : 170] Cannot determine local hostname
2020-01-07 18:33:24,291 [WARN] [main] o.s.c.l.c.BlockingLoadBalancerClientAutoConfiguration$BlockingLoadBalancerClientRibbonWarnLogger [BlockingLoadBalancerClientAutoConfiguration.java : 106] You already have RibbonLoadBalancerClient on your classpath. It will be used by default. As Spring Cloud Ribbon is in maintenance mode. We recommend switching to BlockingLoadBalancerClient instead. In order to use it, set the value of `spring.cloud.loadbalancer.ribbon.enabled` to `false` or remove spring-cloud-starter-netflix-ribbon from your project.
2020-01-07 18:33:24,374 [WARN] [main] o.s.c.l.c.LoadBalancerCacheAutoConfiguration$LoadBalancerCaffeineWarnLogger [LoadBalancerCacheAutoConfiguration.java : 81] Spring Cloud LoadBalancer is currently working with default default cache. You can switch to using Caffeine cache, by adding it to the classpath.
2020-01-07 18:33:24,448 [INFO] [main] org.springframework.cloud.netflix.eureka.InstanceInfoFactory [InstanceInfoFactory.java : 72] Setting initial instance status as: STARTING
2020-01-07 18:33:24,584 [INFO] [main] com.netflix.discovery.DiscoveryClient [DiscoveryClient.java : 365] Initializing Eureka in region us-east-1
2020-01-07 18:33:24,921 [INFO] [main] com.netflix.discovery.provider.DiscoveryJerseyProvider [DiscoveryJerseyProvider.java : 70] Using JSON encoding codec LegacyJacksonJson
2020-01-07 18:33:24,922 [INFO] [main] com.netflix.discovery.provider.DiscoveryJerseyProvider [DiscoveryJerseyProvider.java : 71] Using JSON decoding codec LegacyJacksonJson
2020-01-07 18:33:25,208 [INFO] [main] com.netflix.discovery.provider.DiscoveryJerseyProvider [DiscoveryJerseyProvider.java : 80] Using XML encoding codec XStreamXml
2020-01-07 18:33:25,209 [INFO] [main] com.netflix.discovery.provider.DiscoveryJerseyProvider [DiscoveryJerseyProvider.java : 81] Using XML decoding codec XStreamXml
2020-01-07 18:33:25,504 [INFO] [main] c.n.discovery.shared.resolver.aws.ConfigClusterResolver [ConfigClusterResolver.java : 43] Resolving eureka endpoints via configuration
2020-01-07 18:33:25,956 [INFO] [main] com.netflix.discovery.DiscoveryClient [DiscoveryClient.java : 976] Disable delta property : false
2020-01-07 18:33:25,957 [INFO] [main] com.netflix.discovery.DiscoveryClient [DiscoveryClient.java : 977] Single vip registry refresh property : null
2020-01-07 18:33:25,957 [INFO] [main] com.netflix.discovery.DiscoveryClient [DiscoveryClient.java : 978] Force full registry fetch : false
2020-01-07 18:33:25,958 [INFO] [main] com.netflix.discovery.DiscoveryClient [DiscoveryClient.java : 979] Application is null : false
2020-01-07 18:33:25,959 [INFO] [main] com.netflix.discovery.DiscoveryClient [DiscoveryClient.java : 980] Registered Applications size is zero : true
2020-01-07 18:33:25,959 [INFO] [main] com.netflix.discovery.DiscoveryClient [DiscoveryClient.java : 982] Application version is -1: true
2020-01-07 18:33:25,960 [INFO] [main] com.netflix.discovery.DiscoveryClient [DiscoveryClient.java : 1065] Getting all instance registry info from the eureka server
2020-01-07 18:33:26,287 [INFO] [main] com.netflix.discovery.DiscoveryClient [DiscoveryClient.java : 1074] The response status is 200
2020-01-07 18:33:26,291 [INFO] [main] com.netflix.discovery.DiscoveryClient [DiscoveryClient.java : 1288] Starting heartbeat executor: renew interval is: 30
2020-01-07 18:33:26,295 [INFO] [main] com.netflix.discovery.InstanceInfoReplicator [InstanceInfoReplicator.java : 60] InstanceInfoReplicator onDemand update allowed rate per min is 4
2020-01-07 18:33:26,300 [INFO] [main] com.netflix.discovery.DiscoveryClient [DiscoveryClient.java : 465] Discovery Client initialized at timestamp 1578393206299 with initial instances count: 3
2020-01-07 18:33:26,307 [INFO] [main] o.s.c.netflix.eureka.serviceregistry.EurekaServiceRegistry [EurekaServiceRegistry.java : 41] Registering application GUIDE-PRODUCER with eureka with status UP
2020-01-07 18:33:26,309 [INFO] [main] com.netflix.discovery.DiscoveryClient [DiscoveryClient.java : 1323] Saw local status change event StatusChangeEvent [timestamp=1578393206309, current=UP, previous=STARTING]
2020-01-07 18:33:26,314 [INFO] [DiscoveryClient-InstanceInfoReplicator-0] com.netflix.discovery.DiscoveryClient [DiscoveryClient.java : 844] DiscoveryClient_GUIDE-PRODUCER/localhost:guide-producer:8101: registering service...
2020-01-07 18:33:26,315 [INFO] [main] s.d.spring.web.plugins.DocumentationPluginsBootstrapper [DocumentationPluginsBootstrapper.java : 160] Context refreshed
2020-01-07 18:33:26,398 [INFO] [DiscoveryClient-InstanceInfoReplicator-0] com.netflix.discovery.DiscoveryClient [DiscoveryClient.java : 853] DiscoveryClient_GUIDE-PRODUCER/localhost:guide-producer:8101 - registration status: 204
2020-01-07 18:33:26,414 [INFO] [main] s.d.spring.web.plugins.DocumentationPluginsBootstrapper [DocumentationPluginsBootstrapper.java : 163] Found 1 custom documentation plugin(s)
2020-01-07 18:33:26,484 [INFO] [main] s.d.spring.web.scanners.ApiListingReferenceScanner [ApiListingReferenceScanner.java : 41] Scanning for api listing references
2020-01-07 18:33:26,875 [INFO] [main] org.springframework.boot.web.embedded.tomcat.TomcatWebServer [TomcatWebServer.java : 204] Tomcat started on port(s): 8101 (http) with context path ''
2020-01-07 18:33:26,878 [INFO] [main] o.s.c.n.eureka.serviceregistry.EurekaAutoServiceRegistration [EurekaAutoServiceRegistration.java : 145] Updating port to 8101
2020-01-07 18:33:28,446 [INFO] [main] org.springframework.cloud.commons.util.InetUtils [InetUtils.java : 170] Cannot determine local hostname
2020-01-07 18:33:28,448 [INFO] [main] com.eruka.guideservice.GuideServiceApplication [StartupInfoLogger.java : 61] Started GuideServiceApplication in 36.392 seconds (JVM running for 38.129)
2020-01-07 18:36:00,356 [ERROR] [DiscoveryClient-HeartbeatExecutor-0] c.n.d.shared.transport.decorator.RedirectingEurekaHttpClient [RedirectingEurekaHttpClient.java : 91] Request execution error. endpoint=DefaultEndpoint{ serviceUrl='http://localhost:7000/eureka/}
com.sun.jersey.api.client.ClientHandlerException: java.net.ConnectException: Connection refused: connect
	at com.sun.jersey.client.apache4.ApacheHttpClient4Handler.handle(ApacheHttpClient4Handler.java:187)
	at com.sun.jersey.api.client.filter.GZIPContentEncodingFilter.handle(GZIPContentEncodingFilter.java:123)
	at com.netflix.discovery.EurekaIdentityHeaderFilter.handle(EurekaIdentityHeaderFilter.java:27)
	at com.sun.jersey.api.client.Client.handle(Client.java:652)
	at com.sun.jersey.api.client.WebResource.handle(WebResource.java:682)
	at com.sun.jersey.api.client.WebResource.access$200(WebResource.java:74)
	at com.sun.jersey.api.client.WebResource$Builder.put(WebResource.java:529)
	at com.netflix.discovery.shared.transport.jersey.AbstractJerseyEurekaHttpClient.sendHeartBeat(AbstractJerseyEurekaHttpClient.java:102)
	at com.netflix.discovery.shared.transport.decorator.EurekaHttpClientDecorator$3.execute(EurekaHttpClientDecorator.java:92)
	at com.netflix.discovery.shared.transport.decorator.MetricsCollectingEurekaHttpClient.execute(MetricsCollectingEurekaHttpClient.java:73)
	at com.netflix.discovery.shared.transport.decorator.EurekaHttpClientDecorator.sendHeartBeat(EurekaHttpClientDecorator.java:89)
	at com.netflix.discovery.shared.transport.decorator.EurekaHttpClientDecorator$3.execute(EurekaHttpClientDecorator.java:92)
	at com.netflix.discovery.shared.transport.decorator.RedirectingEurekaHttpClient.execute(RedirectingEurekaHttpClient.java:89)
	at com.netflix.discovery.shared.transport.decorator.EurekaHttpClientDecorator.sendHeartBeat(EurekaHttpClientDecorator.java:89)
	at com.netflix.discovery.shared.transport.decorator.EurekaHttpClientDecorator$3.execute(EurekaHttpClientDecorator.java:92)
	at com.netflix.discovery.shared.transport.decorator.RetryableEurekaHttpClient.execute(RetryableEurekaHttpClient.java:120)
	at com.netflix.discovery.shared.transport.decorator.EurekaHttpClientDecorator.sendHeartBeat(EurekaHttpClientDecorator.java:89)
	at com.netflix.discovery.shared.transport.decorator.EurekaHttpClientDecorator$3.execute(EurekaHttpClientDecorator.java:92)
	at com.netflix.discovery.shared.transport.decorator.SessionedEurekaHttpClient.execute(SessionedEurekaHttpClient.java:77)
	at com.netflix.discovery.shared.transport.decorator.EurekaHttpClientDecorator.sendHeartBeat(EurekaHttpClientDecorator.java:89)
	at com.netflix.discovery.DiscoveryClient.renew(DiscoveryClient.java:864)
	at com.netflix.discovery.DiscoveryClient$HeartbeatThread.run(DiscoveryClient.java:1423)
	at java.base/java.util.concurrent.Executors$RunnableAdapter.call(Executors.java:515)
	at java.base/java.util.concurrent.FutureTask.run(FutureTask.java:264)
	at java.base/java.util.concurrent.ThreadPoolExecutor.runWorker(ThreadPoolExecutor.java:1128)
	at java.base/java.util.concurrent.ThreadPoolExecutor$Worker.run(ThreadPoolExecutor.java:628)
	at java.base/java.lang.Thread.run(Thread.java:835)
Caused by: java.net.ConnectException: Connection refused: connect
	at java.base/java.net.PlainSocketImpl.waitForConnect(Native Method)
	at java.base/java.net.PlainSocketImpl.socketConnect(PlainSocketImpl.java:107)
	at java.base/java.net.AbstractPlainSocketImpl.doConnect(AbstractPlainSocketImpl.java:399)
	at java.base/java.net.AbstractPlainSocketImpl.connectToAddress(AbstractPlainSocketImpl.java:242)
	at java.base/java.net.AbstractPlainSocketImpl.connect(AbstractPlainSocketImpl.java:224)
	at java.base/java.net.SocksSocketImpl.connect(SocksSocketImpl.java:403)
	at java.base/java.net.Socket.connect(Socket.java:591)
	at org.apache.http.conn.scheme.PlainSocketFactory.connectSocket(PlainSocketFactory.java:121)
	at org.apache.http.impl.conn.DefaultClientConnectionOperator.openConnection(DefaultClientConnectionOperator.java:180)
	at org.apache.http.impl.conn.AbstractPoolEntry.open(AbstractPoolEntry.java:144)
	at org.apache.http.impl.conn.AbstractPooledConnAdapter.open(AbstractPooledConnAdapter.java:134)
	at org.apache.http.impl.client.DefaultRequestDirector.tryConnect(DefaultRequestDirector.java:605)
	at org.apache.http.impl.client.DefaultRequestDirector.execute(DefaultRequestDirector.java:440)
	at org.apache.http.impl.client.AbstractHttpClient.doExecute(AbstractHttpClient.java:835)
	at org.apache.http.impl.client.CloseableHttpClient.execute(CloseableHttpClient.java:118)
	at org.apache.http.impl.client.CloseableHttpClient.execute(CloseableHttpClient.java:56)
	at com.sun.jersey.client.apache4.ApacheHttpClient4Handler.handle(ApacheHttpClient4Handler.java:173)
	... 26 common frames omitted
2020-01-07 18:36:00,357 [WARN] [DiscoveryClient-HeartbeatExecutor-0] c.n.d.shared.transport.decorator.RetryableEurekaHttpClient [RetryableEurekaHttpClient.java : 130] Request execution failed with message: java.net.ConnectException: Connection refused: connect
2020-01-07 18:36:00,358 [ERROR] [DiscoveryClient-CacheRefreshExecutor-0] c.n.d.shared.transport.decorator.RedirectingEurekaHttpClient [RedirectingEurekaHttpClient.java : 91] Request execution error. endpoint=DefaultEndpoint{ serviceUrl='http://localhost:7000/eureka/}
com.sun.jersey.api.client.ClientHandlerException: java.net.ConnectException: Connection refused: connect
	at com.sun.jersey.client.apache4.ApacheHttpClient4Handler.handle(ApacheHttpClient4Handler.java:187)
	at com.sun.jersey.api.client.filter.GZIPContentEncodingFilter.handle(GZIPContentEncodingFilter.java:123)
	at com.netflix.discovery.EurekaIdentityHeaderFilter.handle(EurekaIdentityHeaderFilter.java:27)
	at com.sun.jersey.api.client.Client.handle(Client.java:652)
	at com.sun.jersey.api.client.WebResource.handle(WebResource.java:682)
	at com.sun.jersey.api.client.WebResource.access$200(WebResource.java:74)
	at com.sun.jersey.api.client.WebResource$Builder.get(WebResource.java:509)
	at com.netflix.discovery.shared.transport.jersey.AbstractJerseyEurekaHttpClient.getApplicationsInternal(AbstractJerseyEurekaHttpClient.java:194)
	at com.netflix.discovery.shared.transport.jersey.AbstractJerseyEurekaHttpClient.getDelta(AbstractJerseyEurekaHttpClient.java:170)
	at com.netflix.discovery.shared.transport.decorator.EurekaHttpClientDecorator$7.execute(EurekaHttpClientDecorator.java:152)
	at com.netflix.discovery.shared.transport.decorator.MetricsCollectingEurekaHttpClient.execute(MetricsCollectingEurekaHttpClient.java:73)
	at com.netflix.discovery.shared.transport.decorator.EurekaHttpClientDecorator.getDelta(EurekaHttpClientDecorator.java:149)
	at com.netflix.discovery.shared.transport.decorator.EurekaHttpClientDecorator$7.execute(EurekaHttpClientDecorator.java:152)
	at com.netflix.discovery.shared.transport.decorator.RedirectingEurekaHttpClient.execute(RedirectingEurekaHttpClient.java:89)
	at com.netflix.discovery.shared.transport.decorator.EurekaHttpClientDecorator.getDelta(EurekaHttpClientDecorator.java:149)
	at com.netflix.discovery.shared.transport.decorator.EurekaHttpClientDecorator$7.execute(EurekaHttpClientDecorator.java:152)
	at com.netflix.discovery.shared.transport.decorator.RetryableEurekaHttpClient.execute(RetryableEurekaHttpClient.java:120)
	at com.netflix.discovery.shared.transport.decorator.EurekaHttpClientDecorator.getDelta(EurekaHttpClientDecorator.java:149)
	at com.netflix.discovery.shared.transport.decorator.EurekaHttpClientDecorator$7.execute(EurekaHttpClientDecorator.java:152)
	at com.netflix.discovery.shared.transport.decorator.SessionedEurekaHttpClient.execute(SessionedEurekaHttpClient.java:77)
	at com.netflix.discovery.shared.transport.decorator.EurekaHttpClientDecorator.getDelta(EurekaHttpClientDecorator.java:149)
	at com.netflix.discovery.DiscoveryClient.getAndUpdateDelta(DiscoveryClient.java:1103)
	at com.netflix.discovery.DiscoveryClient.fetchRegistry(DiscoveryClient.java:985)
	at com.netflix.discovery.DiscoveryClient.refreshRegistry(DiscoveryClient.java:1497)
	at com.netflix.discovery.DiscoveryClient$CacheRefreshThread.run(DiscoveryClient.java:1464)
	at java.base/java.util.concurrent.Executors$RunnableAdapter.call(Executors.java:515)
	at java.base/java.util.concurrent.FutureTask.run(FutureTask.java:264)
	at java.base/java.util.concurrent.ThreadPoolExecutor.runWorker(ThreadPoolExecutor.java:1128)
	at java.base/java.util.concurrent.ThreadPoolExecutor$Worker.run(ThreadPoolExecutor.java:628)
	at java.base/java.lang.Thread.run(Thread.java:835)
Caused by: java.net.ConnectException: Connection refused: connect
	at java.base/java.net.PlainSocketImpl.waitForConnect(Native Method)
	at java.base/java.net.PlainSocketImpl.socketConnect(PlainSocketImpl.java:107)
	at java.base/java.net.AbstractPlainSocketImpl.doConnect(AbstractPlainSocketImpl.java:399)
	at java.base/java.net.AbstractPlainSocketImpl.connectToAddress(AbstractPlainSocketImpl.java:242)
	at java.base/java.net.AbstractPlainSocketImpl.connect(AbstractPlainSocketImpl.java:224)
	at java.base/java.net.SocksSocketImpl.connect(SocksSocketImpl.java:403)
	at java.base/java.net.Socket.connect(Socket.java:591)
	at org.apache.http.conn.scheme.PlainSocketFactory.connectSocket(PlainSocketFactory.java:121)
	at org.apache.http.impl.conn.DefaultClientConnectionOperator.openConnection(DefaultClientConnectionOperator.java:180)
	at org.apache.http.impl.conn.AbstractPoolEntry.open(AbstractPoolEntry.java:144)
	at org.apache.http.impl.conn.AbstractPooledConnAdapter.open(AbstractPooledConnAdapter.java:134)
	at org.apache.http.impl.client.DefaultRequestDirector.tryConnect(DefaultRequestDirector.java:605)
	at org.apache.http.impl.client.DefaultRequestDirector.execute(DefaultRequestDirector.java:440)
	at org.apache.http.impl.client.AbstractHttpClient.doExecute(AbstractHttpClient.java:835)
	at org.apache.http.impl.client.CloseableHttpClient.execute(CloseableHttpClient.java:118)
	at org.apache.http.impl.client.CloseableHttpClient.execute(CloseableHttpClient.java:56)
	at com.sun.jersey.client.apache4.ApacheHttpClient4Handler.handle(ApacheHttpClient4Handler.java:173)
	... 29 common frames omitted
2020-01-07 18:36:00,359 [WARN] [DiscoveryClient-CacheRefreshExecutor-0] c.n.d.shared.transport.decorator.RetryableEurekaHttpClient [RetryableEurekaHttpClient.java : 130] Request execution failed with message: java.net.ConnectException: Connection refused: connect
2020-01-07 18:36:04,362 [ERROR] [DiscoveryClient-HeartbeatExecutor-0] c.n.d.shared.transport.decorator.RedirectingEurekaHttpClient [RedirectingEurekaHttpClient.java : 83] Request execution error. endpoint=DefaultEndpoint{ serviceUrl='http://localhost:7000/eureka/}
com.sun.jersey.api.client.ClientHandlerException: java.net.ConnectException: Connection refused: connect
	at com.sun.jersey.client.apache4.ApacheHttpClient4Handler.handle(ApacheHttpClient4Handler.java:187)
	at com.sun.jersey.api.client.filter.GZIPContentEncodingFilter.handle(GZIPContentEncodingFilter.java:123)
	at com.netflix.discovery.EurekaIdentityHeaderFilter.handle(EurekaIdentityHeaderFilter.java:27)
	at com.sun.jersey.api.client.Client.handle(Client.java:652)
	at com.sun.jersey.api.client.WebResource.handle(WebResource.java:682)
	at com.sun.jersey.api.client.WebResource.access$200(WebResource.java:74)
	at com.sun.jersey.api.client.WebResource$Builder.put(WebResource.java:529)
	at com.netflix.discovery.shared.transport.jersey.AbstractJerseyEurekaHttpClient.sendHeartBeat(AbstractJerseyEurekaHttpClient.java:102)
	at com.netflix.discovery.shared.transport.decorator.EurekaHttpClientDecorator$3.execute(EurekaHttpClientDecorator.java:92)
	at com.netflix.discovery.shared.transport.decorator.MetricsCollectingEurekaHttpClient.execute(MetricsCollectingEurekaHttpClient.java:73)
	at com.netflix.discovery.shared.transport.decorator.EurekaHttpClientDecorator.sendHeartBeat(EurekaHttpClientDecorator.java:89)
	at com.netflix.discovery.shared.transport.decorator.EurekaHttpClientDecorator$3.execute(EurekaHttpClientDecorator.java:92)
	at com.netflix.discovery.shared.transport.decorator.RedirectingEurekaHttpClient.executeOnNewServer(RedirectingEurekaHttpClient.java:118)
	at com.netflix.discovery.shared.transport.decorator.RedirectingEurekaHttpClient.execute(RedirectingEurekaHttpClient.java:79)
	at com.netflix.discovery.shared.transport.decorator.EurekaHttpClientDecorator.sendHeartBeat(EurekaHttpClientDecorator.java:89)
	at com.netflix.discovery.shared.transport.decorator.EurekaHttpClientDecorator$3.execute(EurekaHttpClientDecorator.java:92)
	at com.netflix.discovery.shared.transport.decorator.RetryableEurekaHttpClient.execute(RetryableEurekaHttpClient.java:120)
	at com.netflix.discovery.shared.transport.decorator.EurekaHttpClientDecorator.sendHeartBeat(EurekaHttpClientDecorator.java:89)
	at com.netflix.discovery.shared.transport.decorator.EurekaHttpClientDecorator$3.execute(EurekaHttpClientDecorator.java:92)
	at com.netflix.discovery.shared.transport.decorator.SessionedEurekaHttpClient.execute(SessionedEurekaHttpClient.java:77)
	at com.netflix.discovery.shared.transport.decorator.EurekaHttpClientDecorator.sendHeartBeat(EurekaHttpClientDecorator.java:89)
	at com.netflix.discovery.DiscoveryClient.renew(DiscoveryClient.java:864)
	at com.netflix.discovery.DiscoveryClient$HeartbeatThread.run(DiscoveryClient.java:1423)
	at java.base/java.util.concurrent.Executors$RunnableAdapter.call(Executors.java:515)
	at java.base/java.util.concurrent.FutureTask.run(FutureTask.java:264)
	at java.base/java.util.concurrent.ThreadPoolExecutor.runWorker(ThreadPoolExecutor.java:1128)
	at java.base/java.util.concurrent.ThreadPoolExecutor$Worker.run(ThreadPoolExecutor.java:628)
	at java.base/java.lang.Thread.run(Thread.java:835)
Caused by: java.net.ConnectException: Connection refused: connect
	at java.base/java.net.PlainSocketImpl.waitForConnect(Native Method)
	at java.base/java.net.PlainSocketImpl.socketConnect(PlainSocketImpl.java:107)
	at java.base/java.net.AbstractPlainSocketImpl.doConnect(AbstractPlainSocketImpl.java:399)
	at java.base/java.net.AbstractPlainSocketImpl.connectToAddress(AbstractPlainSocketImpl.java:242)
	at java.base/java.net.AbstractPlainSocketImpl.connect(AbstractPlainSocketImpl.java:224)
	at java.base/java.net.SocksSocketImpl.connect(SocksSocketImpl.java:403)
	at java.base/java.net.Socket.connect(Socket.java:591)
	at org.apache.http.conn.scheme.PlainSocketFactory.connectSocket(PlainSocketFactory.java:121)
	at org.apache.http.impl.conn.DefaultClientConnectionOperator.openConnection(DefaultClientConnectionOperator.java:180)
	at org.apache.http.impl.conn.AbstractPoolEntry.open(AbstractPoolEntry.java:144)
	at org.apache.http.impl.conn.AbstractPooledConnAdapter.open(AbstractPooledConnAdapter.java:134)
	at org.apache.http.impl.client.DefaultRequestDirector.tryConnect(DefaultRequestDirector.java:605)
	at org.apache.http.impl.client.DefaultRequestDirector.execute(DefaultRequestDirector.java:440)
	at org.apache.http.impl.client.AbstractHttpClient.doExecute(AbstractHttpClient.java:835)
	at org.apache.http.impl.client.CloseableHttpClient.execute(CloseableHttpClient.java:118)
	at org.apache.http.impl.client.CloseableHttpClient.execute(CloseableHttpClient.java:56)
	at com.sun.jersey.client.apache4.ApacheHttpClient4Handler.handle(ApacheHttpClient4Handler.java:173)
	... 27 common frames omitted
2020-01-07 18:36:04,363 [WARN] [DiscoveryClient-HeartbeatExecutor-0] c.n.d.shared.transport.decorator.RetryableEurekaHttpClient [RetryableEurekaHttpClient.java : 130] Request execution failed with message: java.net.ConnectException: Connection refused: connect
2020-01-07 18:36:04,364 [ERROR] [DiscoveryClient-HeartbeatExecutor-0] com.netflix.discovery.DiscoveryClient [DiscoveryClient.java : 878] DiscoveryClient_GUIDE-PRODUCER/localhost:guide-producer:8101 - was unable to send heartbeat!
com.netflix.discovery.shared.transport.TransportException: Cannot execute request on any known server
	at com.netflix.discovery.shared.transport.decorator.RetryableEurekaHttpClient.execute(RetryableEurekaHttpClient.java:112)
	at com.netflix.discovery.shared.transport.decorator.EurekaHttpClientDecorator.sendHeartBeat(EurekaHttpClientDecorator.java:89)
	at com.netflix.discovery.shared.transport.decorator.EurekaHttpClientDecorator$3.execute(EurekaHttpClientDecorator.java:92)
	at com.netflix.discovery.shared.transport.decorator.SessionedEurekaHttpClient.execute(SessionedEurekaHttpClient.java:77)
	at com.netflix.discovery.shared.transport.decorator.EurekaHttpClientDecorator.sendHeartBeat(EurekaHttpClientDecorator.java:89)
	at com.netflix.discovery.DiscoveryClient.renew(DiscoveryClient.java:864)
	at com.netflix.discovery.DiscoveryClient$HeartbeatThread.run(DiscoveryClient.java:1423)
	at java.base/java.util.concurrent.Executors$RunnableAdapter.call(Executors.java:515)
	at java.base/java.util.concurrent.FutureTask.run(FutureTask.java:264)
	at java.base/java.util.concurrent.ThreadPoolExecutor.runWorker(ThreadPoolExecutor.java:1128)
	at java.base/java.util.concurrent.ThreadPoolExecutor$Worker.run(ThreadPoolExecutor.java:628)
	at java.base/java.lang.Thread.run(Thread.java:835)
2020-01-07 18:36:04,366 [ERROR] [DiscoveryClient-CacheRefreshExecutor-0] c.n.d.shared.transport.decorator.RedirectingEurekaHttpClient [RedirectingEurekaHttpClient.java : 83] Request execution error. endpoint=DefaultEndpoint{ serviceUrl='http://localhost:7000/eureka/}
com.sun.jersey.api.client.ClientHandlerException: java.net.ConnectException: Connection refused: connect
	at com.sun.jersey.client.apache4.ApacheHttpClient4Handler.handle(ApacheHttpClient4Handler.java:187)
	at com.sun.jersey.api.client.filter.GZIPContentEncodingFilter.handle(GZIPContentEncodingFilter.java:123)
	at com.netflix.discovery.EurekaIdentityHeaderFilter.handle(EurekaIdentityHeaderFilter.java:27)
	at com.sun.jersey.api.client.Client.handle(Client.java:652)
	at com.sun.jersey.api.client.WebResource.handle(WebResource.java:682)
	at com.sun.jersey.api.client.WebResource.access$200(WebResource.java:74)
	at com.sun.jersey.api.client.WebResource$Builder.get(WebResource.java:509)
	at com.netflix.discovery.shared.transport.jersey.AbstractJerseyEurekaHttpClient.getApplicationsInternal(AbstractJerseyEurekaHttpClient.java:194)
	at com.netflix.discovery.shared.transport.jersey.AbstractJerseyEurekaHttpClient.getDelta(AbstractJerseyEurekaHttpClient.java:170)
	at com.netflix.discovery.shared.transport.decorator.EurekaHttpClientDecorator$7.execute(EurekaHttpClientDecorator.java:152)
	at com.netflix.discovery.shared.transport.decorator.MetricsCollectingEurekaHttpClient.execute(MetricsCollectingEurekaHttpClient.java:73)
	at com.netflix.discovery.shared.transport.decorator.EurekaHttpClientDecorator.getDelta(EurekaHttpClientDecorator.java:149)
	at com.netflix.discovery.shared.transport.decorator.EurekaHttpClientDecorator$7.execute(EurekaHttpClientDecorator.java:152)
	at com.netflix.discovery.shared.transport.decorator.RedirectingEurekaHttpClient.executeOnNewServer(RedirectingEurekaHttpClient.java:118)
	at com.netflix.discovery.shared.transport.decorator.RedirectingEurekaHttpClient.execute(RedirectingEurekaHttpClient.java:79)
	at com.netflix.discovery.shared.transport.decorator.EurekaHttpClientDecorator.getDelta(EurekaHttpClientDecorator.java:149)
	at com.netflix.discovery.shared.transport.decorator.EurekaHttpClientDecorator$7.execute(EurekaHttpClientDecorator.java:152)
	at com.netflix.discovery.shared.transport.decorator.RetryableEurekaHttpClient.execute(RetryableEurekaHttpClient.java:120)
	at com.netflix.discovery.shared.transport.decorator.EurekaHttpClientDecorator.getDelta(EurekaHttpClientDecorator.java:149)
	at com.netflix.discovery.shared.transport.decorator.EurekaHttpClientDecorator$7.execute(EurekaHttpClientDecorator.java:152)
	at com.netflix.discovery.shared.transport.decorator.SessionedEurekaHttpClient.execute(SessionedEurekaHttpClient.java:77)
	at com.netflix.discovery.shared.transport.decorator.EurekaHttpClientDecorator.getDelta(EurekaHttpClientDecorator.java:149)
	at com.netflix.discovery.DiscoveryClient.getAndUpdateDelta(DiscoveryClient.java:1103)
	at com.netflix.discovery.DiscoveryClient.fetchRegistry(DiscoveryClient.java:985)
	at com.netflix.discovery.DiscoveryClient.refreshRegistry(DiscoveryClient.java:1497)
	at com.netflix.discovery.DiscoveryClient$CacheRefreshThread.run(DiscoveryClient.java:1464)
	at java.base/java.util.concurrent.Executors$RunnableAdapter.call(Executors.java:515)
	at java.base/java.util.concurrent.FutureTask.run(FutureTask.java:264)
	at java.base/java.util.concurrent.ThreadPoolExecutor.runWorker(ThreadPoolExecutor.java:1128)
	at java.base/java.util.concurrent.ThreadPoolExecutor$Worker.run(ThreadPoolExecutor.java:628)
	at java.base/java.lang.Thread.run(Thread.java:835)
Caused by: java.net.ConnectException: Connection refused: connect
	at java.base/java.net.PlainSocketImpl.waitForConnect(Native Method)
	at java.base/java.net.PlainSocketImpl.socketConnect(PlainSocketImpl.java:107)
	at java.base/java.net.AbstractPlainSocketImpl.doConnect(AbstractPlainSocketImpl.java:399)
	at java.base/java.net.AbstractPlainSocketImpl.connectToAddress(AbstractPlainSocketImpl.java:242)
	at java.base/java.net.AbstractPlainSocketImpl.connect(AbstractPlainSocketImpl.java:224)
	at java.base/java.net.SocksSocketImpl.connect(SocksSocketImpl.java:403)
	at java.base/java.net.Socket.connect(Socket.java:591)
	at org.apache.http.conn.scheme.PlainSocketFactory.connectSocket(PlainSocketFactory.java:121)
	at org.apache.http.impl.conn.DefaultClientConnectionOperator.openConnection(DefaultClientConnectionOperator.java:180)
	at org.apache.http.impl.conn.AbstractPoolEntry.open(AbstractPoolEntry.java:144)
	at org.apache.http.impl.conn.AbstractPooledConnAdapter.open(AbstractPooledConnAdapter.java:134)
	at org.apache.http.impl.client.DefaultRequestDirector.tryConnect(DefaultRequestDirector.java:605)
	at org.apache.http.impl.client.DefaultRequestDirector.execute(DefaultRequestDirector.java:440)
	at org.apache.http.impl.client.AbstractHttpClient.doExecute(AbstractHttpClient.java:835)
	at org.apache.http.impl.client.CloseableHttpClient.execute(CloseableHttpClient.java:118)
	at org.apache.http.impl.client.CloseableHttpClient.execute(CloseableHttpClient.java:56)
	at com.sun.jersey.client.apache4.ApacheHttpClient4Handler.handle(ApacheHttpClient4Handler.java:173)
	... 30 common frames omitted
2020-01-07 18:36:04,367 [WARN] [DiscoveryClient-CacheRefreshExecutor-0] c.n.d.shared.transport.decorator.RetryableEurekaHttpClient [RetryableEurekaHttpClient.java : 130] Request execution failed with message: java.net.ConnectException: Connection refused: connect
2020-01-07 18:36:04,368 [ERROR] [DiscoveryClient-CacheRefreshExecutor-0] com.netflix.discovery.DiscoveryClient [DiscoveryClient.java : 990] DiscoveryClient_GUIDE-PRODUCER/localhost:guide-producer:8101 - was unable to refresh its cache! status = Cannot execute request on any known server
com.netflix.discovery.shared.transport.TransportException: Cannot execute request on any known server
	at com.netflix.discovery.shared.transport.decorator.RetryableEurekaHttpClient.execute(RetryableEurekaHttpClient.java:112)
	at com.netflix.discovery.shared.transport.decorator.EurekaHttpClientDecorator.getDelta(EurekaHttpClientDecorator.java:149)
	at com.netflix.discovery.shared.transport.decorator.EurekaHttpClientDecorator$7.execute(EurekaHttpClientDecorator.java:152)
	at com.netflix.discovery.shared.transport.decorator.SessionedEurekaHttpClient.execute(SessionedEurekaHttpClient.java:77)
	at com.netflix.discovery.shared.transport.decorator.EurekaHttpClientDecorator.getDelta(EurekaHttpClientDecorator.java:149)
	at com.netflix.discovery.DiscoveryClient.getAndUpdateDelta(DiscoveryClient.java:1103)
	at com.netflix.discovery.DiscoveryClient.fetchRegistry(DiscoveryClient.java:985)
	at com.netflix.discovery.DiscoveryClient.refreshRegistry(DiscoveryClient.java:1497)
	at com.netflix.discovery.DiscoveryClient$CacheRefreshThread.run(DiscoveryClient.java:1464)
	at java.base/java.util.concurrent.Executors$RunnableAdapter.call(Executors.java:515)
	at java.base/java.util.concurrent.FutureTask.run(FutureTask.java:264)
	at java.base/java.util.concurrent.ThreadPoolExecutor.runWorker(ThreadPoolExecutor.java:1128)
	at java.base/java.util.concurrent.ThreadPoolExecutor$Worker.run(ThreadPoolExecutor.java:628)
	at java.base/java.lang.Thread.run(Thread.java:835)
2020-01-07 18:45:48,519 [INFO] [main] o.s.c.s.PostProcessorRegistrationDelegate$BeanPostProcessorChecker [PostProcessorRegistrationDelegate.java : 330] Bean 'org.springframework.cloud.autoconfigure.ConfigurationPropertiesRebinderAutoConfiguration' of type [org.springframework.cloud.autoconfigure.ConfigurationPropertiesRebinderAutoConfiguration] is not eligible for getting processed by all BeanPostProcessors (for example: not eligible for auto-proxying)
2020-01-07 18:45:50,085 [INFO] [main] com.eruka.guideservice.GuideServiceApplication [SpringApplication.java : 651] No active profile set, falling back to default profiles: default
2020-01-07 18:45:50,759 [WARN] [main] org.springframework.boot.actuate.endpoint.EndpointId [EndpointId.java : 155] Endpoint ID 'hystrix.stream' contains invalid characters, please migrate to a valid format.
2020-01-07 18:45:51,465 [WARN] [main] org.springframework.boot.actuate.endpoint.EndpointId [EndpointId.java : 155] Endpoint ID 'service-registry' contains invalid characters, please migrate to a valid format.
2020-01-07 18:45:51,700 [INFO] [main] org.springframework.cloud.context.scope.GenericScope [GenericScope.java : 295] BeanFactory id=69d5e0e4-e019-3945-ac34-0515f9116979
2020-01-07 18:45:51,988 [INFO] [main] o.s.c.s.PostProcessorRegistrationDelegate$BeanPostProcessorChecker [PostProcessorRegistrationDelegate.java : 330] Bean 'org.springframework.transaction.annotation.ProxyTransactionManagementConfiguration' of type [org.springframework.transaction.annotation.ProxyTransactionManagementConfiguration] is not eligible for getting processed by all BeanPostProcessors (for example: not eligible for auto-proxying)
2020-01-07 18:45:52,300 [INFO] [main] o.s.c.s.PostProcessorRegistrationDelegate$BeanPostProcessorChecker [PostProcessorRegistrationDelegate.java : 330] Bean 'org.springframework.cloud.autoconfigure.ConfigurationPropertiesRebinderAutoConfiguration' of type [org.springframework.cloud.autoconfigure.ConfigurationPropertiesRebinderAutoConfiguration] is not eligible for getting processed by all BeanPostProcessors (for example: not eligible for auto-proxying)
2020-01-07 18:45:52,993 [INFO] [main] org.springframework.boot.web.embedded.tomcat.TomcatWebServer [TomcatWebServer.java : 92] Tomcat initialized with port(s): 8101 (http)
2020-01-07 18:45:53,004 [INFO] [main] org.apache.catalina.core.StandardService [DirectJDKLog.java : 173] Starting service [Tomcat]
2020-01-07 18:45:53,005 [INFO] [main] org.apache.catalina.core.StandardEngine [DirectJDKLog.java : 173] Starting Servlet engine: [Apache Tomcat/9.0.29]
2020-01-07 18:45:53,175 [INFO] [main] o.a.catalina.core.ContainerBase.[Tomcat].[localhost].[/] [DirectJDKLog.java : 173] Initializing Spring embedded WebApplicationContext
2020-01-07 18:45:53,175 [INFO] [main] org.springframework.web.context.ContextLoader [ServletWebServerApplicationContext.java : 284] Root WebApplicationContext: initialization completed in 3072 ms
2020-01-07 18:45:53,312 [WARN] [main] com.netflix.config.sources.URLConfigurationSource [URLConfigurationSource.java : 121] No URLs will be polled as dynamic configuration sources.
2020-01-07 18:45:53,312 [INFO] [main] com.netflix.config.sources.URLConfigurationSource [URLConfigurationSource.java : 122] To enable URLs as dynamic configuration sources, define System property archaius.configurationSource.additionalUrls or make config.properties available on classpath.
2020-01-07 18:45:53,334 [INFO] [main] com.netflix.config.DynamicPropertyFactory [DynamicPropertyFactory.java : 281] DynamicPropertyFactory is initialized with configuration sources: com.netflix.config.ConcurrentCompositeConfiguration@29c59b6e
2020-01-07 18:45:53,584 [INFO] [main] o.s.boot.actuate.endpoint.web.ServletEndpointRegistrar [ServletEndpointRegistrar.java : 75] Registered '/actuator/hystrix.stream' to hystrix.stream-actuator-endpoint
2020-01-07 18:45:54,467 [INFO] [main] o.s.boot.actuate.endpoint.web.EndpointLinksResolver [EndpointLinksResolver.java : 58] Exposing 1 endpoint(s) beneath base path '/actuator'
2020-01-07 18:45:54,693 [INFO] [main] s.d.spring.web.PropertySourcedRequestMappingHandlerMapping [PropertySourcedRequestMappingHandlerMapping.java : 69] Mapped URL path [/v2/api-docs] onto method [springfox.documentation.swagger2.web.Swagger2Controller#getDocumentation(String, HttpServletRequest)]
2020-01-07 18:45:54,713 [WARN] [main] com.netflix.config.sources.URLConfigurationSource [URLConfigurationSource.java : 121] No URLs will be polled as dynamic configuration sources.
2020-01-07 18:45:54,713 [INFO] [main] com.netflix.config.sources.URLConfigurationSource [URLConfigurationSource.java : 122] To enable URLs as dynamic configuration sources, define System property archaius.configurationSource.additionalUrls or make config.properties available on classpath.
2020-01-07 18:45:56,531 [INFO] [main] org.springframework.cloud.commons.util.InetUtils [InetUtils.java : 170] Cannot determine local hostname
2020-01-07 18:45:57,946 [INFO] [main] org.springframework.cloud.commons.util.InetUtils [InetUtils.java : 170] Cannot determine local hostname
2020-01-07 18:45:59,369 [INFO] [main] org.springframework.cloud.commons.util.InetUtils [InetUtils.java : 170] Cannot determine local hostname
2020-01-07 18:45:59,409 [WARN] [main] o.s.c.l.c.BlockingLoadBalancerClientAutoConfiguration$BlockingLoadBalancerClientRibbonWarnLogger [BlockingLoadBalancerClientAutoConfiguration.java : 106] You already have RibbonLoadBalancerClient on your classpath. It will be used by default. As Spring Cloud Ribbon is in maintenance mode. We recommend switching to BlockingLoadBalancerClient instead. In order to use it, set the value of `spring.cloud.loadbalancer.ribbon.enabled` to `false` or remove spring-cloud-starter-netflix-ribbon from your project.
2020-01-07 18:45:59,457 [WARN] [main] o.s.c.l.c.LoadBalancerCacheAutoConfiguration$LoadBalancerCaffeineWarnLogger [LoadBalancerCacheAutoConfiguration.java : 81] Spring Cloud LoadBalancer is currently working with default default cache. You can switch to using Caffeine cache, by adding it to the classpath.
2020-01-07 18:45:59,499 [INFO] [main] org.springframework.cloud.netflix.eureka.InstanceInfoFactory [InstanceInfoFactory.java : 72] Setting initial instance status as: STARTING
2020-01-07 18:45:59,575 [INFO] [main] com.netflix.discovery.DiscoveryClient [DiscoveryClient.java : 365] Initializing Eureka in region us-east-1
2020-01-07 18:45:59,785 [INFO] [main] com.netflix.discovery.provider.DiscoveryJerseyProvider [DiscoveryJerseyProvider.java : 70] Using JSON encoding codec LegacyJacksonJson
2020-01-07 18:45:59,787 [INFO] [main] com.netflix.discovery.provider.DiscoveryJerseyProvider [DiscoveryJerseyProvider.java : 71] Using JSON decoding codec LegacyJacksonJson
2020-01-07 18:45:59,971 [INFO] [main] com.netflix.discovery.provider.DiscoveryJerseyProvider [DiscoveryJerseyProvider.java : 80] Using XML encoding codec XStreamXml
2020-01-07 18:45:59,972 [INFO] [main] com.netflix.discovery.provider.DiscoveryJerseyProvider [DiscoveryJerseyProvider.java : 81] Using XML decoding codec XStreamXml
2020-01-07 18:46:00,190 [INFO] [main] c.n.discovery.shared.resolver.aws.ConfigClusterResolver [ConfigClusterResolver.java : 43] Resolving eureka endpoints via configuration
2020-01-07 18:46:00,516 [INFO] [main] com.netflix.discovery.DiscoveryClient [DiscoveryClient.java : 976] Disable delta property : false
2020-01-07 18:46:00,517 [INFO] [main] com.netflix.discovery.DiscoveryClient [DiscoveryClient.java : 977] Single vip registry refresh property : null
2020-01-07 18:46:00,517 [INFO] [main] com.netflix.discovery.DiscoveryClient [DiscoveryClient.java : 978] Force full registry fetch : false
2020-01-07 18:46:00,517 [INFO] [main] com.netflix.discovery.DiscoveryClient [DiscoveryClient.java : 979] Application is null : false
2020-01-07 18:46:00,518 [INFO] [main] com.netflix.discovery.DiscoveryClient [DiscoveryClient.java : 980] Registered Applications size is zero : true
2020-01-07 18:46:00,518 [INFO] [main] com.netflix.discovery.DiscoveryClient [DiscoveryClient.java : 982] Application version is -1: true
2020-01-07 18:46:00,518 [INFO] [main] com.netflix.discovery.DiscoveryClient [DiscoveryClient.java : 1065] Getting all instance registry info from the eureka server
2020-01-07 18:46:00,733 [INFO] [main] com.netflix.discovery.DiscoveryClient [DiscoveryClient.java : 1074] The response status is 200
2020-01-07 18:46:00,738 [INFO] [main] com.netflix.discovery.DiscoveryClient [DiscoveryClient.java : 1288] Starting heartbeat executor: renew interval is: 30
2020-01-07 18:46:00,745 [INFO] [main] com.netflix.discovery.InstanceInfoReplicator [InstanceInfoReplicator.java : 60] InstanceInfoReplicator onDemand update allowed rate per min is 4
2020-01-07 18:46:00,752 [INFO] [main] com.netflix.discovery.DiscoveryClient [DiscoveryClient.java : 465] Discovery Client initialized at timestamp 1578393960750 with initial instances count: 5
2020-01-07 18:46:00,757 [INFO] [main] o.s.c.netflix.eureka.serviceregistry.EurekaServiceRegistry [EurekaServiceRegistry.java : 41] Registering application GUIDE-PRODUCER with eureka with status UP
2020-01-07 18:46:00,760 [INFO] [main] com.netflix.discovery.DiscoveryClient [DiscoveryClient.java : 1323] Saw local status change event StatusChangeEvent [timestamp=1578393960760, current=UP, previous=STARTING]
2020-01-07 18:46:00,764 [INFO] [DiscoveryClient-InstanceInfoReplicator-0] com.netflix.discovery.DiscoveryClient [DiscoveryClient.java : 844] DiscoveryClient_GUIDE-PRODUCER/localhost:guide-producer:8101: registering service...
2020-01-07 18:46:00,766 [INFO] [main] s.d.spring.web.plugins.DocumentationPluginsBootstrapper [DocumentationPluginsBootstrapper.java : 160] Context refreshed
2020-01-07 18:46:00,796 [INFO] [main] s.d.spring.web.plugins.DocumentationPluginsBootstrapper [DocumentationPluginsBootstrapper.java : 163] Found 1 custom documentation plugin(s)
2020-01-07 18:46:00,801 [INFO] [DiscoveryClient-InstanceInfoReplicator-0] com.netflix.discovery.DiscoveryClient [DiscoveryClient.java : 853] DiscoveryClient_GUIDE-PRODUCER/localhost:guide-producer:8101 - registration status: 204
2020-01-07 18:46:00,845 [INFO] [main] s.d.spring.web.scanners.ApiListingReferenceScanner [ApiListingReferenceScanner.java : 41] Scanning for api listing references
2020-01-07 18:46:01,091 [INFO] [main] org.springframework.boot.web.embedded.tomcat.TomcatWebServer [TomcatWebServer.java : 204] Tomcat started on port(s): 8101 (http) with context path ''
2020-01-07 18:46:01,093 [INFO] [main] o.s.c.n.eureka.serviceregistry.EurekaAutoServiceRegistration [EurekaAutoServiceRegistration.java : 145] Updating port to 8101
2020-01-07 18:46:02,521 [INFO] [main] org.springframework.cloud.commons.util.InetUtils [InetUtils.java : 170] Cannot determine local hostname
2020-01-07 18:46:02,523 [INFO] [main] com.eruka.guideservice.GuideServiceApplication [StartupInfoLogger.java : 61] Started GuideServiceApplication in 16.161 seconds (JVM running for 16.78)
2020-01-07 18:47:24,225 [INFO] [http-nio-8101-exec-1] o.a.catalina.core.ContainerBase.[Tomcat].[localhost].[/] [DirectJDKLog.java : 173] Initializing Spring DispatcherServlet 'dispatcherServlet'
2020-01-07 18:47:24,226 [INFO] [http-nio-8101-exec-1] org.springframework.web.servlet.DispatcherServlet [FrameworkServlet.java : 525] Initializing Servlet 'dispatcherServlet'
2020-01-07 18:47:24,236 [INFO] [http-nio-8101-exec-1] org.springframework.web.servlet.DispatcherServlet [FrameworkServlet.java : 547] Completed initialization in 9 ms
2020-01-07 18:47:24,430 [INFO] [http-nio-8101-exec-2] com.zaxxer.hikari.HikariDataSource [HikariDataSource.java : 110] HikariPool-1 - Starting...
2020-01-07 18:47:25,643 [INFO] [http-nio-8101-exec-2] com.zaxxer.hikari.HikariDataSource [HikariDataSource.java : 123] HikariPool-1 - Start completed.
2020-01-07 18:51:00,520 [INFO] [AsyncResolver-bootstrap-executor-0] c.n.discovery.shared.resolver.aws.ConfigClusterResolver [ConfigClusterResolver.java : 43] Resolving eureka endpoints via configuration
2020-01-07 18:56:00,522 [INFO] [AsyncResolver-bootstrap-executor-0] c.n.discovery.shared.resolver.aws.ConfigClusterResolver [ConfigClusterResolver.java : 43] Resolving eureka endpoints via configuration
2020-01-07 19:01:00,524 [INFO] [AsyncResolver-bootstrap-executor-0] c.n.discovery.shared.resolver.aws.ConfigClusterResolver [ConfigClusterResolver.java : 43] Resolving eureka endpoints via configuration
2020-01-07 19:06:00,526 [INFO] [AsyncResolver-bootstrap-executor-0] c.n.discovery.shared.resolver.aws.ConfigClusterResolver [ConfigClusterResolver.java : 43] Resolving eureka endpoints via configuration
2020-01-07 19:11:00,528 [INFO] [AsyncResolver-bootstrap-executor-0] c.n.discovery.shared.resolver.aws.ConfigClusterResolver [ConfigClusterResolver.java : 43] Resolving eureka endpoints via configuration
2020-01-07 19:16:00,530 [INFO] [AsyncResolver-bootstrap-executor-0] c.n.discovery.shared.resolver.aws.ConfigClusterResolver [ConfigClusterResolver.java : 43] Resolving eureka endpoints via configuration
2020-01-07 19:21:00,533 [INFO] [AsyncResolver-bootstrap-executor-0] c.n.discovery.shared.resolver.aws.ConfigClusterResolver [ConfigClusterResolver.java : 43] Resolving eureka endpoints via configuration
2020-01-07 19:26:00,534 [INFO] [AsyncResolver-bootstrap-executor-0] c.n.discovery.shared.resolver.aws.ConfigClusterResolver [ConfigClusterResolver.java : 43] Resolving eureka endpoints via configuration
2020-01-07 19:31:00,537 [INFO] [AsyncResolver-bootstrap-executor-0] c.n.discovery.shared.resolver.aws.ConfigClusterResolver [ConfigClusterResolver.java : 43] Resolving eureka endpoints via configuration
2020-01-07 19:36:00,538 [INFO] [AsyncResolver-bootstrap-executor-0] c.n.discovery.shared.resolver.aws.ConfigClusterResolver [ConfigClusterResolver.java : 43] Resolving eureka endpoints via configuration
2020-01-07 19:41:00,539 [INFO] [AsyncResolver-bootstrap-executor-0] c.n.discovery.shared.resolver.aws.ConfigClusterResolver [ConfigClusterResolver.java : 43] Resolving eureka endpoints via configuration
2020-01-07 19:46:00,542 [INFO] [AsyncResolver-bootstrap-executor-0] c.n.discovery.shared.resolver.aws.ConfigClusterResolver [ConfigClusterResolver.java : 43] Resolving eureka endpoints via configuration
2020-01-07 19:51:00,598 [INFO] [AsyncResolver-bootstrap-executor-0] c.n.discovery.shared.resolver.aws.ConfigClusterResolver [ConfigClusterResolver.java : 43] Resolving eureka endpoints via configuration
2020-01-07 19:56:00,600 [INFO] [AsyncResolver-bootstrap-executor-0] c.n.discovery.shared.resolver.aws.ConfigClusterResolver [ConfigClusterResolver.java : 43] Resolving eureka endpoints via configuration
2020-01-07 19:56:38,544 [INFO] [hystrix-manageInformation-producer-1] com.netflix.config.ChainedDynamicProperty [ChainedDynamicProperty.java : 115] Flipping property: manageInformation-producer.ribbon.ActiveConnectionsLimit to use NEXT property: niws.loadbalancer.availabilityFilteringRule.activeConnectionsLimit = 2147483647
2020-01-07 19:56:38,658 [INFO] [hystrix-manageInformation-producer-1] com.netflix.util.concurrent.ShutdownEnabledTimer [ShutdownEnabledTimer.java : 58] Shutdown hook installed for: NFLoadBalancer-PingTimer-manageInformation-producer
2020-01-07 19:56:38,659 [INFO] [hystrix-manageInformation-producer-1] com.netflix.loadbalancer.BaseLoadBalancer [BaseLoadBalancer.java : 197] Client: manageInformation-producer instantiated a LoadBalancer: DynamicServerListLoadBalancer:{NFLoadBalancer:name=manageInformation-producer,current list of Servers=[],Load balancer stats=Zone stats: {},Server stats: []}ServerList:null
2020-01-07 19:56:38,685 [INFO] [hystrix-manageInformation-producer-1] com.netflix.loadbalancer.DynamicServerListLoadBalancer [DynamicServerListLoadBalancer.java : 222] Using serverListUpdater PollingServerListUpdater
2020-01-07 19:56:38,819 [INFO] [hystrix-manageInformation-producer-1] com.netflix.config.ChainedDynamicProperty [ChainedDynamicProperty.java : 115] Flipping property: manageInformation-producer.ribbon.ActiveConnectionsLimit to use NEXT property: niws.loadbalancer.availabilityFilteringRule.activeConnectionsLimit = 2147483647
2020-01-07 19:56:38,839 [INFO] [hystrix-manageInformation-producer-1] com.netflix.loadbalancer.DynamicServerListLoadBalancer [DynamicServerListLoadBalancer.java : 150] DynamicServerListLoadBalancer for client manageInformation-producer initialized: DynamicServerListLoadBalancer:{NFLoadBalancer:name=manageInformation-producer,current list of Servers=[localhost:8004],Load balancer stats=Zone stats: {defaultzone=[Zone:defaultzone;	Instance count:1;	Active connections count: 0;	Circuit breaker tripped count: 0;	Active connections per server: 0.0;]
},Server stats: [[Server:localhost:8004;	Zone:defaultZone;	Total Requests:0;	Successive connection failure:0;	Total blackout seconds:0;	Last connection made:Thu Jan 01 08:00:00 GMT+08:00 1970;	First connection made: Thu Jan 01 08:00:00 GMT+08:00 1970;	Active Connections:0;	total failure count in last (1000) msecs:0;	average resp time:0.0;	90 percentile resp time:0.0;	95 percentile resp time:0.0;	min resp time:0.0;	max resp time:0.0;	stddev resp time:0.0]
]}ServerList:org.springframework.cloud.netflix.ribbon.eureka.DomainExtractingServerList@b85547d
2020-01-07 19:56:39,705 [INFO] [PollingServerListUpdater-0] com.netflix.config.ChainedDynamicProperty [ChainedDynamicProperty.java : 115] Flipping property: manageInformation-producer.ribbon.ActiveConnectionsLimit to use NEXT property: niws.loadbalancer.availabilityFilteringRule.activeConnectionsLimit = 2147483647
2020-01-07 20:01:00,602 [INFO] [AsyncResolver-bootstrap-executor-0] c.n.discovery.shared.resolver.aws.ConfigClusterResolver [ConfigClusterResolver.java : 43] Resolving eureka endpoints via configuration
