2019-12-27 19:07:06,538 [INFO] [main] o.s.c.s.PostProcessorRegistrationDelegate$BeanPostProcessorChecker [PostProcessorRegistrationDelegate.java : 330] Bean 'org.springframework.cloud.autoconfigure.ConfigurationPropertiesRebinderAutoConfiguration' of type [org.springframework.cloud.autoconfigure.ConfigurationPropertiesRebinderAutoConfiguration] is not eligible for getting processed by all BeanPostProcessors (for example: not eligible for auto-proxying)
2019-12-27 19:07:08,320 [INFO] [main] com.eruka.guideservice.GuideServiceApplication [SpringApplication.java : 651] No active profile set, falling back to default profiles: default
2019-12-27 19:07:09,226 [WARN] [main] org.springframework.boot.actuate.endpoint.EndpointId [EndpointId.java : 155] Endpoint ID 'hystrix.stream' contains invalid characters, please migrate to a valid format.
2019-12-27 19:07:10,057 [WARN] [main] org.springframework.boot.actuate.endpoint.EndpointId [EndpointId.java : 155] Endpoint ID 'service-registry' contains invalid characters, please migrate to a valid format.
2019-12-27 19:07:10,308 [INFO] [main] org.springframework.cloud.context.scope.GenericScope [GenericScope.java : 295] BeanFactory id=69d5e0e4-e019-3945-ac34-0515f9116979
2019-12-27 19:07:10,657 [INFO] [main] o.s.c.s.PostProcessorRegistrationDelegate$BeanPostProcessorChecker [PostProcessorRegistrationDelegate.java : 330] Bean 'org.springframework.transaction.annotation.ProxyTransactionManagementConfiguration' of type [org.springframework.transaction.annotation.ProxyTransactionManagementConfiguration] is not eligible for getting processed by all BeanPostProcessors (for example: not eligible for auto-proxying)
2019-12-27 19:07:11,113 [INFO] [main] o.s.c.s.PostProcessorRegistrationDelegate$BeanPostProcessorChecker [PostProcessorRegistrationDelegate.java : 330] Bean 'org.springframework.cloud.autoconfigure.ConfigurationPropertiesRebinderAutoConfiguration' of type [org.springframework.cloud.autoconfigure.ConfigurationPropertiesRebinderAutoConfiguration] is not eligible for getting processed by all BeanPostProcessors (for example: not eligible for auto-proxying)
2019-12-27 19:07:12,069 [INFO] [main] org.springframework.boot.web.embedded.tomcat.TomcatWebServer [TomcatWebServer.java : 92] Tomcat initialized with port(s): 8101 (http)
2019-12-27 19:07:12,087 [INFO] [main] org.apache.catalina.core.StandardService [DirectJDKLog.java : 173] Starting service [Tomcat]
2019-12-27 19:07:12,088 [INFO] [main] org.apache.catalina.core.StandardEngine [DirectJDKLog.java : 173] Starting Servlet engine: [Apache Tomcat/9.0.29]
2019-12-27 19:07:12,525 [INFO] [main] o.a.catalina.core.ContainerBase.[Tomcat].[localhost].[/] [DirectJDKLog.java : 173] Initializing Spring embedded WebApplicationContext
2019-12-27 19:07:12,526 [INFO] [main] org.springframework.web.context.ContextLoader [ServletWebServerApplicationContext.java : 284] Root WebApplicationContext: initialization completed in 4166 ms
2019-12-27 19:07:12,708 [WARN] [main] com.netflix.config.sources.URLConfigurationSource [URLConfigurationSource.java : 121] No URLs will be polled as dynamic configuration sources.
2019-12-27 19:07:12,709 [INFO] [main] com.netflix.config.sources.URLConfigurationSource [URLConfigurationSource.java : 122] To enable URLs as dynamic configuration sources, define System property archaius.configurationSource.additionalUrls or make config.properties available on classpath.
2019-12-27 19:07:12,740 [INFO] [main] com.netflix.config.DynamicPropertyFactory [DynamicPropertyFactory.java : 281] DynamicPropertyFactory is initialized with configuration sources: com.netflix.config.ConcurrentCompositeConfiguration@6caa4dc5
2019-12-27 19:07:13,174 [INFO] [main] o.s.boot.actuate.endpoint.web.ServletEndpointRegistrar [ServletEndpointRegistrar.java : 75] Registered '/actuator/hystrix.stream' to hystrix.stream-actuator-endpoint
2019-12-27 19:07:14,454 [INFO] [main] o.s.boot.actuate.endpoint.web.EndpointLinksResolver [EndpointLinksResolver.java : 58] Exposing 1 endpoint(s) beneath base path '/actuator'
2019-12-27 19:07:14,963 [INFO] [main] s.d.spring.web.PropertySourcedRequestMappingHandlerMapping [PropertySourcedRequestMappingHandlerMapping.java : 69] Mapped URL path [/v2/api-docs] onto method [springfox.documentation.swagger2.web.Swagger2Controller#getDocumentation(String, HttpServletRequest)]
2019-12-27 19:07:15,006 [WARN] [main] com.netflix.config.sources.URLConfigurationSource [URLConfigurationSource.java : 121] No URLs will be polled as dynamic configuration sources.
2019-12-27 19:07:15,008 [INFO] [main] com.netflix.config.sources.URLConfigurationSource [URLConfigurationSource.java : 122] To enable URLs as dynamic configuration sources, define System property archaius.configurationSource.additionalUrls or make config.properties available on classpath.
2019-12-27 19:07:17,061 [INFO] [main] org.springframework.cloud.commons.util.InetUtils [InetUtils.java : 170] Cannot determine local hostname
2019-12-27 19:07:18,577 [INFO] [main] org.springframework.cloud.commons.util.InetUtils [InetUtils.java : 170] Cannot determine local hostname
2019-12-27 19:07:20,052 [INFO] [main] org.springframework.cloud.commons.util.InetUtils [InetUtils.java : 170] Cannot determine local hostname
2019-12-27 19:07:20,094 [WARN] [main] o.s.c.l.c.BlockingLoadBalancerClientAutoConfiguration$BlockingLoadBalancerClientRibbonWarnLogger [BlockingLoadBalancerClientAutoConfiguration.java : 106] You already have RibbonLoadBalancerClient on your classpath. It will be used by default. As Spring Cloud Ribbon is in maintenance mode. We recommend switching to BlockingLoadBalancerClient instead. In order to use it, set the value of `spring.cloud.loadbalancer.ribbon.enabled` to `false` or remove spring-cloud-starter-netflix-ribbon from your project.
2019-12-27 19:07:20,161 [WARN] [main] o.s.c.l.c.LoadBalancerCacheAutoConfiguration$LoadBalancerCaffeineWarnLogger [LoadBalancerCacheAutoConfiguration.java : 81] Spring Cloud LoadBalancer is currently working with default default cache. You can switch to using Caffeine cache, by adding it to the classpath.
2019-12-27 19:07:20,230 [INFO] [main] org.springframework.cloud.netflix.eureka.InstanceInfoFactory [InstanceInfoFactory.java : 72] Setting initial instance status as: STARTING
2019-12-27 19:07:20,351 [INFO] [main] com.netflix.discovery.DiscoveryClient [DiscoveryClient.java : 365] Initializing Eureka in region us-east-1
2019-12-27 19:07:20,528 [INFO] [main] com.netflix.discovery.provider.DiscoveryJerseyProvider [DiscoveryJerseyProvider.java : 70] Using JSON encoding codec LegacyJacksonJson
2019-12-27 19:07:20,528 [INFO] [main] com.netflix.discovery.provider.DiscoveryJerseyProvider [DiscoveryJerseyProvider.java : 71] Using JSON decoding codec LegacyJacksonJson
2019-12-27 19:07:20,706 [INFO] [main] com.netflix.discovery.provider.DiscoveryJerseyProvider [DiscoveryJerseyProvider.java : 80] Using XML encoding codec XStreamXml
2019-12-27 19:07:20,707 [INFO] [main] com.netflix.discovery.provider.DiscoveryJerseyProvider [DiscoveryJerseyProvider.java : 81] Using XML decoding codec XStreamXml
2019-12-27 19:07:20,874 [INFO] [main] c.n.discovery.shared.resolver.aws.ConfigClusterResolver [ConfigClusterResolver.java : 43] Resolving eureka endpoints via configuration
2019-12-27 19:07:21,203 [INFO] [main] com.netflix.discovery.DiscoveryClient [DiscoveryClient.java : 976] Disable delta property : false
2019-12-27 19:07:21,204 [INFO] [main] com.netflix.discovery.DiscoveryClient [DiscoveryClient.java : 977] Single vip registry refresh property : null
2019-12-27 19:07:21,204 [INFO] [main] com.netflix.discovery.DiscoveryClient [DiscoveryClient.java : 978] Force full registry fetch : false
2019-12-27 19:07:21,204 [INFO] [main] com.netflix.discovery.DiscoveryClient [DiscoveryClient.java : 979] Application is null : false
2019-12-27 19:07:21,205 [INFO] [main] com.netflix.discovery.DiscoveryClient [DiscoveryClient.java : 980] Registered Applications size is zero : true
2019-12-27 19:07:21,205 [INFO] [main] com.netflix.discovery.DiscoveryClient [DiscoveryClient.java : 982] Application version is -1: true
2019-12-27 19:07:21,206 [INFO] [main] com.netflix.discovery.DiscoveryClient [DiscoveryClient.java : 1065] Getting all instance registry info from the eureka server
2019-12-27 19:07:21,376 [INFO] [main] com.netflix.discovery.DiscoveryClient [DiscoveryClient.java : 1074] The response status is 200
2019-12-27 19:07:21,379 [INFO] [main] com.netflix.discovery.DiscoveryClient [DiscoveryClient.java : 1288] Starting heartbeat executor: renew interval is: 30
2019-12-27 19:07:21,382 [INFO] [main] com.netflix.discovery.InstanceInfoReplicator [InstanceInfoReplicator.java : 60] InstanceInfoReplicator onDemand update allowed rate per min is 4
2019-12-27 19:07:21,386 [INFO] [main] com.netflix.discovery.DiscoveryClient [DiscoveryClient.java : 465] Discovery Client initialized at timestamp 1577444841386 with initial instances count: 4
2019-12-27 19:07:21,390 [INFO] [main] o.s.c.netflix.eureka.serviceregistry.EurekaServiceRegistry [EurekaServiceRegistry.java : 41] Registering application GUIDE-PRODUCER with eureka with status UP
2019-12-27 19:07:21,391 [INFO] [main] com.netflix.discovery.DiscoveryClient [DiscoveryClient.java : 1323] Saw local status change event StatusChangeEvent [timestamp=1577444841391, current=UP, previous=STARTING]
2019-12-27 19:07:21,394 [INFO] [DiscoveryClient-InstanceInfoReplicator-0] com.netflix.discovery.DiscoveryClient [DiscoveryClient.java : 844] DiscoveryClient_GUIDE-PRODUCER/localhost:guide-producer:8101: registering service...
2019-12-27 19:07:21,395 [INFO] [main] s.d.spring.web.plugins.DocumentationPluginsBootstrapper [DocumentationPluginsBootstrapper.java : 160] Context refreshed
2019-12-27 19:07:21,419 [INFO] [main] s.d.spring.web.plugins.DocumentationPluginsBootstrapper [DocumentationPluginsBootstrapper.java : 163] Found 1 custom documentation plugin(s)
2019-12-27 19:07:21,425 [INFO] [DiscoveryClient-InstanceInfoReplicator-0] com.netflix.discovery.DiscoveryClient [DiscoveryClient.java : 853] DiscoveryClient_GUIDE-PRODUCER/localhost:guide-producer:8101 - registration status: 204
2019-12-27 19:07:21,471 [INFO] [main] s.d.spring.web.scanners.ApiListingReferenceScanner [ApiListingReferenceScanner.java : 41] Scanning for api listing references
2019-12-27 19:07:21,736 [INFO] [main] org.springframework.boot.web.embedded.tomcat.TomcatWebServer [TomcatWebServer.java : 204] Tomcat started on port(s): 8101 (http) with context path ''
2019-12-27 19:07:21,737 [INFO] [main] o.s.c.n.eureka.serviceregistry.EurekaAutoServiceRegistration [EurekaAutoServiceRegistration.java : 145] Updating port to 8101
2019-12-27 19:07:23,210 [INFO] [main] org.springframework.cloud.commons.util.InetUtils [InetUtils.java : 170] Cannot determine local hostname
2019-12-27 19:07:23,213 [INFO] [main] com.eruka.guideservice.GuideServiceApplication [StartupInfoLogger.java : 61] Started GuideServiceApplication in 20.565 seconds (JVM running for 21.426)
2019-12-27 19:12:21,209 [INFO] [AsyncResolver-bootstrap-executor-0] c.n.discovery.shared.resolver.aws.ConfigClusterResolver [ConfigClusterResolver.java : 43] Resolving eureka endpoints via configuration
2019-12-27 19:17:21,212 [INFO] [AsyncResolver-bootstrap-executor-0] c.n.discovery.shared.resolver.aws.ConfigClusterResolver [ConfigClusterResolver.java : 43] Resolving eureka endpoints via configuration
2019-12-27 19:22:21,213 [INFO] [AsyncResolver-bootstrap-executor-0] c.n.discovery.shared.resolver.aws.ConfigClusterResolver [ConfigClusterResolver.java : 43] Resolving eureka endpoints via configuration
2019-12-27 19:27:21,215 [INFO] [AsyncResolver-bootstrap-executor-0] c.n.discovery.shared.resolver.aws.ConfigClusterResolver [ConfigClusterResolver.java : 43] Resolving eureka endpoints via configuration
2019-12-27 19:32:21,217 [INFO] [AsyncResolver-bootstrap-executor-0] c.n.discovery.shared.resolver.aws.ConfigClusterResolver [ConfigClusterResolver.java : 43] Resolving eureka endpoints via configuration
2019-12-27 19:37:21,220 [INFO] [AsyncResolver-bootstrap-executor-0] c.n.discovery.shared.resolver.aws.ConfigClusterResolver [ConfigClusterResolver.java : 43] Resolving eureka endpoints via configuration
2019-12-27 19:42:21,222 [INFO] [AsyncResolver-bootstrap-executor-0] c.n.discovery.shared.resolver.aws.ConfigClusterResolver [ConfigClusterResolver.java : 43] Resolving eureka endpoints via configuration
2019-12-27 19:47:21,223 [INFO] [AsyncResolver-bootstrap-executor-0] c.n.discovery.shared.resolver.aws.ConfigClusterResolver [ConfigClusterResolver.java : 43] Resolving eureka endpoints via configuration
2019-12-27 19:52:21,224 [INFO] [AsyncResolver-bootstrap-executor-0] c.n.discovery.shared.resolver.aws.ConfigClusterResolver [ConfigClusterResolver.java : 43] Resolving eureka endpoints via configuration
2019-12-27 19:57:21,227 [INFO] [AsyncResolver-bootstrap-executor-0] c.n.discovery.shared.resolver.aws.ConfigClusterResolver [ConfigClusterResolver.java : 43] Resolving eureka endpoints via configuration
2019-12-27 20:02:21,229 [INFO] [AsyncResolver-bootstrap-executor-0] c.n.discovery.shared.resolver.aws.ConfigClusterResolver [ConfigClusterResolver.java : 43] Resolving eureka endpoints via configuration
2019-12-27 20:07:21,231 [INFO] [AsyncResolver-bootstrap-executor-0] c.n.discovery.shared.resolver.aws.ConfigClusterResolver [ConfigClusterResolver.java : 43] Resolving eureka endpoints via configuration
2019-12-27 20:12:21,232 [INFO] [AsyncResolver-bootstrap-executor-0] c.n.discovery.shared.resolver.aws.ConfigClusterResolver [ConfigClusterResolver.java : 43] Resolving eureka endpoints via configuration
2019-12-27 20:14:07,347 [INFO] [http-nio-8101-exec-1] o.a.catalina.core.ContainerBase.[Tomcat].[localhost].[/] [DirectJDKLog.java : 173] Initializing Spring DispatcherServlet 'dispatcherServlet'
2019-12-27 20:14:07,349 [INFO] [http-nio-8101-exec-1] org.springframework.web.servlet.DispatcherServlet [FrameworkServlet.java : 525] Initializing Servlet 'dispatcherServlet'
2019-12-27 20:14:07,603 [INFO] [http-nio-8101-exec-1] org.springframework.web.servlet.DispatcherServlet [FrameworkServlet.java : 547] Completed initialization in 253 ms
2019-12-27 20:17:21,233 [INFO] [AsyncResolver-bootstrap-executor-0] c.n.discovery.shared.resolver.aws.ConfigClusterResolver [ConfigClusterResolver.java : 43] Resolving eureka endpoints via configuration
2019-12-27 20:22:21,234 [INFO] [AsyncResolver-bootstrap-executor-0] c.n.discovery.shared.resolver.aws.ConfigClusterResolver [ConfigClusterResolver.java : 43] Resolving eureka endpoints via configuration
2019-12-27 20:27:21,235 [INFO] [AsyncResolver-bootstrap-executor-0] c.n.discovery.shared.resolver.aws.ConfigClusterResolver [ConfigClusterResolver.java : 43] Resolving eureka endpoints via configuration
2019-12-27 20:32:21,237 [INFO] [AsyncResolver-bootstrap-executor-0] c.n.discovery.shared.resolver.aws.ConfigClusterResolver [ConfigClusterResolver.java : 43] Resolving eureka endpoints via configuration
2019-12-27 20:37:21,239 [INFO] [AsyncResolver-bootstrap-executor-0] c.n.discovery.shared.resolver.aws.ConfigClusterResolver [ConfigClusterResolver.java : 43] Resolving eureka endpoints via configuration
2019-12-27 20:42:21,242 [INFO] [AsyncResolver-bootstrap-executor-0] c.n.discovery.shared.resolver.aws.ConfigClusterResolver [ConfigClusterResolver.java : 43] Resolving eureka endpoints via configuration
2019-12-27 20:47:21,243 [INFO] [AsyncResolver-bootstrap-executor-0] c.n.discovery.shared.resolver.aws.ConfigClusterResolver [ConfigClusterResolver.java : 43] Resolving eureka endpoints via configuration
2019-12-27 20:52:21,245 [INFO] [AsyncResolver-bootstrap-executor-0] c.n.discovery.shared.resolver.aws.ConfigClusterResolver [ConfigClusterResolver.java : 43] Resolving eureka endpoints via configuration
2019-12-27 20:57:21,247 [INFO] [AsyncResolver-bootstrap-executor-0] c.n.discovery.shared.resolver.aws.ConfigClusterResolver [ConfigClusterResolver.java : 43] Resolving eureka endpoints via configuration
2019-12-27 21:02:21,248 [INFO] [AsyncResolver-bootstrap-executor-0] c.n.discovery.shared.resolver.aws.ConfigClusterResolver [ConfigClusterResolver.java : 43] Resolving eureka endpoints via configuration
2019-12-27 21:07:21,250 [INFO] [AsyncResolver-bootstrap-executor-0] c.n.discovery.shared.resolver.aws.ConfigClusterResolver [ConfigClusterResolver.java : 43] Resolving eureka endpoints via configuration
2019-12-27 21:12:21,253 [INFO] [AsyncResolver-bootstrap-executor-0] c.n.discovery.shared.resolver.aws.ConfigClusterResolver [ConfigClusterResolver.java : 43] Resolving eureka endpoints via configuration
2019-12-27 21:17:21,256 [INFO] [AsyncResolver-bootstrap-executor-0] c.n.discovery.shared.resolver.aws.ConfigClusterResolver [ConfigClusterResolver.java : 43] Resolving eureka endpoints via configuration
2019-12-27 21:22:21,257 [INFO] [AsyncResolver-bootstrap-executor-0] c.n.discovery.shared.resolver.aws.ConfigClusterResolver [ConfigClusterResolver.java : 43] Resolving eureka endpoints via configuration
2019-12-27 21:27:21,259 [INFO] [AsyncResolver-bootstrap-executor-0] c.n.discovery.shared.resolver.aws.ConfigClusterResolver [ConfigClusterResolver.java : 43] Resolving eureka endpoints via configuration
2019-12-27 21:32:21,260 [INFO] [AsyncResolver-bootstrap-executor-0] c.n.discovery.shared.resolver.aws.ConfigClusterResolver [ConfigClusterResolver.java : 43] Resolving eureka endpoints via configuration
2019-12-27 21:37:21,261 [INFO] [AsyncResolver-bootstrap-executor-0] c.n.discovery.shared.resolver.aws.ConfigClusterResolver [ConfigClusterResolver.java : 43] Resolving eureka endpoints via configuration
2019-12-27 21:42:21,262 [INFO] [AsyncResolver-bootstrap-executor-0] c.n.discovery.shared.resolver.aws.ConfigClusterResolver [ConfigClusterResolver.java : 43] Resolving eureka endpoints via configuration
2019-12-27 21:45:04,879 [INFO] [http-nio-8101-exec-10] com.zaxxer.hikari.HikariDataSource [HikariDataSource.java : 110] HikariPool-1 - Starting...
2019-12-27 21:45:07,047 [INFO] [http-nio-8101-exec-10] com.zaxxer.hikari.HikariDataSource [HikariDataSource.java : 123] HikariPool-1 - Start completed.
2019-12-27 21:47:21,264 [INFO] [AsyncResolver-bootstrap-executor-0] c.n.discovery.shared.resolver.aws.ConfigClusterResolver [ConfigClusterResolver.java : 43] Resolving eureka endpoints via configuration
2019-12-27 21:52:21,266 [INFO] [AsyncResolver-bootstrap-executor-0] c.n.discovery.shared.resolver.aws.ConfigClusterResolver [ConfigClusterResolver.java : 43] Resolving eureka endpoints via configuration
2019-12-27 21:57:21,269 [INFO] [AsyncResolver-bootstrap-executor-0] c.n.discovery.shared.resolver.aws.ConfigClusterResolver [ConfigClusterResolver.java : 43] Resolving eureka endpoints via configuration
2019-12-27 22:02:21,271 [INFO] [AsyncResolver-bootstrap-executor-0] c.n.discovery.shared.resolver.aws.ConfigClusterResolver [ConfigClusterResolver.java : 43] Resolving eureka endpoints via configuration
2019-12-27 22:07:21,272 [INFO] [AsyncResolver-bootstrap-executor-0] c.n.discovery.shared.resolver.aws.ConfigClusterResolver [ConfigClusterResolver.java : 43] Resolving eureka endpoints via configuration
2019-12-27 22:12:21,273 [INFO] [AsyncResolver-bootstrap-executor-0] c.n.discovery.shared.resolver.aws.ConfigClusterResolver [ConfigClusterResolver.java : 43] Resolving eureka endpoints via configuration
2019-12-27 22:17:21,275 [INFO] [AsyncResolver-bootstrap-executor-0] c.n.discovery.shared.resolver.aws.ConfigClusterResolver [ConfigClusterResolver.java : 43] Resolving eureka endpoints via configuration
2019-12-27 22:22:21,276 [INFO] [AsyncResolver-bootstrap-executor-0] c.n.discovery.shared.resolver.aws.ConfigClusterResolver [ConfigClusterResolver.java : 43] Resolving eureka endpoints via configuration
2019-12-27 22:27:21,277 [INFO] [AsyncResolver-bootstrap-executor-0] c.n.discovery.shared.resolver.aws.ConfigClusterResolver [ConfigClusterResolver.java : 43] Resolving eureka endpoints via configuration
2019-12-27 22:32:21,279 [INFO] [AsyncResolver-bootstrap-executor-0] c.n.discovery.shared.resolver.aws.ConfigClusterResolver [ConfigClusterResolver.java : 43] Resolving eureka endpoints via configuration
2019-12-27 22:37:21,281 [INFO] [AsyncResolver-bootstrap-executor-0] c.n.discovery.shared.resolver.aws.ConfigClusterResolver [ConfigClusterResolver.java : 43] Resolving eureka endpoints via configuration
2019-12-27 22:42:21,284 [INFO] [AsyncResolver-bootstrap-executor-0] c.n.discovery.shared.resolver.aws.ConfigClusterResolver [ConfigClusterResolver.java : 43] Resolving eureka endpoints via configuration
2019-12-27 22:47:21,285 [INFO] [AsyncResolver-bootstrap-executor-0] c.n.discovery.shared.resolver.aws.ConfigClusterResolver [ConfigClusterResolver.java : 43] Resolving eureka endpoints via configuration
2019-12-27 22:52:21,288 [INFO] [AsyncResolver-bootstrap-executor-0] c.n.discovery.shared.resolver.aws.ConfigClusterResolver [ConfigClusterResolver.java : 43] Resolving eureka endpoints via configuration
2019-12-27 22:57:21,289 [INFO] [AsyncResolver-bootstrap-executor-0] c.n.discovery.shared.resolver.aws.ConfigClusterResolver [ConfigClusterResolver.java : 43] Resolving eureka endpoints via configuration
2019-12-27 23:02:21,291 [INFO] [AsyncResolver-bootstrap-executor-0] c.n.discovery.shared.resolver.aws.ConfigClusterResolver [ConfigClusterResolver.java : 43] Resolving eureka endpoints via configuration
2019-12-27 23:07:21,292 [INFO] [AsyncResolver-bootstrap-executor-0] c.n.discovery.shared.resolver.aws.ConfigClusterResolver [ConfigClusterResolver.java : 43] Resolving eureka endpoints via configuration
2019-12-27 23:12:21,293 [INFO] [AsyncResolver-bootstrap-executor-0] c.n.discovery.shared.resolver.aws.ConfigClusterResolver [ConfigClusterResolver.java : 43] Resolving eureka endpoints via configuration
2019-12-27 23:17:21,295 [INFO] [AsyncResolver-bootstrap-executor-0] c.n.discovery.shared.resolver.aws.ConfigClusterResolver [ConfigClusterResolver.java : 43] Resolving eureka endpoints via configuration
2019-12-27 23:22:21,297 [INFO] [AsyncResolver-bootstrap-executor-0] c.n.discovery.shared.resolver.aws.ConfigClusterResolver [ConfigClusterResolver.java : 43] Resolving eureka endpoints via configuration
2019-12-27 23:27:21,298 [INFO] [AsyncResolver-bootstrap-executor-0] c.n.discovery.shared.resolver.aws.ConfigClusterResolver [ConfigClusterResolver.java : 43] Resolving eureka endpoints via configuration
2019-12-27 23:32:21,300 [INFO] [AsyncResolver-bootstrap-executor-0] c.n.discovery.shared.resolver.aws.ConfigClusterResolver [ConfigClusterResolver.java : 43] Resolving eureka endpoints via configuration
2019-12-27 23:37:21,302 [INFO] [AsyncResolver-bootstrap-executor-0] c.n.discovery.shared.resolver.aws.ConfigClusterResolver [ConfigClusterResolver.java : 43] Resolving eureka endpoints via configuration
2019-12-27 23:42:21,303 [INFO] [AsyncResolver-bootstrap-executor-0] c.n.discovery.shared.resolver.aws.ConfigClusterResolver [ConfigClusterResolver.java : 43] Resolving eureka endpoints via configuration
2019-12-27 23:47:21,305 [INFO] [AsyncResolver-bootstrap-executor-0] c.n.discovery.shared.resolver.aws.ConfigClusterResolver [ConfigClusterResolver.java : 43] Resolving eureka endpoints via configuration
2019-12-27 23:52:21,307 [INFO] [AsyncResolver-bootstrap-executor-0] c.n.discovery.shared.resolver.aws.ConfigClusterResolver [ConfigClusterResolver.java : 43] Resolving eureka endpoints via configuration
2019-12-27 23:57:21,310 [INFO] [AsyncResolver-bootstrap-executor-0] c.n.discovery.shared.resolver.aws.ConfigClusterResolver [ConfigClusterResolver.java : 43] Resolving eureka endpoints via configuration
