2019-12-26 01:00:05,256 [INFO] [main] o.s.c.s.PostProcessorRegistrationDelegate$BeanPostProcessorChecker [PostProcessorRegistrationDelegate.java : 330] Bean 'org.springframework.cloud.autoconfigure.ConfigurationPropertiesRebinderAutoConfiguration' of type [org.springframework.cloud.autoconfigure.ConfigurationPropertiesRebinderAutoConfiguration] is not eligible for getting processed by all BeanPostProcessors (for example: not eligible for auto-proxying)
2019-12-26 01:00:06,071 [INFO] [main] c.e.m.ManageInformationServiceApplication [SpringApplication.java : 651] No active profile set, falling back to default profiles: default
2019-12-26 01:00:07,354 [WARN] [main] org.springframework.boot.actuate.endpoint.EndpointId [EndpointId.java : 155] Endpoint ID 'hystrix.stream' contains invalid characters, please migrate to a valid format.
2019-12-26 01:00:08,588 [WARN] [main] org.springframework.boot.actuate.endpoint.EndpointId [EndpointId.java : 155] Endpoint ID 'service-registry' contains invalid characters, please migrate to a valid format.
2019-12-26 01:00:09,200 [INFO] [main] org.springframework.cloud.context.scope.GenericScope [GenericScope.java : 295] BeanFactory id=863a76e6-552a-3333-85d9-937dfa8d3807
2019-12-26 01:00:10,033 [INFO] [main] o.s.c.s.PostProcessorRegistrationDelegate$BeanPostProcessorChecker [PostProcessorRegistrationDelegate.java : 330] Bean 'org.springframework.transaction.annotation.ProxyTransactionManagementConfiguration' of type [org.springframework.transaction.annotation.ProxyTransactionManagementConfiguration] is not eligible for getting processed by all BeanPostProcessors (for example: not eligible for auto-proxying)
2019-12-26 01:00:10,457 [INFO] [main] o.s.c.s.PostProcessorRegistrationDelegate$BeanPostProcessorChecker [PostProcessorRegistrationDelegate.java : 330] Bean 'org.springframework.cloud.autoconfigure.ConfigurationPropertiesRebinderAutoConfiguration' of type [org.springframework.cloud.autoconfigure.ConfigurationPropertiesRebinderAutoConfiguration] is not eligible for getting processed by all BeanPostProcessors (for example: not eligible for auto-proxying)
2019-12-26 01:00:11,258 [INFO] [main] org.springframework.boot.web.embedded.tomcat.TomcatWebServer [TomcatWebServer.java : 92] Tomcat initialized with port(s): 8004 (http)
2019-12-26 01:00:11,273 [INFO] [main] org.apache.catalina.core.StandardService [DirectJDKLog.java : 173] Starting service [Tomcat]
2019-12-26 01:00:11,273 [INFO] [main] org.apache.catalina.core.StandardEngine [DirectJDKLog.java : 173] Starting Servlet engine: [Apache Tomcat/9.0.29]
2019-12-26 01:00:11,568 [INFO] [main] o.a.catalina.core.ContainerBase.[Tomcat].[localhost].[/] [DirectJDKLog.java : 173] Initializing Spring embedded WebApplicationContext
2019-12-26 01:00:11,569 [INFO] [main] org.springframework.web.context.ContextLoader [ServletWebServerApplicationContext.java : 284] Root WebApplicationContext: initialization completed in 5469 ms
2019-12-26 01:00:11,719 [WARN] [main] com.netflix.config.sources.URLConfigurationSource [URLConfigurationSource.java : 121] No URLs will be polled as dynamic configuration sources.
2019-12-26 01:00:11,720 [INFO] [main] com.netflix.config.sources.URLConfigurationSource [URLConfigurationSource.java : 122] To enable URLs as dynamic configuration sources, define System property archaius.configurationSource.additionalUrls or make config.properties available on classpath.
2019-12-26 01:00:11,747 [INFO] [main] com.netflix.config.DynamicPropertyFactory [DynamicPropertyFactory.java : 281] DynamicPropertyFactory is initialized with configuration sources: com.netflix.config.ConcurrentCompositeConfiguration@22aee519
2019-12-26 01:00:12,101 [INFO] [main] o.s.boot.actuate.endpoint.web.ServletEndpointRegistrar [ServletEndpointRegistrar.java : 75] Registered '/actuator/hystrix.stream' to hystrix.stream-actuator-endpoint
2019-12-26 01:00:13,381 [INFO] [main] o.s.boot.actuate.endpoint.web.EndpointLinksResolver [EndpointLinksResolver.java : 58] Exposing 1 endpoint(s) beneath base path '/actuator'
2019-12-26 01:00:13,651 [INFO] [main] s.d.spring.web.PropertySourcedRequestMappingHandlerMapping [PropertySourcedRequestMappingHandlerMapping.java : 69] Mapped URL path [/v2/api-docs] onto method [springfox.documentation.swagger2.web.Swagger2Controller#getDocumentation(String, HttpServletRequest)]
2019-12-26 01:00:13,681 [WARN] [main] com.netflix.config.sources.URLConfigurationSource [URLConfigurationSource.java : 121] No URLs will be polled as dynamic configuration sources.
2019-12-26 01:00:13,681 [INFO] [main] com.netflix.config.sources.URLConfigurationSource [URLConfigurationSource.java : 122] To enable URLs as dynamic configuration sources, define System property archaius.configurationSource.additionalUrls or make config.properties available on classpath.
2019-12-26 01:00:15,892 [WARN] [main] o.s.c.l.c.BlockingLoadBalancerClientAutoConfiguration$BlockingLoadBalancerClientRibbonWarnLogger [BlockingLoadBalancerClientAutoConfiguration.java : 106] You already have RibbonLoadBalancerClient on your classpath. It will be used by default. As Spring Cloud Ribbon is in maintenance mode. We recommend switching to BlockingLoadBalancerClient instead. In order to use it, set the value of `spring.cloud.loadbalancer.ribbon.enabled` to `false` or remove spring-cloud-starter-netflix-ribbon from your project.
2019-12-26 01:00:15,961 [WARN] [main] o.s.c.l.c.LoadBalancerCacheAutoConfiguration$LoadBalancerCaffeineWarnLogger [LoadBalancerCacheAutoConfiguration.java : 81] Spring Cloud LoadBalancer is currently working with default default cache. You can switch to using Caffeine cache, by adding it to the classpath.
2019-12-26 01:00:16,035 [INFO] [main] org.springframework.cloud.netflix.eureka.InstanceInfoFactory [InstanceInfoFactory.java : 72] Setting initial instance status as: STARTING
2019-12-26 01:00:16,156 [INFO] [main] com.netflix.discovery.DiscoveryClient [DiscoveryClient.java : 365] Initializing Eureka in region us-east-1
2019-12-26 01:00:16,499 [INFO] [main] com.netflix.discovery.provider.DiscoveryJerseyProvider [DiscoveryJerseyProvider.java : 70] Using JSON encoding codec LegacyJacksonJson
2019-12-26 01:00:16,500 [INFO] [main] com.netflix.discovery.provider.DiscoveryJerseyProvider [DiscoveryJerseyProvider.java : 71] Using JSON decoding codec LegacyJacksonJson
2019-12-26 01:00:16,713 [INFO] [main] com.netflix.discovery.provider.DiscoveryJerseyProvider [DiscoveryJerseyProvider.java : 80] Using XML encoding codec XStreamXml
2019-12-26 01:00:16,713 [INFO] [main] com.netflix.discovery.provider.DiscoveryJerseyProvider [DiscoveryJerseyProvider.java : 81] Using XML decoding codec XStreamXml
2019-12-26 01:00:16,935 [INFO] [main] c.n.discovery.shared.resolver.aws.ConfigClusterResolver [ConfigClusterResolver.java : 43] Resolving eureka endpoints via configuration
2019-12-26 01:00:17,408 [INFO] [main] com.netflix.discovery.DiscoveryClient [DiscoveryClient.java : 976] Disable delta property : false
2019-12-26 01:00:17,417 [INFO] [main] com.netflix.discovery.DiscoveryClient [DiscoveryClient.java : 977] Single vip registry refresh property : null
2019-12-26 01:00:17,418 [INFO] [main] com.netflix.discovery.DiscoveryClient [DiscoveryClient.java : 978] Force full registry fetch : false
2019-12-26 01:00:17,434 [INFO] [main] com.netflix.discovery.DiscoveryClient [DiscoveryClient.java : 979] Application is null : false
2019-12-26 01:00:17,434 [INFO] [main] com.netflix.discovery.DiscoveryClient [DiscoveryClient.java : 980] Registered Applications size is zero : true
2019-12-26 01:00:17,434 [INFO] [main] com.netflix.discovery.DiscoveryClient [DiscoveryClient.java : 982] Application version is -1: true
2019-12-26 01:00:17,435 [INFO] [main] com.netflix.discovery.DiscoveryClient [DiscoveryClient.java : 1065] Getting all instance registry info from the eureka server
2019-12-26 01:00:17,734 [INFO] [main] com.netflix.discovery.DiscoveryClient [DiscoveryClient.java : 1074] The response status is 200
2019-12-26 01:00:17,738 [INFO] [main] com.netflix.discovery.DiscoveryClient [DiscoveryClient.java : 1288] Starting heartbeat executor: renew interval is: 30
2019-12-26 01:00:17,743 [INFO] [main] com.netflix.discovery.InstanceInfoReplicator [InstanceInfoReplicator.java : 60] InstanceInfoReplicator onDemand update allowed rate per min is 4
2019-12-26 01:00:17,752 [INFO] [main] com.netflix.discovery.DiscoveryClient [DiscoveryClient.java : 465] Discovery Client initialized at timestamp 1577293217750 with initial instances count: 3
2019-12-26 01:00:17,756 [INFO] [main] o.s.c.netflix.eureka.serviceregistry.EurekaServiceRegistry [EurekaServiceRegistry.java : 41] Registering application MANAGEINFORMATION-PRODUCER with eureka with status UP
2019-12-26 01:00:17,758 [INFO] [main] com.netflix.discovery.DiscoveryClient [DiscoveryClient.java : 1323] Saw local status change event StatusChangeEvent [timestamp=1577293217758, current=UP, previous=STARTING]
2019-12-26 01:00:17,765 [INFO] [main] s.d.spring.web.plugins.DocumentationPluginsBootstrapper [DocumentationPluginsBootstrapper.java : 160] Context refreshed
2019-12-26 01:00:17,770 [INFO] [DiscoveryClient-InstanceInfoReplicator-0] com.netflix.discovery.DiscoveryClient [DiscoveryClient.java : 844] DiscoveryClient_MANAGEINFORMATION-PRODUCER/LAPTOP-9V9UUKHU:manageInformation-producer:8004: registering service...
2019-12-26 01:00:17,817 [INFO] [main] s.d.spring.web.plugins.DocumentationPluginsBootstrapper [DocumentationPluginsBootstrapper.java : 163] Found 1 custom documentation plugin(s)
2019-12-26 01:00:17,822 [INFO] [DiscoveryClient-InstanceInfoReplicator-0] com.netflix.discovery.DiscoveryClient [DiscoveryClient.java : 853] DiscoveryClient_MANAGEINFORMATION-PRODUCER/LAPTOP-9V9UUKHU:manageInformation-producer:8004 - registration status: 204
2019-12-26 01:00:17,884 [INFO] [main] s.d.spring.web.scanners.ApiListingReferenceScanner [ApiListingReferenceScanner.java : 41] Scanning for api listing references
2019-12-26 01:00:18,260 [INFO] [main] org.springframework.boot.web.embedded.tomcat.TomcatWebServer [TomcatWebServer.java : 204] Tomcat started on port(s): 8004 (http) with context path ''
2019-12-26 01:00:18,261 [INFO] [main] o.s.c.n.eureka.serviceregistry.EurekaAutoServiceRegistration [EurekaAutoServiceRegistration.java : 145] Updating port to 8004
2019-12-26 01:00:18,849 [INFO] [main] c.e.m.ManageInformationServiceApplication [StartupInfoLogger.java : 61] Started ManageInformationServiceApplication in 16.37 seconds (JVM running for 17.77)
2019-12-26 01:01:36,196 [INFO] [http-nio-8004-exec-10] o.a.catalina.core.ContainerBase.[Tomcat].[localhost].[/] [DirectJDKLog.java : 173] Initializing Spring DispatcherServlet 'dispatcherServlet'
2019-12-26 01:01:36,196 [INFO] [http-nio-8004-exec-10] org.springframework.web.servlet.DispatcherServlet [FrameworkServlet.java : 525] Initializing Servlet 'dispatcherServlet'
2019-12-26 01:01:36,211 [INFO] [http-nio-8004-exec-10] org.springframework.web.servlet.DispatcherServlet [FrameworkServlet.java : 547] Completed initialization in 15 ms
2019-12-26 01:01:36,329 [INFO] [http-nio-8004-exec-10] com.zaxxer.hikari.HikariDataSource [HikariDataSource.java : 110] HikariPool-1 - Starting...
2019-12-26 01:01:36,879 [INFO] [http-nio-8004-exec-10] com.zaxxer.hikari.HikariDataSource [HikariDataSource.java : 123] HikariPool-1 - Start completed.
2019-12-26 01:01:36,891 [DEBUG] [http-nio-8004-exec-10] c.e.m.mapper.InformationMapper.getUserInfoByuID [BaseJdbcLogger.java : 143] ==>  Preparing: select * from Lol_UserInfo where uID = ? 
2019-12-26 01:01:36,926 [DEBUG] [http-nio-8004-exec-10] c.e.m.mapper.InformationMapper.getUserInfoByuID [BaseJdbcLogger.java : 143] ==> Parameters: 1(Integer)
2019-12-26 01:01:37,021 [TRACE] [http-nio-8004-exec-10] c.e.m.mapper.InformationMapper.getUserInfoByuID [BaseJdbcLogger.java : 149] <==    Columns: uID, nickName, icon, gender, lolAccount, prefer
2019-12-26 01:01:37,022 [TRACE] [http-nio-8004-exec-10] c.e.m.mapper.InformationMapper.getUserInfoByuID [BaseJdbcLogger.java : 149] <==        Row: 1, ff12, default.jpg, 0, null, 2
2019-12-26 01:01:37,024 [DEBUG] [http-nio-8004-exec-10] c.e.m.mapper.InformationMapper.getUserInfoByuID [BaseJdbcLogger.java : 143] <==      Total: 1
2019-12-26 01:02:10,948 [DEBUG] [http-nio-8004-exec-9] c.e.m.mapper.InformationMapper.getUserInfoByuID [BaseJdbcLogger.java : 143] ==>  Preparing: select * from Lol_UserInfo where uID = ? 
2019-12-26 01:02:10,949 [DEBUG] [http-nio-8004-exec-9] c.e.m.mapper.InformationMapper.getUserInfoByuID [BaseJdbcLogger.java : 143] ==> Parameters: 1(Integer)
2019-12-26 01:02:10,985 [TRACE] [http-nio-8004-exec-9] c.e.m.mapper.InformationMapper.getUserInfoByuID [BaseJdbcLogger.java : 149] <==    Columns: uID, nickName, icon, gender, lolAccount, prefer
2019-12-26 01:02:10,987 [TRACE] [http-nio-8004-exec-9] c.e.m.mapper.InformationMapper.getUserInfoByuID [BaseJdbcLogger.java : 149] <==        Row: 1, ff12, default.jpg, 0, null, 2
2019-12-26 01:02:10,989 [DEBUG] [http-nio-8004-exec-9] c.e.m.mapper.InformationMapper.getUserInfoByuID [BaseJdbcLogger.java : 143] <==      Total: 1
2019-12-26 01:05:17,445 [INFO] [AsyncResolver-bootstrap-executor-0] c.n.discovery.shared.resolver.aws.ConfigClusterResolver [ConfigClusterResolver.java : 43] Resolving eureka endpoints via configuration
2019-12-26 01:10:17,448 [INFO] [AsyncResolver-bootstrap-executor-0] c.n.discovery.shared.resolver.aws.ConfigClusterResolver [ConfigClusterResolver.java : 43] Resolving eureka endpoints via configuration
2019-12-26 01:15:17,450 [INFO] [AsyncResolver-bootstrap-executor-0] c.n.discovery.shared.resolver.aws.ConfigClusterResolver [ConfigClusterResolver.java : 43] Resolving eureka endpoints via configuration
2019-12-26 16:42:07,647 [INFO] [main] o.s.c.s.PostProcessorRegistrationDelegate$BeanPostProcessorChecker [PostProcessorRegistrationDelegate.java : 330] Bean 'org.springframework.cloud.autoconfigure.ConfigurationPropertiesRebinderAutoConfiguration' of type [org.springframework.cloud.autoconfigure.ConfigurationPropertiesRebinderAutoConfiguration] is not eligible for getting processed by all BeanPostProcessors (for example: not eligible for auto-proxying)
2019-12-26 16:42:08,283 [INFO] [main] c.e.m.ManageInformationServiceApplication [SpringApplication.java : 651] No active profile set, falling back to default profiles: default
2019-12-26 16:42:09,196 [WARN] [main] org.springframework.boot.actuate.endpoint.EndpointId [EndpointId.java : 155] Endpoint ID 'hystrix.stream' contains invalid characters, please migrate to a valid format.
2019-12-26 16:42:09,781 [WARN] [main] org.springframework.boot.actuate.endpoint.EndpointId [EndpointId.java : 155] Endpoint ID 'service-registry' contains invalid characters, please migrate to a valid format.
2019-12-26 16:42:09,967 [INFO] [main] org.springframework.cloud.context.scope.GenericScope [GenericScope.java : 295] BeanFactory id=863a76e6-552a-3333-85d9-937dfa8d3807
2019-12-26 16:42:10,182 [INFO] [main] o.s.c.s.PostProcessorRegistrationDelegate$BeanPostProcessorChecker [PostProcessorRegistrationDelegate.java : 330] Bean 'org.springframework.transaction.annotation.ProxyTransactionManagementConfiguration' of type [org.springframework.transaction.annotation.ProxyTransactionManagementConfiguration] is not eligible for getting processed by all BeanPostProcessors (for example: not eligible for auto-proxying)
2019-12-26 16:42:10,456 [INFO] [main] o.s.c.s.PostProcessorRegistrationDelegate$BeanPostProcessorChecker [PostProcessorRegistrationDelegate.java : 330] Bean 'org.springframework.cloud.autoconfigure.ConfigurationPropertiesRebinderAutoConfiguration' of type [org.springframework.cloud.autoconfigure.ConfigurationPropertiesRebinderAutoConfiguration] is not eligible for getting processed by all BeanPostProcessors (for example: not eligible for auto-proxying)
2019-12-26 16:42:11,088 [INFO] [main] org.springframework.boot.web.embedded.tomcat.TomcatWebServer [TomcatWebServer.java : 92] Tomcat initialized with port(s): 8004 (http)
2019-12-26 16:42:11,099 [INFO] [main] org.apache.catalina.core.StandardService [DirectJDKLog.java : 173] Starting service [Tomcat]
2019-12-26 16:42:11,100 [INFO] [main] org.apache.catalina.core.StandardEngine [DirectJDKLog.java : 173] Starting Servlet engine: [Apache Tomcat/9.0.29]
2019-12-26 16:42:11,318 [INFO] [main] o.a.catalina.core.ContainerBase.[Tomcat].[localhost].[/] [DirectJDKLog.java : 173] Initializing Spring embedded WebApplicationContext
2019-12-26 16:42:11,325 [INFO] [main] org.springframework.web.context.ContextLoader [ServletWebServerApplicationContext.java : 284] Root WebApplicationContext: initialization completed in 3016 ms
2019-12-26 16:42:11,437 [WARN] [main] com.netflix.config.sources.URLConfigurationSource [URLConfigurationSource.java : 121] No URLs will be polled as dynamic configuration sources.
2019-12-26 16:42:11,437 [INFO] [main] com.netflix.config.sources.URLConfigurationSource [URLConfigurationSource.java : 122] To enable URLs as dynamic configuration sources, define System property archaius.configurationSource.additionalUrls or make config.properties available on classpath.
2019-12-26 16:42:11,451 [INFO] [main] com.netflix.config.DynamicPropertyFactory [DynamicPropertyFactory.java : 281] DynamicPropertyFactory is initialized with configuration sources: com.netflix.config.ConcurrentCompositeConfiguration@a69f9d
2019-12-26 16:42:11,680 [INFO] [main] o.s.boot.actuate.endpoint.web.ServletEndpointRegistrar [ServletEndpointRegistrar.java : 75] Registered '/actuator/hystrix.stream' to hystrix.stream-actuator-endpoint
2019-12-26 16:42:12,278 [INFO] [main] o.s.boot.actuate.endpoint.web.EndpointLinksResolver [EndpointLinksResolver.java : 58] Exposing 1 endpoint(s) beneath base path '/actuator'
2019-12-26 16:42:12,480 [INFO] [main] s.d.spring.web.PropertySourcedRequestMappingHandlerMapping [PropertySourcedRequestMappingHandlerMapping.java : 69] Mapped URL path [/v2/api-docs] onto method [springfox.documentation.swagger2.web.Swagger2Controller#getDocumentation(String, HttpServletRequest)]
2019-12-26 16:42:12,504 [WARN] [main] com.netflix.config.sources.URLConfigurationSource [URLConfigurationSource.java : 121] No URLs will be polled as dynamic configuration sources.
2019-12-26 16:42:12,505 [INFO] [main] com.netflix.config.sources.URLConfigurationSource [URLConfigurationSource.java : 122] To enable URLs as dynamic configuration sources, define System property archaius.configurationSource.additionalUrls or make config.properties available on classpath.
2019-12-26 16:42:14,222 [WARN] [main] o.s.c.l.c.BlockingLoadBalancerClientAutoConfiguration$BlockingLoadBalancerClientRibbonWarnLogger [BlockingLoadBalancerClientAutoConfiguration.java : 106] You already have RibbonLoadBalancerClient on your classpath. It will be used by default. As Spring Cloud Ribbon is in maintenance mode. We recommend switching to BlockingLoadBalancerClient instead. In order to use it, set the value of `spring.cloud.loadbalancer.ribbon.enabled` to `false` or remove spring-cloud-starter-netflix-ribbon from your project.
2019-12-26 16:42:14,263 [WARN] [main] o.s.c.l.c.LoadBalancerCacheAutoConfiguration$LoadBalancerCaffeineWarnLogger [LoadBalancerCacheAutoConfiguration.java : 81] Spring Cloud LoadBalancer is currently working with default default cache. You can switch to using Caffeine cache, by adding it to the classpath.
2019-12-26 16:42:14,312 [INFO] [main] org.springframework.cloud.netflix.eureka.InstanceInfoFactory [InstanceInfoFactory.java : 72] Setting initial instance status as: STARTING
2019-12-26 16:42:14,377 [INFO] [main] com.netflix.discovery.DiscoveryClient [DiscoveryClient.java : 365] Initializing Eureka in region us-east-1
2019-12-26 16:42:14,539 [INFO] [main] com.netflix.discovery.provider.DiscoveryJerseyProvider [DiscoveryJerseyProvider.java : 70] Using JSON encoding codec LegacyJacksonJson
2019-12-26 16:42:14,540 [INFO] [main] com.netflix.discovery.provider.DiscoveryJerseyProvider [DiscoveryJerseyProvider.java : 71] Using JSON decoding codec LegacyJacksonJson
2019-12-26 16:42:14,680 [INFO] [main] com.netflix.discovery.provider.DiscoveryJerseyProvider [DiscoveryJerseyProvider.java : 80] Using XML encoding codec XStreamXml
2019-12-26 16:42:14,680 [INFO] [main] com.netflix.discovery.provider.DiscoveryJerseyProvider [DiscoveryJerseyProvider.java : 81] Using XML decoding codec XStreamXml
2019-12-26 16:42:14,845 [INFO] [main] c.n.discovery.shared.resolver.aws.ConfigClusterResolver [ConfigClusterResolver.java : 43] Resolving eureka endpoints via configuration
2019-12-26 16:42:15,177 [INFO] [main] com.netflix.discovery.DiscoveryClient [DiscoveryClient.java : 976] Disable delta property : false
2019-12-26 16:42:15,178 [INFO] [main] com.netflix.discovery.DiscoveryClient [DiscoveryClient.java : 977] Single vip registry refresh property : null
2019-12-26 16:42:15,178 [INFO] [main] com.netflix.discovery.DiscoveryClient [DiscoveryClient.java : 978] Force full registry fetch : false
2019-12-26 16:42:15,179 [INFO] [main] com.netflix.discovery.DiscoveryClient [DiscoveryClient.java : 979] Application is null : false
2019-12-26 16:42:15,179 [INFO] [main] com.netflix.discovery.DiscoveryClient [DiscoveryClient.java : 980] Registered Applications size is zero : true
2019-12-26 16:42:15,179 [INFO] [main] com.netflix.discovery.DiscoveryClient [DiscoveryClient.java : 982] Application version is -1: true
2019-12-26 16:42:15,180 [INFO] [main] com.netflix.discovery.DiscoveryClient [DiscoveryClient.java : 1065] Getting all instance registry info from the eureka server
2019-12-26 16:42:15,343 [INFO] [main] com.netflix.discovery.DiscoveryClient [DiscoveryClient.java : 1074] The response status is 200
2019-12-26 16:42:15,346 [INFO] [main] com.netflix.discovery.DiscoveryClient [DiscoveryClient.java : 1288] Starting heartbeat executor: renew interval is: 30
2019-12-26 16:42:15,349 [INFO] [main] com.netflix.discovery.InstanceInfoReplicator [InstanceInfoReplicator.java : 60] InstanceInfoReplicator onDemand update allowed rate per min is 4
2019-12-26 16:42:15,353 [INFO] [main] com.netflix.discovery.DiscoveryClient [DiscoveryClient.java : 465] Discovery Client initialized at timestamp 1577349735352 with initial instances count: 3
2019-12-26 16:42:15,356 [INFO] [main] o.s.c.netflix.eureka.serviceregistry.EurekaServiceRegistry [EurekaServiceRegistry.java : 41] Registering application MANAGEINFORMATION-PRODUCER with eureka with status UP
2019-12-26 16:42:15,358 [INFO] [main] com.netflix.discovery.DiscoveryClient [DiscoveryClient.java : 1323] Saw local status change event StatusChangeEvent [timestamp=1577349735358, current=UP, previous=STARTING]
2019-12-26 16:42:15,361 [INFO] [main] s.d.spring.web.plugins.DocumentationPluginsBootstrapper [DocumentationPluginsBootstrapper.java : 160] Context refreshed
2019-12-26 16:42:15,362 [INFO] [DiscoveryClient-InstanceInfoReplicator-0] com.netflix.discovery.DiscoveryClient [DiscoveryClient.java : 844] DiscoveryClient_MANAGEINFORMATION-PRODUCER/LAPTOP-9V9UUKHU:manageInformation-producer:8004: registering service...
2019-12-26 16:42:15,393 [INFO] [main] s.d.spring.web.plugins.DocumentationPluginsBootstrapper [DocumentationPluginsBootstrapper.java : 163] Found 1 custom documentation plugin(s)
2019-12-26 16:42:15,397 [INFO] [DiscoveryClient-InstanceInfoReplicator-0] com.netflix.discovery.DiscoveryClient [DiscoveryClient.java : 853] DiscoveryClient_MANAGEINFORMATION-PRODUCER/LAPTOP-9V9UUKHU:manageInformation-producer:8004 - registration status: 204
2019-12-26 16:42:15,434 [INFO] [main] s.d.spring.web.scanners.ApiListingReferenceScanner [ApiListingReferenceScanner.java : 41] Scanning for api listing references
2019-12-26 16:42:15,657 [INFO] [main] org.springframework.boot.web.embedded.tomcat.TomcatWebServer [TomcatWebServer.java : 204] Tomcat started on port(s): 8004 (http) with context path ''
2019-12-26 16:42:15,659 [INFO] [main] o.s.c.n.eureka.serviceregistry.EurekaAutoServiceRegistration [EurekaAutoServiceRegistration.java : 145] Updating port to 8004
2019-12-26 16:42:16,138 [INFO] [main] c.e.m.ManageInformationServiceApplication [StartupInfoLogger.java : 61] Started ManageInformationServiceApplication in 10.11 seconds (JVM running for 10.866)
2019-12-26 16:43:13,962 [INFO] [http-nio-8004-exec-1] o.a.catalina.core.ContainerBase.[Tomcat].[localhost].[/] [DirectJDKLog.java : 173] Initializing Spring DispatcherServlet 'dispatcherServlet'
2019-12-26 16:43:13,963 [INFO] [http-nio-8004-exec-1] org.springframework.web.servlet.DispatcherServlet [FrameworkServlet.java : 525] Initializing Servlet 'dispatcherServlet'
2019-12-26 16:43:14,019 [INFO] [http-nio-8004-exec-1] org.springframework.web.servlet.DispatcherServlet [FrameworkServlet.java : 547] Completed initialization in 14 ms
2019-12-26 16:43:14,164 [INFO] [http-nio-8004-exec-1] com.zaxxer.hikari.HikariDataSource [HikariDataSource.java : 110] HikariPool-1 - Starting...
2019-12-26 16:43:14,826 [INFO] [http-nio-8004-exec-1] com.zaxxer.hikari.HikariDataSource [HikariDataSource.java : 123] HikariPool-1 - Start completed.
2019-12-26 16:43:14,840 [DEBUG] [http-nio-8004-exec-1] c.e.m.mapper.InformationMapper.getUserInfoByuID [BaseJdbcLogger.java : 143] ==>  Preparing: select * from Lol_UserInfo where uID = ? 
2019-12-26 16:43:14,902 [DEBUG] [http-nio-8004-exec-1] c.e.m.mapper.InformationMapper.getUserInfoByuID [BaseJdbcLogger.java : 143] ==> Parameters: 1(Integer)
2019-12-26 16:43:15,010 [TRACE] [http-nio-8004-exec-1] c.e.m.mapper.InformationMapper.getUserInfoByuID [BaseJdbcLogger.java : 149] <==    Columns: uID, nickName, icon, gender, lolAccount, prefer
2019-12-26 16:43:15,011 [TRACE] [http-nio-8004-exec-1] c.e.m.mapper.InformationMapper.getUserInfoByuID [BaseJdbcLogger.java : 149] <==        Row: 1, ff12, default.jpg, 0, null, 2
2019-12-26 16:43:15,013 [DEBUG] [http-nio-8004-exec-1] c.e.m.mapper.InformationMapper.getUserInfoByuID [BaseJdbcLogger.java : 143] <==      Total: 1
2019-12-26 16:45:50,706 [DEBUG] [http-nio-8004-exec-3] c.e.m.mapper.InformationMapper.getUserInfoByuID [BaseJdbcLogger.java : 143] ==>  Preparing: select * from Lol_UserInfo where uID = ? 
2019-12-26 16:45:50,707 [DEBUG] [http-nio-8004-exec-3] c.e.m.mapper.InformationMapper.getUserInfoByuID [BaseJdbcLogger.java : 143] ==> Parameters: 1(Integer)
2019-12-26 16:45:50,747 [TRACE] [http-nio-8004-exec-3] c.e.m.mapper.InformationMapper.getUserInfoByuID [BaseJdbcLogger.java : 149] <==    Columns: uID, nickName, icon, gender, lolAccount, prefer
2019-12-26 16:45:50,747 [TRACE] [http-nio-8004-exec-3] c.e.m.mapper.InformationMapper.getUserInfoByuID [BaseJdbcLogger.java : 149] <==        Row: 1, ff12, default.jpg, 0, null, 2
2019-12-26 16:45:50,748 [DEBUG] [http-nio-8004-exec-3] c.e.m.mapper.InformationMapper.getUserInfoByuID [BaseJdbcLogger.java : 143] <==      Total: 1
2019-12-26 16:47:15,184 [INFO] [AsyncResolver-bootstrap-executor-0] c.n.discovery.shared.resolver.aws.ConfigClusterResolver [ConfigClusterResolver.java : 43] Resolving eureka endpoints via configuration
2019-12-26 16:52:15,186 [INFO] [AsyncResolver-bootstrap-executor-0] c.n.discovery.shared.resolver.aws.ConfigClusterResolver [ConfigClusterResolver.java : 43] Resolving eureka endpoints via configuration
2019-12-26 16:57:15,188 [INFO] [AsyncResolver-bootstrap-executor-0] c.n.discovery.shared.resolver.aws.ConfigClusterResolver [ConfigClusterResolver.java : 43] Resolving eureka endpoints via configuration
2019-12-26 17:02:15,190 [INFO] [AsyncResolver-bootstrap-executor-0] c.n.discovery.shared.resolver.aws.ConfigClusterResolver [ConfigClusterResolver.java : 43] Resolving eureka endpoints via configuration
2019-12-26 17:07:15,192 [INFO] [AsyncResolver-bootstrap-executor-0] c.n.discovery.shared.resolver.aws.ConfigClusterResolver [ConfigClusterResolver.java : 43] Resolving eureka endpoints via configuration
2019-12-26 17:12:15,193 [INFO] [AsyncResolver-bootstrap-executor-0] c.n.discovery.shared.resolver.aws.ConfigClusterResolver [ConfigClusterResolver.java : 43] Resolving eureka endpoints via configuration
2019-12-26 17:17:15,195 [INFO] [AsyncResolver-bootstrap-executor-0] c.n.discovery.shared.resolver.aws.ConfigClusterResolver [ConfigClusterResolver.java : 43] Resolving eureka endpoints via configuration
2019-12-26 17:22:15,196 [INFO] [AsyncResolver-bootstrap-executor-0] c.n.discovery.shared.resolver.aws.ConfigClusterResolver [ConfigClusterResolver.java : 43] Resolving eureka endpoints via configuration
2019-12-26 17:27:15,198 [INFO] [AsyncResolver-bootstrap-executor-0] c.n.discovery.shared.resolver.aws.ConfigClusterResolver [ConfigClusterResolver.java : 43] Resolving eureka endpoints via configuration
2019-12-26 17:32:15,199 [INFO] [AsyncResolver-bootstrap-executor-0] c.n.discovery.shared.resolver.aws.ConfigClusterResolver [ConfigClusterResolver.java : 43] Resolving eureka endpoints via configuration
2019-12-26 17:37:15,201 [INFO] [AsyncResolver-bootstrap-executor-0] c.n.discovery.shared.resolver.aws.ConfigClusterResolver [ConfigClusterResolver.java : 43] Resolving eureka endpoints via configuration
2019-12-26 17:42:15,202 [INFO] [AsyncResolver-bootstrap-executor-0] c.n.discovery.shared.resolver.aws.ConfigClusterResolver [ConfigClusterResolver.java : 43] Resolving eureka endpoints via configuration
2019-12-26 17:45:42,802 [DEBUG] [http-nio-8004-exec-5] c.e.m.mapper.InformationMapper.getUserInfoByuID [BaseJdbcLogger.java : 143] ==>  Preparing: select * from Lol_UserInfo where uID = ? 
2019-12-26 17:45:42,807 [DEBUG] [http-nio-8004-exec-5] c.e.m.mapper.InformationMapper.getUserInfoByuID [BaseJdbcLogger.java : 143] ==> Parameters: 1(Integer)
2019-12-26 17:45:42,876 [TRACE] [http-nio-8004-exec-5] c.e.m.mapper.InformationMapper.getUserInfoByuID [BaseJdbcLogger.java : 149] <==    Columns: uID, nickName, icon, gender, lolAccount, prefer
2019-12-26 17:45:42,877 [TRACE] [http-nio-8004-exec-5] c.e.m.mapper.InformationMapper.getUserInfoByuID [BaseJdbcLogger.java : 149] <==        Row: 1, ff12, default.jpg, 0, null, 2
2019-12-26 17:45:42,879 [DEBUG] [http-nio-8004-exec-5] c.e.m.mapper.InformationMapper.getUserInfoByuID [BaseJdbcLogger.java : 143] <==      Total: 1
2019-12-26 17:47:15,204 [INFO] [AsyncResolver-bootstrap-executor-0] c.n.discovery.shared.resolver.aws.ConfigClusterResolver [ConfigClusterResolver.java : 43] Resolving eureka endpoints via configuration
2019-12-26 17:52:15,206 [INFO] [AsyncResolver-bootstrap-executor-0] c.n.discovery.shared.resolver.aws.ConfigClusterResolver [ConfigClusterResolver.java : 43] Resolving eureka endpoints via configuration
2019-12-26 17:57:15,207 [INFO] [AsyncResolver-bootstrap-executor-0] c.n.discovery.shared.resolver.aws.ConfigClusterResolver [ConfigClusterResolver.java : 43] Resolving eureka endpoints via configuration
2019-12-26 18:02:15,209 [INFO] [AsyncResolver-bootstrap-executor-0] c.n.discovery.shared.resolver.aws.ConfigClusterResolver [ConfigClusterResolver.java : 43] Resolving eureka endpoints via configuration
2019-12-26 18:07:15,211 [INFO] [AsyncResolver-bootstrap-executor-0] c.n.discovery.shared.resolver.aws.ConfigClusterResolver [ConfigClusterResolver.java : 43] Resolving eureka endpoints via configuration
2019-12-26 18:12:15,212 [INFO] [AsyncResolver-bootstrap-executor-0] c.n.discovery.shared.resolver.aws.ConfigClusterResolver [ConfigClusterResolver.java : 43] Resolving eureka endpoints via configuration
2019-12-26 18:17:15,215 [INFO] [AsyncResolver-bootstrap-executor-0] c.n.discovery.shared.resolver.aws.ConfigClusterResolver [ConfigClusterResolver.java : 43] Resolving eureka endpoints via configuration
2019-12-26 18:22:15,217 [INFO] [AsyncResolver-bootstrap-executor-0] c.n.discovery.shared.resolver.aws.ConfigClusterResolver [ConfigClusterResolver.java : 43] Resolving eureka endpoints via configuration
2019-12-26 18:27:15,218 [INFO] [AsyncResolver-bootstrap-executor-0] c.n.discovery.shared.resolver.aws.ConfigClusterResolver [ConfigClusterResolver.java : 43] Resolving eureka endpoints via configuration
2019-12-26 18:32:15,221 [INFO] [AsyncResolver-bootstrap-executor-0] c.n.discovery.shared.resolver.aws.ConfigClusterResolver [ConfigClusterResolver.java : 43] Resolving eureka endpoints via configuration
2019-12-26 18:33:00,652 [WARN] [http-nio-8004-exec-7] com.zaxxer.hikari.pool.PoolBase [PoolBase.java : 179] HikariPool-1 - Failed to validate connection com.mysql.cj.jdbc.ConnectionImpl@c23c57e (No operations allowed after connection closed.). Possibly consider using a shorter maxLifetime value.
2019-12-26 18:33:13,738 [INFO] [main] o.s.c.s.PostProcessorRegistrationDelegate$BeanPostProcessorChecker [PostProcessorRegistrationDelegate.java : 330] Bean 'org.springframework.cloud.autoconfigure.ConfigurationPropertiesRebinderAutoConfiguration' of type [org.springframework.cloud.autoconfigure.ConfigurationPropertiesRebinderAutoConfiguration] is not eligible for getting processed by all BeanPostProcessors (for example: not eligible for auto-proxying)
2019-12-26 18:33:14,556 [INFO] [main] c.e.m.ManageInformationServiceApplication [SpringApplication.java : 651] No active profile set, falling back to default profiles: default
2019-12-26 18:33:15,768 [WARN] [main] org.springframework.boot.actuate.endpoint.EndpointId [EndpointId.java : 155] Endpoint ID 'hystrix.stream' contains invalid characters, please migrate to a valid format.
2019-12-26 18:33:16,403 [WARN] [main] org.springframework.boot.actuate.endpoint.EndpointId [EndpointId.java : 155] Endpoint ID 'service-registry' contains invalid characters, please migrate to a valid format.
2019-12-26 18:33:16,608 [INFO] [main] org.springframework.cloud.context.scope.GenericScope [GenericScope.java : 295] BeanFactory id=863a76e6-552a-3333-85d9-937dfa8d3807
2019-12-26 18:33:16,846 [INFO] [main] o.s.c.s.PostProcessorRegistrationDelegate$BeanPostProcessorChecker [PostProcessorRegistrationDelegate.java : 330] Bean 'org.springframework.transaction.annotation.ProxyTransactionManagementConfiguration' of type [org.springframework.transaction.annotation.ProxyTransactionManagementConfiguration] is not eligible for getting processed by all BeanPostProcessors (for example: not eligible for auto-proxying)
2019-12-26 18:33:17,128 [INFO] [main] o.s.c.s.PostProcessorRegistrationDelegate$BeanPostProcessorChecker [PostProcessorRegistrationDelegate.java : 330] Bean 'org.springframework.cloud.autoconfigure.ConfigurationPropertiesRebinderAutoConfiguration' of type [org.springframework.cloud.autoconfigure.ConfigurationPropertiesRebinderAutoConfiguration] is not eligible for getting processed by all BeanPostProcessors (for example: not eligible for auto-proxying)
2019-12-26 18:33:17,812 [INFO] [main] org.springframework.boot.web.embedded.tomcat.TomcatWebServer [TomcatWebServer.java : 92] Tomcat initialized with port(s): 8004 (http)
2019-12-26 18:33:17,823 [INFO] [main] org.apache.catalina.core.StandardService [DirectJDKLog.java : 173] Starting service [Tomcat]
2019-12-26 18:33:17,824 [INFO] [main] org.apache.catalina.core.StandardEngine [DirectJDKLog.java : 173] Starting Servlet engine: [Apache Tomcat/9.0.29]
2019-12-26 18:33:18,103 [INFO] [main] o.a.catalina.core.ContainerBase.[Tomcat].[localhost].[/] [DirectJDKLog.java : 173] Initializing Spring embedded WebApplicationContext
2019-12-26 18:33:18,104 [INFO] [main] org.springframework.web.context.ContextLoader [ServletWebServerApplicationContext.java : 284] Root WebApplicationContext: initialization completed in 3503 ms
2019-12-26 18:33:18,239 [WARN] [main] com.netflix.config.sources.URLConfigurationSource [URLConfigurationSource.java : 121] No URLs will be polled as dynamic configuration sources.
2019-12-26 18:33:18,241 [INFO] [main] com.netflix.config.sources.URLConfigurationSource [URLConfigurationSource.java : 122] To enable URLs as dynamic configuration sources, define System property archaius.configurationSource.additionalUrls or make config.properties available on classpath.
2019-12-26 18:33:18,258 [INFO] [main] com.netflix.config.DynamicPropertyFactory [DynamicPropertyFactory.java : 281] DynamicPropertyFactory is initialized with configuration sources: com.netflix.config.ConcurrentCompositeConfiguration@77c692b4
2019-12-26 18:33:18,604 [INFO] [main] o.s.boot.actuate.endpoint.web.ServletEndpointRegistrar [ServletEndpointRegistrar.java : 75] Registered '/actuator/hystrix.stream' to hystrix.stream-actuator-endpoint
2019-12-26 18:33:19,329 [INFO] [main] o.s.boot.actuate.endpoint.web.EndpointLinksResolver [EndpointLinksResolver.java : 58] Exposing 1 endpoint(s) beneath base path '/actuator'
2019-12-26 18:33:19,531 [INFO] [main] s.d.spring.web.PropertySourcedRequestMappingHandlerMapping [PropertySourcedRequestMappingHandlerMapping.java : 69] Mapped URL path [/v2/api-docs] onto method [springfox.documentation.swagger2.web.Swagger2Controller#getDocumentation(String, HttpServletRequest)]
2019-12-26 18:33:19,551 [WARN] [main] com.netflix.config.sources.URLConfigurationSource [URLConfigurationSource.java : 121] No URLs will be polled as dynamic configuration sources.
2019-12-26 18:33:19,551 [INFO] [main] com.netflix.config.sources.URLConfigurationSource [URLConfigurationSource.java : 122] To enable URLs as dynamic configuration sources, define System property archaius.configurationSource.additionalUrls or make config.properties available on classpath.
2019-12-26 18:33:21,344 [WARN] [main] o.s.c.l.c.BlockingLoadBalancerClientAutoConfiguration$BlockingLoadBalancerClientRibbonWarnLogger [BlockingLoadBalancerClientAutoConfiguration.java : 106] You already have RibbonLoadBalancerClient on your classpath. It will be used by default. As Spring Cloud Ribbon is in maintenance mode. We recommend switching to BlockingLoadBalancerClient instead. In order to use it, set the value of `spring.cloud.loadbalancer.ribbon.enabled` to `false` or remove spring-cloud-starter-netflix-ribbon from your project.
2019-12-26 18:33:21,386 [WARN] [main] o.s.c.l.c.LoadBalancerCacheAutoConfiguration$LoadBalancerCaffeineWarnLogger [LoadBalancerCacheAutoConfiguration.java : 81] Spring Cloud LoadBalancer is currently working with default default cache. You can switch to using Caffeine cache, by adding it to the classpath.
2019-12-26 18:33:21,436 [INFO] [main] org.springframework.cloud.netflix.eureka.InstanceInfoFactory [InstanceInfoFactory.java : 72] Setting initial instance status as: STARTING
2019-12-26 18:33:21,511 [INFO] [main] com.netflix.discovery.DiscoveryClient [DiscoveryClient.java : 365] Initializing Eureka in region us-east-1
2019-12-26 18:33:21,706 [INFO] [main] com.netflix.discovery.provider.DiscoveryJerseyProvider [DiscoveryJerseyProvider.java : 70] Using JSON encoding codec LegacyJacksonJson
2019-12-26 18:33:21,707 [INFO] [main] com.netflix.discovery.provider.DiscoveryJerseyProvider [DiscoveryJerseyProvider.java : 71] Using JSON decoding codec LegacyJacksonJson
2019-12-26 18:33:21,861 [INFO] [main] com.netflix.discovery.provider.DiscoveryJerseyProvider [DiscoveryJerseyProvider.java : 80] Using XML encoding codec XStreamXml
2019-12-26 18:33:21,861 [INFO] [main] com.netflix.discovery.provider.DiscoveryJerseyProvider [DiscoveryJerseyProvider.java : 81] Using XML decoding codec XStreamXml
2019-12-26 18:33:22,010 [INFO] [main] c.n.discovery.shared.resolver.aws.ConfigClusterResolver [ConfigClusterResolver.java : 43] Resolving eureka endpoints via configuration
2019-12-26 18:33:22,353 [INFO] [main] com.netflix.discovery.DiscoveryClient [DiscoveryClient.java : 976] Disable delta property : false
2019-12-26 18:33:22,354 [INFO] [main] com.netflix.discovery.DiscoveryClient [DiscoveryClient.java : 977] Single vip registry refresh property : null
2019-12-26 18:33:22,354 [INFO] [main] com.netflix.discovery.DiscoveryClient [DiscoveryClient.java : 978] Force full registry fetch : false
2019-12-26 18:33:22,355 [INFO] [main] com.netflix.discovery.DiscoveryClient [DiscoveryClient.java : 979] Application is null : false
2019-12-26 18:33:22,355 [INFO] [main] com.netflix.discovery.DiscoveryClient [DiscoveryClient.java : 980] Registered Applications size is zero : true
2019-12-26 18:33:22,355 [INFO] [main] com.netflix.discovery.DiscoveryClient [DiscoveryClient.java : 982] Application version is -1: true
2019-12-26 18:33:22,355 [INFO] [main] com.netflix.discovery.DiscoveryClient [DiscoveryClient.java : 1065] Getting all instance registry info from the eureka server
2019-12-26 18:33:22,510 [INFO] [main] com.netflix.discovery.DiscoveryClient [DiscoveryClient.java : 1074] The response status is 200
2019-12-26 18:33:22,514 [INFO] [main] com.netflix.discovery.DiscoveryClient [DiscoveryClient.java : 1288] Starting heartbeat executor: renew interval is: 30
2019-12-26 18:33:22,517 [INFO] [main] com.netflix.discovery.InstanceInfoReplicator [InstanceInfoReplicator.java : 60] InstanceInfoReplicator onDemand update allowed rate per min is 4
2019-12-26 18:33:22,521 [INFO] [main] com.netflix.discovery.DiscoveryClient [DiscoveryClient.java : 465] Discovery Client initialized at timestamp 1577356402520 with initial instances count: 4
2019-12-26 18:33:22,647 [INFO] [main] o.s.c.netflix.eureka.serviceregistry.EurekaServiceRegistry [EurekaServiceRegistry.java : 41] Registering application MANAGEINFORMATION-PRODUCER with eureka with status UP
2019-12-26 18:33:22,647 [INFO] [main] com.netflix.discovery.DiscoveryClient [DiscoveryClient.java : 1323] Saw local status change event StatusChangeEvent [timestamp=1577356402647, current=UP, previous=STARTING]
2019-12-26 18:33:22,649 [INFO] [main] s.d.spring.web.plugins.DocumentationPluginsBootstrapper [DocumentationPluginsBootstrapper.java : 160] Context refreshed
2019-12-26 18:33:22,651 [INFO] [DiscoveryClient-InstanceInfoReplicator-0] com.netflix.discovery.DiscoveryClient [DiscoveryClient.java : 844] DiscoveryClient_MANAGEINFORMATION-PRODUCER/LAPTOP-9V9UUKHU:manageInformation-producer:8004: registering service...
2019-12-26 18:33:22,678 [INFO] [main] s.d.spring.web.plugins.DocumentationPluginsBootstrapper [DocumentationPluginsBootstrapper.java : 163] Found 1 custom documentation plugin(s)
2019-12-26 18:33:22,686 [INFO] [DiscoveryClient-InstanceInfoReplicator-0] com.netflix.discovery.DiscoveryClient [DiscoveryClient.java : 853] DiscoveryClient_MANAGEINFORMATION-PRODUCER/LAPTOP-9V9UUKHU:manageInformation-producer:8004 - registration status: 204
2019-12-26 18:33:22,720 [INFO] [main] s.d.spring.web.scanners.ApiListingReferenceScanner [ApiListingReferenceScanner.java : 41] Scanning for api listing references
2019-12-26 18:33:22,946 [INFO] [main] org.springframework.boot.web.embedded.tomcat.TomcatWebServer [TomcatWebServer.java : 204] Tomcat started on port(s): 8004 (http) with context path ''
2019-12-26 18:33:22,946 [INFO] [main] o.s.c.n.eureka.serviceregistry.EurekaAutoServiceRegistration [EurekaAutoServiceRegistration.java : 145] Updating port to 8004
2019-12-26 18:33:23,401 [INFO] [main] c.e.m.ManageInformationServiceApplication [StartupInfoLogger.java : 61] Started ManageInformationServiceApplication in 11.667 seconds (JVM running for 12.703)
2019-12-26 18:36:15,498 [INFO] [http-nio-8004-exec-1] o.a.catalina.core.ContainerBase.[Tomcat].[localhost].[/] [DirectJDKLog.java : 173] Initializing Spring DispatcherServlet 'dispatcherServlet'
2019-12-26 18:36:15,499 [INFO] [http-nio-8004-exec-1] org.springframework.web.servlet.DispatcherServlet [FrameworkServlet.java : 525] Initializing Servlet 'dispatcherServlet'
2019-12-26 18:36:15,521 [INFO] [http-nio-8004-exec-1] org.springframework.web.servlet.DispatcherServlet [FrameworkServlet.java : 547] Completed initialization in 22 ms
2019-12-26 18:36:15,621 [INFO] [http-nio-8004-exec-1] com.zaxxer.hikari.HikariDataSource [HikariDataSource.java : 110] HikariPool-1 - Starting...
2019-12-26 18:36:16,256 [INFO] [http-nio-8004-exec-1] com.zaxxer.hikari.HikariDataSource [HikariDataSource.java : 123] HikariPool-1 - Start completed.
2019-12-26 18:36:16,270 [DEBUG] [http-nio-8004-exec-1] c.e.m.mapper.InformationMapper.getUserInfoByuID [BaseJdbcLogger.java : 143] ==>  Preparing: select * from Lol_UserInfo where uID = ? 
2019-12-26 18:36:16,314 [DEBUG] [http-nio-8004-exec-1] c.e.m.mapper.InformationMapper.getUserInfoByuID [BaseJdbcLogger.java : 143] ==> Parameters: 1(Integer)
2019-12-26 18:36:16,387 [TRACE] [http-nio-8004-exec-1] c.e.m.mapper.InformationMapper.getUserInfoByuID [BaseJdbcLogger.java : 149] <==    Columns: uID, nickName, icon, gender, lolAccount, prefer
2019-12-26 18:36:16,387 [TRACE] [http-nio-8004-exec-1] c.e.m.mapper.InformationMapper.getUserInfoByuID [BaseJdbcLogger.java : 149] <==        Row: 1, ff12, default.jpg, 0, null, 2
2019-12-26 18:36:16,390 [DEBUG] [http-nio-8004-exec-1] c.e.m.mapper.InformationMapper.getUserInfoByuID [BaseJdbcLogger.java : 143] <==      Total: 1
2019-12-26 18:38:22,358 [INFO] [AsyncResolver-bootstrap-executor-0] c.n.discovery.shared.resolver.aws.ConfigClusterResolver [ConfigClusterResolver.java : 43] Resolving eureka endpoints via configuration
2019-12-26 18:41:42,289 [WARN] [http-nio-8004-exec-3] com.zaxxer.hikari.pool.PoolBase [PoolBase.java : 179] HikariPool-1 - Failed to validate connection com.mysql.cj.jdbc.ConnectionImpl@6525f00b (No operations allowed after connection closed.). Possibly consider using a shorter maxLifetime value.
2019-12-26 18:41:47,297 [WARN] [http-nio-8004-exec-3] com.zaxxer.hikari.pool.PoolBase [PoolBase.java : 179] HikariPool-1 - Failed to validate connection com.mysql.cj.jdbc.ConnectionImpl@112f0b35 (No operations allowed after connection closed.). Possibly consider using a shorter maxLifetime value.
2019-12-26 18:41:52,299 [WARN] [http-nio-8004-exec-3] com.zaxxer.hikari.pool.PoolBase [PoolBase.java : 179] HikariPool-1 - Failed to validate connection com.mysql.cj.jdbc.ConnectionImpl@4e1a0556 (No operations allowed after connection closed.). Possibly consider using a shorter maxLifetime value.
2019-12-26 18:41:57,303 [WARN] [http-nio-8004-exec-3] com.zaxxer.hikari.pool.PoolBase [PoolBase.java : 179] HikariPool-1 - Failed to validate connection com.mysql.cj.jdbc.ConnectionImpl@37ab21d (No operations allowed after connection closed.). Possibly consider using a shorter maxLifetime value.
2019-12-26 18:42:02,307 [WARN] [http-nio-8004-exec-3] com.zaxxer.hikari.pool.PoolBase [PoolBase.java : 179] HikariPool-1 - Failed to validate connection com.mysql.cj.jdbc.ConnectionImpl@466ad5a6 (No operations allowed after connection closed.). Possibly consider using a shorter maxLifetime value.
2019-12-26 18:42:07,311 [WARN] [http-nio-8004-exec-3] com.zaxxer.hikari.pool.PoolBase [PoolBase.java : 179] HikariPool-1 - Failed to validate connection com.mysql.cj.jdbc.ConnectionImpl@51240c5a (No operations allowed after connection closed.). Possibly consider using a shorter maxLifetime value.
2019-12-26 18:43:22,361 [INFO] [AsyncResolver-bootstrap-executor-0] c.n.discovery.shared.resolver.aws.ConfigClusterResolver [ConfigClusterResolver.java : 43] Resolving eureka endpoints via configuration
2019-12-26 18:47:12,146 [WARN] [http-nio-8004-exec-5] com.zaxxer.hikari.pool.PoolBase [PoolBase.java : 179] HikariPool-1 - Failed to validate connection com.mysql.cj.jdbc.ConnectionImpl@dde0c3c (No operations allowed after connection closed.). Possibly consider using a shorter maxLifetime value.
2019-12-26 18:47:17,152 [WARN] [http-nio-8004-exec-5] com.zaxxer.hikari.pool.PoolBase [PoolBase.java : 179] HikariPool-1 - Failed to validate connection com.mysql.cj.jdbc.ConnectionImpl@7cf491b3 (No operations allowed after connection closed.). Possibly consider using a shorter maxLifetime value.
2019-12-26 18:47:25,690 [INFO] [main] o.s.c.s.PostProcessorRegistrationDelegate$BeanPostProcessorChecker [PostProcessorRegistrationDelegate.java : 330] Bean 'org.springframework.cloud.autoconfigure.ConfigurationPropertiesRebinderAutoConfiguration' of type [org.springframework.cloud.autoconfigure.ConfigurationPropertiesRebinderAutoConfiguration] is not eligible for getting processed by all BeanPostProcessors (for example: not eligible for auto-proxying)
2019-12-26 18:47:26,531 [INFO] [main] c.e.m.ManageInformationServiceApplication [SpringApplication.java : 651] No active profile set, falling back to default profiles: default
2019-12-26 18:47:27,520 [WARN] [main] org.springframework.boot.actuate.endpoint.EndpointId [EndpointId.java : 155] Endpoint ID 'hystrix.stream' contains invalid characters, please migrate to a valid format.
2019-12-26 18:47:28,302 [WARN] [main] org.springframework.boot.actuate.endpoint.EndpointId [EndpointId.java : 155] Endpoint ID 'service-registry' contains invalid characters, please migrate to a valid format.
2019-12-26 18:47:28,554 [INFO] [main] org.springframework.cloud.context.scope.GenericScope [GenericScope.java : 295] BeanFactory id=863a76e6-552a-3333-85d9-937dfa8d3807
2019-12-26 18:47:28,870 [INFO] [main] o.s.c.s.PostProcessorRegistrationDelegate$BeanPostProcessorChecker [PostProcessorRegistrationDelegate.java : 330] Bean 'org.springframework.transaction.annotation.ProxyTransactionManagementConfiguration' of type [org.springframework.transaction.annotation.ProxyTransactionManagementConfiguration] is not eligible for getting processed by all BeanPostProcessors (for example: not eligible for auto-proxying)
2019-12-26 18:47:29,236 [INFO] [main] o.s.c.s.PostProcessorRegistrationDelegate$BeanPostProcessorChecker [PostProcessorRegistrationDelegate.java : 330] Bean 'org.springframework.cloud.autoconfigure.ConfigurationPropertiesRebinderAutoConfiguration' of type [org.springframework.cloud.autoconfigure.ConfigurationPropertiesRebinderAutoConfiguration] is not eligible for getting processed by all BeanPostProcessors (for example: not eligible for auto-proxying)
2019-12-26 18:47:30,043 [INFO] [main] org.springframework.boot.web.embedded.tomcat.TomcatWebServer [TomcatWebServer.java : 92] Tomcat initialized with port(s): 8004 (http)
2019-12-26 18:47:30,057 [INFO] [main] org.apache.catalina.core.StandardService [DirectJDKLog.java : 173] Starting service [Tomcat]
2019-12-26 18:47:30,057 [INFO] [main] org.apache.catalina.core.StandardEngine [DirectJDKLog.java : 173] Starting Servlet engine: [Apache Tomcat/9.0.29]
2019-12-26 18:47:30,333 [INFO] [main] o.a.catalina.core.ContainerBase.[Tomcat].[localhost].[/] [DirectJDKLog.java : 173] Initializing Spring embedded WebApplicationContext
2019-12-26 18:47:30,334 [INFO] [main] org.springframework.web.context.ContextLoader [ServletWebServerApplicationContext.java : 284] Root WebApplicationContext: initialization completed in 3780 ms
2019-12-26 18:47:30,478 [WARN] [main] com.netflix.config.sources.URLConfigurationSource [URLConfigurationSource.java : 121] No URLs will be polled as dynamic configuration sources.
2019-12-26 18:47:30,478 [INFO] [main] com.netflix.config.sources.URLConfigurationSource [URLConfigurationSource.java : 122] To enable URLs as dynamic configuration sources, define System property archaius.configurationSource.additionalUrls or make config.properties available on classpath.
2019-12-26 18:47:30,496 [INFO] [main] com.netflix.config.DynamicPropertyFactory [DynamicPropertyFactory.java : 281] DynamicPropertyFactory is initialized with configuration sources: com.netflix.config.ConcurrentCompositeConfiguration@7740b0ab
2019-12-26 18:47:30,796 [INFO] [main] o.s.boot.actuate.endpoint.web.ServletEndpointRegistrar [ServletEndpointRegistrar.java : 75] Registered '/actuator/hystrix.stream' to hystrix.stream-actuator-endpoint
2019-12-26 18:47:31,692 [INFO] [main] o.s.boot.actuate.endpoint.web.EndpointLinksResolver [EndpointLinksResolver.java : 58] Exposing 1 endpoint(s) beneath base path '/actuator'
2019-12-26 18:47:31,950 [INFO] [main] s.d.spring.web.PropertySourcedRequestMappingHandlerMapping [PropertySourcedRequestMappingHandlerMapping.java : 69] Mapped URL path [/v2/api-docs] onto method [springfox.documentation.swagger2.web.Swagger2Controller#getDocumentation(String, HttpServletRequest)]
2019-12-26 18:47:31,977 [WARN] [main] com.netflix.config.sources.URLConfigurationSource [URLConfigurationSource.java : 121] No URLs will be polled as dynamic configuration sources.
2019-12-26 18:47:31,977 [INFO] [main] com.netflix.config.sources.URLConfigurationSource [URLConfigurationSource.java : 122] To enable URLs as dynamic configuration sources, define System property archaius.configurationSource.additionalUrls or make config.properties available on classpath.
2019-12-26 18:47:34,107 [WARN] [main] o.s.c.l.c.BlockingLoadBalancerClientAutoConfiguration$BlockingLoadBalancerClientRibbonWarnLogger [BlockingLoadBalancerClientAutoConfiguration.java : 106] You already have RibbonLoadBalancerClient on your classpath. It will be used by default. As Spring Cloud Ribbon is in maintenance mode. We recommend switching to BlockingLoadBalancerClient instead. In order to use it, set the value of `spring.cloud.loadbalancer.ribbon.enabled` to `false` or remove spring-cloud-starter-netflix-ribbon from your project.
2019-12-26 18:47:34,158 [WARN] [main] o.s.c.l.c.LoadBalancerCacheAutoConfiguration$LoadBalancerCaffeineWarnLogger [LoadBalancerCacheAutoConfiguration.java : 81] Spring Cloud LoadBalancer is currently working with default default cache. You can switch to using Caffeine cache, by adding it to the classpath.
2019-12-26 18:47:34,227 [INFO] [main] org.springframework.cloud.netflix.eureka.InstanceInfoFactory [InstanceInfoFactory.java : 72] Setting initial instance status as: STARTING
2019-12-26 18:47:34,325 [INFO] [main] com.netflix.discovery.DiscoveryClient [DiscoveryClient.java : 365] Initializing Eureka in region us-east-1
2019-12-26 18:47:34,596 [INFO] [main] com.netflix.discovery.provider.DiscoveryJerseyProvider [DiscoveryJerseyProvider.java : 70] Using JSON encoding codec LegacyJacksonJson
2019-12-26 18:47:34,596 [INFO] [main] com.netflix.discovery.provider.DiscoveryJerseyProvider [DiscoveryJerseyProvider.java : 71] Using JSON decoding codec LegacyJacksonJson
2019-12-26 18:47:34,790 [INFO] [main] com.netflix.discovery.provider.DiscoveryJerseyProvider [DiscoveryJerseyProvider.java : 80] Using XML encoding codec XStreamXml
2019-12-26 18:47:34,790 [INFO] [main] com.netflix.discovery.provider.DiscoveryJerseyProvider [DiscoveryJerseyProvider.java : 81] Using XML decoding codec XStreamXml
2019-12-26 18:47:35,000 [INFO] [main] c.n.discovery.shared.resolver.aws.ConfigClusterResolver [ConfigClusterResolver.java : 43] Resolving eureka endpoints via configuration
2019-12-26 18:47:35,391 [INFO] [main] com.netflix.discovery.DiscoveryClient [DiscoveryClient.java : 976] Disable delta property : false
2019-12-26 18:47:35,392 [INFO] [main] com.netflix.discovery.DiscoveryClient [DiscoveryClient.java : 977] Single vip registry refresh property : null
2019-12-26 18:47:35,392 [INFO] [main] com.netflix.discovery.DiscoveryClient [DiscoveryClient.java : 978] Force full registry fetch : false
2019-12-26 18:47:35,392 [INFO] [main] com.netflix.discovery.DiscoveryClient [DiscoveryClient.java : 979] Application is null : false
2019-12-26 18:47:35,393 [INFO] [main] com.netflix.discovery.DiscoveryClient [DiscoveryClient.java : 980] Registered Applications size is zero : true
2019-12-26 18:47:35,393 [INFO] [main] com.netflix.discovery.DiscoveryClient [DiscoveryClient.java : 982] Application version is -1: true
2019-12-26 18:47:35,393 [INFO] [main] com.netflix.discovery.DiscoveryClient [DiscoveryClient.java : 1065] Getting all instance registry info from the eureka server
2019-12-26 18:47:35,598 [INFO] [main] com.netflix.discovery.DiscoveryClient [DiscoveryClient.java : 1074] The response status is 200
2019-12-26 18:47:35,605 [INFO] [main] com.netflix.discovery.DiscoveryClient [DiscoveryClient.java : 1288] Starting heartbeat executor: renew interval is: 30
2019-12-26 18:47:35,609 [INFO] [main] com.netflix.discovery.InstanceInfoReplicator [InstanceInfoReplicator.java : 60] InstanceInfoReplicator onDemand update allowed rate per min is 4
2019-12-26 18:47:35,615 [INFO] [main] com.netflix.discovery.DiscoveryClient [DiscoveryClient.java : 465] Discovery Client initialized at timestamp 1577357255612 with initial instances count: 4
2019-12-26 18:47:35,626 [INFO] [main] o.s.c.netflix.eureka.serviceregistry.EurekaServiceRegistry [EurekaServiceRegistry.java : 41] Registering application MANAGEINFORMATION-PRODUCER with eureka with status UP
2019-12-26 18:47:35,627 [INFO] [main] com.netflix.discovery.DiscoveryClient [DiscoveryClient.java : 1323] Saw local status change event StatusChangeEvent [timestamp=1577357255627, current=UP, previous=STARTING]
2019-12-26 18:47:35,629 [INFO] [main] s.d.spring.web.plugins.DocumentationPluginsBootstrapper [DocumentationPluginsBootstrapper.java : 160] Context refreshed
2019-12-26 18:47:35,631 [INFO] [DiscoveryClient-InstanceInfoReplicator-0] com.netflix.discovery.DiscoveryClient [DiscoveryClient.java : 844] DiscoveryClient_MANAGEINFORMATION-PRODUCER/LAPTOP-9V9UUKHU:manageInformation-producer:8004: registering service...
2019-12-26 18:47:35,677 [INFO] [DiscoveryClient-InstanceInfoReplicator-0] com.netflix.discovery.DiscoveryClient [DiscoveryClient.java : 853] DiscoveryClient_MANAGEINFORMATION-PRODUCER/LAPTOP-9V9UUKHU:manageInformation-producer:8004 - registration status: 204
2019-12-26 18:47:35,680 [INFO] [main] s.d.spring.web.plugins.DocumentationPluginsBootstrapper [DocumentationPluginsBootstrapper.java : 163] Found 1 custom documentation plugin(s)
2019-12-26 18:47:35,734 [INFO] [main] s.d.spring.web.scanners.ApiListingReferenceScanner [ApiListingReferenceScanner.java : 41] Scanning for api listing references
2019-12-26 18:47:36,064 [INFO] [main] org.springframework.boot.web.embedded.tomcat.TomcatWebServer [TomcatWebServer.java : 204] Tomcat started on port(s): 8004 (http) with context path ''
2019-12-26 18:47:36,065 [INFO] [main] o.s.c.n.eureka.serviceregistry.EurekaAutoServiceRegistration [EurekaAutoServiceRegistration.java : 145] Updating port to 8004
2019-12-26 18:47:36,658 [INFO] [main] c.e.m.ManageInformationServiceApplication [StartupInfoLogger.java : 61] Started ManageInformationServiceApplication in 12.741 seconds (JVM running for 13.738)
2019-12-26 18:47:42,960 [INFO] [http-nio-8004-exec-1] o.a.catalina.core.ContainerBase.[Tomcat].[localhost].[/] [DirectJDKLog.java : 173] Initializing Spring DispatcherServlet 'dispatcherServlet'
2019-12-26 18:47:42,961 [INFO] [http-nio-8004-exec-1] org.springframework.web.servlet.DispatcherServlet [FrameworkServlet.java : 525] Initializing Servlet 'dispatcherServlet'
2019-12-26 18:47:42,976 [INFO] [http-nio-8004-exec-1] org.springframework.web.servlet.DispatcherServlet [FrameworkServlet.java : 547] Completed initialization in 15 ms
2019-12-26 18:47:43,058 [INFO] [http-nio-8004-exec-1] com.zaxxer.hikari.HikariDataSource [HikariDataSource.java : 110] HikariPool-1 - Starting...
2019-12-26 18:47:43,608 [INFO] [http-nio-8004-exec-1] com.zaxxer.hikari.HikariDataSource [HikariDataSource.java : 123] HikariPool-1 - Start completed.
2019-12-26 18:47:43,622 [DEBUG] [http-nio-8004-exec-1] c.e.m.mapper.InformationMapper.selectUsersFollowByUid [BaseJdbcLogger.java : 143] ==>  Preparing: select u.* from Lol_UserInfo u inner join Lol_Follow f on f.fID = u.uID where f.uID = ? 
2019-12-26 18:47:43,662 [DEBUG] [http-nio-8004-exec-1] c.e.m.mapper.InformationMapper.selectUsersFollowByUid [BaseJdbcLogger.java : 143] ==> Parameters: 1(Integer)
2019-12-26 18:47:43,735 [TRACE] [http-nio-8004-exec-1] c.e.m.mapper.InformationMapper.selectUsersFollowByUid [BaseJdbcLogger.java : 149] <==    Columns: uID, nickName, icon, gender, lolAccount, prefer
2019-12-26 18:47:43,736 [TRACE] [http-nio-8004-exec-1] c.e.m.mapper.InformationMapper.selectUsersFollowByUid [BaseJdbcLogger.java : 149] <==        Row: 2, fufu, default.jpg, 0, null, 0
2019-12-26 18:47:43,739 [DEBUG] [http-nio-8004-exec-1] c.e.m.mapper.InformationMapper.selectUsersFollowByUid [BaseJdbcLogger.java : 143] <==      Total: 1
2019-12-26 18:50:23,252 [DEBUG] [http-nio-8004-exec-3] c.e.m.mapper.InformationMapper.getUserInfoByuID [BaseJdbcLogger.java : 143] ==>  Preparing: select * from Lol_UserInfo where uID = ? 
2019-12-26 18:50:23,253 [DEBUG] [http-nio-8004-exec-3] c.e.m.mapper.InformationMapper.getUserInfoByuID [BaseJdbcLogger.java : 143] ==> Parameters: 1(Integer)
2019-12-26 18:50:23,286 [TRACE] [http-nio-8004-exec-3] c.e.m.mapper.InformationMapper.getUserInfoByuID [BaseJdbcLogger.java : 149] <==    Columns: uID, nickName, icon, gender, lolAccount, prefer
2019-12-26 18:50:23,287 [TRACE] [http-nio-8004-exec-3] c.e.m.mapper.InformationMapper.getUserInfoByuID [BaseJdbcLogger.java : 149] <==        Row: 1, ff12, default.jpg, 0, null, 2
2019-12-26 18:50:23,288 [DEBUG] [http-nio-8004-exec-3] c.e.m.mapper.InformationMapper.getUserInfoByuID [BaseJdbcLogger.java : 143] <==      Total: 1
2019-12-26 18:51:44,800 [DEBUG] [http-nio-8004-exec-5] c.e.m.mapper.InformationMapper.getUserByname [BaseJdbcLogger.java : 143] ==>  Preparing: select * from Lol_UserInfo where nickName like CONCAT(CONCAT('%', ?), '%') 
2019-12-26 18:51:44,801 [DEBUG] [http-nio-8004-exec-5] c.e.m.mapper.InformationMapper.getUserByname [BaseJdbcLogger.java : 143] ==> Parameters: fu(String)
2019-12-26 18:51:44,835 [TRACE] [http-nio-8004-exec-5] c.e.m.mapper.InformationMapper.getUserByname [BaseJdbcLogger.java : 149] <==    Columns: uID, nickName, icon, gender, lolAccount, prefer
2019-12-26 18:51:44,836 [TRACE] [http-nio-8004-exec-5] c.e.m.mapper.InformationMapper.getUserByname [BaseJdbcLogger.java : 149] <==        Row: 2, fufu, default.jpg, 0, null, 0
2019-12-26 18:51:44,837 [DEBUG] [http-nio-8004-exec-5] c.e.m.mapper.InformationMapper.getUserByname [BaseJdbcLogger.java : 143] <==      Total: 1
2019-12-26 18:52:35,397 [INFO] [AsyncResolver-bootstrap-executor-0] c.n.discovery.shared.resolver.aws.ConfigClusterResolver [ConfigClusterResolver.java : 43] Resolving eureka endpoints via configuration
2019-12-26 18:57:35,398 [INFO] [AsyncResolver-bootstrap-executor-0] c.n.discovery.shared.resolver.aws.ConfigClusterResolver [ConfigClusterResolver.java : 43] Resolving eureka endpoints via configuration
2019-12-26 19:02:35,401 [INFO] [AsyncResolver-bootstrap-executor-0] c.n.discovery.shared.resolver.aws.ConfigClusterResolver [ConfigClusterResolver.java : 43] Resolving eureka endpoints via configuration
2019-12-26 19:07:35,405 [INFO] [AsyncResolver-bootstrap-executor-0] c.n.discovery.shared.resolver.aws.ConfigClusterResolver [ConfigClusterResolver.java : 43] Resolving eureka endpoints via configuration
2019-12-26 19:12:35,406 [INFO] [AsyncResolver-bootstrap-executor-0] c.n.discovery.shared.resolver.aws.ConfigClusterResolver [ConfigClusterResolver.java : 43] Resolving eureka endpoints via configuration
2019-12-26 19:13:27,912 [WARN] [http-nio-8004-exec-7] com.zaxxer.hikari.pool.PoolBase [PoolBase.java : 179] HikariPool-1 - Failed to validate connection com.mysql.cj.jdbc.ConnectionImpl@545f4f30 (No operations allowed after connection closed.). Possibly consider using a shorter maxLifetime value.
2019-12-26 19:13:28,874 [WARN] [http-nio-8004-exec-8] com.zaxxer.hikari.pool.PoolBase [PoolBase.java : 179] HikariPool-1 - Failed to validate connection com.mysql.cj.jdbc.ConnectionImpl@558f7e32 (No operations allowed after connection closed.). Possibly consider using a shorter maxLifetime value.
2019-12-26 19:13:32,921 [WARN] [http-nio-8004-exec-7] com.zaxxer.hikari.pool.PoolBase [PoolBase.java : 179] HikariPool-1 - Failed to validate connection com.mysql.cj.jdbc.ConnectionImpl@644587af (No operations allowed after connection closed.). Possibly consider using a shorter maxLifetime value.
2019-12-26 19:13:33,878 [WARN] [http-nio-8004-exec-8] com.zaxxer.hikari.pool.PoolBase [PoolBase.java : 179] HikariPool-1 - Failed to validate connection com.mysql.cj.jdbc.ConnectionImpl@5b488af3 (No operations allowed after connection closed.). Possibly consider using a shorter maxLifetime value.
2019-12-26 19:13:37,923 [WARN] [http-nio-8004-exec-7] com.zaxxer.hikari.pool.PoolBase [PoolBase.java : 179] HikariPool-1 - Failed to validate connection com.mysql.cj.jdbc.ConnectionImpl@4a4d62d8 (No operations allowed after connection closed.). Possibly consider using a shorter maxLifetime value.
2019-12-26 19:13:38,881 [WARN] [http-nio-8004-exec-8] com.zaxxer.hikari.pool.PoolBase [PoolBase.java : 179] HikariPool-1 - Failed to validate connection com.mysql.cj.jdbc.ConnectionImpl@5f771542 (No operations allowed after connection closed.). Possibly consider using a shorter maxLifetime value.
2019-12-26 19:13:42,927 [WARN] [http-nio-8004-exec-7] com.zaxxer.hikari.pool.PoolBase [PoolBase.java : 179] HikariPool-1 - Failed to validate connection com.mysql.cj.jdbc.ConnectionImpl@7db66edf (No operations allowed after connection closed.). Possibly consider using a shorter maxLifetime value.
2019-12-26 19:13:43,882 [WARN] [http-nio-8004-exec-8] com.zaxxer.hikari.pool.PoolBase [PoolBase.java : 179] HikariPool-1 - Failed to validate connection com.mysql.cj.jdbc.ConnectionImpl@1a7580c8 (No operations allowed after connection closed.). Possibly consider using a shorter maxLifetime value.
2019-12-26 19:13:47,930 [WARN] [http-nio-8004-exec-7] com.zaxxer.hikari.pool.PoolBase [PoolBase.java : 179] HikariPool-1 - Failed to validate connection com.mysql.cj.jdbc.ConnectionImpl@42fa7ed8 (No operations allowed after connection closed.). Possibly consider using a shorter maxLifetime value.
2019-12-26 19:13:47,969 [DEBUG] [http-nio-8004-exec-7] c.e.m.mapper.InformationMapper.getUserInfoByuID [BaseJdbcLogger.java : 143] ==>  Preparing: select * from Lol_UserInfo where uID = ? 
2019-12-26 19:13:47,970 [DEBUG] [http-nio-8004-exec-7] c.e.m.mapper.InformationMapper.getUserInfoByuID [BaseJdbcLogger.java : 143] ==> Parameters: 1(Integer)
2019-12-26 19:13:48,005 [TRACE] [http-nio-8004-exec-7] c.e.m.mapper.InformationMapper.getUserInfoByuID [BaseJdbcLogger.java : 149] <==    Columns: uID, nickName, icon, gender, lolAccount, prefer
2019-12-26 19:13:48,006 [TRACE] [http-nio-8004-exec-7] c.e.m.mapper.InformationMapper.getUserInfoByuID [BaseJdbcLogger.java : 149] <==        Row: 1, ff12, default.jpg, 0, null, 2
2019-12-26 19:13:48,007 [DEBUG] [http-nio-8004-exec-7] c.e.m.mapper.InformationMapper.getUserInfoByuID [BaseJdbcLogger.java : 143] <==      Total: 1
2019-12-26 19:13:48,885 [WARN] [http-nio-8004-exec-8] com.zaxxer.hikari.pool.PoolBase [PoolBase.java : 179] HikariPool-1 - Failed to validate connection com.mysql.cj.jdbc.ConnectionImpl@3425035a (No operations allowed after connection closed.). Possibly consider using a shorter maxLifetime value.
2019-12-26 19:13:48,918 [DEBUG] [http-nio-8004-exec-8] c.e.m.mapper.InformationMapper.getUserInfoByuID [BaseJdbcLogger.java : 143] ==>  Preparing: select * from Lol_UserInfo where uID = ? 
2019-12-26 19:13:48,919 [DEBUG] [http-nio-8004-exec-8] c.e.m.mapper.InformationMapper.getUserInfoByuID [BaseJdbcLogger.java : 143] ==> Parameters: 1(Integer)
2019-12-26 19:13:48,952 [TRACE] [http-nio-8004-exec-8] c.e.m.mapper.InformationMapper.getUserInfoByuID [BaseJdbcLogger.java : 149] <==    Columns: uID, nickName, icon, gender, lolAccount, prefer
2019-12-26 19:13:48,953 [TRACE] [http-nio-8004-exec-8] c.e.m.mapper.InformationMapper.getUserInfoByuID [BaseJdbcLogger.java : 149] <==        Row: 1, ff12, default.jpg, 0, null, 2
2019-12-26 19:13:48,953 [DEBUG] [http-nio-8004-exec-8] c.e.m.mapper.InformationMapper.getUserInfoByuID [BaseJdbcLogger.java : 143] <==      Total: 1
2019-12-26 19:13:55,649 [DEBUG] [http-nio-8004-exec-9] c.e.m.mapper.InformationMapper.getUserInfoByuID [BaseJdbcLogger.java : 143] ==>  Preparing: select * from Lol_UserInfo where uID = ? 
2019-12-26 19:13:55,652 [DEBUG] [http-nio-8004-exec-9] c.e.m.mapper.InformationMapper.getUserInfoByuID [BaseJdbcLogger.java : 143] ==> Parameters: 1(Integer)
2019-12-26 19:13:55,686 [TRACE] [http-nio-8004-exec-9] c.e.m.mapper.InformationMapper.getUserInfoByuID [BaseJdbcLogger.java : 149] <==    Columns: uID, nickName, icon, gender, lolAccount, prefer
2019-12-26 19:13:55,688 [TRACE] [http-nio-8004-exec-9] c.e.m.mapper.InformationMapper.getUserInfoByuID [BaseJdbcLogger.java : 149] <==        Row: 1, ff12, default.jpg, 0, null, 2
2019-12-26 19:13:55,690 [DEBUG] [http-nio-8004-exec-9] c.e.m.mapper.InformationMapper.getUserInfoByuID [BaseJdbcLogger.java : 143] <==      Total: 1
2019-12-26 19:14:28,417 [DEBUG] [http-nio-8004-exec-10] c.e.m.mapper.InformationMapper.getUserInfoByuID [BaseJdbcLogger.java : 143] ==>  Preparing: select * from Lol_UserInfo where uID = ? 
2019-12-26 19:14:28,418 [DEBUG] [http-nio-8004-exec-10] c.e.m.mapper.InformationMapper.getUserInfoByuID [BaseJdbcLogger.java : 143] ==> Parameters: 1(Integer)
2019-12-26 19:14:28,452 [TRACE] [http-nio-8004-exec-10] c.e.m.mapper.InformationMapper.getUserInfoByuID [BaseJdbcLogger.java : 149] <==    Columns: uID, nickName, icon, gender, lolAccount, prefer
2019-12-26 19:14:28,453 [TRACE] [http-nio-8004-exec-10] c.e.m.mapper.InformationMapper.getUserInfoByuID [BaseJdbcLogger.java : 149] <==        Row: 1, ff12, default.jpg, 0, null, 2
2019-12-26 19:14:28,453 [DEBUG] [http-nio-8004-exec-10] c.e.m.mapper.InformationMapper.getUserInfoByuID [BaseJdbcLogger.java : 143] <==      Total: 1
2019-12-26 19:14:36,043 [DEBUG] [http-nio-8004-exec-1] c.e.m.mapper.InformationMapper.getUserInfoByuID [BaseJdbcLogger.java : 143] ==>  Preparing: select * from Lol_UserInfo where uID = ? 
2019-12-26 19:14:36,044 [DEBUG] [http-nio-8004-exec-1] c.e.m.mapper.InformationMapper.getUserInfoByuID [BaseJdbcLogger.java : 143] ==> Parameters: 1(Integer)
2019-12-26 19:14:36,076 [TRACE] [http-nio-8004-exec-1] c.e.m.mapper.InformationMapper.getUserInfoByuID [BaseJdbcLogger.java : 149] <==    Columns: uID, nickName, icon, gender, lolAccount, prefer
2019-12-26 19:14:36,076 [TRACE] [http-nio-8004-exec-1] c.e.m.mapper.InformationMapper.getUserInfoByuID [BaseJdbcLogger.java : 149] <==        Row: 1, ff12, default.jpg, 0, null, 2
2019-12-26 19:14:36,078 [DEBUG] [http-nio-8004-exec-1] c.e.m.mapper.InformationMapper.getUserInfoByuID [BaseJdbcLogger.java : 143] <==      Total: 1
2019-12-26 19:17:35,408 [INFO] [AsyncResolver-bootstrap-executor-0] c.n.discovery.shared.resolver.aws.ConfigClusterResolver [ConfigClusterResolver.java : 43] Resolving eureka endpoints via configuration
2019-12-26 19:22:35,410 [INFO] [AsyncResolver-bootstrap-executor-0] c.n.discovery.shared.resolver.aws.ConfigClusterResolver [ConfigClusterResolver.java : 43] Resolving eureka endpoints via configuration
2019-12-26 19:27:35,411 [INFO] [AsyncResolver-bootstrap-executor-0] c.n.discovery.shared.resolver.aws.ConfigClusterResolver [ConfigClusterResolver.java : 43] Resolving eureka endpoints via configuration
2019-12-26 19:32:35,413 [INFO] [AsyncResolver-bootstrap-executor-0] c.n.discovery.shared.resolver.aws.ConfigClusterResolver [ConfigClusterResolver.java : 43] Resolving eureka endpoints via configuration
2019-12-26 19:37:35,414 [INFO] [AsyncResolver-bootstrap-executor-0] c.n.discovery.shared.resolver.aws.ConfigClusterResolver [ConfigClusterResolver.java : 43] Resolving eureka endpoints via configuration
2019-12-26 19:42:35,416 [INFO] [AsyncResolver-bootstrap-executor-0] c.n.discovery.shared.resolver.aws.ConfigClusterResolver [ConfigClusterResolver.java : 43] Resolving eureka endpoints via configuration
2019-12-26 19:47:35,418 [INFO] [AsyncResolver-bootstrap-executor-0] c.n.discovery.shared.resolver.aws.ConfigClusterResolver [ConfigClusterResolver.java : 43] Resolving eureka endpoints via configuration
2019-12-26 19:52:35,421 [INFO] [AsyncResolver-bootstrap-executor-0] c.n.discovery.shared.resolver.aws.ConfigClusterResolver [ConfigClusterResolver.java : 43] Resolving eureka endpoints via configuration
2019-12-26 19:57:35,422 [INFO] [AsyncResolver-bootstrap-executor-0] c.n.discovery.shared.resolver.aws.ConfigClusterResolver [ConfigClusterResolver.java : 43] Resolving eureka endpoints via configuration
2019-12-26 20:01:08,779 [WARN] [HikariPool-1 housekeeper] com.zaxxer.hikari.pool.HikariPool [HikariPool.java : 787] HikariPool-1 - Thread starvation or clock leap detected (housekeeper delta=3m54s816ms877s).
2019-12-26 20:06:00,249 [INFO] [AsyncResolver-bootstrap-executor-0] c.n.discovery.shared.resolver.aws.ConfigClusterResolver [ConfigClusterResolver.java : 43] Resolving eureka endpoints via configuration
2019-12-26 20:11:00,251 [INFO] [AsyncResolver-bootstrap-executor-0] c.n.discovery.shared.resolver.aws.ConfigClusterResolver [ConfigClusterResolver.java : 43] Resolving eureka endpoints via configuration
