2019-12-23 09:36:19,813 [INFO] [main] o.s.c.s.PostProcessorRegistrationDelegate$BeanPostProcessorChecker [PostProcessorRegistrationDelegate.java : 330] Bean 'org.springframework.cloud.autoconfigure.ConfigurationPropertiesRebinderAutoConfiguration' of type [org.springframework.cloud.autoconfigure.ConfigurationPropertiesRebinderAutoConfiguration] is not eligible for getting processed by all BeanPostProcessors (for example: not eligible for auto-proxying)
2019-12-23 09:36:20,605 [INFO] [main] c.e.m.ManageInformationServiceApplication [SpringApplication.java : 651] No active profile set, falling back to default profiles: default
2019-12-23 09:36:21,647 [WARN] [main] org.springframework.boot.actuate.endpoint.EndpointId [EndpointId.java : 155] Endpoint ID 'hystrix.stream' contains invalid characters, please migrate to a valid format.
2019-12-23 09:36:22,443 [WARN] [main] org.springframework.boot.actuate.endpoint.EndpointId [EndpointId.java : 155] Endpoint ID 'service-registry' contains invalid characters, please migrate to a valid format.
2019-12-23 09:36:22,705 [INFO] [main] org.springframework.cloud.context.scope.GenericScope [GenericScope.java : 295] BeanFactory id=863a76e6-552a-3333-85d9-937dfa8d3807
2019-12-23 09:36:22,987 [INFO] [main] o.s.c.s.PostProcessorRegistrationDelegate$BeanPostProcessorChecker [PostProcessorRegistrationDelegate.java : 330] Bean 'org.springframework.transaction.annotation.ProxyTransactionManagementConfiguration' of type [org.springframework.transaction.annotation.ProxyTransactionManagementConfiguration] is not eligible for getting processed by all BeanPostProcessors (for example: not eligible for auto-proxying)
2019-12-23 09:36:23,315 [INFO] [main] o.s.c.s.PostProcessorRegistrationDelegate$BeanPostProcessorChecker [PostProcessorRegistrationDelegate.java : 330] Bean 'org.springframework.cloud.autoconfigure.ConfigurationPropertiesRebinderAutoConfiguration' of type [org.springframework.cloud.autoconfigure.ConfigurationPropertiesRebinderAutoConfiguration] is not eligible for getting processed by all BeanPostProcessors (for example: not eligible for auto-proxying)
2019-12-23 09:36:24,096 [INFO] [main] org.springframework.boot.web.embedded.tomcat.TomcatWebServer [TomcatWebServer.java : 92] Tomcat initialized with port(s): 8004 (http)
2019-12-23 09:36:24,108 [INFO] [main] org.apache.catalina.core.StandardService [DirectJDKLog.java : 173] Starting service [Tomcat]
2019-12-23 09:36:24,108 [INFO] [main] org.apache.catalina.core.StandardEngine [DirectJDKLog.java : 173] Starting Servlet engine: [Apache Tomcat/9.0.29]
2019-12-23 09:36:24,383 [INFO] [main] o.a.catalina.core.ContainerBase.[Tomcat].[localhost].[/] [DirectJDKLog.java : 173] Initializing Spring embedded WebApplicationContext
2019-12-23 09:36:24,383 [INFO] [main] org.springframework.web.context.ContextLoader [ServletWebServerApplicationContext.java : 284] Root WebApplicationContext: initialization completed in 3744 ms
2019-12-23 09:36:24,504 [WARN] [main] com.netflix.config.sources.URLConfigurationSource [URLConfigurationSource.java : 121] No URLs will be polled as dynamic configuration sources.
2019-12-23 09:36:24,505 [INFO] [main] com.netflix.config.sources.URLConfigurationSource [URLConfigurationSource.java : 122] To enable URLs as dynamic configuration sources, define System property archaius.configurationSource.additionalUrls or make config.properties available on classpath.
2019-12-23 09:36:24,520 [INFO] [main] com.netflix.config.DynamicPropertyFactory [DynamicPropertyFactory.java : 281] DynamicPropertyFactory is initialized with configuration sources: com.netflix.config.ConcurrentCompositeConfiguration@53f495f0
2019-12-23 09:36:24,788 [INFO] [main] o.s.boot.actuate.endpoint.web.ServletEndpointRegistrar [ServletEndpointRegistrar.java : 75] Registered '/actuator/hystrix.stream' to hystrix.stream-actuator-endpoint
2019-12-23 09:36:25,677 [INFO] [main] o.s.boot.actuate.endpoint.web.EndpointLinksResolver [EndpointLinksResolver.java : 58] Exposing 1 endpoint(s) beneath base path '/actuator'
2019-12-23 09:36:25,893 [INFO] [main] s.d.spring.web.PropertySourcedRequestMappingHandlerMapping [PropertySourcedRequestMappingHandlerMapping.java : 69] Mapped URL path [/v2/api-docs] onto method [springfox.documentation.swagger2.web.Swagger2Controller#getDocumentation(String, HttpServletRequest)]
2019-12-23 09:36:25,915 [WARN] [main] com.netflix.config.sources.URLConfigurationSource [URLConfigurationSource.java : 121] No URLs will be polled as dynamic configuration sources.
2019-12-23 09:36:25,916 [INFO] [main] com.netflix.config.sources.URLConfigurationSource [URLConfigurationSource.java : 122] To enable URLs as dynamic configuration sources, define System property archaius.configurationSource.additionalUrls or make config.properties available on classpath.
2019-12-23 09:36:28,410 [WARN] [main] o.s.c.l.c.BlockingLoadBalancerClientAutoConfiguration$BlockingLoadBalancerClientRibbonWarnLogger [BlockingLoadBalancerClientAutoConfiguration.java : 106] You already have RibbonLoadBalancerClient on your classpath. It will be used by default. As Spring Cloud Ribbon is in maintenance mode. We recommend switching to BlockingLoadBalancerClient instead. In order to use it, set the value of `spring.cloud.loadbalancer.ribbon.enabled` to `false` or remove spring-cloud-starter-netflix-ribbon from your project.
2019-12-23 09:36:28,461 [WARN] [main] o.s.c.l.c.LoadBalancerCacheAutoConfiguration$LoadBalancerCaffeineWarnLogger [LoadBalancerCacheAutoConfiguration.java : 81] Spring Cloud LoadBalancer is currently working with default default cache. You can switch to using Caffeine cache, by adding it to the classpath.
2019-12-23 09:36:28,523 [INFO] [main] org.springframework.cloud.netflix.eureka.InstanceInfoFactory [InstanceInfoFactory.java : 72] Setting initial instance status as: STARTING
2019-12-23 09:36:28,601 [INFO] [main] com.netflix.discovery.DiscoveryClient [DiscoveryClient.java : 365] Initializing Eureka in region us-east-1
2019-12-23 09:36:28,822 [INFO] [main] com.netflix.discovery.provider.DiscoveryJerseyProvider [DiscoveryJerseyProvider.java : 70] Using JSON encoding codec LegacyJacksonJson
2019-12-23 09:36:28,822 [INFO] [main] com.netflix.discovery.provider.DiscoveryJerseyProvider [DiscoveryJerseyProvider.java : 71] Using JSON decoding codec LegacyJacksonJson
2019-12-23 09:36:29,002 [INFO] [main] com.netflix.discovery.provider.DiscoveryJerseyProvider [DiscoveryJerseyProvider.java : 80] Using XML encoding codec XStreamXml
2019-12-23 09:36:29,003 [INFO] [main] com.netflix.discovery.provider.DiscoveryJerseyProvider [DiscoveryJerseyProvider.java : 81] Using XML decoding codec XStreamXml
2019-12-23 09:36:29,209 [INFO] [main] c.n.discovery.shared.resolver.aws.ConfigClusterResolver [ConfigClusterResolver.java : 43] Resolving eureka endpoints via configuration
2019-12-23 09:36:29,618 [INFO] [main] com.netflix.discovery.DiscoveryClient [DiscoveryClient.java : 976] Disable delta property : false
2019-12-23 09:36:29,618 [INFO] [main] com.netflix.discovery.DiscoveryClient [DiscoveryClient.java : 977] Single vip registry refresh property : null
2019-12-23 09:36:29,619 [INFO] [main] com.netflix.discovery.DiscoveryClient [DiscoveryClient.java : 978] Force full registry fetch : false
2019-12-23 09:36:29,619 [INFO] [main] com.netflix.discovery.DiscoveryClient [DiscoveryClient.java : 979] Application is null : false
2019-12-23 09:36:29,620 [INFO] [main] com.netflix.discovery.DiscoveryClient [DiscoveryClient.java : 980] Registered Applications size is zero : true
2019-12-23 09:36:29,620 [INFO] [main] com.netflix.discovery.DiscoveryClient [DiscoveryClient.java : 982] Application version is -1: true
2019-12-23 09:36:29,621 [INFO] [main] com.netflix.discovery.DiscoveryClient [DiscoveryClient.java : 1065] Getting all instance registry info from the eureka server
2019-12-23 09:36:29,806 [INFO] [main] com.netflix.discovery.DiscoveryClient [DiscoveryClient.java : 1074] The response status is 200
2019-12-23 09:36:29,809 [INFO] [main] com.netflix.discovery.DiscoveryClient [DiscoveryClient.java : 1288] Starting heartbeat executor: renew interval is: 30
2019-12-23 09:36:29,814 [INFO] [main] com.netflix.discovery.InstanceInfoReplicator [InstanceInfoReplicator.java : 60] InstanceInfoReplicator onDemand update allowed rate per min is 4
2019-12-23 09:36:29,819 [INFO] [main] com.netflix.discovery.DiscoveryClient [DiscoveryClient.java : 465] Discovery Client initialized at timestamp 1577064989818 with initial instances count: 3
2019-12-23 09:36:29,827 [INFO] [main] o.s.c.netflix.eureka.serviceregistry.EurekaServiceRegistry [EurekaServiceRegistry.java : 41] Registering application MANAGEINFORMATION-PRODUCER with eureka with status UP
2019-12-23 09:36:29,829 [INFO] [main] com.netflix.discovery.DiscoveryClient [DiscoveryClient.java : 1323] Saw local status change event StatusChangeEvent [timestamp=1577064989829, current=UP, previous=STARTING]
2019-12-23 09:36:29,834 [INFO] [main] s.d.spring.web.plugins.DocumentationPluginsBootstrapper [DocumentationPluginsBootstrapper.java : 160] Context refreshed
2019-12-23 09:36:29,833 [INFO] [DiscoveryClient-InstanceInfoReplicator-0] com.netflix.discovery.DiscoveryClient [DiscoveryClient.java : 844] DiscoveryClient_MANAGEINFORMATION-PRODUCER/100.66.130.98:manageInformation-producer:8004: registering service...
2019-12-23 09:36:29,878 [INFO] [DiscoveryClient-InstanceInfoReplicator-0] com.netflix.discovery.DiscoveryClient [DiscoveryClient.java : 853] DiscoveryClient_MANAGEINFORMATION-PRODUCER/100.66.130.98:manageInformation-producer:8004 - registration status: 204
2019-12-23 09:36:29,884 [INFO] [main] s.d.spring.web.plugins.DocumentationPluginsBootstrapper [DocumentationPluginsBootstrapper.java : 163] Found 1 custom documentation plugin(s)
2019-12-23 09:36:29,948 [INFO] [main] s.d.spring.web.scanners.ApiListingReferenceScanner [ApiListingReferenceScanner.java : 41] Scanning for api listing references
2019-12-23 09:36:30,216 [INFO] [main] org.springframework.boot.web.embedded.tomcat.TomcatWebServer [TomcatWebServer.java : 204] Tomcat started on port(s): 8004 (http) with context path ''
2019-12-23 09:36:30,218 [INFO] [main] o.s.c.n.eureka.serviceregistry.EurekaAutoServiceRegistration [EurekaAutoServiceRegistration.java : 145] Updating port to 8004
2019-12-23 09:36:30,810 [INFO] [main] c.e.m.ManageInformationServiceApplication [StartupInfoLogger.java : 61] Started ManageInformationServiceApplication in 12.558 seconds (JVM running for 14.386)
2019-12-23 09:41:29,624 [INFO] [AsyncResolver-bootstrap-executor-0] c.n.discovery.shared.resolver.aws.ConfigClusterResolver [ConfigClusterResolver.java : 43] Resolving eureka endpoints via configuration
2019-12-23 09:46:29,625 [INFO] [AsyncResolver-bootstrap-executor-0] c.n.discovery.shared.resolver.aws.ConfigClusterResolver [ConfigClusterResolver.java : 43] Resolving eureka endpoints via configuration
2019-12-23 09:47:43,456 [INFO] [http-nio-8004-exec-1] o.a.catalina.core.ContainerBase.[Tomcat].[localhost].[/] [DirectJDKLog.java : 173] Initializing Spring DispatcherServlet 'dispatcherServlet'
2019-12-23 09:47:43,457 [INFO] [http-nio-8004-exec-1] org.springframework.web.servlet.DispatcherServlet [FrameworkServlet.java : 525] Initializing Servlet 'dispatcherServlet'
2019-12-23 09:47:43,621 [INFO] [http-nio-8004-exec-1] org.springframework.web.servlet.DispatcherServlet [FrameworkServlet.java : 547] Completed initialization in 164 ms
2019-12-23 09:47:43,820 [INFO] [http-nio-8004-exec-1] com.zaxxer.hikari.HikariDataSource [HikariDataSource.java : 110] HikariPool-1 - Starting...
2019-12-23 09:47:44,490 [INFO] [http-nio-8004-exec-1] com.zaxxer.hikari.HikariDataSource [HikariDataSource.java : 123] HikariPool-1 - Start completed.
2019-12-23 09:47:44,505 [DEBUG] [http-nio-8004-exec-1] c.e.m.mapper.InformationMapper.getUserInfoByuID [BaseJdbcLogger.java : 143] ==>  Preparing: select * from Lol_UserInfo where uID = ? 
2019-12-23 09:47:44,555 [DEBUG] [http-nio-8004-exec-1] c.e.m.mapper.InformationMapper.getUserInfoByuID [BaseJdbcLogger.java : 143] ==> Parameters: 1(Integer)
2019-12-23 09:47:44,635 [TRACE] [http-nio-8004-exec-1] c.e.m.mapper.InformationMapper.getUserInfoByuID [BaseJdbcLogger.java : 149] <==    Columns: uID, nickName, icon, gender, lolAccount, prefer
2019-12-23 09:47:44,636 [TRACE] [http-nio-8004-exec-1] c.e.m.mapper.InformationMapper.getUserInfoByuID [BaseJdbcLogger.java : 149] <==        Row: 1, ff1235222, default.jpg, 0, null, 2
2019-12-23 09:47:44,641 [DEBUG] [http-nio-8004-exec-1] c.e.m.mapper.InformationMapper.getUserInfoByuID [BaseJdbcLogger.java : 143] <==      Total: 1
2019-12-23 09:48:07,968 [DEBUG] [http-nio-8004-exec-2] c.e.m.mapper.InformationMapper.getUserInfoByuID [BaseJdbcLogger.java : 143] ==>  Preparing: select * from Lol_UserInfo where uID = ? 
2019-12-23 09:48:07,969 [DEBUG] [http-nio-8004-exec-2] c.e.m.mapper.InformationMapper.getUserInfoByuID [BaseJdbcLogger.java : 143] ==> Parameters: 1(Integer)
2019-12-23 09:48:08,012 [TRACE] [http-nio-8004-exec-2] c.e.m.mapper.InformationMapper.getUserInfoByuID [BaseJdbcLogger.java : 149] <==    Columns: uID, nickName, icon, gender, lolAccount, prefer
2019-12-23 09:48:08,013 [TRACE] [http-nio-8004-exec-2] c.e.m.mapper.InformationMapper.getUserInfoByuID [BaseJdbcLogger.java : 149] <==        Row: 1, ff1235222, default.jpg, 0, null, 2
2019-12-23 09:48:08,014 [DEBUG] [http-nio-8004-exec-2] c.e.m.mapper.InformationMapper.getUserInfoByuID [BaseJdbcLogger.java : 143] <==      Total: 1
2019-12-23 09:48:14,050 [DEBUG] [http-nio-8004-exec-3] c.e.m.mapper.InformationMapper.selectUsersFollowByUid [BaseJdbcLogger.java : 143] ==>  Preparing: select u.* from Lol_UserInfo u inner join Lol_Follow f on f.fID = u.uID where f.uID = ? 
2019-12-23 09:48:14,051 [DEBUG] [http-nio-8004-exec-3] c.e.m.mapper.InformationMapper.selectUsersFollowByUid [BaseJdbcLogger.java : 143] ==> Parameters: 1(Integer)
2019-12-23 09:48:14,091 [TRACE] [http-nio-8004-exec-3] c.e.m.mapper.InformationMapper.selectUsersFollowByUid [BaseJdbcLogger.java : 149] <==    Columns: uID, nickName, icon, gender, lolAccount, prefer
2019-12-23 09:48:14,092 [TRACE] [http-nio-8004-exec-3] c.e.m.mapper.InformationMapper.selectUsersFollowByUid [BaseJdbcLogger.java : 149] <==        Row: 2, fufu, default.jpg, 0, null, 0
2019-12-23 09:48:14,093 [DEBUG] [http-nio-8004-exec-3] c.e.m.mapper.InformationMapper.selectUsersFollowByUid [BaseJdbcLogger.java : 143] <==      Total: 1
2019-12-23 09:48:24,828 [DEBUG] [http-nio-8004-exec-4] c.e.m.mapper.InformationMapper.getUserByname [BaseJdbcLogger.java : 143] ==>  Preparing: select * from Lol_UserInfo where nickName like CONCAT(CONCAT('%', ?), '%') 
2019-12-23 09:48:24,829 [DEBUG] [http-nio-8004-exec-4] c.e.m.mapper.InformationMapper.getUserByname [BaseJdbcLogger.java : 143] ==> Parameters: f(String)
2019-12-23 09:48:24,867 [TRACE] [http-nio-8004-exec-4] c.e.m.mapper.InformationMapper.getUserByname [BaseJdbcLogger.java : 149] <==    Columns: uID, nickName, icon, gender, lolAccount, prefer
2019-12-23 09:48:24,868 [TRACE] [http-nio-8004-exec-4] c.e.m.mapper.InformationMapper.getUserByname [BaseJdbcLogger.java : 149] <==        Row: 1, ff1235222, default.jpg, 0, null, 2
2019-12-23 09:48:24,870 [TRACE] [http-nio-8004-exec-4] c.e.m.mapper.InformationMapper.getUserByname [BaseJdbcLogger.java : 149] <==        Row: 2, fufu, default.jpg, 0, null, 0
2019-12-23 09:48:24,871 [DEBUG] [http-nio-8004-exec-4] c.e.m.mapper.InformationMapper.getUserByname [BaseJdbcLogger.java : 143] <==      Total: 2
2019-12-23 09:50:50,656 [DEBUG] [http-nio-8004-exec-6] c.e.m.mapper.InformationMapper.selectUsersFollowByUid [BaseJdbcLogger.java : 143] ==>  Preparing: select u.* from Lol_UserInfo u inner join Lol_Follow f on f.fID = u.uID where f.uID = ? 
2019-12-23 09:50:50,657 [DEBUG] [http-nio-8004-exec-6] c.e.m.mapper.InformationMapper.selectUsersFollowByUid [BaseJdbcLogger.java : 143] ==> Parameters: 1(Integer)
2019-12-23 09:50:50,696 [TRACE] [http-nio-8004-exec-6] c.e.m.mapper.InformationMapper.selectUsersFollowByUid [BaseJdbcLogger.java : 149] <==    Columns: uID, nickName, icon, gender, lolAccount, prefer
2019-12-23 09:50:50,697 [TRACE] [http-nio-8004-exec-6] c.e.m.mapper.InformationMapper.selectUsersFollowByUid [BaseJdbcLogger.java : 149] <==        Row: 2, fufu, default.jpg, 0, null, 0
2019-12-23 09:50:50,698 [DEBUG] [http-nio-8004-exec-6] c.e.m.mapper.InformationMapper.selectUsersFollowByUid [BaseJdbcLogger.java : 143] <==      Total: 1
2019-12-23 09:50:53,854 [DEBUG] [http-nio-8004-exec-7] c.e.m.mapper.InformationMapper.getUserInfoByuID [BaseJdbcLogger.java : 143] ==>  Preparing: select * from Lol_UserInfo where uID = ? 
2019-12-23 09:50:53,855 [DEBUG] [http-nio-8004-exec-7] c.e.m.mapper.InformationMapper.getUserInfoByuID [BaseJdbcLogger.java : 143] ==> Parameters: 1(Integer)
2019-12-23 09:50:53,893 [TRACE] [http-nio-8004-exec-7] c.e.m.mapper.InformationMapper.getUserInfoByuID [BaseJdbcLogger.java : 149] <==    Columns: uID, nickName, icon, gender, lolAccount, prefer
2019-12-23 09:50:53,895 [TRACE] [http-nio-8004-exec-7] c.e.m.mapper.InformationMapper.getUserInfoByuID [BaseJdbcLogger.java : 149] <==        Row: 1, ff1235222, default.jpg, 0, null, 2
2019-12-23 09:50:53,897 [DEBUG] [http-nio-8004-exec-7] c.e.m.mapper.InformationMapper.getUserInfoByuID [BaseJdbcLogger.java : 143] <==      Total: 1
2019-12-23 09:51:29,627 [INFO] [AsyncResolver-bootstrap-executor-0] c.n.discovery.shared.resolver.aws.ConfigClusterResolver [ConfigClusterResolver.java : 43] Resolving eureka endpoints via configuration
2019-12-23 09:56:29,628 [INFO] [AsyncResolver-bootstrap-executor-0] c.n.discovery.shared.resolver.aws.ConfigClusterResolver [ConfigClusterResolver.java : 43] Resolving eureka endpoints via configuration
2019-12-23 10:01:29,629 [INFO] [AsyncResolver-bootstrap-executor-0] c.n.discovery.shared.resolver.aws.ConfigClusterResolver [ConfigClusterResolver.java : 43] Resolving eureka endpoints via configuration
2019-12-23 10:06:29,632 [INFO] [AsyncResolver-bootstrap-executor-0] c.n.discovery.shared.resolver.aws.ConfigClusterResolver [ConfigClusterResolver.java : 43] Resolving eureka endpoints via configuration
2019-12-23 10:11:29,633 [INFO] [AsyncResolver-bootstrap-executor-0] c.n.discovery.shared.resolver.aws.ConfigClusterResolver [ConfigClusterResolver.java : 43] Resolving eureka endpoints via configuration
2019-12-23 10:16:29,634 [INFO] [AsyncResolver-bootstrap-executor-0] c.n.discovery.shared.resolver.aws.ConfigClusterResolver [ConfigClusterResolver.java : 43] Resolving eureka endpoints via configuration
2019-12-23 10:21:29,636 [INFO] [AsyncResolver-bootstrap-executor-0] c.n.discovery.shared.resolver.aws.ConfigClusterResolver [ConfigClusterResolver.java : 43] Resolving eureka endpoints via configuration
2019-12-23 10:26:29,638 [INFO] [AsyncResolver-bootstrap-executor-0] c.n.discovery.shared.resolver.aws.ConfigClusterResolver [ConfigClusterResolver.java : 43] Resolving eureka endpoints via configuration
2019-12-23 10:31:29,640 [INFO] [AsyncResolver-bootstrap-executor-0] c.n.discovery.shared.resolver.aws.ConfigClusterResolver [ConfigClusterResolver.java : 43] Resolving eureka endpoints via configuration
2019-12-23 10:36:29,641 [INFO] [AsyncResolver-bootstrap-executor-0] c.n.discovery.shared.resolver.aws.ConfigClusterResolver [ConfigClusterResolver.java : 43] Resolving eureka endpoints via configuration
2019-12-23 10:41:29,642 [INFO] [AsyncResolver-bootstrap-executor-0] c.n.discovery.shared.resolver.aws.ConfigClusterResolver [ConfigClusterResolver.java : 43] Resolving eureka endpoints via configuration
2019-12-23 10:46:29,645 [INFO] [AsyncResolver-bootstrap-executor-0] c.n.discovery.shared.resolver.aws.ConfigClusterResolver [ConfigClusterResolver.java : 43] Resolving eureka endpoints via configuration
2019-12-23 10:51:29,646 [INFO] [AsyncResolver-bootstrap-executor-0] c.n.discovery.shared.resolver.aws.ConfigClusterResolver [ConfigClusterResolver.java : 43] Resolving eureka endpoints via configuration
2019-12-23 10:56:29,647 [INFO] [AsyncResolver-bootstrap-executor-0] c.n.discovery.shared.resolver.aws.ConfigClusterResolver [ConfigClusterResolver.java : 43] Resolving eureka endpoints via configuration
2019-12-23 11:01:29,649 [INFO] [AsyncResolver-bootstrap-executor-0] c.n.discovery.shared.resolver.aws.ConfigClusterResolver [ConfigClusterResolver.java : 43] Resolving eureka endpoints via configuration
2019-12-23 11:06:29,650 [INFO] [AsyncResolver-bootstrap-executor-0] c.n.discovery.shared.resolver.aws.ConfigClusterResolver [ConfigClusterResolver.java : 43] Resolving eureka endpoints via configuration
2019-12-23 11:11:29,652 [INFO] [AsyncResolver-bootstrap-executor-0] c.n.discovery.shared.resolver.aws.ConfigClusterResolver [ConfigClusterResolver.java : 43] Resolving eureka endpoints via configuration
2019-12-23 11:16:29,653 [INFO] [AsyncResolver-bootstrap-executor-0] c.n.discovery.shared.resolver.aws.ConfigClusterResolver [ConfigClusterResolver.java : 43] Resolving eureka endpoints via configuration
2019-12-23 11:17:59,976 [DEBUG] [http-nio-8004-exec-9] c.e.m.mapper.InformationMapper.getUserInfoByuID [BaseJdbcLogger.java : 143] ==>  Preparing: select * from Lol_UserInfo where uID = ? 
2019-12-23 11:18:00,025 [DEBUG] [http-nio-8004-exec-9] c.e.m.mapper.InformationMapper.getUserInfoByuID [BaseJdbcLogger.java : 143] ==> Parameters: 1(Integer)
2019-12-23 11:18:00,092 [TRACE] [http-nio-8004-exec-9] c.e.m.mapper.InformationMapper.getUserInfoByuID [BaseJdbcLogger.java : 149] <==    Columns: uID, nickName, icon, gender, lolAccount, prefer
2019-12-23 11:18:00,094 [TRACE] [http-nio-8004-exec-9] c.e.m.mapper.InformationMapper.getUserInfoByuID [BaseJdbcLogger.java : 149] <==        Row: 1, ff1235222, default.jpg, 0, null, 2
2019-12-23 11:18:00,109 [DEBUG] [http-nio-8004-exec-9] c.e.m.mapper.InformationMapper.getUserInfoByuID [BaseJdbcLogger.java : 143] <==      Total: 1
2019-12-23 11:18:08,084 [DEBUG] [http-nio-8004-exec-10] c.e.m.mapper.InformationMapper.getUserInfoByuID [BaseJdbcLogger.java : 143] ==>  Preparing: select * from Lol_UserInfo where uID = ? 
2019-12-23 11:18:08,086 [DEBUG] [http-nio-8004-exec-10] c.e.m.mapper.InformationMapper.getUserInfoByuID [BaseJdbcLogger.java : 143] ==> Parameters: 1(Integer)
2019-12-23 11:18:08,224 [TRACE] [http-nio-8004-exec-10] c.e.m.mapper.InformationMapper.getUserInfoByuID [BaseJdbcLogger.java : 149] <==    Columns: uID, nickName, icon, gender, lolAccount, prefer
2019-12-23 11:18:08,226 [TRACE] [http-nio-8004-exec-10] c.e.m.mapper.InformationMapper.getUserInfoByuID [BaseJdbcLogger.java : 149] <==        Row: 1, ff1235222, default.jpg, 0, null, 2
2019-12-23 11:18:08,229 [DEBUG] [http-nio-8004-exec-10] c.e.m.mapper.InformationMapper.getUserInfoByuID [BaseJdbcLogger.java : 143] <==      Total: 1
2019-12-23 11:18:34,766 [DEBUG] [http-nio-8004-exec-2] c.e.m.mapper.InformationMapper.getUserInfoByuID [BaseJdbcLogger.java : 143] ==>  Preparing: select * from Lol_UserInfo where uID = ? 
2019-12-23 11:18:34,767 [DEBUG] [http-nio-8004-exec-2] c.e.m.mapper.InformationMapper.getUserInfoByuID [BaseJdbcLogger.java : 143] ==> Parameters: 1(Integer)
2019-12-23 11:18:34,806 [TRACE] [http-nio-8004-exec-2] c.e.m.mapper.InformationMapper.getUserInfoByuID [BaseJdbcLogger.java : 149] <==    Columns: uID, nickName, icon, gender, lolAccount, prefer
2019-12-23 11:18:34,808 [TRACE] [http-nio-8004-exec-2] c.e.m.mapper.InformationMapper.getUserInfoByuID [BaseJdbcLogger.java : 149] <==        Row: 1, ff1235222, default.jpg, 0, null, 2
2019-12-23 11:18:34,810 [DEBUG] [http-nio-8004-exec-2] c.e.m.mapper.InformationMapper.getUserInfoByuID [BaseJdbcLogger.java : 143] <==      Total: 1
2019-12-23 11:19:03,642 [DEBUG] [http-nio-8004-exec-3] c.e.m.mapper.InformationMapper.getUserByname [BaseJdbcLogger.java : 143] ==>  Preparing: select * from Lol_UserInfo where nickName like CONCAT(CONCAT('%', ?), '%') 
2019-12-23 11:19:03,643 [DEBUG] [http-nio-8004-exec-3] c.e.m.mapper.InformationMapper.getUserByname [BaseJdbcLogger.java : 143] ==> Parameters: f(String)
2019-12-23 11:19:03,684 [TRACE] [http-nio-8004-exec-3] c.e.m.mapper.InformationMapper.getUserByname [BaseJdbcLogger.java : 149] <==    Columns: uID, nickName, icon, gender, lolAccount, prefer
2019-12-23 11:19:03,686 [TRACE] [http-nio-8004-exec-3] c.e.m.mapper.InformationMapper.getUserByname [BaseJdbcLogger.java : 149] <==        Row: 1, ff1235222, default.jpg, 0, null, 2
2019-12-23 11:19:03,688 [TRACE] [http-nio-8004-exec-3] c.e.m.mapper.InformationMapper.getUserByname [BaseJdbcLogger.java : 149] <==        Row: 2, fufu, default.jpg, 0, null, 0
2019-12-23 11:19:03,690 [DEBUG] [http-nio-8004-exec-3] c.e.m.mapper.InformationMapper.getUserByname [BaseJdbcLogger.java : 143] <==      Total: 2
2019-12-23 11:19:38,698 [DEBUG] [http-nio-8004-exec-4] c.e.m.mapper.InformationMapper.getUserInfoByuID [BaseJdbcLogger.java : 143] ==>  Preparing: select * from Lol_UserInfo where uID = ? 
2019-12-23 11:19:38,700 [DEBUG] [http-nio-8004-exec-4] c.e.m.mapper.InformationMapper.getUserInfoByuID [BaseJdbcLogger.java : 143] ==> Parameters: 1(Integer)
2019-12-23 11:19:38,741 [TRACE] [http-nio-8004-exec-4] c.e.m.mapper.InformationMapper.getUserInfoByuID [BaseJdbcLogger.java : 149] <==    Columns: uID, nickName, icon, gender, lolAccount, prefer
2019-12-23 11:19:38,743 [TRACE] [http-nio-8004-exec-4] c.e.m.mapper.InformationMapper.getUserInfoByuID [BaseJdbcLogger.java : 149] <==        Row: 1, ff1235222, default.jpg, 0, null, 2
2019-12-23 11:19:38,746 [DEBUG] [http-nio-8004-exec-4] c.e.m.mapper.InformationMapper.getUserInfoByuID [BaseJdbcLogger.java : 143] <==      Total: 1
2019-12-23 11:19:56,981 [DEBUG] [http-nio-8004-exec-5] c.e.m.mapper.InformationMapper.getUserInfoByuID [BaseJdbcLogger.java : 143] ==>  Preparing: select * from Lol_UserInfo where uID = ? 
2019-12-23 11:19:56,984 [DEBUG] [http-nio-8004-exec-5] c.e.m.mapper.InformationMapper.getUserInfoByuID [BaseJdbcLogger.java : 143] ==> Parameters: 1(Integer)
2019-12-23 11:19:57,023 [TRACE] [http-nio-8004-exec-5] c.e.m.mapper.InformationMapper.getUserInfoByuID [BaseJdbcLogger.java : 149] <==    Columns: uID, nickName, icon, gender, lolAccount, prefer
2019-12-23 11:19:57,024 [TRACE] [http-nio-8004-exec-5] c.e.m.mapper.InformationMapper.getUserInfoByuID [BaseJdbcLogger.java : 149] <==        Row: 1, ff1235222, default.jpg, 0, null, 2
2019-12-23 11:19:57,025 [DEBUG] [http-nio-8004-exec-5] c.e.m.mapper.InformationMapper.getUserInfoByuID [BaseJdbcLogger.java : 143] <==      Total: 1
2019-12-23 11:21:29,656 [INFO] [AsyncResolver-bootstrap-executor-0] c.n.discovery.shared.resolver.aws.ConfigClusterResolver [ConfigClusterResolver.java : 43] Resolving eureka endpoints via configuration
