2020-01-07 18:14:05,008 [INFO] [main] o.s.c.s.PostProcessorRegistrationDelegate$BeanPostProcessorChecker [PostProcessorRegistrationDelegate.java : 330] Bean 'org.springframework.cloud.autoconfigure.ConfigurationPropertiesRebinderAutoConfiguration' of type [org.springframework.cloud.autoconfigure.ConfigurationPropertiesRebinderAutoConfiguration] is not eligible for getting processed by all BeanPostProcessors (for example: not eligible for auto-proxying)
2020-01-07 18:14:07,077 [INFO] [main] c.e.m.ManageInformationServiceApplication [SpringApplication.java : 651] No active profile set, falling back to default profiles: default
2020-01-07 18:14:09,158 [WARN] [main] org.springframework.boot.actuate.endpoint.EndpointId [EndpointId.java : 155] Endpoint ID 'hystrix.stream' contains invalid characters, please migrate to a valid format.
2020-01-07 18:14:12,043 [WARN] [main] org.springframework.boot.actuate.endpoint.EndpointId [EndpointId.java : 155] Endpoint ID 'service-registry' contains invalid characters, please migrate to a valid format.
2020-01-07 18:14:12,941 [INFO] [main] org.springframework.cloud.context.scope.GenericScope [GenericScope.java : 295] BeanFactory id=863a76e6-552a-3333-85d9-937dfa8d3807
2020-01-07 18:14:14,114 [INFO] [main] o.s.c.s.PostProcessorRegistrationDelegate$BeanPostProcessorChecker [PostProcessorRegistrationDelegate.java : 330] Bean 'org.springframework.transaction.annotation.ProxyTransactionManagementConfiguration' of type [org.springframework.transaction.annotation.ProxyTransactionManagementConfiguration] is not eligible for getting processed by all BeanPostProcessors (for example: not eligible for auto-proxying)
2020-01-07 18:14:15,810 [INFO] [main] o.s.c.s.PostProcessorRegistrationDelegate$BeanPostProcessorChecker [PostProcessorRegistrationDelegate.java : 330] Bean 'org.springframework.cloud.autoconfigure.ConfigurationPropertiesRebinderAutoConfiguration' of type [org.springframework.cloud.autoconfigure.ConfigurationPropertiesRebinderAutoConfiguration] is not eligible for getting processed by all BeanPostProcessors (for example: not eligible for auto-proxying)
2020-01-07 18:14:18,299 [INFO] [main] org.springframework.boot.web.embedded.tomcat.TomcatWebServer [TomcatWebServer.java : 92] Tomcat initialized with port(s): 8004 (http)
2020-01-07 18:14:18,354 [INFO] [main] org.apache.catalina.core.StandardService [DirectJDKLog.java : 173] Starting service [Tomcat]
2020-01-07 18:14:18,358 [INFO] [main] org.apache.catalina.core.StandardEngine [DirectJDKLog.java : 173] Starting Servlet engine: [Apache Tomcat/9.0.29]
2020-01-07 18:14:18,770 [INFO] [main] o.a.catalina.core.ContainerBase.[Tomcat].[localhost].[/] [DirectJDKLog.java : 173] Initializing Spring embedded WebApplicationContext
2020-01-07 18:14:18,773 [INFO] [main] org.springframework.web.context.ContextLoader [ServletWebServerApplicationContext.java : 284] Root WebApplicationContext: initialization completed in 11644 ms
2020-01-07 18:14:19,150 [WARN] [main] com.netflix.config.sources.URLConfigurationSource [URLConfigurationSource.java : 121] No URLs will be polled as dynamic configuration sources.
2020-01-07 18:14:19,151 [INFO] [main] com.netflix.config.sources.URLConfigurationSource [URLConfigurationSource.java : 122] To enable URLs as dynamic configuration sources, define System property archaius.configurationSource.additionalUrls or make config.properties available on classpath.
2020-01-07 18:14:19,199 [INFO] [main] com.netflix.config.DynamicPropertyFactory [DynamicPropertyFactory.java : 281] DynamicPropertyFactory is initialized with configuration sources: com.netflix.config.ConcurrentCompositeConfiguration@7740b0ab
2020-01-07 18:14:20,006 [INFO] [main] o.s.boot.actuate.endpoint.web.ServletEndpointRegistrar [ServletEndpointRegistrar.java : 75] Registered '/actuator/hystrix.stream' to hystrix.stream-actuator-endpoint
2020-01-07 18:14:24,610 [INFO] [main] o.s.boot.actuate.endpoint.web.EndpointLinksResolver [EndpointLinksResolver.java : 58] Exposing 1 endpoint(s) beneath base path '/actuator'
2020-01-07 18:14:25,818 [INFO] [main] s.d.spring.web.PropertySourcedRequestMappingHandlerMapping [PropertySourcedRequestMappingHandlerMapping.java : 69] Mapped URL path [/v2/api-docs] onto method [springfox.documentation.swagger2.web.Swagger2Controller#getDocumentation(String, HttpServletRequest)]
2020-01-07 18:14:25,942 [WARN] [main] com.netflix.config.sources.URLConfigurationSource [URLConfigurationSource.java : 121] No URLs will be polled as dynamic configuration sources.
2020-01-07 18:14:25,944 [INFO] [main] com.netflix.config.sources.URLConfigurationSource [URLConfigurationSource.java : 122] To enable URLs as dynamic configuration sources, define System property archaius.configurationSource.additionalUrls or make config.properties available on classpath.
2020-01-07 18:14:30,603 [INFO] [main] org.springframework.cloud.commons.util.InetUtils [InetUtils.java : 170] Cannot determine local hostname
2020-01-07 18:14:33,592 [INFO] [main] org.springframework.cloud.commons.util.InetUtils [InetUtils.java : 170] Cannot determine local hostname
2020-01-07 18:14:35,885 [INFO] [main] org.springframework.cloud.commons.util.InetUtils [InetUtils.java : 170] Cannot determine local hostname
2020-01-07 18:14:36,078 [WARN] [main] o.s.c.l.c.BlockingLoadBalancerClientAutoConfiguration$BlockingLoadBalancerClientRibbonWarnLogger [BlockingLoadBalancerClientAutoConfiguration.java : 106] You already have RibbonLoadBalancerClient on your classpath. It will be used by default. As Spring Cloud Ribbon is in maintenance mode. We recommend switching to BlockingLoadBalancerClient instead. In order to use it, set the value of `spring.cloud.loadbalancer.ribbon.enabled` to `false` or remove spring-cloud-starter-netflix-ribbon from your project.
2020-01-07 18:14:36,370 [WARN] [main] o.s.c.l.c.LoadBalancerCacheAutoConfiguration$LoadBalancerCaffeineWarnLogger [LoadBalancerCacheAutoConfiguration.java : 81] Spring Cloud LoadBalancer is currently working with default default cache. You can switch to using Caffeine cache, by adding it to the classpath.
2020-01-07 18:14:36,516 [INFO] [main] org.springframework.cloud.netflix.eureka.InstanceInfoFactory [InstanceInfoFactory.java : 72] Setting initial instance status as: STARTING
2020-01-07 18:14:36,807 [INFO] [main] com.netflix.discovery.DiscoveryClient [DiscoveryClient.java : 365] Initializing Eureka in region us-east-1
2020-01-07 18:14:37,858 [INFO] [main] com.netflix.discovery.provider.DiscoveryJerseyProvider [DiscoveryJerseyProvider.java : 70] Using JSON encoding codec LegacyJacksonJson
2020-01-07 18:14:37,861 [INFO] [main] com.netflix.discovery.provider.DiscoveryJerseyProvider [DiscoveryJerseyProvider.java : 71] Using JSON decoding codec LegacyJacksonJson
2020-01-07 18:14:38,469 [INFO] [main] com.netflix.discovery.provider.DiscoveryJerseyProvider [DiscoveryJerseyProvider.java : 80] Using XML encoding codec XStreamXml
2020-01-07 18:14:38,473 [INFO] [main] com.netflix.discovery.provider.DiscoveryJerseyProvider [DiscoveryJerseyProvider.java : 81] Using XML decoding codec XStreamXml
2020-01-07 18:14:39,032 [INFO] [main] c.n.discovery.shared.resolver.aws.ConfigClusterResolver [ConfigClusterResolver.java : 43] Resolving eureka endpoints via configuration
2020-01-07 18:14:39,561 [INFO] [main] com.netflix.discovery.DiscoveryClient [DiscoveryClient.java : 976] Disable delta property : false
2020-01-07 18:14:39,562 [INFO] [main] com.netflix.discovery.DiscoveryClient [DiscoveryClient.java : 977] Single vip registry refresh property : null
2020-01-07 18:14:39,563 [INFO] [main] com.netflix.discovery.DiscoveryClient [DiscoveryClient.java : 978] Force full registry fetch : false
2020-01-07 18:14:39,563 [INFO] [main] com.netflix.discovery.DiscoveryClient [DiscoveryClient.java : 979] Application is null : false
2020-01-07 18:14:39,564 [INFO] [main] com.netflix.discovery.DiscoveryClient [DiscoveryClient.java : 980] Registered Applications size is zero : true
2020-01-07 18:14:39,565 [INFO] [main] com.netflix.discovery.DiscoveryClient [DiscoveryClient.java : 982] Application version is -1: true
2020-01-07 18:14:39,566 [INFO] [main] com.netflix.discovery.DiscoveryClient [DiscoveryClient.java : 1065] Getting all instance registry info from the eureka server
2020-01-07 18:14:40,208 [INFO] [main] com.netflix.discovery.DiscoveryClient [DiscoveryClient.java : 1074] The response status is 200
2020-01-07 18:14:40,215 [INFO] [main] com.netflix.discovery.DiscoveryClient [DiscoveryClient.java : 1288] Starting heartbeat executor: renew interval is: 30
2020-01-07 18:14:40,221 [INFO] [main] com.netflix.discovery.InstanceInfoReplicator [InstanceInfoReplicator.java : 60] InstanceInfoReplicator onDemand update allowed rate per min is 4
2020-01-07 18:14:40,240 [INFO] [main] com.netflix.discovery.DiscoveryClient [DiscoveryClient.java : 465] Discovery Client initialized at timestamp 1578392080226 with initial instances count: 2
2020-01-07 18:14:40,252 [INFO] [main] o.s.c.netflix.eureka.serviceregistry.EurekaServiceRegistry [EurekaServiceRegistry.java : 41] Registering application MANAGEINFORMATION-PRODUCER with eureka with status UP
2020-01-07 18:14:40,254 [INFO] [main] com.netflix.discovery.DiscoveryClient [DiscoveryClient.java : 1323] Saw local status change event StatusChangeEvent [timestamp=1578392080254, current=UP, previous=STARTING]
2020-01-07 18:14:40,260 [INFO] [main] s.d.spring.web.plugins.DocumentationPluginsBootstrapper [DocumentationPluginsBootstrapper.java : 160] Context refreshed
2020-01-07 18:14:40,281 [INFO] [DiscoveryClient-InstanceInfoReplicator-0] com.netflix.discovery.DiscoveryClient [DiscoveryClient.java : 844] DiscoveryClient_MANAGEINFORMATION-PRODUCER/localhost:manageInformation-producer:8004: registering service...
2020-01-07 18:14:40,303 [INFO] [main] s.d.spring.web.plugins.DocumentationPluginsBootstrapper [DocumentationPluginsBootstrapper.java : 163] Found 1 custom documentation plugin(s)
2020-01-07 18:14:40,370 [INFO] [DiscoveryClient-InstanceInfoReplicator-0] com.netflix.discovery.DiscoveryClient [DiscoveryClient.java : 853] DiscoveryClient_MANAGEINFORMATION-PRODUCER/localhost:manageInformation-producer:8004 - registration status: 204
2020-01-07 18:14:40,497 [INFO] [main] s.d.spring.web.scanners.ApiListingReferenceScanner [ApiListingReferenceScanner.java : 41] Scanning for api listing references
2020-01-07 18:14:41,322 [INFO] [main] org.springframework.boot.web.embedded.tomcat.TomcatWebServer [TomcatWebServer.java : 204] Tomcat started on port(s): 8004 (http) with context path ''
2020-01-07 18:14:41,325 [INFO] [main] o.s.c.n.eureka.serviceregistry.EurekaAutoServiceRegistration [EurekaAutoServiceRegistration.java : 145] Updating port to 8004
2020-01-07 18:14:43,436 [INFO] [main] org.springframework.cloud.commons.util.InetUtils [InetUtils.java : 170] Cannot determine local hostname
2020-01-07 18:14:43,444 [INFO] [main] c.e.m.ManageInformationServiceApplication [StartupInfoLogger.java : 61] Started ManageInformationServiceApplication in 41.521 seconds (JVM running for 42.099)
2020-01-07 18:19:39,574 [INFO] [AsyncResolver-bootstrap-executor-0] c.n.discovery.shared.resolver.aws.ConfigClusterResolver [ConfigClusterResolver.java : 43] Resolving eureka endpoints via configuration
2020-01-07 18:31:46,833 [INFO] [main] o.s.c.s.PostProcessorRegistrationDelegate$BeanPostProcessorChecker [PostProcessorRegistrationDelegate.java : 330] Bean 'org.springframework.cloud.autoconfigure.ConfigurationPropertiesRebinderAutoConfiguration' of type [org.springframework.cloud.autoconfigure.ConfigurationPropertiesRebinderAutoConfiguration] is not eligible for getting processed by all BeanPostProcessors (for example: not eligible for auto-proxying)
2020-01-07 18:31:48,434 [INFO] [main] c.e.m.ManageInformationServiceApplication [SpringApplication.java : 651] No active profile set, falling back to default profiles: default
2020-01-07 18:31:49,577 [WARN] [main] org.springframework.boot.actuate.endpoint.EndpointId [EndpointId.java : 155] Endpoint ID 'hystrix.stream' contains invalid characters, please migrate to a valid format.
2020-01-07 18:31:51,125 [WARN] [main] org.springframework.boot.actuate.endpoint.EndpointId [EndpointId.java : 155] Endpoint ID 'service-registry' contains invalid characters, please migrate to a valid format.
2020-01-07 18:31:51,411 [INFO] [main] org.springframework.cloud.context.scope.GenericScope [GenericScope.java : 295] BeanFactory id=863a76e6-552a-3333-85d9-937dfa8d3807
2020-01-07 18:31:51,702 [INFO] [main] o.s.c.s.PostProcessorRegistrationDelegate$BeanPostProcessorChecker [PostProcessorRegistrationDelegate.java : 330] Bean 'org.springframework.transaction.annotation.ProxyTransactionManagementConfiguration' of type [org.springframework.transaction.annotation.ProxyTransactionManagementConfiguration] is not eligible for getting processed by all BeanPostProcessors (for example: not eligible for auto-proxying)
2020-01-07 18:31:52,063 [INFO] [main] o.s.c.s.PostProcessorRegistrationDelegate$BeanPostProcessorChecker [PostProcessorRegistrationDelegate.java : 330] Bean 'org.springframework.cloud.autoconfigure.ConfigurationPropertiesRebinderAutoConfiguration' of type [org.springframework.cloud.autoconfigure.ConfigurationPropertiesRebinderAutoConfiguration] is not eligible for getting processed by all BeanPostProcessors (for example: not eligible for auto-proxying)
2020-01-07 18:31:52,756 [INFO] [main] org.springframework.boot.web.embedded.tomcat.TomcatWebServer [TomcatWebServer.java : 92] Tomcat initialized with port(s): 8004 (http)
2020-01-07 18:31:52,768 [INFO] [main] org.apache.catalina.core.StandardService [DirectJDKLog.java : 173] Starting service [Tomcat]
2020-01-07 18:31:52,768 [INFO] [main] org.apache.catalina.core.StandardEngine [DirectJDKLog.java : 173] Starting Servlet engine: [Apache Tomcat/9.0.29]
2020-01-07 18:31:52,976 [INFO] [main] o.a.catalina.core.ContainerBase.[Tomcat].[localhost].[/] [DirectJDKLog.java : 173] Initializing Spring embedded WebApplicationContext
2020-01-07 18:31:52,976 [INFO] [main] org.springframework.web.context.ContextLoader [ServletWebServerApplicationContext.java : 284] Root WebApplicationContext: initialization completed in 4519 ms
2020-01-07 18:31:53,109 [WARN] [main] com.netflix.config.sources.URLConfigurationSource [URLConfigurationSource.java : 121] No URLs will be polled as dynamic configuration sources.
2020-01-07 18:31:53,110 [INFO] [main] com.netflix.config.sources.URLConfigurationSource [URLConfigurationSource.java : 122] To enable URLs as dynamic configuration sources, define System property archaius.configurationSource.additionalUrls or make config.properties available on classpath.
2020-01-07 18:31:53,129 [INFO] [main] com.netflix.config.DynamicPropertyFactory [DynamicPropertyFactory.java : 281] DynamicPropertyFactory is initialized with configuration sources: com.netflix.config.ConcurrentCompositeConfiguration@2d4f67e
2020-01-07 18:31:53,404 [INFO] [main] o.s.boot.actuate.endpoint.web.ServletEndpointRegistrar [ServletEndpointRegistrar.java : 75] Registered '/actuator/hystrix.stream' to hystrix.stream-actuator-endpoint
2020-01-07 18:31:54,139 [INFO] [main] o.s.boot.actuate.endpoint.web.EndpointLinksResolver [EndpointLinksResolver.java : 58] Exposing 1 endpoint(s) beneath base path '/actuator'
2020-01-07 18:31:54,404 [INFO] [main] s.d.spring.web.PropertySourcedRequestMappingHandlerMapping [PropertySourcedRequestMappingHandlerMapping.java : 69] Mapped URL path [/v2/api-docs] onto method [springfox.documentation.swagger2.web.Swagger2Controller#getDocumentation(String, HttpServletRequest)]
2020-01-07 18:31:54,430 [WARN] [main] com.netflix.config.sources.URLConfigurationSource [URLConfigurationSource.java : 121] No URLs will be polled as dynamic configuration sources.
2020-01-07 18:31:54,431 [INFO] [main] com.netflix.config.sources.URLConfigurationSource [URLConfigurationSource.java : 122] To enable URLs as dynamic configuration sources, define System property archaius.configurationSource.additionalUrls or make config.properties available on classpath.
2020-01-07 18:31:56,284 [INFO] [main] org.springframework.cloud.commons.util.InetUtils [InetUtils.java : 170] Cannot determine local hostname
2020-01-07 18:31:57,740 [INFO] [main] org.springframework.cloud.commons.util.InetUtils [InetUtils.java : 170] Cannot determine local hostname
2020-01-07 18:31:59,136 [INFO] [main] org.springframework.cloud.commons.util.InetUtils [InetUtils.java : 170] Cannot determine local hostname
2020-01-07 18:31:59,180 [WARN] [main] o.s.c.l.c.BlockingLoadBalancerClientAutoConfiguration$BlockingLoadBalancerClientRibbonWarnLogger [BlockingLoadBalancerClientAutoConfiguration.java : 106] You already have RibbonLoadBalancerClient on your classpath. It will be used by default. As Spring Cloud Ribbon is in maintenance mode. We recommend switching to BlockingLoadBalancerClient instead. In order to use it, set the value of `spring.cloud.loadbalancer.ribbon.enabled` to `false` or remove spring-cloud-starter-netflix-ribbon from your project.
2020-01-07 18:31:59,228 [WARN] [main] o.s.c.l.c.LoadBalancerCacheAutoConfiguration$LoadBalancerCaffeineWarnLogger [LoadBalancerCacheAutoConfiguration.java : 81] Spring Cloud LoadBalancer is currently working with default default cache. You can switch to using Caffeine cache, by adding it to the classpath.
2020-01-07 18:31:59,284 [INFO] [main] org.springframework.cloud.netflix.eureka.InstanceInfoFactory [InstanceInfoFactory.java : 72] Setting initial instance status as: STARTING
2020-01-07 18:31:59,362 [INFO] [main] com.netflix.discovery.DiscoveryClient [DiscoveryClient.java : 365] Initializing Eureka in region us-east-1
2020-01-07 18:31:59,575 [INFO] [main] com.netflix.discovery.provider.DiscoveryJerseyProvider [DiscoveryJerseyProvider.java : 70] Using JSON encoding codec LegacyJacksonJson
2020-01-07 18:31:59,576 [INFO] [main] com.netflix.discovery.provider.DiscoveryJerseyProvider [DiscoveryJerseyProvider.java : 71] Using JSON decoding codec LegacyJacksonJson
2020-01-07 18:31:59,754 [INFO] [main] com.netflix.discovery.provider.DiscoveryJerseyProvider [DiscoveryJerseyProvider.java : 80] Using XML encoding codec XStreamXml
2020-01-07 18:31:59,755 [INFO] [main] com.netflix.discovery.provider.DiscoveryJerseyProvider [DiscoveryJerseyProvider.java : 81] Using XML decoding codec XStreamXml
2020-01-07 18:31:59,960 [INFO] [main] c.n.discovery.shared.resolver.aws.ConfigClusterResolver [ConfigClusterResolver.java : 43] Resolving eureka endpoints via configuration
2020-01-07 18:32:00,313 [INFO] [main] com.netflix.discovery.DiscoveryClient [DiscoveryClient.java : 976] Disable delta property : false
2020-01-07 18:32:00,313 [INFO] [main] com.netflix.discovery.DiscoveryClient [DiscoveryClient.java : 977] Single vip registry refresh property : null
2020-01-07 18:32:00,314 [INFO] [main] com.netflix.discovery.DiscoveryClient [DiscoveryClient.java : 978] Force full registry fetch : false
2020-01-07 18:32:00,314 [INFO] [main] com.netflix.discovery.DiscoveryClient [DiscoveryClient.java : 979] Application is null : false
2020-01-07 18:32:00,314 [INFO] [main] com.netflix.discovery.DiscoveryClient [DiscoveryClient.java : 980] Registered Applications size is zero : true
2020-01-07 18:32:00,315 [INFO] [main] com.netflix.discovery.DiscoveryClient [DiscoveryClient.java : 982] Application version is -1: true
2020-01-07 18:32:00,315 [INFO] [main] com.netflix.discovery.DiscoveryClient [DiscoveryClient.java : 1065] Getting all instance registry info from the eureka server
2020-01-07 18:32:00,515 [INFO] [main] com.netflix.discovery.DiscoveryClient [DiscoveryClient.java : 1074] The response status is 200
2020-01-07 18:32:00,518 [INFO] [main] com.netflix.discovery.DiscoveryClient [DiscoveryClient.java : 1288] Starting heartbeat executor: renew interval is: 30
2020-01-07 18:32:00,523 [INFO] [main] com.netflix.discovery.InstanceInfoReplicator [InstanceInfoReplicator.java : 60] InstanceInfoReplicator onDemand update allowed rate per min is 4
2020-01-07 18:32:00,529 [INFO] [main] com.netflix.discovery.DiscoveryClient [DiscoveryClient.java : 465] Discovery Client initialized at timestamp 1578393120528 with initial instances count: 2
2020-01-07 18:32:00,535 [INFO] [main] o.s.c.netflix.eureka.serviceregistry.EurekaServiceRegistry [EurekaServiceRegistry.java : 41] Registering application MANAGEINFORMATION-PRODUCER with eureka with status UP
2020-01-07 18:32:00,537 [INFO] [main] com.netflix.discovery.DiscoveryClient [DiscoveryClient.java : 1323] Saw local status change event StatusChangeEvent [timestamp=1578393120537, current=UP, previous=STARTING]
2020-01-07 18:32:00,541 [INFO] [DiscoveryClient-InstanceInfoReplicator-0] com.netflix.discovery.DiscoveryClient [DiscoveryClient.java : 844] DiscoveryClient_MANAGEINFORMATION-PRODUCER/localhost:manageInformation-producer:8004: registering service...
2020-01-07 18:32:00,543 [INFO] [main] s.d.spring.web.plugins.DocumentationPluginsBootstrapper [DocumentationPluginsBootstrapper.java : 160] Context refreshed
2020-01-07 18:32:00,572 [INFO] [main] s.d.spring.web.plugins.DocumentationPluginsBootstrapper [DocumentationPluginsBootstrapper.java : 163] Found 1 custom documentation plugin(s)
2020-01-07 18:32:00,580 [INFO] [DiscoveryClient-InstanceInfoReplicator-0] com.netflix.discovery.DiscoveryClient [DiscoveryClient.java : 853] DiscoveryClient_MANAGEINFORMATION-PRODUCER/localhost:manageInformation-producer:8004 - registration status: 204
2020-01-07 18:32:00,628 [INFO] [main] s.d.spring.web.scanners.ApiListingReferenceScanner [ApiListingReferenceScanner.java : 41] Scanning for api listing references
2020-01-07 18:32:00,898 [INFO] [main] org.springframework.boot.web.embedded.tomcat.TomcatWebServer [TomcatWebServer.java : 204] Tomcat started on port(s): 8004 (http) with context path ''
2020-01-07 18:32:00,899 [INFO] [main] o.s.c.n.eureka.serviceregistry.EurekaAutoServiceRegistration [EurekaAutoServiceRegistration.java : 145] Updating port to 8004
2020-01-07 18:32:02,319 [INFO] [main] org.springframework.cloud.commons.util.InetUtils [InetUtils.java : 170] Cannot determine local hostname
2020-01-07 18:32:02,321 [INFO] [main] c.e.m.ManageInformationServiceApplication [StartupInfoLogger.java : 61] Started ManageInformationServiceApplication in 17.846 seconds (JVM running for 18.636)
2020-01-07 18:43:59,088 [INFO] [main] o.s.c.s.PostProcessorRegistrationDelegate$BeanPostProcessorChecker [PostProcessorRegistrationDelegate.java : 330] Bean 'org.springframework.cloud.autoconfigure.ConfigurationPropertiesRebinderAutoConfiguration' of type [org.springframework.cloud.autoconfigure.ConfigurationPropertiesRebinderAutoConfiguration] is not eligible for getting processed by all BeanPostProcessors (for example: not eligible for auto-proxying)
2020-01-07 18:44:00,999 [INFO] [main] c.e.m.ManageInformationServiceApplication [SpringApplication.java : 651] No active profile set, falling back to default profiles: default
2020-01-07 18:44:03,627 [WARN] [main] org.springframework.boot.actuate.endpoint.EndpointId [EndpointId.java : 155] Endpoint ID 'hystrix.stream' contains invalid characters, please migrate to a valid format.
2020-01-07 18:44:05,151 [WARN] [main] org.springframework.boot.actuate.endpoint.EndpointId [EndpointId.java : 155] Endpoint ID 'service-registry' contains invalid characters, please migrate to a valid format.
2020-01-07 18:44:05,728 [INFO] [main] org.springframework.cloud.context.scope.GenericScope [GenericScope.java : 295] BeanFactory id=863a76e6-552a-3333-85d9-937dfa8d3807
2020-01-07 18:44:07,000 [INFO] [main] o.s.c.s.PostProcessorRegistrationDelegate$BeanPostProcessorChecker [PostProcessorRegistrationDelegate.java : 330] Bean 'org.springframework.transaction.annotation.ProxyTransactionManagementConfiguration' of type [org.springframework.transaction.annotation.ProxyTransactionManagementConfiguration] is not eligible for getting processed by all BeanPostProcessors (for example: not eligible for auto-proxying)
2020-01-07 18:44:08,415 [INFO] [main] o.s.c.s.PostProcessorRegistrationDelegate$BeanPostProcessorChecker [PostProcessorRegistrationDelegate.java : 330] Bean 'org.springframework.cloud.autoconfigure.ConfigurationPropertiesRebinderAutoConfiguration' of type [org.springframework.cloud.autoconfigure.ConfigurationPropertiesRebinderAutoConfiguration] is not eligible for getting processed by all BeanPostProcessors (for example: not eligible for auto-proxying)
2020-01-07 18:44:12,729 [INFO] [main] org.springframework.boot.web.embedded.tomcat.TomcatWebServer [TomcatWebServer.java : 92] Tomcat initialized with port(s): 8004 (http)
2020-01-07 18:44:13,186 [INFO] [main] org.apache.catalina.core.StandardService [DirectJDKLog.java : 173] Starting service [Tomcat]
2020-01-07 18:44:13,208 [INFO] [main] org.apache.catalina.core.StandardEngine [DirectJDKLog.java : 173] Starting Servlet engine: [Apache Tomcat/9.0.29]
2020-01-07 18:44:15,135 [INFO] [main] o.a.catalina.core.ContainerBase.[Tomcat].[localhost].[/] [DirectJDKLog.java : 173] Initializing Spring embedded WebApplicationContext
2020-01-07 18:44:15,140 [INFO] [main] org.springframework.web.context.ContextLoader [ServletWebServerApplicationContext.java : 284] Root WebApplicationContext: initialization completed in 14107 ms
2020-01-07 18:44:15,865 [WARN] [main] com.netflix.config.sources.URLConfigurationSource [URLConfigurationSource.java : 121] No URLs will be polled as dynamic configuration sources.
2020-01-07 18:44:15,867 [INFO] [main] com.netflix.config.sources.URLConfigurationSource [URLConfigurationSource.java : 122] To enable URLs as dynamic configuration sources, define System property archaius.configurationSource.additionalUrls or make config.properties available on classpath.
2020-01-07 18:44:15,945 [INFO] [main] com.netflix.config.DynamicPropertyFactory [DynamicPropertyFactory.java : 281] DynamicPropertyFactory is initialized with configuration sources: com.netflix.config.ConcurrentCompositeConfiguration@995ad50
2020-01-07 18:44:16,819 [INFO] [main] o.s.boot.actuate.endpoint.web.ServletEndpointRegistrar [ServletEndpointRegistrar.java : 75] Registered '/actuator/hystrix.stream' to hystrix.stream-actuator-endpoint
2020-01-07 18:44:22,464 [INFO] [main] o.s.boot.actuate.endpoint.web.EndpointLinksResolver [EndpointLinksResolver.java : 58] Exposing 1 endpoint(s) beneath base path '/actuator'
2020-01-07 18:44:23,996 [INFO] [main] s.d.spring.web.PropertySourcedRequestMappingHandlerMapping [PropertySourcedRequestMappingHandlerMapping.java : 69] Mapped URL path [/v2/api-docs] onto method [springfox.documentation.swagger2.web.Swagger2Controller#getDocumentation(String, HttpServletRequest)]
2020-01-07 18:44:24,108 [WARN] [main] com.netflix.config.sources.URLConfigurationSource [URLConfigurationSource.java : 121] No URLs will be polled as dynamic configuration sources.
2020-01-07 18:44:24,109 [INFO] [main] com.netflix.config.sources.URLConfigurationSource [URLConfigurationSource.java : 122] To enable URLs as dynamic configuration sources, define System property archaius.configurationSource.additionalUrls or make config.properties available on classpath.
2020-01-07 18:44:32,441 [INFO] [main] org.springframework.cloud.commons.util.InetUtils [InetUtils.java : 170] Cannot determine local hostname
2020-01-07 18:44:38,493 [INFO] [main] org.springframework.cloud.commons.util.InetUtils [InetUtils.java : 170] Cannot determine local hostname
2020-01-07 18:44:40,096 [INFO] [main] org.springframework.cloud.commons.util.InetUtils [InetUtils.java : 170] Cannot determine local hostname
2020-01-07 18:44:40,163 [WARN] [main] o.s.c.l.c.BlockingLoadBalancerClientAutoConfiguration$BlockingLoadBalancerClientRibbonWarnLogger [BlockingLoadBalancerClientAutoConfiguration.java : 106] You already have RibbonLoadBalancerClient on your classpath. It will be used by default. As Spring Cloud Ribbon is in maintenance mode. We recommend switching to BlockingLoadBalancerClient instead. In order to use it, set the value of `spring.cloud.loadbalancer.ribbon.enabled` to `false` or remove spring-cloud-starter-netflix-ribbon from your project.
2020-01-07 18:44:40,245 [WARN] [main] o.s.c.l.c.LoadBalancerCacheAutoConfiguration$LoadBalancerCaffeineWarnLogger [LoadBalancerCacheAutoConfiguration.java : 81] Spring Cloud LoadBalancer is currently working with default default cache. You can switch to using Caffeine cache, by adding it to the classpath.
2020-01-07 18:44:40,365 [INFO] [main] org.springframework.cloud.netflix.eureka.InstanceInfoFactory [InstanceInfoFactory.java : 72] Setting initial instance status as: STARTING
2020-01-07 18:44:40,672 [INFO] [main] com.netflix.discovery.DiscoveryClient [DiscoveryClient.java : 365] Initializing Eureka in region us-east-1
2020-01-07 18:44:41,178 [INFO] [main] com.netflix.discovery.provider.DiscoveryJerseyProvider [DiscoveryJerseyProvider.java : 70] Using JSON encoding codec LegacyJacksonJson
2020-01-07 18:44:41,179 [INFO] [main] com.netflix.discovery.provider.DiscoveryJerseyProvider [DiscoveryJerseyProvider.java : 71] Using JSON decoding codec LegacyJacksonJson
2020-01-07 18:44:41,516 [INFO] [main] com.netflix.discovery.provider.DiscoveryJerseyProvider [DiscoveryJerseyProvider.java : 80] Using XML encoding codec XStreamXml
2020-01-07 18:44:41,517 [INFO] [main] com.netflix.discovery.provider.DiscoveryJerseyProvider [DiscoveryJerseyProvider.java : 81] Using XML decoding codec XStreamXml
2020-01-07 18:44:41,831 [INFO] [main] c.n.discovery.shared.resolver.aws.ConfigClusterResolver [ConfigClusterResolver.java : 43] Resolving eureka endpoints via configuration
2020-01-07 18:44:42,337 [INFO] [main] com.netflix.discovery.DiscoveryClient [DiscoveryClient.java : 976] Disable delta property : false
2020-01-07 18:44:42,347 [INFO] [main] com.netflix.discovery.DiscoveryClient [DiscoveryClient.java : 977] Single vip registry refresh property : null
2020-01-07 18:44:42,348 [INFO] [main] com.netflix.discovery.DiscoveryClient [DiscoveryClient.java : 978] Force full registry fetch : false
2020-01-07 18:44:42,351 [INFO] [main] com.netflix.discovery.DiscoveryClient [DiscoveryClient.java : 979] Application is null : false
2020-01-07 18:44:42,351 [INFO] [main] com.netflix.discovery.DiscoveryClient [DiscoveryClient.java : 980] Registered Applications size is zero : true
2020-01-07 18:44:42,352 [INFO] [main] com.netflix.discovery.DiscoveryClient [DiscoveryClient.java : 982] Application version is -1: true
2020-01-07 18:44:42,353 [INFO] [main] com.netflix.discovery.DiscoveryClient [DiscoveryClient.java : 1065] Getting all instance registry info from the eureka server
2020-01-07 18:44:42,670 [INFO] [main] com.netflix.discovery.DiscoveryClient [DiscoveryClient.java : 1074] The response status is 200
2020-01-07 18:44:42,675 [INFO] [main] com.netflix.discovery.DiscoveryClient [DiscoveryClient.java : 1288] Starting heartbeat executor: renew interval is: 30
2020-01-07 18:44:42,680 [INFO] [main] com.netflix.discovery.InstanceInfoReplicator [InstanceInfoReplicator.java : 60] InstanceInfoReplicator onDemand update allowed rate per min is 4
2020-01-07 18:44:42,686 [INFO] [main] com.netflix.discovery.DiscoveryClient [DiscoveryClient.java : 465] Discovery Client initialized at timestamp 1578393882684 with initial instances count: 1
2020-01-07 18:44:42,691 [INFO] [main] o.s.c.netflix.eureka.serviceregistry.EurekaServiceRegistry [EurekaServiceRegistry.java : 41] Registering application MANAGEINFORMATION-PRODUCER with eureka with status UP
2020-01-07 18:44:42,719 [INFO] [main] com.netflix.discovery.DiscoveryClient [DiscoveryClient.java : 1323] Saw local status change event StatusChangeEvent [timestamp=1578393882719, current=UP, previous=STARTING]
2020-01-07 18:44:42,723 [INFO] [main] s.d.spring.web.plugins.DocumentationPluginsBootstrapper [DocumentationPluginsBootstrapper.java : 160] Context refreshed
2020-01-07 18:44:42,755 [INFO] [main] s.d.spring.web.plugins.DocumentationPluginsBootstrapper [DocumentationPluginsBootstrapper.java : 163] Found 1 custom documentation plugin(s)
2020-01-07 18:44:42,818 [INFO] [main] s.d.spring.web.scanners.ApiListingReferenceScanner [ApiListingReferenceScanner.java : 41] Scanning for api listing references
2020-01-07 18:44:43,825 [INFO] [main] org.springframework.boot.web.embedded.tomcat.TomcatWebServer [TomcatWebServer.java : 204] Tomcat started on port(s): 8004 (http) with context path ''
2020-01-07 18:44:43,827 [INFO] [main] o.s.c.n.eureka.serviceregistry.EurekaAutoServiceRegistration [EurekaAutoServiceRegistration.java : 145] Updating port to 8004
2020-01-07 18:44:44,094 [INFO] [DiscoveryClient-InstanceInfoReplicator-0] com.netflix.discovery.DiscoveryClient [DiscoveryClient.java : 844] DiscoveryClient_MANAGEINFORMATION-PRODUCER/localhost:manageInformation-producer:8004: registering service...
2020-01-07 18:44:44,168 [INFO] [DiscoveryClient-InstanceInfoReplicator-0] com.netflix.discovery.DiscoveryClient [DiscoveryClient.java : 853] DiscoveryClient_MANAGEINFORMATION-PRODUCER/localhost:manageInformation-producer:8004 - registration status: 204
2020-01-07 18:44:45,946 [INFO] [main] org.springframework.cloud.commons.util.InetUtils [InetUtils.java : 170] Cannot determine local hostname
2020-01-07 18:44:45,955 [INFO] [main] c.e.m.ManageInformationServiceApplication [StartupInfoLogger.java : 61] Started ManageInformationServiceApplication in 50.109 seconds (JVM running for 51.106)
2020-01-07 18:49:42,358 [INFO] [AsyncResolver-bootstrap-executor-0] c.n.discovery.shared.resolver.aws.ConfigClusterResolver [ConfigClusterResolver.java : 43] Resolving eureka endpoints via configuration
2020-01-07 18:54:42,360 [INFO] [AsyncResolver-bootstrap-executor-0] c.n.discovery.shared.resolver.aws.ConfigClusterResolver [ConfigClusterResolver.java : 43] Resolving eureka endpoints via configuration
2020-01-07 18:59:42,363 [INFO] [AsyncResolver-bootstrap-executor-0] c.n.discovery.shared.resolver.aws.ConfigClusterResolver [ConfigClusterResolver.java : 43] Resolving eureka endpoints via configuration
2020-01-07 19:04:42,364 [INFO] [AsyncResolver-bootstrap-executor-0] c.n.discovery.shared.resolver.aws.ConfigClusterResolver [ConfigClusterResolver.java : 43] Resolving eureka endpoints via configuration
2020-01-07 19:09:42,365 [INFO] [AsyncResolver-bootstrap-executor-0] c.n.discovery.shared.resolver.aws.ConfigClusterResolver [ConfigClusterResolver.java : 43] Resolving eureka endpoints via configuration
2020-01-07 19:14:42,367 [INFO] [AsyncResolver-bootstrap-executor-0] c.n.discovery.shared.resolver.aws.ConfigClusterResolver [ConfigClusterResolver.java : 43] Resolving eureka endpoints via configuration
2020-01-07 19:19:42,369 [INFO] [AsyncResolver-bootstrap-executor-0] c.n.discovery.shared.resolver.aws.ConfigClusterResolver [ConfigClusterResolver.java : 43] Resolving eureka endpoints via configuration
2020-01-07 19:24:42,370 [INFO] [AsyncResolver-bootstrap-executor-0] c.n.discovery.shared.resolver.aws.ConfigClusterResolver [ConfigClusterResolver.java : 43] Resolving eureka endpoints via configuration
2020-01-07 19:29:42,372 [INFO] [AsyncResolver-bootstrap-executor-0] c.n.discovery.shared.resolver.aws.ConfigClusterResolver [ConfigClusterResolver.java : 43] Resolving eureka endpoints via configuration
2020-01-07 19:34:42,373 [INFO] [AsyncResolver-bootstrap-executor-0] c.n.discovery.shared.resolver.aws.ConfigClusterResolver [ConfigClusterResolver.java : 43] Resolving eureka endpoints via configuration
2020-01-07 19:39:42,375 [INFO] [AsyncResolver-bootstrap-executor-0] c.n.discovery.shared.resolver.aws.ConfigClusterResolver [ConfigClusterResolver.java : 43] Resolving eureka endpoints via configuration
2020-01-07 19:41:52,889 [INFO] [http-nio-8004-exec-3] o.a.catalina.core.ContainerBase.[Tomcat].[localhost].[/] [DirectJDKLog.java : 173] Initializing Spring DispatcherServlet 'dispatcherServlet'
2020-01-07 19:41:52,891 [INFO] [http-nio-8004-exec-3] org.springframework.web.servlet.DispatcherServlet [FrameworkServlet.java : 525] Initializing Servlet 'dispatcherServlet'
2020-01-07 19:41:52,926 [INFO] [http-nio-8004-exec-3] org.springframework.web.servlet.DispatcherServlet [FrameworkServlet.java : 547] Completed initialization in 34 ms
2020-01-07 19:41:53,084 [WARN] [http-nio-8004-exec-3] o.s.web.servlet.mvc.support.DefaultHandlerExceptionResolver [AbstractHandlerExceptionResolver.java : 199] Resolved [org.springframework.web.method.annotation.MethodArgumentTypeMismatchException: Failed to convert value of type 'java.lang.String' to required type 'java.lang.Integer'; nested exception is java.lang.NumberFormatException: For input string: "null"]
2020-01-07 19:44:42,378 [INFO] [AsyncResolver-bootstrap-executor-0] c.n.discovery.shared.resolver.aws.ConfigClusterResolver [ConfigClusterResolver.java : 43] Resolving eureka endpoints via configuration
2020-01-07 19:49:42,380 [INFO] [AsyncResolver-bootstrap-executor-0] c.n.discovery.shared.resolver.aws.ConfigClusterResolver [ConfigClusterResolver.java : 43] Resolving eureka endpoints via configuration
2020-01-07 19:50:57,615 [INFO] [http-nio-8004-exec-4] com.zaxxer.hikari.HikariDataSource [HikariDataSource.java : 110] HikariPool-1 - Starting...
2020-01-07 19:50:58,415 [INFO] [http-nio-8004-exec-4] com.zaxxer.hikari.HikariDataSource [HikariDataSource.java : 123] HikariPool-1 - Start completed.
2020-01-07 19:50:58,430 [DEBUG] [http-nio-8004-exec-4] c.e.m.mapper.InformationMapper.getUserInfoByuID [BaseJdbcLogger.java : 143] ==>  Preparing: select * from Lol_UserInfo where uID = ? 
2020-01-07 19:50:58,487 [DEBUG] [http-nio-8004-exec-4] c.e.m.mapper.InformationMapper.getUserInfoByuID [BaseJdbcLogger.java : 143] ==> Parameters: 10(Integer)
2020-01-07 19:50:58,681 [TRACE] [http-nio-8004-exec-4] c.e.m.mapper.InformationMapper.getUserInfoByuID [BaseJdbcLogger.java : 149] <==    Columns: uID, nickName, icon, gender, lolAccount, prefer
2020-01-07 19:50:58,681 [TRACE] [http-nio-8004-exec-4] c.e.m.mapper.InformationMapper.getUserInfoByuID [BaseJdbcLogger.java : 149] <==        Row: 10, aaa, default.jpg, 0, null, 0
2020-01-07 19:50:58,684 [DEBUG] [http-nio-8004-exec-4] c.e.m.mapper.InformationMapper.getUserInfoByuID [BaseJdbcLogger.java : 143] <==      Total: 1
2020-01-07 19:51:27,256 [DEBUG] [http-nio-8004-exec-7] c.e.m.mapper.InformationMapper.getUserInfoByuID [BaseJdbcLogger.java : 143] ==>  Preparing: select * from Lol_UserInfo where uID = ? 
2020-01-07 19:51:27,258 [DEBUG] [http-nio-8004-exec-7] c.e.m.mapper.InformationMapper.getUserInfoByuID [BaseJdbcLogger.java : 143] ==> Parameters: 10(Integer)
2020-01-07 19:51:27,295 [TRACE] [http-nio-8004-exec-7] c.e.m.mapper.InformationMapper.getUserInfoByuID [BaseJdbcLogger.java : 149] <==    Columns: uID, nickName, icon, gender, lolAccount, prefer
2020-01-07 19:51:27,295 [TRACE] [http-nio-8004-exec-7] c.e.m.mapper.InformationMapper.getUserInfoByuID [BaseJdbcLogger.java : 149] <==        Row: 10, aaa, default.jpg, 0, null, 0
2020-01-07 19:51:27,296 [DEBUG] [http-nio-8004-exec-7] c.e.m.mapper.InformationMapper.getUserInfoByuID [BaseJdbcLogger.java : 143] <==      Total: 1
2020-01-07 19:52:02,422 [DEBUG] [http-nio-8004-exec-8] c.e.m.mapper.InformationMapper.selectUsersFollowByUid [BaseJdbcLogger.java : 143] ==>  Preparing: select u.* from Lol_UserInfo u inner join Lol_Follow f on f.fID = u.uID where f.uID = ? 
2020-01-07 19:52:02,423 [DEBUG] [http-nio-8004-exec-8] c.e.m.mapper.InformationMapper.selectUsersFollowByUid [BaseJdbcLogger.java : 143] ==> Parameters: 10(Integer)
2020-01-07 19:52:02,511 [DEBUG] [http-nio-8004-exec-8] c.e.m.mapper.InformationMapper.selectUsersFollowByUid [BaseJdbcLogger.java : 143] <==      Total: 0
2020-01-07 19:52:08,767 [DEBUG] [http-nio-8004-exec-10] c.e.m.mapper.InformationMapper.selectUsersFollowByUid [BaseJdbcLogger.java : 143] ==>  Preparing: select u.* from Lol_UserInfo u inner join Lol_Follow f on f.fID = u.uID where f.uID = ? 
2020-01-07 19:52:08,768 [DEBUG] [http-nio-8004-exec-10] c.e.m.mapper.InformationMapper.selectUsersFollowByUid [BaseJdbcLogger.java : 143] ==> Parameters: 10(Integer)
2020-01-07 19:52:08,807 [DEBUG] [http-nio-8004-exec-10] c.e.m.mapper.InformationMapper.selectUsersFollowByUid [BaseJdbcLogger.java : 143] <==      Total: 0
2020-01-07 19:52:24,799 [DEBUG] [http-nio-8004-exec-9] c.e.m.mapper.InformationMapper.getUserInfoByuID [BaseJdbcLogger.java : 143] ==>  Preparing: select * from Lol_UserInfo where uID = ? 
2020-01-07 19:52:24,800 [DEBUG] [http-nio-8004-exec-9] c.e.m.mapper.InformationMapper.getUserInfoByuID [BaseJdbcLogger.java : 143] ==> Parameters: 10(Integer)
2020-01-07 19:52:24,844 [TRACE] [http-nio-8004-exec-9] c.e.m.mapper.InformationMapper.getUserInfoByuID [BaseJdbcLogger.java : 149] <==    Columns: uID, nickName, icon, gender, lolAccount, prefer
2020-01-07 19:52:24,846 [TRACE] [http-nio-8004-exec-9] c.e.m.mapper.InformationMapper.getUserInfoByuID [BaseJdbcLogger.java : 149] <==        Row: 10, aaa, default.jpg, 0, null, 0
2020-01-07 19:52:24,849 [DEBUG] [http-nio-8004-exec-9] c.e.m.mapper.InformationMapper.getUserInfoByuID [BaseJdbcLogger.java : 143] <==      Total: 1
2020-01-07 19:52:31,329 [DEBUG] [http-nio-8004-exec-6] c.e.m.mapper.InformationMapper.selectUsersFollowByUid [BaseJdbcLogger.java : 143] ==>  Preparing: select u.* from Lol_UserInfo u inner join Lol_Follow f on f.fID = u.uID where f.uID = ? 
2020-01-07 19:52:31,332 [DEBUG] [http-nio-8004-exec-6] c.e.m.mapper.InformationMapper.selectUsersFollowByUid [BaseJdbcLogger.java : 143] ==> Parameters: 10(Integer)
2020-01-07 19:52:31,369 [DEBUG] [http-nio-8004-exec-6] c.e.m.mapper.InformationMapper.selectUsersFollowByUid [BaseJdbcLogger.java : 143] <==      Total: 0
2020-01-07 19:54:42,382 [INFO] [AsyncResolver-bootstrap-executor-0] c.n.discovery.shared.resolver.aws.ConfigClusterResolver [ConfigClusterResolver.java : 43] Resolving eureka endpoints via configuration
2020-01-07 19:56:39,135 [DEBUG] [http-nio-8004-exec-1] c.e.m.mapper.InformationMapper.getUserInfoByuID [BaseJdbcLogger.java : 143] ==>  Preparing: select * from Lol_UserInfo where uID = ? 
2020-01-07 19:56:39,136 [DEBUG] [http-nio-8004-exec-1] c.e.m.mapper.InformationMapper.getUserInfoByuID [BaseJdbcLogger.java : 143] ==> Parameters: 10(Integer)
2020-01-07 19:56:39,138 [DEBUG] [http-nio-8004-exec-2] c.e.m.mapper.InformationMapper.getUserInfoByuID [BaseJdbcLogger.java : 143] ==>  Preparing: select * from Lol_UserInfo where uID = ? 
2020-01-07 19:56:39,139 [DEBUG] [http-nio-8004-exec-2] c.e.m.mapper.InformationMapper.getUserInfoByuID [BaseJdbcLogger.java : 143] ==> Parameters: 10(Integer)
2020-01-07 19:56:39,173 [TRACE] [http-nio-8004-exec-1] c.e.m.mapper.InformationMapper.getUserInfoByuID [BaseJdbcLogger.java : 149] <==    Columns: uID, nickName, icon, gender, lolAccount, prefer
2020-01-07 19:56:39,173 [TRACE] [http-nio-8004-exec-1] c.e.m.mapper.InformationMapper.getUserInfoByuID [BaseJdbcLogger.java : 149] <==        Row: 10, aaa, default.jpg, 0, null, 0
2020-01-07 19:56:39,174 [DEBUG] [http-nio-8004-exec-1] c.e.m.mapper.InformationMapper.getUserInfoByuID [BaseJdbcLogger.java : 143] <==      Total: 1
2020-01-07 19:56:39,322 [TRACE] [http-nio-8004-exec-2] c.e.m.mapper.InformationMapper.getUserInfoByuID [BaseJdbcLogger.java : 149] <==    Columns: uID, nickName, icon, gender, lolAccount, prefer
2020-01-07 19:56:39,322 [TRACE] [http-nio-8004-exec-2] c.e.m.mapper.InformationMapper.getUserInfoByuID [BaseJdbcLogger.java : 149] <==        Row: 10, aaa, default.jpg, 0, null, 0
2020-01-07 19:56:39,323 [DEBUG] [http-nio-8004-exec-2] c.e.m.mapper.InformationMapper.getUserInfoByuID [BaseJdbcLogger.java : 143] <==      Total: 1
2020-01-07 19:56:42,437 [DEBUG] [http-nio-8004-exec-3] c.e.m.mapper.InformationMapper.getUserInfoByuID [BaseJdbcLogger.java : 143] ==>  Preparing: select * from Lol_UserInfo where uID = ? 
2020-01-07 19:56:42,440 [DEBUG] [http-nio-8004-exec-3] c.e.m.mapper.InformationMapper.getUserInfoByuID [BaseJdbcLogger.java : 143] ==> Parameters: 10(Integer)
2020-01-07 19:56:42,479 [TRACE] [http-nio-8004-exec-3] c.e.m.mapper.InformationMapper.getUserInfoByuID [BaseJdbcLogger.java : 149] <==    Columns: uID, nickName, icon, gender, lolAccount, prefer
2020-01-07 19:56:42,480 [TRACE] [http-nio-8004-exec-3] c.e.m.mapper.InformationMapper.getUserInfoByuID [BaseJdbcLogger.java : 149] <==        Row: 10, aaa, default.jpg, 0, null, 0
2020-01-07 19:56:42,483 [DEBUG] [http-nio-8004-exec-3] c.e.m.mapper.InformationMapper.getUserInfoByuID [BaseJdbcLogger.java : 143] <==      Total: 1
2020-01-07 19:58:04,203 [DEBUG] [http-nio-8004-exec-8] c.e.m.mapper.InformationMapper.getUserByname [BaseJdbcLogger.java : 143] ==>  Preparing: select * from Lol_UserInfo where nickName like CONCAT(CONCAT('%', ?), '%') 
2020-01-07 19:58:04,231 [DEBUG] [http-nio-8004-exec-8] c.e.m.mapper.InformationMapper.getUserByname [BaseJdbcLogger.java : 143] ==> Parameters: wyx(String)
2020-01-07 19:58:04,313 [TRACE] [http-nio-8004-exec-8] c.e.m.mapper.InformationMapper.getUserByname [BaseJdbcLogger.java : 149] <==    Columns: uID, nickName, icon, gender, lolAccount, prefer
2020-01-07 19:58:04,313 [TRACE] [http-nio-8004-exec-8] c.e.m.mapper.InformationMapper.getUserByname [BaseJdbcLogger.java : 149] <==        Row: 8, wyx, default.jpg, 0, null, 0
2020-01-07 19:58:04,313 [TRACE] [http-nio-8004-exec-8] c.e.m.mapper.InformationMapper.getUserByname [BaseJdbcLogger.java : 149] <==        Row: 9, wyx, default.jpg, 0, null, 0
2020-01-07 19:58:04,314 [DEBUG] [http-nio-8004-exec-8] c.e.m.mapper.InformationMapper.getUserByname [BaseJdbcLogger.java : 143] <==      Total: 2
2020-01-07 19:58:12,718 [DEBUG] [http-nio-8004-exec-10] c.e.m.mapper.InformationMapper.getUserByname [BaseJdbcLogger.java : 143] ==>  Preparing: select * from Lol_UserInfo where nickName like CONCAT(CONCAT('%', ?), '%') 
2020-01-07 19:58:12,718 [DEBUG] [http-nio-8004-exec-10] c.e.m.mapper.InformationMapper.getUserByname [BaseJdbcLogger.java : 143] ==> Parameters: aaa(String)
2020-01-07 19:58:12,755 [TRACE] [http-nio-8004-exec-10] c.e.m.mapper.InformationMapper.getUserByname [BaseJdbcLogger.java : 149] <==    Columns: uID, nickName, icon, gender, lolAccount, prefer
2020-01-07 19:58:12,756 [TRACE] [http-nio-8004-exec-10] c.e.m.mapper.InformationMapper.getUserByname [BaseJdbcLogger.java : 149] <==        Row: 10, aaa, default.jpg, 0, null, 0
2020-01-07 19:58:12,756 [DEBUG] [http-nio-8004-exec-10] c.e.m.mapper.InformationMapper.getUserByname [BaseJdbcLogger.java : 143] <==      Total: 1
2020-01-07 19:58:14,615 [DEBUG] [http-nio-8004-exec-9] c.e.m.mapper.InformationMapper.getUserInfoByuID [BaseJdbcLogger.java : 143] ==>  Preparing: select * from Lol_UserInfo where uID = ? 
2020-01-07 19:58:14,616 [DEBUG] [http-nio-8004-exec-9] c.e.m.mapper.InformationMapper.getUserInfoByuID [BaseJdbcLogger.java : 143] ==> Parameters: 10(Integer)
2020-01-07 19:58:14,653 [TRACE] [http-nio-8004-exec-9] c.e.m.mapper.InformationMapper.getUserInfoByuID [BaseJdbcLogger.java : 149] <==    Columns: uID, nickName, icon, gender, lolAccount, prefer
2020-01-07 19:58:14,654 [TRACE] [http-nio-8004-exec-9] c.e.m.mapper.InformationMapper.getUserInfoByuID [BaseJdbcLogger.java : 149] <==        Row: 10, aaa, default.jpg, 0, null, 0
2020-01-07 19:58:14,655 [DEBUG] [http-nio-8004-exec-9] c.e.m.mapper.InformationMapper.getUserInfoByuID [BaseJdbcLogger.java : 143] <==      Total: 1
2020-01-07 19:58:48,619 [DEBUG] [http-nio-8004-exec-6] c.e.m.mapper.InformationMapper.getUserInfoByuID [BaseJdbcLogger.java : 143] ==>  Preparing: select * from Lol_UserInfo where uID = ? 
2020-01-07 19:58:48,620 [DEBUG] [http-nio-8004-exec-6] c.e.m.mapper.InformationMapper.getUserInfoByuID [BaseJdbcLogger.java : 143] ==> Parameters: 10(Integer)
2020-01-07 19:58:48,656 [TRACE] [http-nio-8004-exec-6] c.e.m.mapper.InformationMapper.getUserInfoByuID [BaseJdbcLogger.java : 149] <==    Columns: uID, nickName, icon, gender, lolAccount, prefer
2020-01-07 19:58:48,657 [TRACE] [http-nio-8004-exec-6] c.e.m.mapper.InformationMapper.getUserInfoByuID [BaseJdbcLogger.java : 149] <==        Row: 10, aaa, default.jpg, 0, null, 0
2020-01-07 19:58:48,658 [DEBUG] [http-nio-8004-exec-6] c.e.m.mapper.InformationMapper.getUserInfoByuID [BaseJdbcLogger.java : 143] <==      Total: 1
2020-01-07 19:58:53,543 [DEBUG] [http-nio-8004-exec-5] c.e.m.mapper.InformationMapper.getUserInfoByuID [BaseJdbcLogger.java : 143] ==>  Preparing: select * from Lol_UserInfo where uID = ? 
2020-01-07 19:58:53,544 [DEBUG] [http-nio-8004-exec-5] c.e.m.mapper.InformationMapper.getUserInfoByuID [BaseJdbcLogger.java : 143] ==> Parameters: 10(Integer)
2020-01-07 19:58:53,579 [TRACE] [http-nio-8004-exec-5] c.e.m.mapper.InformationMapper.getUserInfoByuID [BaseJdbcLogger.java : 149] <==    Columns: uID, nickName, icon, gender, lolAccount, prefer
2020-01-07 19:58:53,580 [TRACE] [http-nio-8004-exec-5] c.e.m.mapper.InformationMapper.getUserInfoByuID [BaseJdbcLogger.java : 149] <==        Row: 10, aaa, default.jpg, 0, null, 0
2020-01-07 19:58:53,581 [DEBUG] [http-nio-8004-exec-5] c.e.m.mapper.InformationMapper.getUserInfoByuID [BaseJdbcLogger.java : 143] <==      Total: 1
2020-01-07 19:59:42,383 [INFO] [AsyncResolver-bootstrap-executor-0] c.n.discovery.shared.resolver.aws.ConfigClusterResolver [ConfigClusterResolver.java : 43] Resolving eureka endpoints via configuration
