2019-12-18 15:29:21,285 [INFO] [main] o.s.c.s.PostProcessorRegistrationDelegate$BeanPostProcessorChecker [PostProcessorRegistrationDelegate.java : 330] Bean 'org.springframework.cloud.autoconfigure.ConfigurationPropertiesRebinderAutoConfiguration' of type [org.springframework.cloud.autoconfigure.ConfigurationPropertiesRebinderAutoConfiguration] is not eligible for getting processed by all BeanPostProcessors (for example: not eligible for auto-proxying)
2019-12-18 15:29:22,787 [INFO] [main] c.eruka.loginAndlogonservice.LoginAndlogonServiceApplication [SpringApplication.java : 651] No active profile set, falling back to default profiles: default
2019-12-18 15:29:26,029 [INFO] [main] org.springframework.cloud.context.scope.GenericScope [GenericScope.java : 295] BeanFactory id=7c8b8eca-1ec4-3710-801c-952b065abf76
2019-12-18 15:29:27,053 [INFO] [main] o.s.c.s.PostProcessorRegistrationDelegate$BeanPostProcessorChecker [PostProcessorRegistrationDelegate.java : 330] Bean 'org.springframework.transaction.annotation.ProxyTransactionManagementConfiguration' of type [org.springframework.transaction.annotation.ProxyTransactionManagementConfiguration] is not eligible for getting processed by all BeanPostProcessors (for example: not eligible for auto-proxying)
2019-12-18 15:29:27,806 [INFO] [main] o.s.c.s.PostProcessorRegistrationDelegate$BeanPostProcessorChecker [PostProcessorRegistrationDelegate.java : 330] Bean 'org.springframework.cloud.autoconfigure.ConfigurationPropertiesRebinderAutoConfiguration' of type [org.springframework.cloud.autoconfigure.ConfigurationPropertiesRebinderAutoConfiguration] is not eligible for getting processed by all BeanPostProcessors (for example: not eligible for auto-proxying)
2019-12-18 15:29:28,581 [INFO] [main] org.springframework.boot.web.embedded.tomcat.TomcatWebServer [TomcatWebServer.java : 92] Tomcat initialized with port(s): 8001 (http)
2019-12-18 15:29:28,590 [INFO] [main] org.apache.catalina.core.StandardService [DirectJDKLog.java : 173] Starting service [Tomcat]
2019-12-18 15:29:28,591 [INFO] [main] org.apache.catalina.core.StandardEngine [DirectJDKLog.java : 173] Starting Servlet engine: [Apache Tomcat/9.0.29]
2019-12-18 15:29:28,834 [INFO] [main] o.a.catalina.core.ContainerBase.[Tomcat].[localhost].[/] [DirectJDKLog.java : 173] Initializing Spring embedded WebApplicationContext
2019-12-18 15:29:28,835 [INFO] [main] org.springframework.web.context.ContextLoader [ServletWebServerApplicationContext.java : 284] Root WebApplicationContext: initialization completed in 6030 ms
2019-12-18 15:29:31,291 [INFO] [main] s.d.spring.web.PropertySourcedRequestMappingHandlerMapping [PropertySourcedRequestMappingHandlerMapping.java : 69] Mapped URL path [/v2/api-docs] onto method [springfox.documentation.swagger2.web.Swagger2Controller#getDocumentation(String, HttpServletRequest)]
2019-12-18 15:29:31,315 [WARN] [main] com.netflix.config.sources.URLConfigurationSource [URLConfigurationSource.java : 121] No URLs will be polled as dynamic configuration sources.
2019-12-18 15:29:31,316 [INFO] [main] com.netflix.config.sources.URLConfigurationSource [URLConfigurationSource.java : 122] To enable URLs as dynamic configuration sources, define System property archaius.configurationSource.additionalUrls or make config.properties available on classpath.
2019-12-18 15:29:31,322 [WARN] [main] com.netflix.config.sources.URLConfigurationSource [URLConfigurationSource.java : 121] No URLs will be polled as dynamic configuration sources.
2019-12-18 15:29:31,322 [INFO] [main] com.netflix.config.sources.URLConfigurationSource [URLConfigurationSource.java : 122] To enable URLs as dynamic configuration sources, define System property archaius.configurationSource.additionalUrls or make config.properties available on classpath.
2019-12-18 15:29:33,556 [WARN] [main] o.s.c.l.c.BlockingLoadBalancerClientAutoConfiguration$BlockingLoadBalancerClientRibbonWarnLogger [BlockingLoadBalancerClientAutoConfiguration.java : 106] You already have RibbonLoadBalancerClient on your classpath. It will be used by default. As Spring Cloud Ribbon is in maintenance mode. We recommend switching to BlockingLoadBalancerClient instead. In order to use it, set the value of `spring.cloud.loadbalancer.ribbon.enabled` to `false` or remove spring-cloud-starter-netflix-ribbon from your project.
2019-12-18 15:29:33,595 [WARN] [main] o.s.c.l.c.LoadBalancerCacheAutoConfiguration$LoadBalancerCaffeineWarnLogger [LoadBalancerCacheAutoConfiguration.java : 81] Spring Cloud LoadBalancer is currently working with default default cache. You can switch to using Caffeine cache, by adding it to the classpath.
2019-12-18 15:29:33,627 [INFO] [main] org.springframework.cloud.netflix.eureka.InstanceInfoFactory [InstanceInfoFactory.java : 72] Setting initial instance status as: STARTING
2019-12-18 15:29:33,709 [INFO] [main] com.netflix.discovery.DiscoveryClient [DiscoveryClient.java : 365] Initializing Eureka in region us-east-1
2019-12-18 15:29:33,885 [INFO] [main] com.netflix.discovery.provider.DiscoveryJerseyProvider [DiscoveryJerseyProvider.java : 70] Using JSON encoding codec LegacyJacksonJson
2019-12-18 15:29:33,886 [INFO] [main] com.netflix.discovery.provider.DiscoveryJerseyProvider [DiscoveryJerseyProvider.java : 71] Using JSON decoding codec LegacyJacksonJson
2019-12-18 15:29:34,044 [INFO] [main] com.netflix.discovery.provider.DiscoveryJerseyProvider [DiscoveryJerseyProvider.java : 80] Using XML encoding codec XStreamXml
2019-12-18 15:29:34,045 [INFO] [main] com.netflix.discovery.provider.DiscoveryJerseyProvider [DiscoveryJerseyProvider.java : 81] Using XML decoding codec XStreamXml
2019-12-18 15:29:34,218 [INFO] [main] c.n.discovery.shared.resolver.aws.ConfigClusterResolver [ConfigClusterResolver.java : 43] Resolving eureka endpoints via configuration
2019-12-18 15:29:34,547 [INFO] [main] com.netflix.discovery.DiscoveryClient [DiscoveryClient.java : 976] Disable delta property : false
2019-12-18 15:29:34,548 [INFO] [main] com.netflix.discovery.DiscoveryClient [DiscoveryClient.java : 977] Single vip registry refresh property : null
2019-12-18 15:29:34,549 [INFO] [main] com.netflix.discovery.DiscoveryClient [DiscoveryClient.java : 978] Force full registry fetch : false
2019-12-18 15:29:34,550 [INFO] [main] com.netflix.discovery.DiscoveryClient [DiscoveryClient.java : 979] Application is null : false
2019-12-18 15:29:34,550 [INFO] [main] com.netflix.discovery.DiscoveryClient [DiscoveryClient.java : 980] Registered Applications size is zero : true
2019-12-18 15:29:34,551 [INFO] [main] com.netflix.discovery.DiscoveryClient [DiscoveryClient.java : 982] Application version is -1: true
2019-12-18 15:29:34,551 [INFO] [main] com.netflix.discovery.DiscoveryClient [DiscoveryClient.java : 1065] Getting all instance registry info from the eureka server
2019-12-18 15:29:34,996 [INFO] [main] com.netflix.discovery.DiscoveryClient [DiscoveryClient.java : 1074] The response status is 200
2019-12-18 15:29:34,999 [INFO] [main] com.netflix.discovery.DiscoveryClient [DiscoveryClient.java : 1288] Starting heartbeat executor: renew interval is: 30
2019-12-18 15:29:35,003 [INFO] [main] com.netflix.discovery.InstanceInfoReplicator [InstanceInfoReplicator.java : 60] InstanceInfoReplicator onDemand update allowed rate per min is 4
2019-12-18 15:29:35,009 [INFO] [main] com.netflix.discovery.DiscoveryClient [DiscoveryClient.java : 465] Discovery Client initialized at timestamp 1576654175007 with initial instances count: 1
2019-12-18 15:29:35,013 [INFO] [main] o.s.c.netflix.eureka.serviceregistry.EurekaServiceRegistry [EurekaServiceRegistry.java : 41] Registering application LOGINANDLOGON-PRODUCER with eureka with status UP
2019-12-18 15:29:35,014 [INFO] [main] com.netflix.discovery.DiscoveryClient [DiscoveryClient.java : 1323] Saw local status change event StatusChangeEvent [timestamp=1576654175014, current=UP, previous=STARTING]
2019-12-18 15:29:35,017 [INFO] [main] s.d.spring.web.plugins.DocumentationPluginsBootstrapper [DocumentationPluginsBootstrapper.java : 160] Context refreshed
2019-12-18 15:29:35,017 [INFO] [DiscoveryClient-InstanceInfoReplicator-0] com.netflix.discovery.DiscoveryClient [DiscoveryClient.java : 844] DiscoveryClient_LOGINANDLOGON-PRODUCER/LAPTOP-9V9UUKHU:loginAndlogon-producer:8001: registering service...
2019-12-18 15:29:35,050 [INFO] [main] s.d.spring.web.plugins.DocumentationPluginsBootstrapper [DocumentationPluginsBootstrapper.java : 163] Found 1 custom documentation plugin(s)
2019-12-18 15:29:35,053 [INFO] [DiscoveryClient-InstanceInfoReplicator-0] com.netflix.discovery.DiscoveryClient [DiscoveryClient.java : 853] DiscoveryClient_LOGINANDLOGON-PRODUCER/LAPTOP-9V9UUKHU:loginAndlogon-producer:8001 - registration status: 204
2019-12-18 15:29:35,105 [INFO] [main] s.d.spring.web.scanners.ApiListingReferenceScanner [ApiListingReferenceScanner.java : 41] Scanning for api listing references
2019-12-18 15:29:35,327 [INFO] [main] org.springframework.boot.web.embedded.tomcat.TomcatWebServer [TomcatWebServer.java : 204] Tomcat started on port(s): 8001 (http) with context path ''
2019-12-18 15:29:35,328 [INFO] [main] o.s.c.n.eureka.serviceregistry.EurekaAutoServiceRegistration [EurekaAutoServiceRegistration.java : 145] Updating port to 8001
2019-12-18 15:29:36,179 [INFO] [main] c.eruka.loginAndlogonservice.LoginAndlogonServiceApplication [StartupInfoLogger.java : 61] Started LoginAndlogonServiceApplication in 18.558 seconds (JVM running for 19.597)
2019-12-18 15:31:34,186 [INFO] [http-nio-8001-exec-1] o.a.catalina.core.ContainerBase.[Tomcat].[localhost].[/] [DirectJDKLog.java : 173] Initializing Spring DispatcherServlet 'dispatcherServlet'
2019-12-18 15:31:34,186 [INFO] [http-nio-8001-exec-1] org.springframework.web.servlet.DispatcherServlet [FrameworkServlet.java : 525] Initializing Servlet 'dispatcherServlet'
2019-12-18 15:31:34,194 [INFO] [http-nio-8001-exec-1] org.springframework.web.servlet.DispatcherServlet [FrameworkServlet.java : 547] Completed initialization in 8 ms
2019-12-18 15:31:58,198 [WARN] [http-nio-8001-exec-2] org.apache.catalina.util.SessionIdGeneratorBase [DirectJDKLog.java : 173] Creation of SecureRandom instance for session ID generation using [SHA1PRNG] took [360] milliseconds.
2019-12-18 15:31:58,201 [INFO] [http-nio-8001-exec-2] com.eruka.loginAndlogonservice.controller.LoginController [LoginController.java : 48] fufu@qq.com
2019-12-18 15:31:58,201 [INFO] [http-nio-8001-exec-2] com.eruka.loginAndlogonservice.controller.LoginController [LoginController.java : 50] com.eruka.loginAndlogonservice.service.impl.LoginServiceImpl@3c91447b
2019-12-18 15:31:58,229 [INFO] [http-nio-8001-exec-2] com.zaxxer.hikari.HikariDataSource [HikariDataSource.java : 110] HikariPool-1 - Starting...
2019-12-18 15:31:59,228 [INFO] [http-nio-8001-exec-2] com.zaxxer.hikari.HikariDataSource [HikariDataSource.java : 123] HikariPool-1 - Start completed.
2019-12-18 15:31:59,236 [DEBUG] [http-nio-8001-exec-2] c.e.loginAndlogonservice.mapper.LoginMapper.selectByAccount [BaseJdbcLogger.java : 143] ==>  Preparing: select * from Lol_User where account = ? 
2019-12-18 15:31:59,270 [DEBUG] [http-nio-8001-exec-2] c.e.loginAndlogonservice.mapper.LoginMapper.selectByAccount [BaseJdbcLogger.java : 143] ==> Parameters: fufu@qq.com(String)
2019-12-18 15:31:59,333 [DEBUG] [http-nio-8001-exec-2] c.e.loginAndlogonservice.mapper.LoginMapper.selectByAccount [BaseJdbcLogger.java : 143] <==      Total: 0
2019-12-18 15:32:14,427 [INFO] [http-nio-8001-exec-3] com.eruka.loginAndlogonservice.controller.LoginController [LoginController.java : 48] fufu@qq.com
2019-12-18 15:32:14,427 [INFO] [http-nio-8001-exec-3] com.eruka.loginAndlogonservice.controller.LoginController [LoginController.java : 50] com.eruka.loginAndlogonservice.service.impl.LoginServiceImpl@3c91447b
2019-12-18 15:32:14,461 [DEBUG] [http-nio-8001-exec-3] c.e.loginAndlogonservice.mapper.LoginMapper.selectByAccount [BaseJdbcLogger.java : 143] ==>  Preparing: select * from Lol_User where account = ? 
2019-12-18 15:32:14,462 [DEBUG] [http-nio-8001-exec-3] c.e.loginAndlogonservice.mapper.LoginMapper.selectByAccount [BaseJdbcLogger.java : 143] ==> Parameters: fufu@qq.com(String)
2019-12-18 15:32:14,493 [DEBUG] [http-nio-8001-exec-3] c.e.loginAndlogonservice.mapper.LoginMapper.selectByAccount [BaseJdbcLogger.java : 143] <==      Total: 0
2019-12-18 15:32:40,393 [DEBUG] [http-nio-8001-exec-4] c.e.l.mapper.SelectionHelperMapper.selectByNickName [BaseJdbcLogger.java : 143] ==>  Preparing: select uID from Lol_UserInfo where nickName = ? 
2019-12-18 15:32:40,394 [DEBUG] [http-nio-8001-exec-4] c.e.l.mapper.SelectionHelperMapper.selectByNickName [BaseJdbcLogger.java : 143] ==> Parameters: 123(String)
2019-12-18 15:32:40,431 [DEBUG] [http-nio-8001-exec-4] c.e.l.mapper.SelectionHelperMapper.selectByNickName [BaseJdbcLogger.java : 143] <==      Total: 0
2019-12-18 15:32:40,432 [DEBUG] [http-nio-8001-exec-4] c.e.l.mapper.SelectionHelperMapper.selectByAccount [BaseJdbcLogger.java : 143] ==>  Preparing: select uID from Lol_User where account = ? 
2019-12-18 15:32:40,433 [DEBUG] [http-nio-8001-exec-4] c.e.l.mapper.SelectionHelperMapper.selectByAccount [BaseJdbcLogger.java : 143] ==> Parameters: fufu@qq.com(String)
2019-12-18 15:32:40,467 [DEBUG] [http-nio-8001-exec-4] c.e.l.mapper.SelectionHelperMapper.selectByAccount [BaseJdbcLogger.java : 143] <==      Total: 0
2019-12-18 15:32:40,471 [DEBUG] [http-nio-8001-exec-4] c.e.loginAndlogonservice.mapper.RegisterMapper.userRegister [BaseJdbcLogger.java : 143] ==>  Preparing: insert into Lol_User (account, password, salt) values (?, ?, ?) 
2019-12-18 15:32:40,474 [DEBUG] [http-nio-8001-exec-4] c.e.loginAndlogonservice.mapper.RegisterMapper.userRegister [BaseJdbcLogger.java : 143] ==> Parameters: fufu@qq.com(String), FDC75D9D24BD7BAED2C76CD2F17CF7CF(String), 53F908A0BA144C37A388560C64939643(String)
2019-12-18 15:32:40,550 [DEBUG] [http-nio-8001-exec-4] c.e.loginAndlogonservice.mapper.RegisterMapper.userRegister [BaseJdbcLogger.java : 143] <==    Updates: 1
2019-12-18 15:32:40,553 [DEBUG] [http-nio-8001-exec-4] com.eruka.loginAndlogonservice.mapper.RegisterMapper.addInfo [BaseJdbcLogger.java : 143] ==>  Preparing: insert into Lol_UserInfo (uID, nickName) values (?, ?) 
2019-12-18 15:32:40,554 [DEBUG] [http-nio-8001-exec-4] com.eruka.loginAndlogonservice.mapper.RegisterMapper.addInfo [BaseJdbcLogger.java : 143] ==> Parameters: 1(Integer), 123(String)
2019-12-18 15:32:40,621 [DEBUG] [http-nio-8001-exec-4] com.eruka.loginAndlogonservice.mapper.RegisterMapper.addInfo [BaseJdbcLogger.java : 143] <==    Updates: 1
2019-12-18 15:32:40,623 [INFO] [http-nio-8001-exec-4] com.eruka.loginAndlogonservice.controller.RegisterController [RegisterController.java : 78] 123
