2019-12-26 00:51:06,543 [INFO] [main] o.s.c.s.PostProcessorRegistrationDelegate$BeanPostProcessorChecker [PostProcessorRegistrationDelegate.java : 330] Bean 'org.springframework.cloud.autoconfigure.ConfigurationPropertiesRebinderAutoConfiguration' of type [org.springframework.cloud.autoconfigure.ConfigurationPropertiesRebinderAutoConfiguration] is not eligible for getting processed by all BeanPostProcessors (for example: not eligible for auto-proxying)
2019-12-26 00:51:07,476 [INFO] [main] c.eruka.loginAndlogonservice.LoginAndlogonServiceApplication [SpringApplication.java : 651] No active profile set, falling back to default profiles: default
2019-12-26 00:51:08,762 [WARN] [main] org.springframework.boot.actuate.endpoint.EndpointId [EndpointId.java : 155] Endpoint ID 'hystrix.stream' contains invalid characters, please migrate to a valid format.
2019-12-26 00:51:09,571 [WARN] [main] org.springframework.boot.actuate.endpoint.EndpointId [EndpointId.java : 155] Endpoint ID 'service-registry' contains invalid characters, please migrate to a valid format.
2019-12-26 00:51:09,843 [INFO] [main] org.springframework.cloud.context.scope.GenericScope [GenericScope.java : 295] BeanFactory id=968d95c9-a4aa-3a4a-ace0-b8f63f40030b
2019-12-26 00:51:10,161 [INFO] [main] o.s.c.s.PostProcessorRegistrationDelegate$BeanPostProcessorChecker [PostProcessorRegistrationDelegate.java : 330] Bean 'org.springframework.transaction.annotation.ProxyTransactionManagementConfiguration' of type [org.springframework.transaction.annotation.ProxyTransactionManagementConfiguration] is not eligible for getting processed by all BeanPostProcessors (for example: not eligible for auto-proxying)
2019-12-26 00:51:10,544 [INFO] [main] o.s.c.s.PostProcessorRegistrationDelegate$BeanPostProcessorChecker [PostProcessorRegistrationDelegate.java : 330] Bean 'org.springframework.cloud.autoconfigure.ConfigurationPropertiesRebinderAutoConfiguration' of type [org.springframework.cloud.autoconfigure.ConfigurationPropertiesRebinderAutoConfiguration] is not eligible for getting processed by all BeanPostProcessors (for example: not eligible for auto-proxying)
2019-12-26 00:51:11,419 [INFO] [main] org.springframework.boot.web.embedded.tomcat.TomcatWebServer [TomcatWebServer.java : 92] Tomcat initialized with port(s): 8001 (http)
2019-12-26 00:51:11,446 [INFO] [main] org.apache.catalina.core.StandardService [DirectJDKLog.java : 173] Starting service [Tomcat]
2019-12-26 00:51:11,447 [INFO] [main] org.apache.catalina.core.StandardEngine [DirectJDKLog.java : 173] Starting Servlet engine: [Apache Tomcat/9.0.29]
2019-12-26 00:51:11,780 [INFO] [main] o.a.catalina.core.ContainerBase.[Tomcat].[localhost].[/] [DirectJDKLog.java : 173] Initializing Spring embedded WebApplicationContext
2019-12-26 00:51:11,780 [INFO] [main] org.springframework.web.context.ContextLoader [ServletWebServerApplicationContext.java : 284] Root WebApplicationContext: initialization completed in 4277 ms
2019-12-26 00:51:11,980 [WARN] [main] com.netflix.config.sources.URLConfigurationSource [URLConfigurationSource.java : 121] No URLs will be polled as dynamic configuration sources.
2019-12-26 00:51:11,980 [INFO] [main] com.netflix.config.sources.URLConfigurationSource [URLConfigurationSource.java : 122] To enable URLs as dynamic configuration sources, define System property archaius.configurationSource.additionalUrls or make config.properties available on classpath.
2019-12-26 00:51:12,025 [INFO] [main] com.netflix.config.DynamicPropertyFactory [DynamicPropertyFactory.java : 281] DynamicPropertyFactory is initialized with configuration sources: com.netflix.config.ConcurrentCompositeConfiguration@6cf047cf
2019-12-26 00:51:12,451 [INFO] [main] o.s.boot.actuate.endpoint.web.ServletEndpointRegistrar [ServletEndpointRegistrar.java : 75] Registered '/actuator/hystrix.stream' to hystrix.stream-actuator-endpoint
2019-12-26 00:51:13,681 [INFO] [main] o.s.boot.actuate.endpoint.web.EndpointLinksResolver [EndpointLinksResolver.java : 58] Exposing 1 endpoint(s) beneath base path '/actuator'
2019-12-26 00:51:14,043 [INFO] [main] s.d.spring.web.PropertySourcedRequestMappingHandlerMapping [PropertySourcedRequestMappingHandlerMapping.java : 69] Mapped URL path [/v2/api-docs] onto method [springfox.documentation.swagger2.web.Swagger2Controller#getDocumentation(String, HttpServletRequest)]
2019-12-26 00:51:14,065 [WARN] [main] com.netflix.config.sources.URLConfigurationSource [URLConfigurationSource.java : 121] No URLs will be polled as dynamic configuration sources.
2019-12-26 00:51:14,066 [INFO] [main] com.netflix.config.sources.URLConfigurationSource [URLConfigurationSource.java : 122] To enable URLs as dynamic configuration sources, define System property archaius.configurationSource.additionalUrls or make config.properties available on classpath.
2019-12-26 00:51:16,786 [WARN] [main] o.s.c.l.c.BlockingLoadBalancerClientAutoConfiguration$BlockingLoadBalancerClientRibbonWarnLogger [BlockingLoadBalancerClientAutoConfiguration.java : 106] You already have RibbonLoadBalancerClient on your classpath. It will be used by default. As Spring Cloud Ribbon is in maintenance mode. We recommend switching to BlockingLoadBalancerClient instead. In order to use it, set the value of `spring.cloud.loadbalancer.ribbon.enabled` to `false` or remove spring-cloud-starter-netflix-ribbon from your project.
2019-12-26 00:51:16,840 [WARN] [main] o.s.c.l.c.LoadBalancerCacheAutoConfiguration$LoadBalancerCaffeineWarnLogger [LoadBalancerCacheAutoConfiguration.java : 81] Spring Cloud LoadBalancer is currently working with default default cache. You can switch to using Caffeine cache, by adding it to the classpath.
2019-12-26 00:51:16,928 [INFO] [main] org.springframework.cloud.netflix.eureka.InstanceInfoFactory [InstanceInfoFactory.java : 72] Setting initial instance status as: STARTING
2019-12-26 00:51:17,046 [INFO] [main] com.netflix.discovery.DiscoveryClient [DiscoveryClient.java : 365] Initializing Eureka in region us-east-1
2019-12-26 00:51:17,383 [INFO] [main] com.netflix.discovery.provider.DiscoveryJerseyProvider [DiscoveryJerseyProvider.java : 70] Using JSON encoding codec LegacyJacksonJson
2019-12-26 00:51:17,384 [INFO] [main] com.netflix.discovery.provider.DiscoveryJerseyProvider [DiscoveryJerseyProvider.java : 71] Using JSON decoding codec LegacyJacksonJson
2019-12-26 00:51:17,625 [INFO] [main] com.netflix.discovery.provider.DiscoveryJerseyProvider [DiscoveryJerseyProvider.java : 80] Using XML encoding codec XStreamXml
2019-12-26 00:51:17,626 [INFO] [main] com.netflix.discovery.provider.DiscoveryJerseyProvider [DiscoveryJerseyProvider.java : 81] Using XML decoding codec XStreamXml
2019-12-26 00:51:17,840 [INFO] [main] c.n.discovery.shared.resolver.aws.ConfigClusterResolver [ConfigClusterResolver.java : 43] Resolving eureka endpoints via configuration
2019-12-26 00:51:18,442 [INFO] [main] com.netflix.discovery.DiscoveryClient [DiscoveryClient.java : 976] Disable delta property : false
2019-12-26 00:51:18,442 [INFO] [main] com.netflix.discovery.DiscoveryClient [DiscoveryClient.java : 977] Single vip registry refresh property : null
2019-12-26 00:51:18,443 [INFO] [main] com.netflix.discovery.DiscoveryClient [DiscoveryClient.java : 978] Force full registry fetch : false
2019-12-26 00:51:18,443 [INFO] [main] com.netflix.discovery.DiscoveryClient [DiscoveryClient.java : 979] Application is null : false
2019-12-26 00:51:18,444 [INFO] [main] com.netflix.discovery.DiscoveryClient [DiscoveryClient.java : 980] Registered Applications size is zero : true
2019-12-26 00:51:18,444 [INFO] [main] com.netflix.discovery.DiscoveryClient [DiscoveryClient.java : 982] Application version is -1: true
2019-12-26 00:51:18,444 [INFO] [main] com.netflix.discovery.DiscoveryClient [DiscoveryClient.java : 1065] Getting all instance registry info from the eureka server
2019-12-26 00:51:18,721 [INFO] [main] com.netflix.discovery.DiscoveryClient [DiscoveryClient.java : 1074] The response status is 200
2019-12-26 00:51:18,724 [INFO] [main] com.netflix.discovery.DiscoveryClient [DiscoveryClient.java : 1288] Starting heartbeat executor: renew interval is: 30
2019-12-26 00:51:18,727 [INFO] [main] com.netflix.discovery.InstanceInfoReplicator [InstanceInfoReplicator.java : 60] InstanceInfoReplicator onDemand update allowed rate per min is 4
2019-12-26 00:51:18,735 [INFO] [main] com.netflix.discovery.DiscoveryClient [DiscoveryClient.java : 465] Discovery Client initialized at timestamp 1577292678732 with initial instances count: 2
2019-12-26 00:51:18,742 [INFO] [main] o.s.c.netflix.eureka.serviceregistry.EurekaServiceRegistry [EurekaServiceRegistry.java : 41] Registering application LOGINANDLOGON-PRODUCER with eureka with status UP
2019-12-26 00:51:18,743 [INFO] [main] com.netflix.discovery.DiscoveryClient [DiscoveryClient.java : 1323] Saw local status change event StatusChangeEvent [timestamp=1577292678743, current=UP, previous=STARTING]
2019-12-26 00:51:18,747 [INFO] [main] s.d.spring.web.plugins.DocumentationPluginsBootstrapper [DocumentationPluginsBootstrapper.java : 160] Context refreshed
2019-12-26 00:51:18,752 [INFO] [DiscoveryClient-InstanceInfoReplicator-0] com.netflix.discovery.DiscoveryClient [DiscoveryClient.java : 844] DiscoveryClient_LOGINANDLOGON-PRODUCER/LAPTOP-9V9UUKHU:loginAndlogon-producer:8001: registering service...
2019-12-26 00:51:18,797 [INFO] [DiscoveryClient-InstanceInfoReplicator-0] com.netflix.discovery.DiscoveryClient [DiscoveryClient.java : 853] DiscoveryClient_LOGINANDLOGON-PRODUCER/LAPTOP-9V9UUKHU:loginAndlogon-producer:8001 - registration status: 204
2019-12-26 00:51:18,804 [INFO] [main] s.d.spring.web.plugins.DocumentationPluginsBootstrapper [DocumentationPluginsBootstrapper.java : 163] Found 1 custom documentation plugin(s)
2019-12-26 00:51:18,862 [INFO] [main] s.d.spring.web.scanners.ApiListingReferenceScanner [ApiListingReferenceScanner.java : 41] Scanning for api listing references
2019-12-26 00:51:19,171 [INFO] [main] org.springframework.boot.web.embedded.tomcat.TomcatWebServer [TomcatWebServer.java : 204] Tomcat started on port(s): 8001 (http) with context path ''
2019-12-26 00:51:19,172 [INFO] [main] o.s.c.n.eureka.serviceregistry.EurekaAutoServiceRegistration [EurekaAutoServiceRegistration.java : 145] Updating port to 8001
2019-12-26 00:51:19,693 [INFO] [main] c.eruka.loginAndlogonservice.LoginAndlogonServiceApplication [StartupInfoLogger.java : 61] Started LoginAndlogonServiceApplication in 15.505 seconds (JVM running for 17.108)
2019-12-26 00:51:58,425 [INFO] [http-nio-8001-exec-1] o.a.catalina.core.ContainerBase.[Tomcat].[localhost].[/] [DirectJDKLog.java : 173] Initializing Spring DispatcherServlet 'dispatcherServlet'
2019-12-26 00:51:58,425 [INFO] [http-nio-8001-exec-1] org.springframework.web.servlet.DispatcherServlet [FrameworkServlet.java : 525] Initializing Servlet 'dispatcherServlet'
2019-12-26 00:51:58,440 [INFO] [http-nio-8001-exec-1] org.springframework.web.servlet.DispatcherServlet [FrameworkServlet.java : 547] Completed initialization in 14 ms
2019-12-26 00:51:59,223 [WARN] [http-nio-8001-exec-2] org.apache.catalina.util.SessionIdGeneratorBase [DirectJDKLog.java : 173] Creation of SecureRandom instance for session ID generation using [SHA1PRNG] took [487] milliseconds.
2019-12-26 00:51:59,226 [INFO] [http-nio-8001-exec-2] com.eruka.loginAndlogonservice.controller.LoginController [LoginController.java : 45] fufu@qq.com
2019-12-26 00:51:59,226 [INFO] [http-nio-8001-exec-2] com.eruka.loginAndlogonservice.controller.LoginController [LoginController.java : 47] com.eruka.loginAndlogonservice.service.impl.LoginServiceImpl@7baa2e45
2019-12-26 00:51:59,265 [INFO] [http-nio-8001-exec-2] com.zaxxer.hikari.HikariDataSource [HikariDataSource.java : 110] HikariPool-1 - Starting...
2019-12-26 00:51:59,891 [INFO] [http-nio-8001-exec-2] com.zaxxer.hikari.HikariDataSource [HikariDataSource.java : 123] HikariPool-1 - Start completed.
2019-12-26 00:51:59,906 [DEBUG] [http-nio-8001-exec-2] c.e.loginAndlogonservice.mapper.LoginMapper.selectByAccount [BaseJdbcLogger.java : 143] ==>  Preparing: select * from Lol_User where account = ? 
2019-12-26 00:51:59,953 [DEBUG] [http-nio-8001-exec-2] c.e.loginAndlogonservice.mapper.LoginMapper.selectByAccount [BaseJdbcLogger.java : 143] ==> Parameters: fufu@qq.com(String)
2019-12-26 00:52:00,036 [TRACE] [http-nio-8001-exec-2] c.e.loginAndlogonservice.mapper.LoginMapper.selectByAccount [BaseJdbcLogger.java : 149] <==    Columns: uID, account, password, salt
2019-12-26 00:52:00,037 [TRACE] [http-nio-8001-exec-2] c.e.loginAndlogonservice.mapper.LoginMapper.selectByAccount [BaseJdbcLogger.java : 149] <==        Row: 1, fufu@qq.com, FDC75D9D24BD7BAED2C76CD2F17CF7CF, 53F908A0BA144C37A388560C64939643
2019-12-26 00:52:00,039 [DEBUG] [http-nio-8001-exec-2] c.e.loginAndlogonservice.mapper.LoginMapper.selectByAccount [BaseJdbcLogger.java : 143] <==      Total: 1
2019-12-26 00:53:25,935 [INFO] [http-nio-8001-exec-5] com.eruka.loginAndlogonservice.controller.LoginController [LoginController.java : 45] fufu@qq.com
2019-12-26 00:53:25,936 [INFO] [http-nio-8001-exec-5] com.eruka.loginAndlogonservice.controller.LoginController [LoginController.java : 47] com.eruka.loginAndlogonservice.service.impl.LoginServiceImpl@7baa2e45
2019-12-26 00:53:25,977 [DEBUG] [http-nio-8001-exec-5] c.e.loginAndlogonservice.mapper.LoginMapper.selectByAccount [BaseJdbcLogger.java : 143] ==>  Preparing: select * from Lol_User where account = ? 
2019-12-26 00:53:25,978 [DEBUG] [http-nio-8001-exec-5] c.e.loginAndlogonservice.mapper.LoginMapper.selectByAccount [BaseJdbcLogger.java : 143] ==> Parameters: fufu@qq.com(String)
2019-12-26 00:53:26,020 [TRACE] [http-nio-8001-exec-5] c.e.loginAndlogonservice.mapper.LoginMapper.selectByAccount [BaseJdbcLogger.java : 149] <==    Columns: uID, account, password, salt
2019-12-26 00:53:26,021 [TRACE] [http-nio-8001-exec-5] c.e.loginAndlogonservice.mapper.LoginMapper.selectByAccount [BaseJdbcLogger.java : 149] <==        Row: 1, fufu@qq.com, FDC75D9D24BD7BAED2C76CD2F17CF7CF, 53F908A0BA144C37A388560C64939643
2019-12-26 00:53:26,021 [DEBUG] [http-nio-8001-exec-5] c.e.loginAndlogonservice.mapper.LoginMapper.selectByAccount [BaseJdbcLogger.java : 143] <==      Total: 1
2019-12-26 00:55:53,132 [INFO] [http-nio-8001-exec-8] com.eruka.loginAndlogonservice.controller.LoginController [LoginController.java : 45] fufu@qq.com
2019-12-26 00:55:53,133 [INFO] [http-nio-8001-exec-8] com.eruka.loginAndlogonservice.controller.LoginController [LoginController.java : 47] com.eruka.loginAndlogonservice.service.impl.LoginServiceImpl@7baa2e45
2019-12-26 00:55:53,175 [DEBUG] [http-nio-8001-exec-8] c.e.loginAndlogonservice.mapper.LoginMapper.selectByAccount [BaseJdbcLogger.java : 143] ==>  Preparing: select * from Lol_User where account = ? 
2019-12-26 00:55:53,177 [DEBUG] [http-nio-8001-exec-8] c.e.loginAndlogonservice.mapper.LoginMapper.selectByAccount [BaseJdbcLogger.java : 143] ==> Parameters: fufu@qq.com(String)
2019-12-26 00:55:53,218 [TRACE] [http-nio-8001-exec-8] c.e.loginAndlogonservice.mapper.LoginMapper.selectByAccount [BaseJdbcLogger.java : 149] <==    Columns: uID, account, password, salt
2019-12-26 00:55:53,219 [TRACE] [http-nio-8001-exec-8] c.e.loginAndlogonservice.mapper.LoginMapper.selectByAccount [BaseJdbcLogger.java : 149] <==        Row: 1, fufu@qq.com, FDC75D9D24BD7BAED2C76CD2F17CF7CF, 53F908A0BA144C37A388560C64939643
2019-12-26 00:55:53,219 [DEBUG] [http-nio-8001-exec-8] c.e.loginAndlogonservice.mapper.LoginMapper.selectByAccount [BaseJdbcLogger.java : 143] <==      Total: 1
2019-12-26 00:56:18,454 [INFO] [AsyncResolver-bootstrap-executor-0] c.n.discovery.shared.resolver.aws.ConfigClusterResolver [ConfigClusterResolver.java : 43] Resolving eureka endpoints via configuration
2019-12-26 00:58:01,076 [INFO] [http-nio-8001-exec-1] com.eruka.loginAndlogonservice.controller.LoginController [LoginController.java : 45] fufu@qq.com
2019-12-26 00:58:01,077 [INFO] [http-nio-8001-exec-1] com.eruka.loginAndlogonservice.controller.LoginController [LoginController.java : 47] com.eruka.loginAndlogonservice.service.impl.LoginServiceImpl@7baa2e45
2019-12-26 00:58:01,119 [DEBUG] [http-nio-8001-exec-1] c.e.loginAndlogonservice.mapper.LoginMapper.selectByAccount [BaseJdbcLogger.java : 143] ==>  Preparing: select * from Lol_User where account = ? 
2019-12-26 00:58:01,121 [DEBUG] [http-nio-8001-exec-1] c.e.loginAndlogonservice.mapper.LoginMapper.selectByAccount [BaseJdbcLogger.java : 143] ==> Parameters: fufu@qq.com(String)
2019-12-26 00:58:01,163 [TRACE] [http-nio-8001-exec-1] c.e.loginAndlogonservice.mapper.LoginMapper.selectByAccount [BaseJdbcLogger.java : 149] <==    Columns: uID, account, password, salt
2019-12-26 00:58:01,163 [TRACE] [http-nio-8001-exec-1] c.e.loginAndlogonservice.mapper.LoginMapper.selectByAccount [BaseJdbcLogger.java : 149] <==        Row: 1, fufu@qq.com, FDC75D9D24BD7BAED2C76CD2F17CF7CF, 53F908A0BA144C37A388560C64939643
2019-12-26 00:58:01,164 [DEBUG] [http-nio-8001-exec-1] c.e.loginAndlogonservice.mapper.LoginMapper.selectByAccount [BaseJdbcLogger.java : 143] <==      Total: 1
2019-12-26 00:59:10,991 [INFO] [http-nio-8001-exec-4] com.eruka.loginAndlogonservice.controller.LoginController [LoginController.java : 45] fufu@qq.com
2019-12-26 00:59:10,991 [INFO] [http-nio-8001-exec-4] com.eruka.loginAndlogonservice.controller.LoginController [LoginController.java : 47] com.eruka.loginAndlogonservice.service.impl.LoginServiceImpl@7baa2e45
2019-12-26 00:59:11,031 [DEBUG] [http-nio-8001-exec-4] c.e.loginAndlogonservice.mapper.LoginMapper.selectByAccount [BaseJdbcLogger.java : 143] ==>  Preparing: select * from Lol_User where account = ? 
2019-12-26 00:59:11,032 [DEBUG] [http-nio-8001-exec-4] c.e.loginAndlogonservice.mapper.LoginMapper.selectByAccount [BaseJdbcLogger.java : 143] ==> Parameters: fufu@qq.com(String)
2019-12-26 00:59:11,073 [TRACE] [http-nio-8001-exec-4] c.e.loginAndlogonservice.mapper.LoginMapper.selectByAccount [BaseJdbcLogger.java : 149] <==    Columns: uID, account, password, salt
2019-12-26 00:59:11,074 [TRACE] [http-nio-8001-exec-4] c.e.loginAndlogonservice.mapper.LoginMapper.selectByAccount [BaseJdbcLogger.java : 149] <==        Row: 1, fufu@qq.com, FDC75D9D24BD7BAED2C76CD2F17CF7CF, 53F908A0BA144C37A388560C64939643
2019-12-26 00:59:11,075 [DEBUG] [http-nio-8001-exec-4] c.e.loginAndlogonservice.mapper.LoginMapper.selectByAccount [BaseJdbcLogger.java : 143] <==      Total: 1
2019-12-26 01:00:51,591 [INFO] [http-nio-8001-exec-7] com.eruka.loginAndlogonservice.controller.LoginController [LoginController.java : 45] fufu@qq.com
2019-12-26 01:00:51,594 [INFO] [http-nio-8001-exec-7] com.eruka.loginAndlogonservice.controller.LoginController [LoginController.java : 47] com.eruka.loginAndlogonservice.service.impl.LoginServiceImpl@7baa2e45
2019-12-26 01:00:51,634 [DEBUG] [http-nio-8001-exec-7] c.e.loginAndlogonservice.mapper.LoginMapper.selectByAccount [BaseJdbcLogger.java : 143] ==>  Preparing: select * from Lol_User where account = ? 
2019-12-26 01:00:51,635 [DEBUG] [http-nio-8001-exec-7] c.e.loginAndlogonservice.mapper.LoginMapper.selectByAccount [BaseJdbcLogger.java : 143] ==> Parameters: fufu@qq.com(String)
2019-12-26 01:00:51,676 [TRACE] [http-nio-8001-exec-7] c.e.loginAndlogonservice.mapper.LoginMapper.selectByAccount [BaseJdbcLogger.java : 149] <==    Columns: uID, account, password, salt
2019-12-26 01:00:51,677 [TRACE] [http-nio-8001-exec-7] c.e.loginAndlogonservice.mapper.LoginMapper.selectByAccount [BaseJdbcLogger.java : 149] <==        Row: 1, fufu@qq.com, FDC75D9D24BD7BAED2C76CD2F17CF7CF, 53F908A0BA144C37A388560C64939643
2019-12-26 01:00:51,678 [DEBUG] [http-nio-8001-exec-7] c.e.loginAndlogonservice.mapper.LoginMapper.selectByAccount [BaseJdbcLogger.java : 143] <==      Total: 1
2019-12-26 01:01:18,458 [INFO] [AsyncResolver-bootstrap-executor-0] c.n.discovery.shared.resolver.aws.ConfigClusterResolver [ConfigClusterResolver.java : 43] Resolving eureka endpoints via configuration
2019-12-26 01:01:35,992 [INFO] [http-nio-8001-exec-9] com.eruka.loginAndlogonservice.controller.LoginController [LoginController.java : 45] fufu@qq.com
2019-12-26 01:01:35,993 [INFO] [http-nio-8001-exec-9] com.eruka.loginAndlogonservice.controller.LoginController [LoginController.java : 47] com.eruka.loginAndlogonservice.service.impl.LoginServiceImpl@7baa2e45
2019-12-26 01:01:36,031 [DEBUG] [http-nio-8001-exec-9] c.e.loginAndlogonservice.mapper.LoginMapper.selectByAccount [BaseJdbcLogger.java : 143] ==>  Preparing: select * from Lol_User where account = ? 
2019-12-26 01:01:36,032 [DEBUG] [http-nio-8001-exec-9] c.e.loginAndlogonservice.mapper.LoginMapper.selectByAccount [BaseJdbcLogger.java : 143] ==> Parameters: fufu@qq.com(String)
2019-12-26 01:01:36,075 [TRACE] [http-nio-8001-exec-9] c.e.loginAndlogonservice.mapper.LoginMapper.selectByAccount [BaseJdbcLogger.java : 149] <==    Columns: uID, account, password, salt
2019-12-26 01:01:36,077 [TRACE] [http-nio-8001-exec-9] c.e.loginAndlogonservice.mapper.LoginMapper.selectByAccount [BaseJdbcLogger.java : 149] <==        Row: 1, fufu@qq.com, FDC75D9D24BD7BAED2C76CD2F17CF7CF, 53F908A0BA144C37A388560C64939643
2019-12-26 01:01:36,077 [DEBUG] [http-nio-8001-exec-9] c.e.loginAndlogonservice.mapper.LoginMapper.selectByAccount [BaseJdbcLogger.java : 143] <==      Total: 1
2019-12-26 01:06:18,466 [INFO] [AsyncResolver-bootstrap-executor-0] c.n.discovery.shared.resolver.aws.ConfigClusterResolver [ConfigClusterResolver.java : 43] Resolving eureka endpoints via configuration
2019-12-26 01:11:18,468 [INFO] [AsyncResolver-bootstrap-executor-0] c.n.discovery.shared.resolver.aws.ConfigClusterResolver [ConfigClusterResolver.java : 43] Resolving eureka endpoints via configuration
2019-12-26 01:16:18,470 [INFO] [AsyncResolver-bootstrap-executor-0] c.n.discovery.shared.resolver.aws.ConfigClusterResolver [ConfigClusterResolver.java : 43] Resolving eureka endpoints via configuration
2019-12-26 16:41:47,031 [INFO] [main] o.s.c.s.PostProcessorRegistrationDelegate$BeanPostProcessorChecker [PostProcessorRegistrationDelegate.java : 330] Bean 'org.springframework.cloud.autoconfigure.ConfigurationPropertiesRebinderAutoConfiguration' of type [org.springframework.cloud.autoconfigure.ConfigurationPropertiesRebinderAutoConfiguration] is not eligible for getting processed by all BeanPostProcessors (for example: not eligible for auto-proxying)
2019-12-26 16:41:47,841 [INFO] [main] c.eruka.loginAndlogonservice.LoginAndlogonServiceApplication [SpringApplication.java : 651] No active profile set, falling back to default profiles: default
2019-12-26 16:41:48,927 [WARN] [main] org.springframework.boot.actuate.endpoint.EndpointId [EndpointId.java : 155] Endpoint ID 'hystrix.stream' contains invalid characters, please migrate to a valid format.
2019-12-26 16:41:49,764 [WARN] [main] org.springframework.boot.actuate.endpoint.EndpointId [EndpointId.java : 155] Endpoint ID 'service-registry' contains invalid characters, please migrate to a valid format.
2019-12-26 16:41:50,023 [INFO] [main] org.springframework.cloud.context.scope.GenericScope [GenericScope.java : 295] BeanFactory id=968d95c9-a4aa-3a4a-ace0-b8f63f40030b
2019-12-26 16:41:50,259 [INFO] [main] o.s.c.s.PostProcessorRegistrationDelegate$BeanPostProcessorChecker [PostProcessorRegistrationDelegate.java : 330] Bean 'org.springframework.transaction.annotation.ProxyTransactionManagementConfiguration' of type [org.springframework.transaction.annotation.ProxyTransactionManagementConfiguration] is not eligible for getting processed by all BeanPostProcessors (for example: not eligible for auto-proxying)
2019-12-26 16:41:50,618 [INFO] [main] o.s.c.s.PostProcessorRegistrationDelegate$BeanPostProcessorChecker [PostProcessorRegistrationDelegate.java : 330] Bean 'org.springframework.cloud.autoconfigure.ConfigurationPropertiesRebinderAutoConfiguration' of type [org.springframework.cloud.autoconfigure.ConfigurationPropertiesRebinderAutoConfiguration] is not eligible for getting processed by all BeanPostProcessors (for example: not eligible for auto-proxying)
2019-12-26 16:41:51,382 [INFO] [main] org.springframework.boot.web.embedded.tomcat.TomcatWebServer [TomcatWebServer.java : 92] Tomcat initialized with port(s): 8001 (http)
2019-12-26 16:41:51,396 [INFO] [main] org.apache.catalina.core.StandardService [DirectJDKLog.java : 173] Starting service [Tomcat]
2019-12-26 16:41:51,397 [INFO] [main] org.apache.catalina.core.StandardEngine [DirectJDKLog.java : 173] Starting Servlet engine: [Apache Tomcat/9.0.29]
2019-12-26 16:41:52,541 [INFO] [main] o.a.catalina.core.ContainerBase.[Tomcat].[localhost].[/] [DirectJDKLog.java : 173] Initializing Spring embedded WebApplicationContext
2019-12-26 16:41:52,541 [INFO] [main] org.springframework.web.context.ContextLoader [ServletWebServerApplicationContext.java : 284] Root WebApplicationContext: initialization completed in 4678 ms
2019-12-26 16:41:52,710 [WARN] [main] com.netflix.config.sources.URLConfigurationSource [URLConfigurationSource.java : 121] No URLs will be polled as dynamic configuration sources.
2019-12-26 16:41:52,712 [INFO] [main] com.netflix.config.sources.URLConfigurationSource [URLConfigurationSource.java : 122] To enable URLs as dynamic configuration sources, define System property archaius.configurationSource.additionalUrls or make config.properties available on classpath.
2019-12-26 16:41:52,733 [INFO] [main] com.netflix.config.DynamicPropertyFactory [DynamicPropertyFactory.java : 281] DynamicPropertyFactory is initialized with configuration sources: com.netflix.config.ConcurrentCompositeConfiguration@6ed51944
2019-12-26 16:41:53,676 [INFO] [main] o.s.boot.actuate.endpoint.web.ServletEndpointRegistrar [ServletEndpointRegistrar.java : 75] Registered '/actuator/hystrix.stream' to hystrix.stream-actuator-endpoint
2019-12-26 16:41:55,806 [INFO] [main] o.s.boot.actuate.endpoint.web.EndpointLinksResolver [EndpointLinksResolver.java : 58] Exposing 1 endpoint(s) beneath base path '/actuator'
2019-12-26 16:41:57,137 [INFO] [main] s.d.spring.web.PropertySourcedRequestMappingHandlerMapping [PropertySourcedRequestMappingHandlerMapping.java : 69] Mapped URL path [/v2/api-docs] onto method [springfox.documentation.swagger2.web.Swagger2Controller#getDocumentation(String, HttpServletRequest)]
2019-12-26 16:41:57,705 [WARN] [main] com.netflix.config.sources.URLConfigurationSource [URLConfigurationSource.java : 121] No URLs will be polled as dynamic configuration sources.
2019-12-26 16:41:57,707 [INFO] [main] com.netflix.config.sources.URLConfigurationSource [URLConfigurationSource.java : 122] To enable URLs as dynamic configuration sources, define System property archaius.configurationSource.additionalUrls or make config.properties available on classpath.
2019-12-26 16:42:00,160 [WARN] [main] o.s.c.l.c.BlockingLoadBalancerClientAutoConfiguration$BlockingLoadBalancerClientRibbonWarnLogger [BlockingLoadBalancerClientAutoConfiguration.java : 106] You already have RibbonLoadBalancerClient on your classpath. It will be used by default. As Spring Cloud Ribbon is in maintenance mode. We recommend switching to BlockingLoadBalancerClient instead. In order to use it, set the value of `spring.cloud.loadbalancer.ribbon.enabled` to `false` or remove spring-cloud-starter-netflix-ribbon from your project.
2019-12-26 16:42:00,207 [WARN] [main] o.s.c.l.c.LoadBalancerCacheAutoConfiguration$LoadBalancerCaffeineWarnLogger [LoadBalancerCacheAutoConfiguration.java : 81] Spring Cloud LoadBalancer is currently working with default default cache. You can switch to using Caffeine cache, by adding it to the classpath.
2019-12-26 16:42:00,265 [INFO] [main] org.springframework.cloud.netflix.eureka.InstanceInfoFactory [InstanceInfoFactory.java : 72] Setting initial instance status as: STARTING
2019-12-26 16:42:00,359 [INFO] [main] com.netflix.discovery.DiscoveryClient [DiscoveryClient.java : 365] Initializing Eureka in region us-east-1
2019-12-26 16:42:00,610 [INFO] [main] com.netflix.discovery.provider.DiscoveryJerseyProvider [DiscoveryJerseyProvider.java : 70] Using JSON encoding codec LegacyJacksonJson
2019-12-26 16:42:00,611 [INFO] [main] com.netflix.discovery.provider.DiscoveryJerseyProvider [DiscoveryJerseyProvider.java : 71] Using JSON decoding codec LegacyJacksonJson
2019-12-26 16:42:00,796 [INFO] [main] com.netflix.discovery.provider.DiscoveryJerseyProvider [DiscoveryJerseyProvider.java : 80] Using XML encoding codec XStreamXml
2019-12-26 16:42:00,797 [INFO] [main] com.netflix.discovery.provider.DiscoveryJerseyProvider [DiscoveryJerseyProvider.java : 81] Using XML decoding codec XStreamXml
2019-12-26 16:42:01,020 [INFO] [main] c.n.discovery.shared.resolver.aws.ConfigClusterResolver [ConfigClusterResolver.java : 43] Resolving eureka endpoints via configuration
2019-12-26 16:42:01,533 [INFO] [main] com.netflix.discovery.DiscoveryClient [DiscoveryClient.java : 976] Disable delta property : false
2019-12-26 16:42:01,533 [INFO] [main] com.netflix.discovery.DiscoveryClient [DiscoveryClient.java : 977] Single vip registry refresh property : null
2019-12-26 16:42:01,534 [INFO] [main] com.netflix.discovery.DiscoveryClient [DiscoveryClient.java : 978] Force full registry fetch : false
2019-12-26 16:42:01,534 [INFO] [main] com.netflix.discovery.DiscoveryClient [DiscoveryClient.java : 979] Application is null : false
2019-12-26 16:42:01,535 [INFO] [main] com.netflix.discovery.DiscoveryClient [DiscoveryClient.java : 980] Registered Applications size is zero : true
2019-12-26 16:42:01,535 [INFO] [main] com.netflix.discovery.DiscoveryClient [DiscoveryClient.java : 982] Application version is -1: true
2019-12-26 16:42:01,536 [INFO] [main] com.netflix.discovery.DiscoveryClient [DiscoveryClient.java : 1065] Getting all instance registry info from the eureka server
2019-12-26 16:42:01,770 [INFO] [main] com.netflix.discovery.DiscoveryClient [DiscoveryClient.java : 1074] The response status is 200
2019-12-26 16:42:01,776 [INFO] [main] com.netflix.discovery.DiscoveryClient [DiscoveryClient.java : 1288] Starting heartbeat executor: renew interval is: 30
2019-12-26 16:42:01,782 [INFO] [main] com.netflix.discovery.InstanceInfoReplicator [InstanceInfoReplicator.java : 60] InstanceInfoReplicator onDemand update allowed rate per min is 4
2019-12-26 16:42:01,788 [INFO] [main] com.netflix.discovery.DiscoveryClient [DiscoveryClient.java : 465] Discovery Client initialized at timestamp 1577349721786 with initial instances count: 3
2019-12-26 16:42:01,792 [INFO] [main] o.s.c.netflix.eureka.serviceregistry.EurekaServiceRegistry [EurekaServiceRegistry.java : 41] Registering application LOGINANDLOGON-PRODUCER with eureka with status UP
2019-12-26 16:42:01,793 [INFO] [main] com.netflix.discovery.DiscoveryClient [DiscoveryClient.java : 1323] Saw local status change event StatusChangeEvent [timestamp=1577349721793, current=UP, previous=STARTING]
2019-12-26 16:42:01,799 [INFO] [main] s.d.spring.web.plugins.DocumentationPluginsBootstrapper [DocumentationPluginsBootstrapper.java : 160] Context refreshed
2019-12-26 16:42:01,798 [INFO] [DiscoveryClient-InstanceInfoReplicator-0] com.netflix.discovery.DiscoveryClient [DiscoveryClient.java : 844] DiscoveryClient_LOGINANDLOGON-PRODUCER/LAPTOP-9V9UUKHU:loginAndlogon-producer:8001: registering service...
2019-12-26 16:42:01,838 [INFO] [main] s.d.spring.web.plugins.DocumentationPluginsBootstrapper [DocumentationPluginsBootstrapper.java : 163] Found 1 custom documentation plugin(s)
2019-12-26 16:42:01,840 [INFO] [DiscoveryClient-InstanceInfoReplicator-0] com.netflix.discovery.DiscoveryClient [DiscoveryClient.java : 853] DiscoveryClient_LOGINANDLOGON-PRODUCER/LAPTOP-9V9UUKHU:loginAndlogon-producer:8001 - registration status: 204
2019-12-26 16:42:01,888 [INFO] [main] s.d.spring.web.scanners.ApiListingReferenceScanner [ApiListingReferenceScanner.java : 41] Scanning for api listing references
2019-12-26 16:42:02,172 [INFO] [main] org.springframework.boot.web.embedded.tomcat.TomcatWebServer [TomcatWebServer.java : 204] Tomcat started on port(s): 8001 (http) with context path ''
2019-12-26 16:42:02,173 [INFO] [main] o.s.c.n.eureka.serviceregistry.EurekaAutoServiceRegistration [EurekaAutoServiceRegistration.java : 145] Updating port to 8001
2019-12-26 16:42:02,867 [INFO] [main] c.eruka.loginAndlogonservice.LoginAndlogonServiceApplication [StartupInfoLogger.java : 61] Started LoginAndlogonServiceApplication in 17.843 seconds (JVM running for 18.922)
2019-12-26 16:43:12,041 [INFO] [http-nio-8001-exec-1] o.a.catalina.core.ContainerBase.[Tomcat].[localhost].[/] [DirectJDKLog.java : 173] Initializing Spring DispatcherServlet 'dispatcherServlet'
2019-12-26 16:43:12,041 [INFO] [http-nio-8001-exec-1] org.springframework.web.servlet.DispatcherServlet [FrameworkServlet.java : 525] Initializing Servlet 'dispatcherServlet'
2019-12-26 16:43:12,060 [INFO] [http-nio-8001-exec-1] org.springframework.web.servlet.DispatcherServlet [FrameworkServlet.java : 547] Completed initialization in 18 ms
2019-12-26 16:43:12,867 [WARN] [http-nio-8001-exec-2] org.apache.catalina.util.SessionIdGeneratorBase [DirectJDKLog.java : 173] Creation of SecureRandom instance for session ID generation using [SHA1PRNG] took [424] milliseconds.
2019-12-26 16:43:12,871 [INFO] [http-nio-8001-exec-2] com.eruka.loginAndlogonservice.controller.LoginController [LoginController.java : 45] fufu@qq.com
2019-12-26 16:43:12,871 [INFO] [http-nio-8001-exec-2] com.eruka.loginAndlogonservice.controller.LoginController [LoginController.java : 47] com.eruka.loginAndlogonservice.service.impl.LoginServiceImpl@4b059f1e
2019-12-26 16:43:12,893 [INFO] [http-nio-8001-exec-2] com.zaxxer.hikari.HikariDataSource [HikariDataSource.java : 110] HikariPool-1 - Starting...
2019-12-26 16:43:13,555 [INFO] [http-nio-8001-exec-2] com.zaxxer.hikari.HikariDataSource [HikariDataSource.java : 123] HikariPool-1 - Start completed.
2019-12-26 16:43:13,568 [DEBUG] [http-nio-8001-exec-2] c.e.loginAndlogonservice.mapper.LoginMapper.selectByAccount [BaseJdbcLogger.java : 143] ==>  Preparing: select * from Lol_User where account = ? 
2019-12-26 16:43:13,617 [DEBUG] [http-nio-8001-exec-2] c.e.loginAndlogonservice.mapper.LoginMapper.selectByAccount [BaseJdbcLogger.java : 143] ==> Parameters: fufu@qq.com(String)
2019-12-26 16:43:13,686 [TRACE] [http-nio-8001-exec-2] c.e.loginAndlogonservice.mapper.LoginMapper.selectByAccount [BaseJdbcLogger.java : 149] <==    Columns: uID, account, password, salt
2019-12-26 16:43:13,687 [TRACE] [http-nio-8001-exec-2] c.e.loginAndlogonservice.mapper.LoginMapper.selectByAccount [BaseJdbcLogger.java : 149] <==        Row: 1, fufu@qq.com, FDC75D9D24BD7BAED2C76CD2F17CF7CF, 53F908A0BA144C37A388560C64939643
2019-12-26 16:43:13,689 [DEBUG] [http-nio-8001-exec-2] c.e.loginAndlogonservice.mapper.LoginMapper.selectByAccount [BaseJdbcLogger.java : 143] <==      Total: 1
2019-12-26 16:47:01,539 [INFO] [AsyncResolver-bootstrap-executor-0] c.n.discovery.shared.resolver.aws.ConfigClusterResolver [ConfigClusterResolver.java : 43] Resolving eureka endpoints via configuration
2019-12-26 16:52:01,541 [INFO] [AsyncResolver-bootstrap-executor-0] c.n.discovery.shared.resolver.aws.ConfigClusterResolver [ConfigClusterResolver.java : 43] Resolving eureka endpoints via configuration
2019-12-26 16:57:01,544 [INFO] [AsyncResolver-bootstrap-executor-0] c.n.discovery.shared.resolver.aws.ConfigClusterResolver [ConfigClusterResolver.java : 43] Resolving eureka endpoints via configuration
2019-12-26 17:02:01,545 [INFO] [AsyncResolver-bootstrap-executor-0] c.n.discovery.shared.resolver.aws.ConfigClusterResolver [ConfigClusterResolver.java : 43] Resolving eureka endpoints via configuration
2019-12-26 17:07:01,547 [INFO] [AsyncResolver-bootstrap-executor-0] c.n.discovery.shared.resolver.aws.ConfigClusterResolver [ConfigClusterResolver.java : 43] Resolving eureka endpoints via configuration
2019-12-26 17:12:01,548 [INFO] [AsyncResolver-bootstrap-executor-0] c.n.discovery.shared.resolver.aws.ConfigClusterResolver [ConfigClusterResolver.java : 43] Resolving eureka endpoints via configuration
2019-12-26 17:17:01,549 [INFO] [AsyncResolver-bootstrap-executor-0] c.n.discovery.shared.resolver.aws.ConfigClusterResolver [ConfigClusterResolver.java : 43] Resolving eureka endpoints via configuration
2019-12-26 17:22:01,551 [INFO] [AsyncResolver-bootstrap-executor-0] c.n.discovery.shared.resolver.aws.ConfigClusterResolver [ConfigClusterResolver.java : 43] Resolving eureka endpoints via configuration
2019-12-26 17:27:01,554 [INFO] [AsyncResolver-bootstrap-executor-0] c.n.discovery.shared.resolver.aws.ConfigClusterResolver [ConfigClusterResolver.java : 43] Resolving eureka endpoints via configuration
2019-12-26 17:32:01,555 [INFO] [AsyncResolver-bootstrap-executor-0] c.n.discovery.shared.resolver.aws.ConfigClusterResolver [ConfigClusterResolver.java : 43] Resolving eureka endpoints via configuration
2019-12-26 17:37:01,558 [INFO] [AsyncResolver-bootstrap-executor-0] c.n.discovery.shared.resolver.aws.ConfigClusterResolver [ConfigClusterResolver.java : 43] Resolving eureka endpoints via configuration
2019-12-26 17:42:01,559 [INFO] [AsyncResolver-bootstrap-executor-0] c.n.discovery.shared.resolver.aws.ConfigClusterResolver [ConfigClusterResolver.java : 43] Resolving eureka endpoints via configuration
2019-12-26 17:45:42,567 [INFO] [http-nio-8001-exec-7] com.eruka.loginAndlogonservice.controller.LoginController [LoginController.java : 45] fufu@qq.com
2019-12-26 17:45:42,568 [INFO] [http-nio-8001-exec-7] com.eruka.loginAndlogonservice.controller.LoginController [LoginController.java : 47] com.eruka.loginAndlogonservice.service.impl.LoginServiceImpl@4b059f1e
2019-12-26 17:45:42,610 [DEBUG] [http-nio-8001-exec-7] c.e.loginAndlogonservice.mapper.LoginMapper.selectByAccount [BaseJdbcLogger.java : 143] ==>  Preparing: select * from Lol_User where account = ? 
2019-12-26 17:45:42,613 [DEBUG] [http-nio-8001-exec-7] c.e.loginAndlogonservice.mapper.LoginMapper.selectByAccount [BaseJdbcLogger.java : 143] ==> Parameters: fufu@qq.com(String)
2019-12-26 17:45:42,655 [TRACE] [http-nio-8001-exec-7] c.e.loginAndlogonservice.mapper.LoginMapper.selectByAccount [BaseJdbcLogger.java : 149] <==    Columns: uID, account, password, salt
2019-12-26 17:45:42,655 [TRACE] [http-nio-8001-exec-7] c.e.loginAndlogonservice.mapper.LoginMapper.selectByAccount [BaseJdbcLogger.java : 149] <==        Row: 1, fufu@qq.com, FDC75D9D24BD7BAED2C76CD2F17CF7CF, 53F908A0BA144C37A388560C64939643
2019-12-26 17:45:42,658 [DEBUG] [http-nio-8001-exec-7] c.e.loginAndlogonservice.mapper.LoginMapper.selectByAccount [BaseJdbcLogger.java : 143] <==      Total: 1
2019-12-26 17:47:01,561 [INFO] [AsyncResolver-bootstrap-executor-0] c.n.discovery.shared.resolver.aws.ConfigClusterResolver [ConfigClusterResolver.java : 43] Resolving eureka endpoints via configuration
2019-12-26 17:52:01,564 [INFO] [AsyncResolver-bootstrap-executor-0] c.n.discovery.shared.resolver.aws.ConfigClusterResolver [ConfigClusterResolver.java : 43] Resolving eureka endpoints via configuration
2019-12-26 17:57:01,565 [INFO] [AsyncResolver-bootstrap-executor-0] c.n.discovery.shared.resolver.aws.ConfigClusterResolver [ConfigClusterResolver.java : 43] Resolving eureka endpoints via configuration
2019-12-26 18:02:01,567 [INFO] [AsyncResolver-bootstrap-executor-0] c.n.discovery.shared.resolver.aws.ConfigClusterResolver [ConfigClusterResolver.java : 43] Resolving eureka endpoints via configuration
2019-12-26 18:07:01,569 [INFO] [AsyncResolver-bootstrap-executor-0] c.n.discovery.shared.resolver.aws.ConfigClusterResolver [ConfigClusterResolver.java : 43] Resolving eureka endpoints via configuration
2019-12-26 18:12:01,572 [INFO] [AsyncResolver-bootstrap-executor-0] c.n.discovery.shared.resolver.aws.ConfigClusterResolver [ConfigClusterResolver.java : 43] Resolving eureka endpoints via configuration
2019-12-26 18:17:01,573 [INFO] [AsyncResolver-bootstrap-executor-0] c.n.discovery.shared.resolver.aws.ConfigClusterResolver [ConfigClusterResolver.java : 43] Resolving eureka endpoints via configuration
2019-12-26 18:22:01,575 [INFO] [AsyncResolver-bootstrap-executor-0] c.n.discovery.shared.resolver.aws.ConfigClusterResolver [ConfigClusterResolver.java : 43] Resolving eureka endpoints via configuration
2019-12-26 18:27:01,577 [INFO] [AsyncResolver-bootstrap-executor-0] c.n.discovery.shared.resolver.aws.ConfigClusterResolver [ConfigClusterResolver.java : 43] Resolving eureka endpoints via configuration
2019-12-26 18:31:49,176 [INFO] [http-nio-8001-exec-10] com.eruka.loginAndlogonservice.controller.LoginController [LoginController.java : 45] fufu@qq.com
2019-12-26 18:31:49,176 [INFO] [http-nio-8001-exec-10] com.eruka.loginAndlogonservice.controller.LoginController [LoginController.java : 47] com.eruka.loginAndlogonservice.service.impl.LoginServiceImpl@4b059f1e
2019-12-26 18:31:54,278 [WARN] [http-nio-8001-exec-10] com.zaxxer.hikari.pool.PoolBase [PoolBase.java : 179] HikariPool-1 - Failed to validate connection com.mysql.cj.jdbc.ConnectionImpl@3a7c7ffd (No operations allowed after connection closed.). Possibly consider using a shorter maxLifetime value.
2019-12-26 18:31:59,283 [WARN] [http-nio-8001-exec-10] com.zaxxer.hikari.pool.PoolBase [PoolBase.java : 179] HikariPool-1 - Failed to validate connection com.mysql.cj.jdbc.ConnectionImpl@25f202d9 (No operations allowed after connection closed.). Possibly consider using a shorter maxLifetime value.
2019-12-26 18:32:01,579 [INFO] [AsyncResolver-bootstrap-executor-0] c.n.discovery.shared.resolver.aws.ConfigClusterResolver [ConfigClusterResolver.java : 43] Resolving eureka endpoints via configuration
2019-12-26 18:32:21,863 [INFO] [main] o.s.c.s.PostProcessorRegistrationDelegate$BeanPostProcessorChecker [PostProcessorRegistrationDelegate.java : 330] Bean 'org.springframework.cloud.autoconfigure.ConfigurationPropertiesRebinderAutoConfiguration' of type [org.springframework.cloud.autoconfigure.ConfigurationPropertiesRebinderAutoConfiguration] is not eligible for getting processed by all BeanPostProcessors (for example: not eligible for auto-proxying)
2019-12-26 18:32:22,991 [INFO] [main] c.eruka.loginAndlogonservice.LoginAndlogonServiceApplication [SpringApplication.java : 651] No active profile set, falling back to default profiles: default
2019-12-26 18:32:24,827 [WARN] [main] org.springframework.boot.actuate.endpoint.EndpointId [EndpointId.java : 155] Endpoint ID 'hystrix.stream' contains invalid characters, please migrate to a valid format.
2019-12-26 18:32:26,179 [WARN] [main] org.springframework.boot.actuate.endpoint.EndpointId [EndpointId.java : 155] Endpoint ID 'service-registry' contains invalid characters, please migrate to a valid format.
2019-12-26 18:32:26,890 [INFO] [main] org.springframework.cloud.context.scope.GenericScope [GenericScope.java : 295] BeanFactory id=968d95c9-a4aa-3a4a-ace0-b8f63f40030b
2019-12-26 18:32:27,424 [INFO] [main] o.s.c.s.PostProcessorRegistrationDelegate$BeanPostProcessorChecker [PostProcessorRegistrationDelegate.java : 330] Bean 'org.springframework.transaction.annotation.ProxyTransactionManagementConfiguration' of type [org.springframework.transaction.annotation.ProxyTransactionManagementConfiguration] is not eligible for getting processed by all BeanPostProcessors (for example: not eligible for auto-proxying)
2019-12-26 18:32:28,317 [INFO] [main] o.s.c.s.PostProcessorRegistrationDelegate$BeanPostProcessorChecker [PostProcessorRegistrationDelegate.java : 330] Bean 'org.springframework.cloud.autoconfigure.ConfigurationPropertiesRebinderAutoConfiguration' of type [org.springframework.cloud.autoconfigure.ConfigurationPropertiesRebinderAutoConfiguration] is not eligible for getting processed by all BeanPostProcessors (for example: not eligible for auto-proxying)
2019-12-26 18:32:29,983 [INFO] [main] org.springframework.boot.web.embedded.tomcat.TomcatWebServer [TomcatWebServer.java : 92] Tomcat initialized with port(s): 8001 (http)
2019-12-26 18:32:30,010 [INFO] [main] org.apache.catalina.core.StandardService [DirectJDKLog.java : 173] Starting service [Tomcat]
2019-12-26 18:32:30,011 [INFO] [main] org.apache.catalina.core.StandardEngine [DirectJDKLog.java : 173] Starting Servlet engine: [Apache Tomcat/9.0.29]
2019-12-26 18:32:30,677 [INFO] [main] o.a.catalina.core.ContainerBase.[Tomcat].[localhost].[/] [DirectJDKLog.java : 173] Initializing Spring embedded WebApplicationContext
2019-12-26 18:32:30,682 [INFO] [main] org.springframework.web.context.ContextLoader [ServletWebServerApplicationContext.java : 284] Root WebApplicationContext: initialization completed in 7642 ms
2019-12-26 18:32:31,176 [WARN] [main] com.netflix.config.sources.URLConfigurationSource [URLConfigurationSource.java : 121] No URLs will be polled as dynamic configuration sources.
2019-12-26 18:32:31,177 [INFO] [main] com.netflix.config.sources.URLConfigurationSource [URLConfigurationSource.java : 122] To enable URLs as dynamic configuration sources, define System property archaius.configurationSource.additionalUrls or make config.properties available on classpath.
2019-12-26 18:32:31,222 [INFO] [main] com.netflix.config.DynamicPropertyFactory [DynamicPropertyFactory.java : 281] DynamicPropertyFactory is initialized with configuration sources: com.netflix.config.ConcurrentCompositeConfiguration@4ebfb045
2019-12-26 18:32:32,222 [INFO] [main] o.s.boot.actuate.endpoint.web.ServletEndpointRegistrar [ServletEndpointRegistrar.java : 75] Registered '/actuator/hystrix.stream' to hystrix.stream-actuator-endpoint
2019-12-26 18:32:34,205 [INFO] [main] o.s.boot.actuate.endpoint.web.EndpointLinksResolver [EndpointLinksResolver.java : 58] Exposing 1 endpoint(s) beneath base path '/actuator'
2019-12-26 18:32:34,803 [INFO] [main] s.d.spring.web.PropertySourcedRequestMappingHandlerMapping [PropertySourcedRequestMappingHandlerMapping.java : 69] Mapped URL path [/v2/api-docs] onto method [springfox.documentation.swagger2.web.Swagger2Controller#getDocumentation(String, HttpServletRequest)]
2019-12-26 18:32:34,850 [WARN] [main] com.netflix.config.sources.URLConfigurationSource [URLConfigurationSource.java : 121] No URLs will be polled as dynamic configuration sources.
2019-12-26 18:32:34,852 [INFO] [main] com.netflix.config.sources.URLConfigurationSource [URLConfigurationSource.java : 122] To enable URLs as dynamic configuration sources, define System property archaius.configurationSource.additionalUrls or make config.properties available on classpath.
2019-12-26 18:32:37,784 [WARN] [main] o.s.c.l.c.BlockingLoadBalancerClientAutoConfiguration$BlockingLoadBalancerClientRibbonWarnLogger [BlockingLoadBalancerClientAutoConfiguration.java : 106] You already have RibbonLoadBalancerClient on your classpath. It will be used by default. As Spring Cloud Ribbon is in maintenance mode. We recommend switching to BlockingLoadBalancerClient instead. In order to use it, set the value of `spring.cloud.loadbalancer.ribbon.enabled` to `false` or remove spring-cloud-starter-netflix-ribbon from your project.
2019-12-26 18:32:37,854 [WARN] [main] o.s.c.l.c.LoadBalancerCacheAutoConfiguration$LoadBalancerCaffeineWarnLogger [LoadBalancerCacheAutoConfiguration.java : 81] Spring Cloud LoadBalancer is currently working with default default cache. You can switch to using Caffeine cache, by adding it to the classpath.
2019-12-26 18:32:37,970 [INFO] [main] org.springframework.cloud.netflix.eureka.InstanceInfoFactory [InstanceInfoFactory.java : 72] Setting initial instance status as: STARTING
2019-12-26 18:32:38,094 [INFO] [main] com.netflix.discovery.DiscoveryClient [DiscoveryClient.java : 365] Initializing Eureka in region us-east-1
2019-12-26 18:32:38,683 [INFO] [main] com.netflix.discovery.provider.DiscoveryJerseyProvider [DiscoveryJerseyProvider.java : 70] Using JSON encoding codec LegacyJacksonJson
2019-12-26 18:32:38,685 [INFO] [main] com.netflix.discovery.provider.DiscoveryJerseyProvider [DiscoveryJerseyProvider.java : 71] Using JSON decoding codec LegacyJacksonJson
2019-12-26 18:32:39,028 [INFO] [main] com.netflix.discovery.provider.DiscoveryJerseyProvider [DiscoveryJerseyProvider.java : 80] Using XML encoding codec XStreamXml
2019-12-26 18:32:39,029 [INFO] [main] com.netflix.discovery.provider.DiscoveryJerseyProvider [DiscoveryJerseyProvider.java : 81] Using XML decoding codec XStreamXml
2019-12-26 18:32:39,640 [INFO] [main] c.n.discovery.shared.resolver.aws.ConfigClusterResolver [ConfigClusterResolver.java : 43] Resolving eureka endpoints via configuration
2019-12-26 18:32:40,207 [INFO] [main] com.netflix.discovery.DiscoveryClient [DiscoveryClient.java : 976] Disable delta property : false
2019-12-26 18:32:40,208 [INFO] [main] com.netflix.discovery.DiscoveryClient [DiscoveryClient.java : 977] Single vip registry refresh property : null
2019-12-26 18:32:40,211 [INFO] [main] com.netflix.discovery.DiscoveryClient [DiscoveryClient.java : 978] Force full registry fetch : false
2019-12-26 18:32:40,211 [INFO] [main] com.netflix.discovery.DiscoveryClient [DiscoveryClient.java : 979] Application is null : false
2019-12-26 18:32:40,212 [INFO] [main] com.netflix.discovery.DiscoveryClient [DiscoveryClient.java : 980] Registered Applications size is zero : true
2019-12-26 18:32:40,212 [INFO] [main] com.netflix.discovery.DiscoveryClient [DiscoveryClient.java : 982] Application version is -1: true
2019-12-26 18:32:40,212 [INFO] [main] com.netflix.discovery.DiscoveryClient [DiscoveryClient.java : 1065] Getting all instance registry info from the eureka server
2019-12-26 18:32:40,575 [INFO] [main] com.netflix.discovery.DiscoveryClient [DiscoveryClient.java : 1074] The response status is 200
2019-12-26 18:32:40,585 [INFO] [main] com.netflix.discovery.DiscoveryClient [DiscoveryClient.java : 1288] Starting heartbeat executor: renew interval is: 30
2019-12-26 18:32:40,589 [INFO] [main] com.netflix.discovery.InstanceInfoReplicator [InstanceInfoReplicator.java : 60] InstanceInfoReplicator onDemand update allowed rate per min is 4
2019-12-26 18:32:40,604 [INFO] [main] com.netflix.discovery.DiscoveryClient [DiscoveryClient.java : 465] Discovery Client initialized at timestamp 1577356360602 with initial instances count: 4
2019-12-26 18:32:40,619 [INFO] [main] o.s.c.netflix.eureka.serviceregistry.EurekaServiceRegistry [EurekaServiceRegistry.java : 41] Registering application LOGINANDLOGON-PRODUCER with eureka with status UP
2019-12-26 18:32:40,621 [INFO] [main] com.netflix.discovery.DiscoveryClient [DiscoveryClient.java : 1323] Saw local status change event StatusChangeEvent [timestamp=1577356360621, current=UP, previous=STARTING]
2019-12-26 18:32:40,644 [INFO] [main] s.d.spring.web.plugins.DocumentationPluginsBootstrapper [DocumentationPluginsBootstrapper.java : 160] Context refreshed
2019-12-26 18:32:40,666 [INFO] [DiscoveryClient-InstanceInfoReplicator-0] com.netflix.discovery.DiscoveryClient [DiscoveryClient.java : 844] DiscoveryClient_LOGINANDLOGON-PRODUCER/LAPTOP-9V9UUKHU:loginAndlogon-producer:8001: registering service...
2019-12-26 18:32:40,780 [INFO] [main] s.d.spring.web.plugins.DocumentationPluginsBootstrapper [DocumentationPluginsBootstrapper.java : 163] Found 1 custom documentation plugin(s)
2019-12-26 18:32:40,884 [INFO] [DiscoveryClient-InstanceInfoReplicator-0] com.netflix.discovery.DiscoveryClient [DiscoveryClient.java : 853] DiscoveryClient_LOGINANDLOGON-PRODUCER/LAPTOP-9V9UUKHU:loginAndlogon-producer:8001 - registration status: 204
2019-12-26 18:32:40,912 [INFO] [main] s.d.spring.web.scanners.ApiListingReferenceScanner [ApiListingReferenceScanner.java : 41] Scanning for api listing references
2019-12-26 18:32:41,602 [INFO] [main] org.springframework.boot.web.embedded.tomcat.TomcatWebServer [TomcatWebServer.java : 204] Tomcat started on port(s): 8001 (http) with context path ''
2019-12-26 18:32:41,603 [INFO] [main] o.s.c.n.eureka.serviceregistry.EurekaAutoServiceRegistration [EurekaAutoServiceRegistration.java : 145] Updating port to 8001
2019-12-26 18:32:42,471 [INFO] [main] c.eruka.loginAndlogonservice.LoginAndlogonServiceApplication [StartupInfoLogger.java : 61] Started LoginAndlogonServiceApplication in 22.993 seconds (JVM running for 24.434)
2019-12-26 18:32:51,778 [INFO] [http-nio-8001-exec-10] o.a.catalina.core.ContainerBase.[Tomcat].[localhost].[/] [DirectJDKLog.java : 173] Initializing Spring DispatcherServlet 'dispatcherServlet'
2019-12-26 18:32:51,778 [INFO] [http-nio-8001-exec-10] org.springframework.web.servlet.DispatcherServlet [FrameworkServlet.java : 525] Initializing Servlet 'dispatcherServlet'
2019-12-26 18:32:51,793 [INFO] [http-nio-8001-exec-10] org.springframework.web.servlet.DispatcherServlet [FrameworkServlet.java : 547] Completed initialization in 15 ms
2019-12-26 18:32:52,483 [WARN] [http-nio-8001-exec-10] org.apache.catalina.util.SessionIdGeneratorBase [DirectJDKLog.java : 173] Creation of SecureRandom instance for session ID generation using [SHA1PRNG] took [392] milliseconds.
2019-12-26 18:32:52,493 [INFO] [http-nio-8001-exec-10] com.eruka.loginAndlogonservice.controller.LoginController [LoginController.java : 45] fufu@qq.com
2019-12-26 18:32:52,494 [INFO] [http-nio-8001-exec-10] com.eruka.loginAndlogonservice.controller.LoginController [LoginController.java : 47] com.eruka.loginAndlogonservice.service.impl.LoginServiceImpl@acdac03
2019-12-26 18:32:52,546 [INFO] [http-nio-8001-exec-10] com.zaxxer.hikari.HikariDataSource [HikariDataSource.java : 110] HikariPool-1 - Starting...
2019-12-26 18:32:53,265 [INFO] [http-nio-8001-exec-10] com.zaxxer.hikari.HikariDataSource [HikariDataSource.java : 123] HikariPool-1 - Start completed.
2019-12-26 18:32:53,280 [DEBUG] [http-nio-8001-exec-10] c.e.loginAndlogonservice.mapper.LoginMapper.selectByAccount [BaseJdbcLogger.java : 143] ==>  Preparing: select * from Lol_User where account = ? 
2019-12-26 18:32:53,343 [DEBUG] [http-nio-8001-exec-10] c.e.loginAndlogonservice.mapper.LoginMapper.selectByAccount [BaseJdbcLogger.java : 143] ==> Parameters: fufu@qq.com(String)
2019-12-26 18:32:53,425 [TRACE] [http-nio-8001-exec-10] c.e.loginAndlogonservice.mapper.LoginMapper.selectByAccount [BaseJdbcLogger.java : 149] <==    Columns: uID, account, password, salt
2019-12-26 18:32:53,426 [TRACE] [http-nio-8001-exec-10] c.e.loginAndlogonservice.mapper.LoginMapper.selectByAccount [BaseJdbcLogger.java : 149] <==        Row: 1, fufu@qq.com, FDC75D9D24BD7BAED2C76CD2F17CF7CF, 53F908A0BA144C37A388560C64939643
2019-12-26 18:32:53,428 [DEBUG] [http-nio-8001-exec-10] c.e.loginAndlogonservice.mapper.LoginMapper.selectByAccount [BaseJdbcLogger.java : 143] <==      Total: 1
2019-12-26 18:36:15,194 [INFO] [http-nio-8001-exec-7] com.eruka.loginAndlogonservice.controller.LoginController [LoginController.java : 45] fufu@qq.com
2019-12-26 18:36:15,195 [INFO] [http-nio-8001-exec-7] com.eruka.loginAndlogonservice.controller.LoginController [LoginController.java : 47] com.eruka.loginAndlogonservice.service.impl.LoginServiceImpl@acdac03
2019-12-26 18:36:15,236 [DEBUG] [http-nio-8001-exec-7] c.e.loginAndlogonservice.mapper.LoginMapper.selectByAccount [BaseJdbcLogger.java : 143] ==>  Preparing: select * from Lol_User where account = ? 
2019-12-26 18:36:15,237 [DEBUG] [http-nio-8001-exec-7] c.e.loginAndlogonservice.mapper.LoginMapper.selectByAccount [BaseJdbcLogger.java : 143] ==> Parameters: fufu@qq.com(String)
2019-12-26 18:36:15,281 [TRACE] [http-nio-8001-exec-7] c.e.loginAndlogonservice.mapper.LoginMapper.selectByAccount [BaseJdbcLogger.java : 149] <==    Columns: uID, account, password, salt
2019-12-26 18:36:15,284 [TRACE] [http-nio-8001-exec-7] c.e.loginAndlogonservice.mapper.LoginMapper.selectByAccount [BaseJdbcLogger.java : 149] <==        Row: 1, fufu@qq.com, FDC75D9D24BD7BAED2C76CD2F17CF7CF, 53F908A0BA144C37A388560C64939643
2019-12-26 18:36:15,287 [DEBUG] [http-nio-8001-exec-7] c.e.loginAndlogonservice.mapper.LoginMapper.selectByAccount [BaseJdbcLogger.java : 143] <==      Total: 1
2019-12-26 18:37:40,216 [INFO] [AsyncResolver-bootstrap-executor-0] c.n.discovery.shared.resolver.aws.ConfigClusterResolver [ConfigClusterResolver.java : 43] Resolving eureka endpoints via configuration
2019-12-26 18:42:40,218 [INFO] [AsyncResolver-bootstrap-executor-0] c.n.discovery.shared.resolver.aws.ConfigClusterResolver [ConfigClusterResolver.java : 43] Resolving eureka endpoints via configuration
2019-12-26 18:47:40,221 [INFO] [AsyncResolver-bootstrap-executor-0] c.n.discovery.shared.resolver.aws.ConfigClusterResolver [ConfigClusterResolver.java : 43] Resolving eureka endpoints via configuration
2019-12-26 18:52:40,223 [INFO] [AsyncResolver-bootstrap-executor-0] c.n.discovery.shared.resolver.aws.ConfigClusterResolver [ConfigClusterResolver.java : 43] Resolving eureka endpoints via configuration
2019-12-26 18:57:40,224 [INFO] [AsyncResolver-bootstrap-executor-0] c.n.discovery.shared.resolver.aws.ConfigClusterResolver [ConfigClusterResolver.java : 43] Resolving eureka endpoints via configuration
2019-12-26 19:02:40,227 [INFO] [AsyncResolver-bootstrap-executor-0] c.n.discovery.shared.resolver.aws.ConfigClusterResolver [ConfigClusterResolver.java : 43] Resolving eureka endpoints via configuration
2019-12-26 19:07:40,230 [INFO] [AsyncResolver-bootstrap-executor-0] c.n.discovery.shared.resolver.aws.ConfigClusterResolver [ConfigClusterResolver.java : 43] Resolving eureka endpoints via configuration
2019-12-26 19:12:40,232 [INFO] [AsyncResolver-bootstrap-executor-0] c.n.discovery.shared.resolver.aws.ConfigClusterResolver [ConfigClusterResolver.java : 43] Resolving eureka endpoints via configuration
2019-12-26 19:17:40,234 [INFO] [AsyncResolver-bootstrap-executor-0] c.n.discovery.shared.resolver.aws.ConfigClusterResolver [ConfigClusterResolver.java : 43] Resolving eureka endpoints via configuration
2019-12-26 19:22:40,236 [INFO] [AsyncResolver-bootstrap-executor-0] c.n.discovery.shared.resolver.aws.ConfigClusterResolver [ConfigClusterResolver.java : 43] Resolving eureka endpoints via configuration
2019-12-26 19:27:40,237 [INFO] [AsyncResolver-bootstrap-executor-0] c.n.discovery.shared.resolver.aws.ConfigClusterResolver [ConfigClusterResolver.java : 43] Resolving eureka endpoints via configuration
2019-12-26 19:32:40,239 [INFO] [AsyncResolver-bootstrap-executor-0] c.n.discovery.shared.resolver.aws.ConfigClusterResolver [ConfigClusterResolver.java : 43] Resolving eureka endpoints via configuration
2019-12-26 19:37:40,242 [INFO] [AsyncResolver-bootstrap-executor-0] c.n.discovery.shared.resolver.aws.ConfigClusterResolver [ConfigClusterResolver.java : 43] Resolving eureka endpoints via configuration
2019-12-26 19:42:40,244 [INFO] [AsyncResolver-bootstrap-executor-0] c.n.discovery.shared.resolver.aws.ConfigClusterResolver [ConfigClusterResolver.java : 43] Resolving eureka endpoints via configuration
2019-12-26 19:47:40,245 [INFO] [AsyncResolver-bootstrap-executor-0] c.n.discovery.shared.resolver.aws.ConfigClusterResolver [ConfigClusterResolver.java : 43] Resolving eureka endpoints via configuration
2019-12-26 19:52:40,246 [INFO] [AsyncResolver-bootstrap-executor-0] c.n.discovery.shared.resolver.aws.ConfigClusterResolver [ConfigClusterResolver.java : 43] Resolving eureka endpoints via configuration
2019-12-26 20:01:05,056 [INFO] [AsyncResolver-bootstrap-executor-0] c.n.discovery.shared.resolver.aws.ConfigClusterResolver [ConfigClusterResolver.java : 43] Resolving eureka endpoints via configuration
2019-12-26 20:01:18,372 [WARN] [HikariPool-1 housekeeper] com.zaxxer.hikari.pool.HikariPool [HikariPool.java : 787] HikariPool-1 - Thread starvation or clock leap detected (housekeeper delta=3m54s816ms666s300ns).
2019-12-26 20:06:08,139 [INFO] [AsyncResolver-bootstrap-executor-0] c.n.discovery.shared.resolver.aws.ConfigClusterResolver [ConfigClusterResolver.java : 43] Resolving eureka endpoints via configuration
2019-12-26 20:11:08,140 [INFO] [AsyncResolver-bootstrap-executor-0] c.n.discovery.shared.resolver.aws.ConfigClusterResolver [ConfigClusterResolver.java : 43] Resolving eureka endpoints via configuration
